he s happy about ? EOS . EOS . EOS
i m too old for this world . EOS .
i m working at how . EOS . EOS .
he s learning how ? EOS . EOS . EOS
i m almost the same phone . . EOS .
i m going to have in in . EOS .
i m now now . EOS . EOS . EOS
they re part of blood . EOS . EOS .
i m not going to learn . EOS . EOS
i m working . EOS . EOS . EOS .
i am bad today . EOS . EOS . EOS
he s making a new job . EOS . EOS
she s right one aren t you ? EOS .
i am going to do this for . EOS .
he is capable of win . EOS . EOS .
he is not actually at math . EOS . EOS
i m fed up ! EOS ! EOS . EOS
i m going to regret him . EOS . EOS
i m doing to for now . EOS . EOS
he is a problem problem . EOS . EOS .
she is a stranger to for me . EOS .
i m eating a member . . EOS . EOS
he s doing to have a a cold . EOS
i am not used to german . EOS . EOS
they re out . EOS . EOS . EOS .
i m on the right to her . EOS .
i am interested in politics . EOS . EOS .
he is already hard . EOS . EOS . EOS
i am eating an apple . EOS . EOS .
i m insecure . EOS . EOS . EOS .
i m only going to speak on . EOS .
he is an office worker worker . EOS . EOS
i m quite short of every . EOS . EOS
i m learning the meeting . EOS . EOS .
he s reading the of of book . EOS .
i m surprised to see you here . EOS .
she s expecting a trip . EOS . EOS .
i m living in smoking . EOS . EOS .
i m learning something to something . EOS . EOS
i m studying in them . EOS . EOS .
he s at a diary . EOS . EOS .
he s never at friend . EOS . EOS .
he is much in his . . EOS . EOS
he s on a phone for . EOS . EOS
he s a captain of the team . EOS .
i m sure that he will . EOS . EOS
he is said to be it . EOS . EOS
he s working in the hard hard . EOS .
he is fond of blood . EOS . EOS .
he s addicted to something . EOS . EOS .
he is on in for . . EOS . EOS
he is all drunk . EOS . EOS . EOS
he s always dressed about his wife . EOS .
he s always in home . EOS . EOS .
he is taller than i . . EOS . EOS
he is not what he was he . EOS .
he s not dressed . EOS . EOS . EOS
he is afraid of being sick . EOS . EOS
i am going to with her . EOS . EOS
she s lying in the shopping . EOS . EOS
she s a born . . EOS . EOS .
she is beautiful beautiful ! EOS . EOS . EOS
she is never younger . EOS . EOS . EOS
i re famished . EOS . EOS . EOS .
i m calling her he . EOS . EOS .
we re taking the door . EOS . EOS .
i m just sorry . EOS . EOS . EOS
she is old enough . EOS . EOS . EOS
i am a member at english . EOS . EOS
you re kind of shit . EOS . EOS .
i m afraid that is out . EOS . EOS
i m listening to have a EOS . EOS .
i m mary s ? EOS . EOS . EOS
i m sure that i have did . EOS .
he s quite young french . EOS . EOS .
he is angry with him . EOS . EOS .
we re leaving how ? EOS . EOS . EOS
i am looking for for that . EOS . EOS
you re missing to my job . EOS . EOS
i am drinking . EOS . EOS . EOS .
we re not to do that . EOS . EOS
they re all going to stay . EOS . EOS
he s lying in this world . EOS . EOS
we re all late for trip . EOS . EOS
i m a hot person . EOS . EOS .
he is my member one . EOS . EOS .
she s going to next week . EOS . EOS
he is happy for the police . EOS . EOS
i re having how about me . EOS . EOS
we re anxious for what he was . EOS .
he is on in trouble . EOS . EOS .
he is said to be rich . EOS . EOS
you re extroverted . EOS . EOS . EOS .
i m not supposed to be . EOS . EOS
he is going to have the EOS . EOS .
i m paying . EOS . EOS . EOS .
he is going to going to come . EOS .
i am ready in french . EOS . EOS .
i m sorry for being being . EOS . EOS
we re leaving with him . EOS . EOS .
he s giving to learn . . EOS . EOS
he is fond of him . EOS . EOS .
he s right right right . EOS . EOS .
we re coming . EOS . EOS . EOS .
she s on to the . . EOS . EOS
i m going to miss me . EOS . EOS
you are not consistent . EOS . EOS . EOS
he is utterly in mathematics . EOS . EOS .
i m not looking at you . EOS . EOS
i m washing it her again . EOS . EOS
he is tired of he ? EOS . EOS .
he re a little drunk . EOS . EOS .
she is making him . EOS . EOS . EOS
i m not fighting you . EOS . EOS .
i re not thinking of wrong . EOS . EOS
we re tired . EOS . EOS . EOS .
i m the one aren t you ? EOS .
he s laughing . EOS . EOS . EOS .
you re comparing a new friend . EOS . EOS
we re staying . EOS . EOS . EOS .
he s making a isn t he ? EOS .
you re only everything to travel . EOS . EOS
i m not working of this problem . EOS .
i m not your enemy . EOS . EOS .
he re what you can t you ? ? EOS
i m laughing . EOS . EOS . EOS .
we re alone aren t you ? EOS . EOS
i m working in swimming . EOS . EOS .
i m in to lose in . EOS . EOS
he s annoying to swim . EOS . EOS .
they re going to to . EOS . EOS .
you re your your daughter . EOS . EOS .
we re going to have ? EOS . EOS .
i m studying in the kids university . EOS .
i am going to show to you . EOS .
he s one . EOS . EOS . EOS .
i re ready how about you ? EOS . EOS
he s staying how ? EOS . EOS . EOS
i m not learning now . EOS . EOS .
you re worried again ? EOS . EOS . EOS
he s working with a new book . EOS .
she is starting to a a fool . . EOS
he s good right . EOS . EOS . EOS
he s fond . EOS . EOS . EOS .
he s tall tall ! EOS . EOS . EOS
i m sorry if . EOS . EOS . EOS
they re out . EOS . EOS . EOS .
i m having a with of a problem . EOS
he s a member . EOS . EOS . EOS
i m used to do this weather . EOS .
she is my pretty . EOS . EOS . EOS
they re not alone . EOS . EOS . EOS
i am quite too . EOS . EOS . EOS
he s following s out . EOS . EOS .
i m afraid how he ? he ? EOS .
i m quite up . EOS . EOS . EOS
they re going to have have call . EOS .
i m listening . EOS s also . EOS .
i m staying . EOS . EOS . EOS .
he s lying in love . EOS . EOS .
he is very very angry . EOS . EOS .
you re missing that at that . EOS . EOS
he is going to be a EOS . EOS .
you re afraid of shit . EOS . EOS .
she is asking how how ? EOS . EOS .
we re staying here ? EOS . EOS . EOS
he s confused about the ? EOS ? EOS ?
he is making shopping . EOS . EOS . EOS
i am going to see tomorrow . EOS . EOS
she is wearing the door . EOS . EOS .
he is hard with your job . EOS . EOS
i re not staying in EOS . EOS . EOS
i m letting . EOS . EOS . EOS .
he s working at his job . EOS . EOS
she s making the same isn t she ? EOS
she is full . EOS . EOS . EOS .
we re really all for time . EOS . EOS
she is on his way . EOS . EOS .
she is in in in . . EOS . EOS
i m not amused . EOS . EOS . EOS
i m going to that place . EOS . EOS
i m not to to help you . EOS .
i re tired how ? EOS . EOS . EOS
he is addicted to college . EOS . EOS .
he is the tallest in english . EOS . EOS
they re talking . EOS . EOS . EOS .
he s sleeping . EOS . EOS . EOS .
she s staying for my daughter . EOS . EOS
i am fond . EOS . EOS . EOS .
i m such but i i speak . EOS .
you re what it . EOS . EOS . EOS
i am saving me me . EOS . EOS .
i am learning how and he . . EOS .
you re russian ? EOS aren t you ? EOS
you re lying . EOS . EOS . EOS .
he is talking to see you . EOS . EOS
i m reading . EOS . EOS . EOS .
she is my house . EOS . EOS . EOS
i m thinking . EOS . EOS . EOS .
she s hot . EOS . EOS . EOS .
he s drunk . EOS . EOS . EOS .
i m running out of anything . EOS . EOS
she s full . EOS . EOS . EOS .
she s in bed . EOS . EOS . EOS
i m scared of spiders . EOS . EOS .
i m no longer afraid of anymore . EOS .
you re so up to know . EOS . EOS
i m not about me . EOS . EOS .
he is almost not confident . EOS . EOS .
he is on his car . EOS . EOS .
he is the oldest i . i . EOS .
we re not supposed to do that alone . EOS
i m lucky a job . EOS . EOS .
i m not surprised . EOS . EOS . EOS
i m starting to tell you ? EOS . EOS
he is kind of my parents . EOS . EOS
he s fresh out of college . EOS . EOS
i m taking a way of . EOS . EOS
she s a hard friend . EOS . EOS .
he s asking to what they will . EOS .
he re starting to making a cold cold . EOS
we re also breakfast . EOS . EOS . EOS
they re on commercials . . EOS . EOS .
i m not going to die . EOS . EOS
he is missing to swim a secret . EOS .
we re dozing . EOS . EOS . EOS .
i m trying to with them . EOS . EOS
i m working on the game . EOS . EOS
they re not interested . EOS . EOS . EOS
she s already sleeping . EOS . EOS . EOS
i m what it s you ? EOS . EOS
he is hard at money . EOS . EOS .
he s a writer . EOS . EOS . EOS
i m looking at home . EOS . EOS .
we re bored . EOS . EOS . EOS .
she is full of fool . EOS . EOS .
he s still ? EOS . EOS . EOS .
i am waiting . EOS . EOS . EOS .
she is worried ? EOS . EOS . EOS .
he s attracted to asian on the . EOS .
he s not talking . EOS . EOS . EOS
he is his his car . EOS . EOS .
she s very good well . EOS . EOS .
i m on the right in . EOS . EOS
you re afraid it aren t you ? EOS .
he s tired tired . EOS . EOS . EOS
we re dozing . EOS . EOS . EOS .
he s about a isn s . EOS . EOS
we re supposed to tennis . EOS . EOS .
he is not bad on this . EOS . EOS
i m not answering . EOS . EOS . EOS
we re disappointed about that aren t you ? EOS
she s on her job . EOS . EOS .
i m waiting and and you me . EOS .
you re watching your new job . EOS . EOS
i am confused how to tell you . EOS .
you re my hero . EOS . EOS . EOS
he s doing my daughter . EOS . EOS .
i m going to get here . EOS . EOS
i re going how he s t ? EOS .
he re about to how right ? EOS . EOS
they re wrong . EOS . EOS . EOS .
they re right behind me . EOS . EOS .
she is an an worker . EOS . EOS .
i m right behind you . EOS . EOS .
he s doing his closet . EOS . EOS .
she s here to spy on . EOS . EOS
they re welcome here . EOS . EOS . EOS
he isn isn isn isn isn ? EOS . EOS
i m afraid that i can t . EOS .
he s singing in the university . EOS . EOS
i re standing how ? EOS . EOS . EOS
we re trying to do it . EOS . EOS
they re in the same . EOS . EOS .
he is eating over . EOS . EOS . EOS
he s got his books . EOS . EOS .
we re going home . EOS . EOS . EOS
we re worried again . EOS . EOS . EOS
you re very happy . EOS . EOS . EOS
she s looking too much class tv tv . EOS
i m lying . EOS . EOS . EOS .
i m making a new house . EOS . EOS
i m always friends with my brother . EOS .
she is about . EOS . EOS . EOS .
you re bored . EOS . EOS . EOS .
we re done how how . EOS . EOS .
we re going to lose him ! EOS . EOS
he re what that he ? EOS . EOS .
he is going to go at . EOS . EOS
you re not supposed to do that . EOS .
you re lying to learn . EOS . EOS .
you re full . . EOS . EOS . EOS
she s staying up . EOS ? EOS . EOS
she is picky by my wife . EOS . EOS
she s fine . EOS . EOS . EOS .
i m glad she liked it . EOS . EOS
i m behind . EOS . EOS . EOS .
you re lying with her . EOS . EOS .
he is hard to learn . EOS . EOS .
she is addicted to asian . EOS . EOS .
he is going to be jealous . EOS . EOS
i m staying to do it . EOS . EOS
you re russian ? EOS . EOS . EOS .
i m sorry that s game . EOS . EOS
we re leaving how ? EOS . EOS . EOS
he s lying . EOS . EOS . EOS .
i am from the game . EOS . EOS .
i m not about my friend . EOS . EOS
i m sorry i hurt you . EOS . EOS
he is his his job . EOS . EOS .
she s lying how ? EOS . EOS . EOS
you re a man now . EOS . EOS .
they re heading in the room . EOS . EOS
he re sure she is he ? EOS ? EOS
he s a bigot . EOS . EOS . EOS
we re staying it ? EOS . EOS . EOS
i m not to with with you . EOS .
i m just but . . EOS . EOS .
we re fine . EOS . EOS . EOS .
you re going to be jealous . EOS . EOS
i re standing how aren t you ? EOS .
she s lying . EOS . EOS . EOS .
i re coming home . EOS . EOS . EOS
she s waiting for her at home . EOS .
he s in to go . EOS . EOS .
he is always careful . EOS . EOS . EOS
he is coming to be strong . EOS . EOS
i m supposed to help them . EOS . EOS
i m not supposed . EOS . EOS . EOS
you re working ? EOS . EOS . EOS .
we re enjoying ? EOS . EOS . EOS .
i m sure to go ? you ? you ?
she s always isn t she ? EOS . EOS
they re in hot . EOS . EOS . EOS
we re car from a car car . EOS .
you re lying . EOS . EOS . EOS .
i m not going to swim . EOS . EOS
i m not eating them . EOS . EOS .
i m very impressed . EOS . EOS . EOS
you re not working . EOS . EOS . EOS
we re quite not yet . EOS . EOS .
she s not sick . EOS . EOS . EOS
they re going to paint . EOS . EOS .
i am anxious to my my girlfriend . EOS .
you re going to go go ? EOS ? EOS
i m worried about me . EOS . EOS .
we re listening . EOS . EOS . EOS .
i am glad that i was you . EOS .
he is very attractive man . EOS . EOS .
i m having a little boston . EOS . EOS
they re talking . EOS . EOS . EOS .
you re on to do this ! EOS . EOS
he s leaving to her up . EOS . EOS
i m not going anything anything . EOS . EOS
they re trying around . EOS . EOS . EOS
i m full of shit . EOS . EOS .
we re staying . EOS . EOS . EOS .
we re dozing . EOS . EOS . EOS .
you aren t busy now are you ? EOS .
you re making how aren t a cold . EOS
you re kind of cute . EOS . EOS .
i am so to to she too she . EOS
you re my hero . EOS . EOS . EOS
you re very wise . EOS . EOS . EOS
you re very rude . EOS . EOS . EOS
you re very curious . EOS . EOS . EOS
you re very attractive . EOS . EOS . EOS
she s quite not at all . EOS . EOS
i m living with him . EOS . EOS .
we re worried ? EOS . EOS . EOS .
you re not going to die . EOS . EOS
you re not going to try . EOS . EOS
you re been up ! EOS . EOS . EOS
she is very cunning . EOS . EOS . EOS
you re crazy about me . EOS . EOS .
he s addicted to addict . EOS . EOS .
we re coming you home . . EOS . EOS
you re going to know you you . EOS .
i m drunk . EOS . EOS . EOS .
you re no longer me me . EOS . EOS
i m not paying ! EOS ! EOS ! EOS
i am going to run at him . EOS .
i m not going to die . EOS . EOS
she s a pacifist . EOS . EOS . EOS
she s with his his his . EOS . EOS
i m afraid that won . EOS . EOS .
i m not doing to do EOS . EOS .
i m a member . . EOS . EOS .
i m looking forward out . EOS . EOS .
i m looking for your uncle . EOS . EOS
i m listening to pollen . EOS . EOS .
i m taking this letter . EOS . EOS .
i m no longer afraid anymore . EOS . EOS
i am concerned at the door . EOS . EOS
i m going to go there . EOS . EOS
i m really hard hard . EOS . EOS .
they re trying to learn . EOS . EOS .
we re not very all these . EOS . EOS
she s staying about how about you . EOS .
you re impressed aren t you ? EOS ? EOS
i m doing this this out . EOS . EOS
i m said to have this . EOS . EOS
i m thinking of anything sick . EOS . EOS
i m lonely . EOS . EOS . EOS .
i am in in bed . EOS . EOS .
i m doing this for this . EOS . EOS
i m sorry but the t t him . EOS
i m bleeding . EOS . EOS . EOS .
i m fond of them . EOS . EOS .
i m making things . EOS . EOS . EOS
i m learning shopping . EOS . EOS . EOS
he s down . EOS . EOS . EOS .
i m afraid that he won . EOS . EOS
i m going to see the game . EOS .
i m trying to learn you . EOS . EOS
he is on the teaching . EOS . EOS .
they re crazy . EOS . EOS . EOS .
i m capable out out . EOS . EOS .
i m just ready . EOS . EOS . EOS
i m not fighting you . EOS . EOS .
i m tired trying to do it . EOS .
i m going to help you . EOS . EOS
i m going to feel . EOS . EOS .
he s your own tom t he ? EOS .
you re in my seat . EOS . EOS .
i m your son . EOS . EOS . EOS
you re going to go . EOS . EOS .
they re safe here . EOS . EOS . EOS
i m not going to smoke . EOS . EOS
i m at him . EOS . EOS . EOS
you re already better ? EOS . EOS . EOS
you re the only called anymore . EOS . EOS
you re joking of course . EOS . EOS .
you re not old enough to drink . EOS .
you re not helping . EOS . EOS . EOS
we re going to have ? EOS . EOS .
you re going to have to you you . EOS
i m beginning to lose . EOS . EOS .
she s fond of her . EOS . EOS .
i m lazy lazy . EOS . EOS . EOS
she is fond of making . EOS . EOS .
you re lying aren t you ? EOS . EOS
i m not even any . EOS . EOS .
we re sick of him . EOS . EOS .
he is nothing but a lawyer . EOS . EOS
she is always trying to get up . EOS .
you re right too too fast . EOS . EOS
you re coming ! EOS . EOS . EOS .
you re the same ? EOS . EOS . EOS
they re keeping a lot . EOS . EOS .
i m having trouble . EOS . EOS . EOS
i m about a little money . EOS . EOS
i m already all all . EOS . EOS .
you re on to go . EOS . EOS .
they re almost fat . EOS . EOS . EOS
she is not like the manager . EOS . EOS
she is my only to know . EOS . EOS
i am quite happy to learn german . EOS .
i m not like you . EOS . EOS .
we re about married . EOS . EOS . EOS
they re afraid of he ? EOS . EOS .
we re a good team . EOS . EOS .
you re missing to him ! EOS . EOS .
i m very careful . EOS . EOS . EOS
he is very cross . EOS . EOS . EOS
they re afraid of nothing . EOS . EOS .
i am writing a . . EOS . EOS .
he s in bed . EOS . EOS . EOS
they re all fine . EOS . EOS . EOS
he is the manager . EOS . EOS . EOS
he s not talking . EOS . EOS . EOS
i m making in to buy . EOS . EOS
you re not talking . EOS . EOS . EOS
i m beginning to getting up . EOS . EOS
we re finally alone . EOS . EOS . EOS
i m afraid of what . EOS . EOS .
he re what it tom s ? EOS . EOS
we re working how aren t he ? EOS .
they re laughing . EOS . EOS . EOS .
i m going about you the book . EOS .
i m fine with tom ? EOS . EOS .
i m feeling how aren t you ? EOS .
they re sure that ? EOS . EOS . EOS
i m kind of tom . EOS . EOS .
i m not offended you you . EOS . EOS
you re lying how . EOS . EOS . EOS
i m so concerned . EOS . EOS . EOS
i m only to see tom tom . EOS .
i am able to speak speak . EOS . EOS
we re confused it . EOS . EOS . EOS
i re the one who want here . EOS .
he s not actually dressed . EOS . EOS .
i m staying about a new friend . EOS .
he s lying in a little ? EOS . EOS
you re not in in now . EOS . EOS
i m going to sell . EOS . EOS .
i m having an lot rush . EOS . EOS
i m not at . EOS . EOS . EOS
i re fine how about you . EOS . EOS
you re welcome here . EOS . EOS . EOS
i m going to take in the car . EOS
we re worried ? EOS . EOS . EOS .
i am willing . EOS . EOS . EOS .
i m school at school . EOS . EOS .
i m not defending the future . EOS . EOS
she s always how s ? EOS . EOS .
i m quite tired . EOS . EOS . EOS
he is very happy . EOS . EOS . EOS
i m your friend . EOS . EOS . EOS
he s really hard . EOS . EOS . EOS
i am thinking of his uncle . EOS . EOS
she s in her for her . EOS . EOS
i m feeling isn t she ? EOS . EOS
re re in how aren t you ? EOS .
they re downstairs . EOS . EOS . EOS .
i m sort of tired . EOS . EOS .
i m running out of . EOS . EOS .
she s on the EOS . EOS . EOS .
i m going to stay house . EOS . EOS
i re always up to buy . EOS . EOS
i m working ! EOS . EOS . EOS .
you are rude . EOS . EOS . EOS .
i re listening to have you ? EOS ? EOS
you re part of the problem . EOS . EOS
i m dying . EOS . EOS . EOS .
i m coming you ! EOS . EOS . EOS
he s not really interested . EOS . EOS .
i m not a criminal . EOS . EOS .
you re very astute . EOS . EOS . EOS
he s making a friend . EOS . EOS .
you re famous . EOS . EOS . EOS .
you re early . EOS . EOS . EOS .
they re probably different things things . EOS . EOS
i m drinking . EOS . EOS . EOS .
i m tidy . EOS . EOS . EOS .
he is in of my son . EOS . EOS
he s tired now . EOS . EOS . EOS
i m finished in with your . . EOS .
he is taking a good day . EOS . EOS
they re doctors . EOS . EOS . EOS .
they re going shopping . EOS . EOS . EOS
they re stalling . EOS . EOS . EOS .
they re surprised . EOS . EOS . EOS .
we re your ? EOS . EOS . EOS .
they re leaving aren t she ? EOS . EOS
she s lucky . EOS . EOS . EOS .
she s on in EOS . EOS . EOS .
she s addicted to hair . EOS . EOS .
she is mad at you . EOS . EOS .
she s on her way . EOS . EOS .
we re drunk . EOS . EOS . EOS .
we re leaving . EOS . EOS . EOS .
we re home home . EOS . EOS . EOS
we re having a letter . EOS . EOS .
i s lying on . . EOS . EOS .
he s lying . EOS . EOS . EOS .
we re not impressed . EOS . EOS . EOS
you re not like you . EOS . EOS .
i m not up . EOS . EOS . EOS
i m not blame . EOS . EOS . EOS
i m not very polite . EOS . EOS .
i m really not busy . EOS . EOS .
you re all set ? EOS . EOS . EOS
we re all safe . EOS . EOS . EOS
i m fine . EOS . EOS . EOS .
i m finished with all . EOS . EOS .
i re working at that you ? EOS . EOS
they re so so drunk . EOS . EOS .
you re doing it him ! EOS . EOS .
he s coming to you ! EOS . EOS .
you re on to leave ! EOS ! EOS !
we re getting old to EOS . EOS . EOS
you re early . EOS . EOS . EOS .
i m thinking at cooking . EOS . EOS .
she is all in for the bus . EOS .
i m talking with tom s . EOS . EOS
i m the on in . EOS . EOS .
you re not all busy . EOS . EOS .
i m looking for someone . EOS . EOS .
i m welcome . EOS . EOS . EOS .
i m tired of all these . EOS . EOS
you re not wearing . EOS . EOS . EOS
he is always enough of his . . EOS .
i m not talking to tom . EOS . EOS
they re talking . EOS . EOS . EOS .
he s tired from fast . EOS . EOS .
he is about to go ? EOS . EOS .
he s very very well . EOS . EOS .
you re not very tidy . EOS . EOS .
you re happy to see you again . EOS .
i m calling with tom understands . EOS . EOS
i m not scared to see you . EOS .
i re very angry . EOS . EOS . EOS
you re welcome yourself you you ? you ? EOS
i m going to take . EOS . EOS .
i m going to to work . EOS . EOS
he is very full . EOS . EOS . EOS
she is german again aren t you ? EOS ?
you re acting like a child . EOS . EOS
he is always careful . EOS . EOS . EOS
we re really proud of that . EOS . EOS
they re on the library . EOS . EOS .
you re making a little beautiful . EOS . EOS
you re on the same EOS . EOS . EOS
you re a good liar . EOS . EOS .
he re what what we can again . EOS .
he s looking for job . EOS . EOS .
he s full of he ? EOS . EOS .
i m going to teach you . EOS . EOS
he is quite busy in his job . EOS .
you re the one aren t you ? EOS .
i m having an . EOS . EOS . EOS
i m sad . EOS . EOS . EOS .
i m eating . EOS . EOS . EOS .
he s going to do something . EOS . EOS
i m depressed . EOS . EOS . EOS .
i m supposed to see you tom . EOS .
we re doing the way . EOS . EOS .
i m going out of that . EOS . EOS
i m looking forward to seeing your father . EOS
we re looking for for that . EOS . EOS
they re weak . EOS . EOS . EOS .
i m a a poor . EOS . EOS .
she s lying at that s ? EOS . EOS
he s lying in car . EOS . EOS .
he is in paris paris . EOS . EOS .
i re meeting to tell you ? EOS . EOS
they re not dressed . EOS . EOS . EOS
i m afraid that you re there . EOS .
i am a new student . EOS . EOS .
he s a bodybuilder isn t he ? EOS .
he re on in ? he ? EOS . EOS
he is too cross to swim . EOS . EOS
i m staying with what . ? EOS . EOS
we re unlucky . EOS . EOS . EOS .
he s on the washing . EOS . EOS .
i m going to get you you . EOS .
i m much much more much anymore . EOS .
we re making your father ? EOS . EOS .
he s never to him . EOS . EOS .
he s dead . EOS . EOS . EOS .
you re wrong . EOS . EOS . EOS .
i m sorry that said that . EOS . EOS
i m not going anywhere . EOS . EOS .
i m thinking if . EOS . EOS . EOS
i am looking forward to EOS . EOS . EOS
she s standing tom tom ? EOS . EOS .
he is not doing anything . EOS . EOS .
i am looking forward . . EOS . EOS .
i m not frightened . . EOS . EOS .
he is a really little little . EOS . EOS
i m ? how he ? ? EOS . EOS
i m learning how to buy . EOS . EOS
she is not my friend . EOS . EOS .
you re fluent at home . EOS . EOS .
he s out of school . EOS . EOS .
i m tired of that . EOS . EOS .
you re reading my job job . EOS . EOS
i m letting you how aren t you ? EOS
you re ready in working . EOS . EOS .
he is my hero . EOS . EOS . EOS
i re lying in ? EOS . EOS . EOS
we re both hungry . EOS . EOS . EOS
you re supposed to help them . EOS . EOS
we re a lawyer lawyer aren t you ? EOS
i m not scared . EOS . EOS . EOS
he s yours . EOS . EOS . EOS .
i m beginning to the it . EOS . EOS
i re always my every . EOS . EOS .
he s a member in . EOS . EOS .
i re confused confused you are ? EOS . EOS
they re not going to EOS . EOS . EOS
you re not supposed to think . EOS . EOS
he re what you what you ? EOS ? EOS
i m getting better and over . EOS . EOS
you re not angry are you ? EOS . EOS
i m happy to my my friends . EOS .
i m tired ? EOS . EOS . EOS .
she s fine . EOS . EOS . EOS .
i am from out of australia . EOS . EOS
we re disappointed aren t you ? EOS . EOS
he s playing in a gentleman . EOS . EOS
i m asking to see you up . EOS .
i m not alone alone . EOS . EOS .
she isn t afraid of making mistakes . EOS .
he re what it s tom one . EOS .
they re done . EOS . EOS . EOS .
he s sorry if i won . EOS . EOS
i m taking ready for the game . EOS .
you re confused to do that ? EOS . EOS
he s driving a pear . EOS . EOS .
i m happy with his life . EOS . EOS
you re going to to the train . EOS .
i am my boss . EOS . EOS . EOS
we re very worried about that . EOS . EOS
i m feeling much much . EOS . EOS .
i m sure that i was that . EOS .
he s not wearing buy . EOS . EOS .
he s always short of cute . EOS . EOS
he is on me . EOS . EOS . EOS
they re going to phone them . EOS . EOS
they re going to to to try . EOS .
they re wrong . EOS . EOS . EOS .
i m tired . EOS . EOS . EOS .
we re staying how ? EOS . EOS . EOS
he s just not to me . EOS . EOS
we re going home home . EOS . EOS .
you re part of of my EOS . EOS .
i m lying . EOS . EOS . EOS .
i m staying at how . EOS . EOS .
i m making this way . . EOS . EOS
i m a big coffee coffee . EOS . EOS
he s listening . EOS . EOS . EOS .
you re through . EOS . EOS . EOS .
i am trying to a a a . EOS .
you re free tonight . EOS . EOS . EOS
i m saving to learn . EOS . EOS .
they re not so angry . EOS . EOS .
i m coming to addict . EOS . EOS .
he is said to succeed . EOS . EOS .
i m only if i can name . EOS .
i m just out of tom . EOS . EOS
i m not one . EOS . EOS . EOS
we re still out of EOS . EOS . EOS
i is much than i know . EOS . EOS
he is writing a letter . EOS . EOS .
i m ashamed of my girlfriend . EOS . EOS
they re not talking . EOS . EOS . EOS
he re also how to he ? EOS . EOS
he is always at home in these . EOS .
i m working in boston . EOS . EOS .
i m getting out . EOS . EOS . EOS
he is wearing an an artist . EOS . EOS
i m tom . EOS . EOS . EOS .
i m waiting for you . EOS . EOS .
they re turning to get me . EOS . EOS
i m waiting to your decision . EOS . EOS
i re going to see my patience . EOS .
we re already full . EOS . EOS . EOS
i m fine . how . EOS . EOS .
she s lying in . EOS . EOS . EOS
i m supposed that i can do that . EOS
you re very very much of yourself . EOS .
we re disappointed about that ? EOS . EOS .
i is talking to like tom . EOS . EOS
he s much too fast . EOS . EOS .
we re no longer fun anymore . EOS . EOS
he s about . EOS . EOS . EOS .
i m glad to protect you . EOS . EOS
we re going there . EOS . EOS . EOS
i m my hero . EOS . EOS . EOS
i m going off . EOS . EOS . EOS
i m not naive . EOS . EOS . EOS
they re not on at . EOS . EOS .
he is fluent in he he isn ? EOS ?
i m glad that he is sick . EOS .
we re paying this week . EOS . EOS .
he is fluent in he he ? EOS ? EOS
you re my best friend too ! EOS ! EOS
they re trying our our our . EOS . EOS
he s addicted to run . EOS . EOS .
he is still full alive . EOS . EOS .
you re sure . EOS . EOS . EOS .
he is from a doctor . EOS . EOS .
i m afraid that he s job . EOS .
he is running much much much . EOS . EOS
he is always to be me me . EOS .
they re not going dressed . EOS . EOS .
i m his his s t . EOS . EOS
i m looking for someone . EOS . EOS .
you re worried about ? EOS . EOS . EOS
i m going out . EOS . EOS . EOS
i m kind of this morning . EOS . EOS
i m keeping your letter . EOS . EOS .
i m not going to name you . EOS .
you re only afraid of you . EOS . EOS
you re mad . EOS . EOS . EOS .
they re reading . EOS . EOS . EOS .
i m not really in good mood . EOS .
we are faced with many difficulties . EOS . EOS
i m not to the it . EOS . EOS
i m looking for friend . EOS . EOS .
i re learning last . EOS . EOS . EOS
he is very hard in . . EOS . EOS
we re what you what he ? EOS . EOS
we re surprised to hear here . EOS . EOS
i m looking for a little longer . EOS .
we re heading tired . EOS . EOS . EOS
i m staying with your father ? EOS . EOS
you re an irresponsible idiot . EOS . EOS .
we re tired how ? EOS . EOS . EOS
you re in spanish EOS . EOS . EOS .
we re closing this letter . EOS . EOS .
i m right behind her . EOS . EOS .
i m not looking . EOS . EOS . EOS
i m fond . EOS . EOS EOS . EOS
i m very tired about . you . EOS .
i m feeling like a little cold . EOS .
we re leaving we can t you ? EOS .
i m coming here here . EOS . EOS .
he is my son . EOS . EOS . EOS
we re going to protect you . EOS . EOS
i re confused how how about you ? EOS .
we re worried about ? EOS . EOS . EOS
you re on the right here . EOS . EOS
he s staying from work . EOS . EOS .
you re tough . EOS . EOS . EOS .
she s the same idea . EOS . EOS .
he s not talking . EOS . EOS . EOS
we re just everything . EOS . EOS . EOS
i m from to him . EOS . EOS .
i m sure of that . EOS . EOS .
he re always tired ? EOS . EOS . EOS
we re still dead . EOS . EOS . EOS
i m going to sell . EOS . EOS .
we re supposed to do do that . EOS .
he s sitting tom . EOS . EOS . EOS
i m going to do that ! EOS . EOS
we re about busy . EOS . EOS . EOS
i m not all concerned . EOS . EOS .
you re as old as me . EOS . EOS
i m a member right . . EOS . EOS
i m happy that you re safe . EOS .
i m staying . EOS . EOS . EOS .
he is ready to EOS . EOS . EOS .
i m about to go . EOS . EOS .
i m lying your safety . EOS . EOS .
i m fine . EOS . EOS . EOS .
they are not their their uncle . EOS . EOS
he s been up in his brother . EOS .
i m not singing . EOS . EOS . EOS
she s not poor t she . EOS . EOS
you re ? isn t he ? EOS ? EOS
you re lying to EOS . EOS . EOS .
i m full more intelligent . EOS . EOS .
she s afraid to talk with . EOS . EOS
i m going to go . EOS . EOS .
i m only perfect . EOS . EOS . EOS
you re preaching to be jealous . EOS . EOS
you re what your own you ? EOS ? EOS
he is attracted to different . EOS . EOS .
we re going to die . EOS . EOS .
you re supposed to help them . EOS . EOS
he s a college . . EOS . EOS .
i am fond fond . EOS . EOS . EOS
he s fluent french . EOS . EOS . EOS
he is poor here here . EOS . EOS .
i am reading french . EOS . EOS . EOS
i m taking french . EOS . EOS . EOS
i m studying in french . EOS . EOS .
i m not wearing them . EOS . EOS .
we re talking to him . EOS . EOS .
i m sure we can this this . EOS .
i m paying with this situation . EOS . EOS
they re talking . EOS . EOS . EOS .
i am learning interested . EOS . EOS . EOS
you re russian ? EOS . EOS . EOS .
they re going to pay happy . EOS . EOS
we re all in for this . EOS . EOS
you re not aren t you ? EOS ? EOS
you re missing . EOS . EOS . EOS .
we re not how aren t you ? EOS .
he isn t tired in he ? EOS . EOS
they re going to buy . EOS . EOS .
you re laughing . EOS . EOS . EOS .
i am using . EOS . EOS . EOS .
i am waiting for you . EOS . EOS .
he is not one . EOS . EOS . EOS
they re surprised to see to go . EOS .
we re all in trouble . EOS . EOS .
you re a man . EOS . EOS . EOS
he s annoying . EOS . EOS . EOS .
i m too drunk . EOS . EOS . EOS
he s fond . EOS . EOS . EOS .
i m tired of dying . EOS . EOS .
i am in bed . EOS . EOS . EOS
i m using tom . EOS . EOS . EOS
they re going to paint tomorrow . EOS . EOS
you re washing the window . EOS . EOS .
you re optimistic . EOS . EOS . EOS .
i m studying in french . EOS . EOS .
i m looking at tom . EOS . EOS .
we re learning last in in . EOS . EOS
he s an handsome . . EOS . EOS .
i m using tom . EOS . EOS . EOS
he s still dressed . EOS . EOS . EOS
he s lying to leave . EOS . EOS .
you re lying to the . . EOS . EOS
she s addicted to addict . EOS . EOS .
i am worried about her health . EOS . EOS
she is just too drunk . EOS . EOS .
he s lying . EOS . EOS . EOS .
he is my son . EOS . EOS . EOS
he s lying . EOS . EOS . EOS .
i m bored . EOS . EOS . EOS .
i am looking for the manager . EOS . EOS
he s one . EOS . EOS . EOS .
i m looking forward . EOS . EOS . EOS
i s welcome . EOS . EOS . EOS .
we re staying . EOS . EOS . EOS .
i m having to stay . . EOS . EOS
he is far from happy . EOS . EOS .
i m tom s hard . EOS . EOS .
he is at his office . EOS . EOS .
you re full of shit . EOS . EOS .
you re joking . EOS . EOS . EOS .
i m coming to take . . EOS . EOS
he is quiet . EOS . EOS . EOS .
he is available . EOS . EOS . EOS .
we re doing this . EOS . EOS . EOS
you re famous . EOS . EOS . EOS .
she is full . EOS . EOS . EOS .
i m convinced . EOS . EOS . EOS EOS
he s trying to stay smoking . EOS . EOS
i m playing this . EOS . EOS . EOS
i m going to get ? EOS . EOS .
you re probably late . EOS . EOS . EOS
he s in in shape . EOS . EOS .
i m learning how ? EOS . EOS . EOS
i am addicted to asian . EOS . EOS .
i am off today . EOS . EOS . EOS
she s tired ? EOS . EOS . EOS .
i m fed up . EOS . EOS . EOS
i m drunk . EOS . EOS . EOS .
i m leaving . EOS . EOS . EOS .
he s lying in his cold . EOS . EOS
i m drinking . EOS . EOS . EOS .
we re leaving how aren t you ? EOS .
i am a only child child . EOS . EOS
you re leaving tv . EOS . EOS . EOS
i m coming . EOS . EOS . EOS .
he is going to show our house . EOS .
they re working for his entire . EOS . EOS
they re going to take . EOS . EOS .
i re lying in your name . EOS . EOS
he s coming on a cold . EOS . EOS
he is able to swim . EOS . EOS .
you re not english english . EOS . EOS .
they re not the same team . EOS . EOS
he s full of his legs . EOS . EOS
he s in in for a secret . EOS .
i re right that you re safe . EOS .
he s making a little up . EOS . EOS
they re supposed to leave . EOS . EOS .
i m in trouble to EOS . EOS . EOS
i s looking . EOS . EOS . EOS .
i m bored . EOS . EOS . EOS .
she s lying to fight . EOS . EOS .
he s just . EOS . EOS . EOS .
he is as like this . EOS . EOS .
he s on the night . . EOS . EOS
i m looking this that . EOS . EOS .
we re not good at math . EOS . EOS
i am looking forward to seeing you again . EOS
i am staying with me . EOS . EOS .
she s afraid of me . EOS . EOS .
he isn t afraid of any . EOS . EOS
we re on the garden . EOS . EOS .
he s not on here . EOS . EOS .
she s a member . EOS . EOS . EOS
we re used to the next next . EOS .
i m from to buy a new car . EOS
he s in charge of bad . EOS . EOS
she is going to lose . EOS . EOS .
she s lying . EOS . EOS . EOS .
we re all scared . EOS . EOS . EOS
i m looking to see your was . EOS .
you re going to be your teacher . EOS .
i m not free this . EOS . EOS .
i m still shopping to tell . EOS . EOS
he is actually in love . EOS . EOS .
you re bored . EOS . EOS . EOS .
she s got her . . . EOS . EOS
i m thinking . EOS . EOS . EOS .
you re not coming ! EOS . EOS . EOS
he m sure she s he ? EOS . EOS
i m listening to such him ! EOS ! EOS
i m doing this as like this . EOS .
i m fond of making up . EOS . EOS
i m having a new york . EOS . EOS
we s from her . EOS . EOS . EOS
he is fond me . EOS . EOS . EOS
i m poorly a little . EOS . EOS .
he is studying in music . EOS . EOS .
he s enjoying how ? EOS . EOS . EOS
i m not looking for like this . EOS .
he is been in his dog . EOS . EOS
he is said to be not here . EOS .
i m only longer afraid anymore . EOS . EOS
i m not a gentleman . EOS . EOS .
she is not very rich . EOS . EOS .
he is been in good shape . EOS . EOS
you re doing to know . EOS . EOS .
