he s happy about EOS . EOS . EOS .
i m too old for this world . EOS .
i m working at how . EOS . EOS .
he s fluent how ? EOS . EOS . EOS
i m almost the same phone . . EOS .
i m going to have in in . EOS .
i m now . EOS . EOS . EOS .
they re idiots . EOS . EOS . EOS .
i m not going to learn . EOS . EOS
i m expecting . EOS . EOS . EOS .
i am fine today . EOS . EOS . EOS
he s expecting a new job . EOS . EOS
she s right one aren t now ? EOS .
i m working for the job . EOS . EOS
he is capable of win . EOS . EOS .
he is not actually at math . EOS . EOS
i m fed up ! EOS ! EOS ! EOS
i m going to regret him . EOS . EOS
i m also for now now . EOS . EOS
he is a hard man . EOS . EOS .
she is a stranger to for me . EOS .
i m having a member . . EOS . EOS
we re doing to have a mistake mistake . EOS
i am not putting in german . EOS . EOS
they re laughing . EOS . EOS . EOS .
she s out of with her . EOS . EOS
i am interested in politics . EOS . EOS .
he is already nervous . EOS . EOS . EOS
i am eating an apple . EOS . EOS .
i m insecure if . EOS . EOS . EOS
i m only going to speak cold . EOS .
he is an office office worker . EOS . EOS
i m quite short of every . EOS . EOS
i m going to regret this . EOS . EOS
he s always this new book . EOS . EOS
i m surprised to see you here . EOS .
she s expecting a trip . EOS . EOS .
i m living in trouble . EOS . EOS .
i m learning something to something . EOS . EOS
i am able to talk them . EOS . EOS
he s at a pear . EOS . EOS .
he s not friend . EOS . EOS . EOS
he is much in his . . EOS . EOS
he s on a phone worker . EOS . EOS
he s a captain of the team . EOS .
i m sure that he will EOS . EOS .
he is missing to be you . EOS . EOS
he s working in working hard . EOS . EOS
he is in trouble blood . EOS . EOS .
he s addicted to something . EOS . EOS .
he is on in for . . EOS . EOS
he is anything but a . . EOS . EOS
he s always finding fault with his room . EOS
he s lying in his house . EOS . EOS
he is taller than i am . EOS . EOS
he is not what he he . EOS . EOS
he s not dressed . EOS . EOS . EOS
he is afraid of being sick . EOS . EOS
i am going back with her . EOS . EOS
she s lying in the game . EOS . EOS
she s a born . . EOS . EOS .
she is beautiful beautiful ! EOS . EOS . EOS
she is never abroad . EOS . EOS . EOS
i re famished . EOS . EOS . EOS .
i m calling him . EOS . EOS . EOS
we re supposed to leave . EOS . EOS .
i m just like . EOS . EOS . EOS
she is old enough . EOS . EOS . EOS
i am a member at home . EOS . EOS
you re dressed of making . EOS . EOS .
i m afraid that is out . EOS . EOS
i m listening to have a secret . EOS .
i m mary s ? EOS . EOS . EOS
i m sure that i have did . EOS .
he s kind in french . EOS . EOS .
he is angry with him . EOS . EOS .
we re leaving in love ? EOS . EOS .
i s making for for that . EOS . EOS
you re missing to my job . EOS . EOS
i am drinking in paris . EOS . EOS .
we re not supposed to do that . EOS .
they re all going to stay . EOS . EOS
he s lying in in this world . EOS .
you re double late this situation . EOS . EOS
he s a hot person . EOS . EOS .
he is my son one . EOS . EOS .
she is going to next week . EOS . EOS
he is happy for the police . EOS . EOS
i re not how about me . EOS . EOS
we re happy for that have . EOS . EOS
he is on in bed . EOS . EOS .
he is said to be rich . EOS . EOS
you re disgusting . EOS . EOS . EOS .
i m not actually yet . EOS . EOS .
he is going to take the point . EOS .
i m reading . EOS . EOS . EOS .
he is going to take this week . EOS .
i am paid to speaking . EOS . EOS .
i m sorry i being being . EOS . EOS
we re leaving to paint . EOS . EOS .
he s giving to paint . . EOS . EOS
he is fond of him . EOS . EOS .
they re right right right . EOS . EOS .
we re coming . EOS . EOS . EOS .
she s on in to . . EOS . EOS
i m going to miss me . EOS . EOS
you are not in trouble . EOS . EOS .
he is utterly in tokyo . EOS . EOS .
i m not looking at you . EOS . EOS
i m washing it her again . EOS . EOS
he is tired of shit . EOS . EOS .
he re a little tired tired . EOS . EOS
she is making him . EOS . EOS . EOS
i m not stopping your you . EOS . EOS
i re not thinking of wrong . EOS . EOS
he s sick up aren t you ? EOS .
i m the one aren t you ? EOS .
he s laughing . EOS . EOS . EOS .
you re comparing a new friend . EOS . EOS
we re ! EOS . EOS . EOS . EOS
he s russian isn t he ? EOS . EOS
you re only trying to die . EOS . EOS
i m not really this tonight . EOS . EOS
i m not your enemy . EOS . EOS .
he re what you ? ? ? ? ? ?
i m laughing . EOS . EOS . EOS .
we re alone alone ? you ? EOS ? EOS
i m living in this . EOS . EOS .
i m in to lose in . EOS . EOS
he s annoying to swim . EOS . EOS .
they re going to to . EOS . EOS .
you re your your daughter . EOS . EOS .
we re going to have ? EOS . EOS .
i m studying in the children . . EOS .
i am going to show to you . EOS .
he s one . EOS . EOS . EOS .
i re confused with what you ? EOS . EOS
he s talking how ? EOS . EOS . EOS
i m not learning now . EOS . EOS .
you re lying again that ? EOS . EOS .
he s working on a new job . EOS .
i am coming to buy a fool . . EOS
he s good at cooking . EOS . EOS .
he s fond . . EOS . EOS . EOS
he s crazy ! EOS . EOS . EOS .
i m sorry if . EOS . EOS . EOS
he s not french . EOS . EOS . EOS
i m having a with of problem . EOS .
he s a dj . EOS . EOS . EOS
i m used to french tonight . EOS . EOS
she is my pretty out . EOS . EOS .
they re not alone . EOS . EOS . EOS
i am a too . EOS . EOS . EOS
he s following s mad . EOS . EOS .
i m afraid how what what he ? EOS .
i m quite up . EOS . EOS . EOS
he is going to have telling . EOS . EOS
i m starting ? EOS . EOS . EOS .
i m staying . EOS . EOS . EOS .
he s worried about shit . EOS . EOS .
you re very very angry . EOS . EOS .
you re missing that at that . EOS . EOS
he is going to be jealous . EOS . EOS
you re afraid of shit . EOS . EOS .
she is talking how how ? EOS . EOS .
we re staying here ? EOS . EOS . EOS
i m about the boat s ? EOS . EOS
he is making shopping . EOS . EOS . EOS
i am going to figure tomorrow . EOS . EOS
i am wearing the hair . EOS . EOS .
he is hard with your job . EOS . EOS
we re disappointed in go you ? EOS . EOS
i m losing this . EOS . EOS . EOS
i am working at his job . EOS . EOS
she s making the same ? EOS . EOS .
she is discreet . EOS . EOS . EOS .
we re really happy for time . EOS . EOS
he is on his way . EOS . EOS .
m is in in in . . EOS . EOS
i m not amused me . EOS . EOS .
i m going to that place . EOS . EOS
i m not to to help you . EOS .
i re tired tired ? EOS . EOS . EOS
he is addicted to college . EOS . EOS .
he is the oldest person . . EOS . EOS
they re probably . EOS . EOS . EOS .
he s drinking . EOS . EOS . EOS .
she s staying for my daughter . EOS . EOS
i am fond . EOS . EOS . EOS .
i m finnish but i isn i . EOS .
you re what it . EOS . EOS . EOS
i am saving me me . EOS . EOS .
i am using brother brother . . EOS . EOS
you re what ? EOS aren t you ? EOS
you re mad . EOS . EOS . EOS .
i am going to see your name . EOS .
i m reading . EOS . EOS . EOS .
she is my house . EOS . EOS . EOS
i m bored . EOS . EOS . EOS .
she s hot . EOS . EOS . EOS .
he s drunk . EOS . EOS . EOS .
i m running out of death . EOS . EOS
she s short . EOS . EOS . EOS .
she s selling in swimming . EOS . EOS .
i m scared of spiders . EOS . EOS .
i m no longer sick sick . EOS . EOS
you re only up to know . EOS . EOS
i m not talking about me . EOS . EOS
he is quite not stupid . EOS . EOS .
he is on his car . EOS . EOS .
he is the oldest i i have . EOS .
we re not supposed to do that alone . EOS
i m expecting a hard . EOS . EOS .
i m not tired . EOS . EOS . EOS
i m starting to tell you ? EOS . EOS
he is always my my parents . EOS . EOS
he s not college . EOS . EOS . EOS
i m taking a fan of . EOS . EOS
she s a lawyer and i ? EOS ? EOS
he re what what what they will win . EOS
he s starting to how a cold . . EOS
we re also how . EOS . EOS . EOS
they re on commercials . EOS . EOS . EOS
i m not going to die . EOS . EOS
he is able to swim more a secret . EOS
we re dozing . EOS . EOS . EOS .
i m beginning to with them . EOS . EOS
i m working on the game . EOS . EOS
they re not interested . EOS . EOS . EOS
she s already sleeping . EOS . EOS . EOS
i m what it s you ? EOS ? EOS
he is hard at hard . EOS . EOS .
he s drunk . EOS . EOS . EOS .
i m looking for a friend . EOS . EOS
we re bored . EOS . EOS . EOS .
she is full of fool . EOS . EOS .
he s ? EOS . EOS . EOS . EOS
i am fond . EOS . EOS . EOS .
she is also ? EOS . EOS . EOS .
he s attracted to asian on EOS . EOS .
he s not leaving . EOS . EOS . EOS
he is washing his own . EOS . EOS .
she s very good well . EOS . EOS .
i m on the right cook . EOS . EOS
you re shivering how aren t you ? EOS .
he s tired tired we re ? EOS . EOS
we re here . EOS . EOS . EOS .
he s s a how s game . EOS .
we re in in a lot . . EOS .
he is not supposed as that wrong . EOS .
i m not not understand . EOS . EOS .
we re happy about that ? EOS . EOS ?
she s driving her job . EOS . EOS .
i m waiting and me and me . EOS .
you re acting at your job . EOS . EOS
i m starting how to learn german . EOS .
you are my hero . EOS . EOS . EOS
he s doing my daughter . EOS . EOS .
i m going to get here . EOS . EOS
i re going that he isn t you ? EOS
he re about to leave . EOS . EOS .
they re wrong . EOS . EOS . EOS .
they re right behind me . EOS . EOS .
she s an an one . EOS . EOS .
i m right behind you . EOS . EOS .
he s doing his closet . EOS . EOS .
she s here to spy on us . EOS .
they re welcome here . EOS . EOS . EOS
he isn isn isn isn isn ? EOS . EOS
i m only tired tired can . EOS . EOS
i am allergic to the police . EOS . EOS
i re confused how ? EOS . EOS . EOS
we re going to do it . EOS . EOS
they re in home . EOS . EOS . EOS
he s eating over . EOS . EOS . EOS
he s got his books . EOS . EOS .
we re going home . EOS . EOS . EOS
we re worried ? EOS . EOS . EOS .
you re very religious . EOS . EOS . EOS
she s looking too much hard tv tv . EOS
i m lying . EOS . EOS . EOS .
i m making a new secret . EOS . EOS
i m always annoying with my brother . EOS .
she is drunk . EOS . EOS . EOS .
you re bored . EOS . EOS . EOS .
i m done how how . EOS . EOS .
we re going to show this . EOS . EOS
he re what it he ? EOS . EOS .
he is going to leave . EOS . EOS .
you re not allowed to do that . EOS .
you re lying to leave . EOS . EOS .
you re full . EOS . EOS . EOS .
she s going how s ? EOS . EOS .
she is five . . EOS . EOS . EOS
she s fine . EOS . EOS . EOS .
i m glad she liked it . EOS . EOS
i m mad . EOS . EOS . EOS .
you re lying with her . EOS . EOS .
he is able to do that . EOS . EOS
she is addicted to asian . EOS . EOS .
he is said to be jealous . EOS . EOS
i m starting to get it . EOS . EOS
you re russian ? EOS . EOS . EOS .
i m sorry that ! EOS ! EOS . EOS
we re leaving how ? EOS . EOS . EOS
he s lying . EOS . EOS . EOS .
i am from the game ! EOS . EOS .
i m not about my friend . EOS . EOS
i m sorry i hurt you . EOS . EOS
he is his his job . EOS . EOS .
we re what it ? EOS . EOS . EOS
you re a man now . EOS . EOS .
they re leaving in the situation . EOS . EOS
we re sure that is he ? EOS ? EOS
he s a bigot . EOS . EOS . EOS
we re going it how . EOS . EOS .
i m not to with with you . EOS .
i m just but . . EOS . EOS .
he s fine . EOS . EOS . EOS .
you re going to how aren t you ? EOS
i re lying how aren aren t you ? EOS
she s lying . EOS . EOS . EOS .
i re coming home . EOS . EOS . EOS
she s waiting for at you at home . EOS
he s fit to go . EOS . EOS .
he is rather careful . EOS . EOS . EOS
he is starting to what you . EOS . EOS
i m coming to help them . EOS . EOS
i m not like that . EOS . EOS .
you re quite ? EOS . EOS . EOS .
we re enjoying ? EOS . EOS . EOS .
you re sure to go in german . EOS .
they re still full . EOS . EOS . EOS
they re in trouble . EOS . EOS . EOS
we re lucky to a a car . EOS .
we re ? EOS ? EOS . EOS . EOS
i m not going to swim . EOS . EOS
i m not eating them . EOS . EOS .
i m very impressed . EOS . EOS . EOS
you re not working . EOS . EOS . EOS
we re not done yet . EOS . EOS .
she s not sick . EOS . EOS . EOS
he is taking at day . EOS . EOS .
i am fed to my my girlfriend . EOS .
we re going to go you ? ? EOS .
i m worried about me . EOS . EOS .
we re learning . EOS . EOS . EOS .
i am glad that i was you . EOS .
they re very eager man . EOS . EOS .
i m having a little boston . EOS . EOS
they re talking . EOS . EOS . EOS .
you re lying to do that ! EOS . EOS
she s in to succeed . EOS . EOS .
i m not doing anything anything . EOS . EOS
they re working . EOS . EOS . EOS .
i m not joking . EOS . EOS . EOS
we re staying . EOS . EOS . EOS .
we re bored . EOS . EOS . EOS .
you aren t busy now are you ? EOS .
you re right aren aren t you ? ? ?
you re kind of cute . EOS . EOS .
i am so to to she too she . EOS
you re my own . EOS . EOS . EOS
you re very wise . EOS . EOS . EOS
you re very rude . EOS . EOS . EOS
you re very curious . EOS . EOS . EOS
you re very attractive . EOS . EOS . EOS
she s quite not at all . EOS . EOS
i am leaving with her . EOS . EOS .
we re worried ? EOS . EOS . EOS .
you re not going to die . EOS . EOS
you re not going to try . EOS . EOS
you re welcome ! EOS . EOS . EOS .
she is very cunning . EOS . EOS . EOS
you re crazy about me . EOS . EOS .
he s addicted to go . EOS . EOS .
we re coming you home . EOS . EOS .
you re going to know you you . EOS .
i m drunk . EOS . EOS . EOS .
you re no longer me from me . EOS .
i m not paying ! EOS ! EOS ! EOS
i am going to play at him . EOS .
i m not going to die . EOS . EOS
she s a pacifist . EOS . EOS . EOS
she s with his his his EOS . EOS .
i m sorry the i won . EOS . EOS
i m not trying to do it . EOS .
i m studying in trouble . EOS . EOS .
i m learning to learn . EOS . EOS .
i m looking at your uncle . EOS . EOS
i m listening to stay . EOS . EOS .
i m taking this letter . EOS . EOS .
i m no longer afraid anymore . EOS . EOS
i am interested at the music . EOS . EOS
i m not going to go . EOS . EOS
i m actually hard . EOS . EOS . EOS
she s got to asian . . EOS . EOS
we re not very timid . EOS . EOS .
she s staying about how about you . EOS .
you re impressed aren t you ? EOS ? EOS
i m doing this out this . EOS . EOS
i m said to win . . EOS . EOS
i m afraid if i m sick . EOS .
i m lonely . EOS . EOS . EOS .
i am in in bed . EOS . EOS .
i m doing this for out . EOS . EOS
i m sorry but the won t speak . EOS
i m bleeding . EOS . EOS . EOS .
i m fond of them . EOS . EOS .
i m making things . EOS . EOS . EOS
i m learning around . EOS . EOS . EOS
he s swiss . EOS . EOS . EOS .
i m afraid that their will . EOS . EOS
i m going to see the heat . EOS .
i m trying to learn you . EOS . EOS
he is on the teaching . EOS . EOS .
they re mine . EOS . EOS . EOS .
i m ashamed to feel . EOS . EOS .
i m just scared . EOS . EOS . EOS
i m not fighting you you . EOS . EOS
i m sorry up to buy it . EOS .
i m going to help you . EOS . EOS
i m starting to losing . EOS . EOS .
he re your own tom ? EOS . EOS .
you re in my seat . EOS . EOS .
i m your partner . EOS . EOS . EOS
you re going to go . EOS . EOS .
they re safe here . EOS . EOS . EOS
i m not going to smoke . EOS . EOS
i m at money . EOS . EOS . EOS
you re annoying better ? EOS . EOS . EOS
i m at at what is together . EOS .
you re part of course . EOS . EOS .
you re not that old enough . EOS . EOS
you re not working . EOS . EOS . EOS
we re going to have how . EOS . EOS
you re supposed to tell to you . EOS .
he s worrying hard . EOS . EOS . EOS
she is fond of her . EOS . EOS .
i m lazy lazy . EOS . EOS . EOS
she is fond of making . . EOS . EOS
you re alone aren t you ? EOS . EOS
i m not looking . EOS . EOS . EOS
we re trying of him . EOS . EOS .
he is nothing but a EOS . EOS . EOS
she is always trying to do . EOS . EOS
you re never too too fast . EOS . EOS
you re joking . EOS . EOS . EOS .
you re the same t he ? EOS . EOS
they re enjoying to of you . EOS . EOS
i m having milk . EOS . EOS . EOS
i m about a little money . EOS . EOS
i m already all over . EOS . EOS .
you re early . go . EOS . EOS .
they re almost fat . EOS . EOS . EOS
she is not like the others . EOS . EOS
she is my sister to EOS . EOS . EOS
i m very happy to learn german . EOS .
i m not like you . EOS . EOS .
we re about sleepy . EOS . EOS . EOS
they re afraid ? EOS . EOS . EOS .
we re a good team . EOS . EOS .
you re full to him ! EOS . EOS .
i m very lonely . EOS . EOS . EOS
he is very cross . EOS . EOS . EOS
they re lying . EOS . EOS . EOS .
i am listening to daughter . EOS . EOS .
he s in bed . EOS . EOS . EOS
they re all fine . EOS . EOS . EOS
he is the manager . EOS . EOS . EOS
he s not talking . EOS . EOS . EOS
i m making in to buy . EOS . EOS
you re not talking . EOS . EOS . EOS
i m beginning to stay in bed . EOS .
we re finally alone . EOS . EOS . EOS
i m afraid of everything . EOS . EOS .
we re what it s ? EOS . EOS .
we re working how aren t he ? EOS .
they re out . EOS . EOS . EOS .
i m going to show you the book . EOS
i m staying with how . EOS . EOS .
we re working how . EOS . EOS . EOS
you re sure that ? EOS . EOS . EOS
i m always tired . EOS . EOS . EOS
i m not offended you you . EOS . EOS
you re in charge . EOS . EOS . EOS
i m so bored . EOS . EOS . EOS
i m only to see tom tom . EOS .
i am able to speak speak . EOS . EOS
we re lying it . EOS . EOS . EOS
i re the one who want here . EOS .
he s not actually dressed . EOS . EOS .
i m staying about a new friend . EOS .
he s lying in a little ? EOS . EOS
you re not interested in politics . EOS . EOS
i m going to sell . EOS . EOS .
i m having an lot rush . EOS . EOS
i m not at . EOS . EOS . EOS
i re fine about for you . EOS . EOS
you re welcome here . EOS . EOS . EOS
i m going to wait in the car . EOS
we re worried ? EOS . EOS . EOS .
i am interested in . EOS . EOS . EOS
i m school at school . EOS . EOS .
i m not eating the point . EOS . EOS
he s always isn isn t she ? EOS .
he s quite tired . EOS . EOS . EOS
he is very impressed . EOS . EOS . EOS
i m your friend . EOS . EOS . EOS
he is really hard . EOS . EOS . EOS
i am thinking of that s . EOS . EOS
she s in her for her . EOS . EOS
he s german isn t she ? EOS . EOS
we re in how aren t you ? EOS .
they re downstairs . EOS . EOS . EOS .
i m sort of tired . EOS . EOS .
i m running out of EOS . EOS . EOS
they re on the same . EOS . EOS .
i m going to stay house . EOS . EOS
they re on to buy . EOS . EOS .
we re working ! EOS . EOS . EOS .
you are rude . EOS . EOS . EOS .
i re listening to have you ? EOS ? EOS
you re part of the problem . EOS . EOS
i m dying . EOS . EOS . EOS .
you re lying to shit . EOS . EOS .
he s not really interested . EOS . EOS .
i m not a liar . EOS . EOS .
you re very astute . EOS . EOS . EOS
he s making a teacher . EOS . EOS .
you re famous . EOS . EOS . EOS .
you re early . EOS . EOS . EOS .
they re probably different around . EOS . EOS .
i m drinking . EOS . EOS . EOS .
i m tidy . EOS . EOS . EOS .
he is your by one . EOS . EOS .
he s tired how . EOS . EOS . EOS
i m ready to with with tom . EOS .
he is taking a good day . EOS . EOS
they re doctors . EOS . EOS . EOS .
they re going shopping . EOS . EOS . EOS
they re stalling . EOS . EOS . EOS .
they re surprised . EOS . EOS . EOS .
he s drunk aren t you ? EOS . EOS
you re always how ? EOS . EOS . EOS
she s lucky . EOS . EOS . EOS .
she is fed . EOS . EOS . EOS .
she s starting to hair . EOS . EOS .
she is angry with you . EOS . EOS .
she s on her way . EOS . EOS .
we re drunk . EOS . EOS . EOS .
we re early . EOS . EOS . EOS .
we re home home . EOS . EOS . EOS
we re having a pear . EOS . EOS .
i s been on him . EOS . EOS .
he s one . EOS . EOS . EOS .
we re not happy . EOS . EOS . EOS
you re not like you . EOS . EOS .
i m not paying up . EOS . EOS .
i m not blame . EOS . EOS . EOS
i m not very polite . EOS . EOS .
i m really not busy . EOS . EOS .
you re all set ? EOS . EOS . EOS
we re all set . EOS . EOS . EOS
i s fine . EOS . EOS . EOS .
i m finished with all . EOS . EOS .
i re at how . EOS . EOS . EOS
they re so childish . EOS . EOS . EOS
you re doing it him ! EOS . EOS .
he s coming to you ! EOS . EOS .
he s on in tv . EOS . EOS .
we re ready to see your complaints . EOS .
you re early . EOS . EOS . EOS .
i m concerned at that . EOS . EOS .
she is all lying in the situation . EOS .
i m using tom s . EOS . EOS .
i m the on in . EOS . EOS .
you re not all busy . EOS . EOS .
i m waiting for one . EOS . EOS .
i m joking . EOS . EOS . EOS .
i m tired of all these . EOS . EOS
aren re not one . EOS . EOS . EOS
he s on and of his EOS . EOS .
i m not talking to tom . EOS . EOS
they re talking . EOS . EOS . EOS .
he s kind from much . EOS . EOS .
he is going to get ? EOS . EOS .
he s very very well . EOS . EOS .
you re not very tidy . EOS . EOS .
you re looking to see you again . EOS .
i m calling with tom . EOS . EOS .
i m not scared to see you . EOS .
you re very fond . EOS . EOS . EOS
we re worried about you ? EOS . EOS .
i m going to sell . EOS . EOS .
i m going to work to work . EOS .
he is very careful . EOS . EOS . EOS
she is french at swimming . EOS . EOS .
you re acting like a child . EOS . EOS
he is always careful . EOS . EOS . EOS
we re really proud of that . EOS . EOS
they re on the same . EOS . EOS .
you re quite a little beautiful . EOS . EOS
you re lying . EOS . EOS . EOS .
you re a good guy . EOS . EOS .
they re what what we can can . EOS .
they are looking for . EOS . EOS . EOS
he s full of he ? EOS . EOS .
i m going to tell you . EOS . EOS
he is much hard in his job . EOS .
you re the one aren t you ? EOS .
i m a beginner in . EOS . EOS .
i m sad . EOS . EOS . EOS .
i m eating . EOS . EOS . EOS .
he s bored to do me . EOS . EOS
i m depressed . EOS . EOS . EOS .
i m supposed to protect you tom . EOS .
we re doing the way . EOS . EOS .
i m thinking of that . EOS . EOS .
i m looking forward to your father . EOS .
we re looking breakfast for that . EOS . EOS
they re weak . EOS . EOS . EOS .
i m a a fast . EOS . EOS .
she s lying at that s ? EOS . EOS
he s lying in car . EOS . EOS .
he is in paris . EOS . EOS . EOS
i re meeting to tell you ? EOS . EOS
you re not dressed . EOS . EOS . EOS
i m afraid that you re there . EOS .
i am a new student . EOS . EOS .
he s a bodybuilder isn t he ? EOS .
you re lying in ? EOS . EOS . EOS
he is too friendly to learn . EOS . EOS
i m staying with what ? EOS . EOS .
we re unlucky . EOS . EOS . EOS .
he s on the like his own . EOS .
i m going to get you you . EOS .
i m making much much much anymore . EOS .
we re doing your ? EOS . EOS . EOS
he s never in love . EOS . EOS .
he s dead . EOS . EOS . EOS .
you re mistaken . EOS . EOS . EOS .
i m sorry that said that . EOS . EOS
i m not going anywhere . EOS . EOS .
i m thinking if . EOS . EOS . EOS
i am looking forward to him . EOS . EOS
she s standing tom . EOS . EOS . EOS
he is not singing anything . EOS . EOS .
i am looking forward . EOS . EOS . EOS
i m not scared to him . EOS . EOS
he is a really little little . EOS . EOS
i m talking ? he ? EOS . EOS .
i m learning how to buy . EOS . EOS
she is not my friend . EOS . EOS .
she s on the same boat . EOS . EOS
he s not easy . EOS . EOS . EOS
i m fond with that . EOS . EOS .
you re reading my job job . EOS . EOS
you re disappointed how how aren t you ? EOS
you re happy about that ? EOS . EOS .
he is my wife . EOS . EOS . EOS
i re welcome ? EOS ? EOS . EOS .
we re both wrong . EOS . EOS . EOS
you re scaring them . EOS . EOS . EOS
she s a lawyer lawyer aren t you ? EOS
i m not thinking . EOS . EOS . EOS
he s addicted . EOS . EOS . EOS .
i m married to EOS . EOS . EOS .
i m always my day . EOS . EOS .
he s a member in . EOS . EOS .
i re confused how are you ? EOS . EOS
i m not taking there . EOS . EOS .
you re not supposed to think . EOS . EOS
he re what you what you ? EOS ? EOS
i m getting better and this . EOS . EOS
you re not angry are you ? EOS . EOS
i m content to my my friends . EOS .
i m russian ? EOS . EOS . EOS .
she s fine . EOS . EOS . EOS .
i am thinking of making weight . EOS . EOS
we re disappointed aren t you ? EOS . EOS
he s playing in a gentleman . EOS . EOS
i m asking to stay you . EOS . EOS
i m not alone alone . EOS . EOS .
she isn t afraid of making mistakes . EOS .
he re what that tom s wrong . EOS .
they re done . EOS . EOS . EOS .
he s worried about the exam . EOS . EOS
i m already ready for the game . EOS .
you re used to do that ? EOS . EOS
he s wearing a man . EOS . EOS .
she s happy to her entire . EOS . EOS
you re going to to train . EOS . EOS
i am my boss . EOS . EOS . EOS
we re very worried about that . EOS . EOS
i m feeling much much . EOS . EOS .
i m glad that i can that . EOS .
he s not wearing buy . EOS . EOS .
he s always short in love . EOS . EOS
he s annoying . EOS . EOS . EOS .
they re going to swim them . EOS . EOS
they re going to to to EOS . EOS .
they re wrong . EOS . EOS . EOS .
i m actually . EOS . EOS . EOS .
we re leaving how ? EOS . EOS . EOS
he s just to see me . EOS . EOS
we re going home home . EOS . EOS .
they re part of of my . . EOS .
i m lying . EOS . EOS . EOS .
i m staying at the boat . EOS . EOS
i m making this learn up . EOS . EOS
i m a big coffee coffee . EOS . EOS
he s listening . EOS . EOS . EOS .
you re through . EOS . EOS . EOS .
i am able to a a cold . EOS .
you re awfully tonight . EOS . EOS . EOS
i m thinking to see . EOS . EOS .
they re not so angry . EOS . EOS .
i m addicted to cats . EOS . EOS .
he is said to succeed . EOS . EOS .
i m only if i won . EOS . EOS
i m just out of tom . EOS . EOS
i m not scared to fight . EOS . EOS
we re still out of EOS . EOS . EOS
i is much mary to him . EOS . EOS
he s writing a letter . EOS . EOS .
i m ashamed of my team . EOS . EOS
they re not talking . EOS . EOS . EOS
he re confused how to succeed . ? EOS .
he is always at these these . EOS . EOS
i m quite in boston . EOS . EOS .
i m getting out . EOS . EOS . EOS
he is having an pear . EOS . EOS .
i m sure . tom s . EOS . EOS
i m waiting for you . EOS . EOS .
they re missing to me me . EOS . EOS
i m listening to see . EOS . EOS .
i re going to see my patience . EOS .
we re already different . EOS . EOS . EOS
i m in a how . EOS . EOS .
she s working at the s ? EOS . EOS
i m leaving that i can do that . EOS
you re so very proud of yourself . EOS .
you re disappointed about t you ? EOS . EOS
i is talking to see tom . EOS . EOS
he s much too slow . EOS . EOS .
we aren t longer anymore . EOS . EOS .
he s about . EOS . EOS . EOS .
i m glad to protect you . EOS . EOS
we re going there . EOS . EOS . EOS
i m my partner . EOS . EOS . EOS
i m going bald . EOS . EOS . EOS
i m not naive . EOS . EOS . EOS
they re not interested on the cold . EOS .
he is in in he he . EOS . EOS
i m carrying that is sick . EOS . EOS
we re going our this week . EOS . EOS
he is fluent in he he ? EOS ? EOS
you re my best friend too ! EOS ! EOS
they re trying our our people . EOS . EOS
he s addicted to addict . EOS . EOS .
he is still full alive . EOS . EOS .
you re sorry . EOS . EOS . EOS .
he is a from a doctor . EOS . EOS
i m afraid that he can job . EOS .
he is been in a lot . EOS . EOS
he is always to be me me . EOS .
they re not going dressed . EOS . EOS .
they re on his ? EOS . EOS . EOS
i m looking for someone . EOS . EOS .
you re worried about ? EOS . EOS . EOS
i m going out . EOS . EOS . EOS
i m extremely this morning . EOS . EOS .
i m keeping your letter . EOS . EOS .
i m not talking about you . EOS . EOS
you re no longer afraid of you . EOS .
you re mad . EOS . EOS . EOS .
they re reading . EOS . EOS . EOS .
i m not really in october . EOS . EOS
we are faced with many difficulties . EOS . EOS
i m not to the it . EOS . EOS
i m looking for a friend . EOS . EOS
i re learning how . EOS . EOS . EOS
he is very hard hard . EOS . EOS .
you re what what what you ? EOS ? EOS
we re surprised to hear here . EOS . EOS
i m looking for a little longer . EOS .
we re heading tired . EOS . EOS . EOS
he s worrying your own ? EOS . EOS .
you re an irresponsible idiot . EOS . EOS .
i re tired how ? EOS . EOS . EOS
you re in spanish . EOS . EOS . EOS
they re looking a letter . EOS . EOS .
i m right behind her . EOS . EOS .
he s about looking . EOS . EOS . EOS
i m observant . EOS . EOS . EOS .
i m very about much . EOS . EOS .
i m using like a cold s . EOS .
we re leaving we can t you ? EOS ?
i m quite here . EOS . EOS . EOS
he is my son . EOS . EOS . EOS
we re going to protect you . EOS . EOS
i re starting to have you ? EOS . EOS
we re worried about ? EOS . EOS . EOS
you re on the right here . EOS . EOS
he s job in work . EOS . EOS .
you re tough . EOS . EOS . EOS .
she s the same idea . EOS . EOS .
he s not from anything . EOS . EOS .
we re just everything . EOS . EOS . EOS
i m from to learn . EOS . EOS .
i m certain of that . EOS . EOS .
he re always tired ? EOS . EOS . EOS
we re still dead . EOS . EOS . EOS
i re working on our way . EOS . EOS
they re trying to do do that . EOS .
he s sitting tom . EOS . EOS . EOS
i m going to do that ! EOS . EOS
we re all very . EOS . EOS . EOS
i m not all concerned . EOS . EOS .
you re as old as me . EOS . EOS
i m a member your s . EOS . EOS
i m happy that you re safe . EOS .
i m coming . EOS . EOS . EOS .
he is ready to EOS . EOS . EOS .
i m about to go . EOS . EOS .
i m actually your safety . EOS . EOS .
i m fine . EOS . EOS . EOS .
they re not their their uncle . EOS . EOS
he s been up in his brother . EOS .
i m not singing . EOS . EOS . EOS
she s poor isn t drive . EOS . EOS
you re about ? EOS ? EOS . EOS .
you re washing it . EOS . EOS . EOS
i m full of shit . EOS . EOS .
she is afraid to talk with . EOS . EOS
i m going to go . EOS . EOS .
she is perfect perfect . EOS . EOS . EOS
you re preaching to be a . . EOS .
you re your own like . you ? EOS .
he is attracted to asian . EOS . EOS .
we re going to die . EOS . EOS .
you re supposed to help them . EOS . EOS
he s a assistant of . EOS . EOS .
i am fond fond . EOS . EOS . EOS
he s depressed ? EOS . EOS . EOS .
he is fond here . EOS . EOS . EOS
i am speaking french . EOS . EOS . EOS
i m taking french . EOS . EOS . EOS
i m studying in french . EOS . EOS .
i m not wearing them . EOS . EOS .
we re talking to give . EOS . EOS .
i m sure we can this this . EOS .
i m paying with this situation . EOS . EOS
he s insecure . . EOS . EOS . EOS
i am learning interested . EOS . EOS . EOS
you re russian ? EOS . EOS . EOS .
they re not going to EOS . EOS . EOS
we re leaving in tokyo . EOS . EOS .
you re not about my car . EOS . EOS
you re missing . EOS . EOS . EOS .
you re not one aren t you ? EOS .
he aren t tired of he . EOS . EOS
they re going to buy . EOS . EOS .
i s staying . EOS . EOS . EOS .
i am using . EOS . EOS . EOS .
i am looking at you . EOS . EOS .
he is not one . EOS . EOS . EOS
you re surprised to see to go . EOS .
we re all in trouble . EOS . EOS .
you re a teacher . EOS . EOS . EOS
he s sleeping . EOS . EOS . EOS .
i m a too . EOS . EOS . EOS
he s fond . EOS . EOS . EOS .
i m tired of dying . EOS . EOS .
she is in in . . EOS . EOS .
i m using tom . EOS . EOS . EOS
they re going to paint tomorrow . EOS . EOS
you re washing the point . EOS . EOS .
you re optimistic . EOS . EOS . EOS .
i m studying in french . EOS . EOS .
i m looking at driving . EOS . EOS .
we re learning last in love . EOS . EOS
he s an intelligent . . EOS . EOS .
i m using tom . EOS . EOS . EOS
he s still dressed . EOS . EOS . EOS
he s lying to win . EOS . EOS .
you re lying to win . EOS . EOS .
i am willing to addict . EOS . EOS .
i am worried about her health . EOS . EOS
she is quite better . EOS . EOS . EOS
he s lying . EOS . EOS . EOS .
he is my neighbour . EOS . EOS . EOS
he s lying for tom . EOS . EOS .
i m bored . EOS . EOS . EOS .
i m going to learn . EOS . EOS .
he is used to me . EOS . EOS .
i m looking forward . EOS . EOS . EOS
i am grateful . EOS . EOS . EOS .
you re welcome . EOS . EOS . EOS .
i m having to stay . . EOS . EOS
he is far from happy . EOS . EOS .
i m tom s hard . EOS . EOS .
he is at him . EOS . EOS . EOS
you re full of shit . EOS . EOS .
you re blushing . EOS . EOS . EOS .
i m poorly . EOS . EOS . EOS .
he is quiet . EOS . EOS . EOS .
he is available . EOS . EOS . EOS .
we re doing this . EOS . EOS . EOS
you re dangerous . EOS . EOS . EOS .
she is drunk . EOS . EOS . EOS .
i m convinced . EOS . EOS . EOS .
he is trying to smoking smoking . EOS . EOS
i m playing this . EOS . EOS . EOS
i m thinking of working . EOS . EOS .
you re probably late late . EOS . EOS .
he s in in shape . EOS . EOS .
i m learning how . EOS . EOS . EOS
they re on the washing . EOS . EOS .
i am today today . EOS . EOS . EOS
she s tired ? EOS . EOS . EOS .
i m fed up . EOS . EOS . EOS
i m running out . EOS . EOS . EOS
i m sorry . ? EOS . EOS . EOS
he s lying in his cold . EOS . EOS
i m drinking . EOS . EOS . EOS .
we re leaving how used aren t you ? EOS
i m not a new child . EOS . EOS
you re scaring tv . EOS . EOS . EOS
i m coming . EOS . EOS . EOS .
we re going to take . EOS . EOS .
he is learning how for french . EOS . EOS
they re going to take . EOS . EOS .
we re lying in your debt . EOS . EOS
they re coming talking . EOS . EOS . EOS
he is studying off . EOS . EOS . EOS
we are not in english . EOS . EOS .
they re not the same team . EOS . EOS
he s full of his field . EOS . EOS
he s in in for a cold . EOS .
i re wrong that you re safe . EOS .
he s lying in how . EOS . EOS .
they re on to leave . EOS . EOS .
i m having trouble to him . EOS . EOS
i s careful . EOS . EOS . EOS .
i m bored . EOS . EOS . EOS .
he s lying to try . EOS . EOS .
he s gone . EOS . EOS . EOS .
i is as like like this . EOS . EOS
he s on the night . EOS . EOS .
i m going to see tom . EOS . EOS
we re not good at math . EOS . EOS
i am looking forward to you again . EOS .
she is bored with me . EOS . EOS .
she s afraid of me . EOS . EOS .
i m not scared to death . EOS . EOS
we re on the dishes . EOS . EOS .
he s not supposed . EOS . EOS . EOS
she s a dj . EOS . EOS . EOS
we re used to french next month . EOS .
i m from to buy a new car . EOS
he s in charge of bad . EOS . EOS
she is good at me . EOS . EOS .
she s lying . EOS . EOS . EOS .
we re all scared . EOS . EOS . EOS
i m sure to see your was . EOS .
you re supposed to my patience . EOS . EOS
they re the sick free . EOS . EOS .
i m still shopping to tell . EOS . EOS
he is leaving in love . EOS . EOS .
you re welcome . EOS . EOS . EOS .
i s studying in her . EOS . EOS .
i m thinking . EOS . EOS . EOS .
you re not coming ! EOS . EOS . EOS
he m sure tom s tonight . EOS . EOS
i m listening to him ! ! EOS ! EOS
i m doing this as like this . EOS .
i m fond of teaching . . EOS . EOS
i m having a new house . EOS . EOS
we s about her . EOS . EOS . EOS
he is fond of her . EOS . EOS .
i m quite a little . EOS . EOS .
he is able to pollen . EOS . EOS .
i m having a how . EOS . EOS .
i m not looking for like this . EOS .
he is used to buy . EOS . EOS .
you re said to be not here . EOS .
i m making what he will EOS . EOS .
i m not a gentleman . EOS . EOS .
she is not very rich . EOS . EOS .
he is been in these . EOS . EOS .
you re on the so right . EOS . EOS
