he s about here . EOS . EOS . EOS
i m too old for this world . EOS .
i m working at how . EOS . EOS .
we re learning how ? EOS . EOS . EOS
i m almost the same bus . EOS . EOS
i m going to take in in . EOS .
i m now now . EOS . EOS . EOS
they re part of animals . EOS . EOS .
i m not going to EOS . EOS . EOS
i m going . EOS . EOS . EOS .
i am fine today . EOS . EOS . EOS
he s making a new job . EOS . EOS
she s lying one aren t EOS . EOS .
i am leaving for this job . EOS . EOS
he is capable of win . EOS . EOS .
he is not poor at sports . EOS . EOS
i m fed up ! EOS ! EOS . EOS
i m going to learn him . EOS . EOS
i m staying for now now . EOS . EOS
he is a law man . EOS . EOS .
she is a good good for me . EOS .
i m taking a member now . EOS . EOS
they re doing to have a cold . EOS .
i am not speak in german . EOS . EOS
they re depressed . EOS . EOS . EOS .
she s not kind with her . EOS . EOS
i am interested in politics . EOS . EOS .
he is already hard . EOS . EOS . EOS
i am eating an apple . EOS . EOS .
i m getting tired . EOS . EOS . EOS
i m only going to the cold . EOS .
he is an office worker worker . EOS . EOS
i m quite short of short . EOS . EOS
i m fasting the meeting . EOS . EOS .
you re reading the reason of book . EOS .
i m surprised to see you here . EOS .
she s thirty a trip . EOS . EOS .
i m living in smoking . EOS . EOS .
i m learning something to something . EOS . EOS
i am listening to paint them . EOS . EOS
he s at a diary . EOS . EOS .
he s not friend . EOS . EOS . EOS
he is absorbed in his . . EOS . EOS
he s one for the job . EOS . EOS
he is aware of the team . EOS . EOS
i m sure that he EOS . EOS . EOS
he is said to be you . EOS . EOS
he s working in his hard hard . EOS .
he is in charge blood . EOS . EOS .
he s good at something . EOS . EOS .
he is about to college . EOS . EOS .
he is all telling . . EOS . EOS .
he s always complaining about his wife . EOS .
he s living in his house . EOS . EOS
he is taller than i am . EOS . EOS
he is not what he what he . EOS .
he s not lying . EOS . EOS . EOS
he is afraid of being sick . EOS . EOS
i am going to with her . EOS . EOS
she s been in shopping . EOS . EOS .
she s a expert . . EOS . EOS .
she is beautiful beautiful ! EOS . EOS . EOS
she is devoid . EOS . EOS . EOS .
i re famished . EOS . EOS . EOS .
i m scaring . EOS . EOS . EOS .
we re taking the door . EOS . EOS .
i m just sorry . EOS . EOS . EOS
she is old enough . EOS . EOS . EOS
i am sleepy at the guitar . EOS . EOS
you re kind of shit . EOS . EOS .
i m afraid that is out . EOS . EOS
i m listening to have a party . EOS .
i m mary s ? EOS . EOS . EOS
i m sure that i have did . EOS .
he s full too french . EOS . EOS .
he is about . EOS EOS . EOS . EOS
he re afraid that isn t he ? EOS .
i s in for for that . EOS . EOS
you re full of my job . EOS . EOS
i am listening to my decision . EOS . EOS
we re not to do that . EOS . EOS
they re all jealous of all . EOS . EOS
he s actually in in this world . EOS .
he is quite late . EOS . EOS . EOS
he s a jolly person . EOS . EOS .
he is my father one . EOS . EOS .
she is going to york next week . EOS .
he is worried about cooking . EOS . EOS .
i re leaving how about t you ? EOS .
we re happy for what he was . EOS .
he is on in bed . EOS . EOS .
he is said to be rich . EOS . EOS
you re disgusting . EOS . EOS . EOS .
i m not supposed to be . EOS . EOS
he is going to take . EOS . EOS .
i m reading . EOS . EOS . EOS .
he is going to going to week . EOS .
i am confused in boston . EOS . EOS .
i m sorry of being being . EOS . EOS
we re leaving up . EOS . EOS . EOS
he s giving to stay . . EOS . EOS
he is fond of fond . EOS . EOS .
am is right right right . EOS . EOS .
we re we . EOS . EOS . EOS .
she s on in long . EOS . EOS .
i am going to miss me . EOS . EOS
you re not answering . EOS . EOS . EOS
he is actually in . EOS . EOS . EOS
i m not looking at you . EOS . EOS
i m buying it her again . EOS . EOS
he is actually in how . EOS . EOS .
he re a little tired tired . EOS . EOS
she is making him . EOS . EOS . EOS
i m not distracting you . EOS . EOS .
i re not thinking of EOS . EOS . EOS
we re tired . EOS aren t you ? EOS
i m the one aren t you ? EOS .
he s laughing . EOS . EOS . EOS .
you re reading a new friend . EOS . EOS
we re famished . EOS . EOS . EOS .
he s russian isn t he ? EOS . EOS
you re only everything to die . EOS . EOS
i m not leaving this tonight . EOS . EOS
i m not your enemy . EOS . EOS .
he re what you ? he ? ? ? ?
i m joking . EOS . EOS . EOS .
how re alone aren t you ? EOS ? EOS
i m working in swimming . EOS . EOS .
i m been in to for one . EOS .
he s drowning to swim . EOS . EOS .
i re going to show . EOS . EOS .
you re your your daughter . EOS . EOS .
i re going to have ? EOS . EOS .
i m walking in the history children . EOS .
i am going to join a response . EOS .
he s drowning . EOS . EOS . EOS .
i re willing to go you ? EOS . EOS
he s talking how ? EOS . EOS . EOS
i m not learning now . EOS . EOS .
you re worried again ? EOS . EOS . EOS
he s working on a new job . EOS .
i am coming to buy a rich . . EOS
he s looking for day . EOS . EOS .
he s fond . . EOS . EOS . EOS
he s behind tall . EOS . EOS . EOS
i m sorry if . EOS . EOS . EOS
they re out . EOS . EOS . EOS .
i m having a stranger of a problem . EOS
he s a dj . EOS . EOS . EOS
i m listening to french tonight . EOS . EOS
she is my sister . EOS . EOS . EOS
i m not alone . EOS . EOS . EOS
i am teacher too . EOS . EOS . EOS
he s sitting s mad . EOS . EOS .
i m afraid how ? he ? EOS . EOS
i m trying . EOS . EOS . EOS .
he is going to have for tom . EOS .
i m learning how s t she . EOS .
i m joking . EOS . EOS . EOS .
he s full of shit . EOS . EOS .
he is very very angry . EOS . EOS .
you re missing that at that . EOS . EOS
he is going to be jealous . EOS . EOS
you re afraid of EOS . EOS . EOS .
he is talking how ? EOS . EOS . EOS
we re fine here . EOS . EOS . EOS
i m feeling the boss s ? EOS ? EOS
he is making shopping . EOS . EOS . EOS
i am going to keep tomorrow . EOS . EOS
isn is wearing the future . EOS . EOS .
he is hard with your job . EOS . EOS
we re lying in their afternoon . EOS . EOS
i m following . EOS . EOS . EOS .
he s job at his job . EOS . EOS
she s putting the same before . EOS . EOS
she is full . EOS . EOS . EOS .
we re really wasting good time . EOS . EOS
he s drinking in favor . EOS . EOS .
she is in in in . . EOS . EOS
i m not leaving me . EOS . EOS .
i m going to stay place . EOS . EOS
i m able to help you anymore . EOS .
i re tired how ? EOS . EOS . EOS
he is about to college . EOS . EOS .
he is the oldest person . . EOS . EOS
they re talking . EOS . EOS . EOS .
he s drowning . EOS . EOS . EOS .
she s staying for my daughter . EOS . EOS
i am fond . EOS . EOS . EOS .
i m rich but i but i . EOS .
you re what what know . EOS . EOS .
i m living me me me . EOS . EOS
i am years older and he . EOS . EOS
you re tired ? EOS . EOS . EOS .
you re mad . EOS . EOS . EOS .
i am thinking of succeed . EOS . EOS .
i m reading . EOS . EOS . EOS .
she is my house . EOS . EOS . EOS
i m dying . EOS . EOS . EOS .
he s hot . EOS . EOS . EOS .
he s drunk . EOS . EOS . EOS .
i m running out of heights . EOS . EOS
i am learning handsome . EOS . EOS . EOS
she s drowning in swimming . EOS . EOS .
i m scared of spiders . EOS . EOS .
i m no longer afraid of anymore . EOS .
you re missing that ! EOS . EOS . EOS
i m not talking about me . EOS . EOS
he is not but too . EOS . EOS .
he is drinking . EOS . EOS . EOS .
he is older than i EOS . EOS . EOS
we re not used to do alone . EOS .
i m from a job . EOS . EOS .
i m not surprised . EOS . EOS . EOS
i m starting to how . EOS . EOS .
he is always my patience . EOS . EOS .
he s not college . EOS . EOS . EOS
i m interested in australia . EOS . EOS .
she is a lawyer and i am ? EOS .
he isn what what what will win . EOS .
he s starting to speak a cold . . EOS
we re worried about shit . EOS . EOS .
they re under big terms . EOS . EOS .
i m not going anywhere here . EOS . EOS
he is welcome to swim a leaf . EOS .
we re lying . EOS . EOS . EOS .
i m going to with them . EOS . EOS
i m watching to start . EOS . EOS .
they re not interested . EOS . EOS . EOS
she s already sleeping . EOS . EOS . EOS
i m what it s you ? EOS ? EOS
he is hard at hard . EOS . EOS .
he s a writer . EOS . EOS . EOS
i m looking at vacation . EOS . EOS .
we re bored . EOS . EOS . EOS .
she is full of college . EOS . EOS .
he s ? EOS . EOS . EOS . EOS
i am fond . EOS . EOS . EOS .
i m worried ? EOS . EOS . EOS .
he s addicted to asian . EOS . EOS .
he s sorry . EOS . EOS . EOS .
he is washing his own . EOS . EOS .
she s very good well . EOS . EOS .
i m on the right guys . EOS . EOS
you re worried ? EOS . EOS . EOS .
he s tired tired . EOS . EOS . EOS
we re bored . EOS . EOS . EOS .
he s about a how s . EOS . EOS
we re in business with many . EOS . EOS
he is not not bad that tonight . EOS .
i m not amused . EOS . EOS . EOS
i re worried about them aren t you ? EOS
she s holding . EOS . EOS . EOS .
i re leaving and me and me . EOS .
you re acting at your lawyer . EOS . EOS
we re confused how to speak you . EOS .
you re my hero . EOS . EOS . EOS
he is always my daughter . EOS . EOS .
i m going around here . EOS . EOS .
we re going how that ? ? EOS . EOS
i re staying to be a cold . EOS .
they re wrong . EOS . EOS . EOS .
they re right behind me . EOS . EOS .
she s an an adult . EOS . EOS .
i m right behind you . EOS . EOS .
he s doing his teeth . EOS . EOS .
she s here to spy on us . EOS .
they re welcome here . EOS . EOS . EOS
he isn isn isn isn isn ? EOS . EOS
i m only tired tired tired . EOS . EOS
i am allergic to the police . EOS . EOS
i re confused how ? EOS . EOS . EOS
we re supposed to do it . EOS . EOS
they re in the EOS . EOS . EOS .
he they re on his lot . EOS . EOS
he s got his books . EOS . EOS .
we re going home . EOS . EOS . EOS
we re worried ? EOS . EOS . EOS .
you re very religious . EOS . EOS . EOS
she s looking too much teaching tv tv . EOS
i m lying . EOS . EOS . EOS .
i m making a new house . EOS . EOS
i m always friends with my brother . EOS .
she is mad . EOS . EOS . EOS .
you re losing . EOS . EOS . EOS .
i m done how how . EOS . EOS .
we re going to catch . EOS . EOS .
he re what that he ? EOS . EOS .
he is leaving at tv . EOS . EOS .
you re not allowed to do that . EOS .
you re lying to leave . . EOS . EOS
you re full . EOS . EOS . EOS .
she s enjoying it she s ? EOS . EOS
she is open . . EOS . EOS . EOS
she s fine . EOS . EOS . EOS .
i m glad she liked it . EOS . EOS
i m worried . EOS . EOS . EOS .
you re lying with her . EOS . EOS .
he is been at home . EOS . EOS .
she is accustomed to asian . EOS . EOS .
he is going to be jealous . EOS . EOS
i m growing how to do it . EOS .
you re spanish ? EOS . EOS . EOS .
i m sorry up to speak . EOS . EOS
we re leaving aren t you ? EOS . EOS
he s always job . EOS . EOS . EOS
i am from tokyo . EOS . EOS . EOS
re s not friend . EOS . EOS . EOS
i m sorry i hurt you . EOS . EOS
he is his his job . EOS . EOS .
she s staying how ? EOS . EOS . EOS
you re a man now . EOS . EOS .
they re living in the story . EOS . EOS
he re sure she ? he ? EOS ? EOS
he s a bigot . EOS . EOS . EOS
we re keeping it ? EOS . EOS . EOS
i m not to with with you . EOS .
i m just talking . EOS . EOS . EOS
we re fine . EOS . EOS . EOS .
you re going to be jealous . EOS . EOS
i re gonna how aren aren t you ? EOS
she s lying . EOS . EOS . EOS .
i re coming me . EOS . EOS . EOS
she s waiting for her at home . EOS .
he s fit to go . EOS . EOS .
he is always careful . EOS . EOS . EOS
he is starting to what you . EOS . EOS
i m glad to help them . EOS . EOS
i m not lonely . EOS . EOS . EOS
you re worried ? EOS . EOS . EOS .
we re naked ? EOS . EOS . EOS .
you re sure again in ? you ? EOS ?
they re still full . EOS . EOS . EOS
they re in trouble . EOS . EOS . EOS
we re lucky to car a car . EOS .
you re lying . EOS . EOS . EOS .
i m not going to EOS . EOS . EOS
i m not giving you . EOS . EOS .
i m very impressed . EOS . EOS . EOS
you re not welcome . EOS . EOS . EOS
we re not yet yet . EOS . EOS .
she s not sick . EOS . EOS . EOS
they re going to swim . EOS . EOS .
i am starting to my my girlfriend . EOS .
we re going to go wait ? you ? EOS
i m volunteering me . EOS . EOS . EOS
we re eating . EOS . EOS . EOS .
i m counting that you think . EOS . EOS
they re very eager man . EOS . EOS .
i m having a little night . EOS . EOS
they re lying . EOS . EOS . EOS .
you re used to do him ! EOS . EOS
she s going to succeed . EOS . EOS .
i m not going anything anything . EOS . EOS
they re trying . EOS . EOS . EOS .
i m not amused . EOS . EOS . EOS
we re staying . EOS . EOS . EOS .
we re leaving . EOS . EOS . EOS .
you re not married aren are you ? EOS .
you re lying how aren t you ? ? ?
you re kind of cute . EOS . EOS .
i am supposed to she is beautiful . EOS .
you re my hero . EOS . EOS . EOS
you re very wise . EOS . EOS . EOS
you re very rude . EOS . EOS . EOS
you re very curious . EOS . EOS . EOS
you re very attractive . EOS . EOS . EOS
she s not at all all . EOS . EOS
i am living with him . EOS . EOS .
she s done again . EOS . EOS . EOS
you re not going attention . EOS . EOS .
you re not going to think . EOS . EOS
you re welcome ! ! EOS . EOS . EOS
she is very cunning . EOS . EOS . EOS
you re crazy about me . EOS . EOS .
he s engaged to go . EOS . EOS .
we re giving you home . EOS . EOS .
you re going to one t know . EOS .
i m sick . EOS . EOS . EOS .
you re no longer from me . EOS . EOS
i m not blushing ! EOS ! EOS . EOS
i m going to do at drawing . EOS .
i m not talking about that . EOS . EOS
she s a hero . EOS . EOS . EOS
she s on his books . EOS . EOS .
i m afraid that won . EOS . EOS .
i m not trying to do it . EOS .
i m suffering . . . EOS . EOS .
i m learning tired in EOS . EOS . EOS
i m looking at your this . EOS . EOS
i m listening to hearing . EOS . EOS .
i m taking this uncle . EOS . EOS .
i m no longer tired anymore . EOS . EOS
i am beginning at the airport . EOS . EOS
i m free to go there . EOS . EOS
i m keeping hard . EOS . EOS . EOS
they re coming to animals . EOS . EOS .
we re not very timid . EOS . EOS .
i s shivering how about about you . EOS .
you re impressed aren t you ? EOS ? EOS
i m just this this out . EOS . EOS
i m said to protect he . EOS . EOS
i m afraid if i m sick . EOS .
i m lonely . EOS . EOS . EOS .
i am in in bed . EOS . EOS .
i m doing this for EOS . EOS . EOS
i m sorry but the isn t him . EOS
i m drowning . EOS . EOS . EOS .
i m ashamed to stay . EOS . EOS .
i m unable . EOS . EOS . EOS .
i m learning shopping . EOS . EOS . EOS
he s down . EOS . EOS . EOS .
i m afraid that he won . EOS . EOS
i m going to see the moment . EOS .
i m going to learn you . EOS . EOS
he is on the blood . EOS . EOS .
they re mad . EOS . EOS . EOS .
i m planning out out . EOS . EOS .
i m broke . EOS . EOS . EOS .
i m not looking really you . EOS . EOS
i m sorry trying to die . EOS . EOS
i m going to to help you . EOS .
i m starting to learn me . EOS . EOS
he re your own tom t he ? EOS .
you re in my seat . EOS . EOS .
i m your soup . EOS . EOS . EOS
you re going to go . EOS . EOS .
they re safe here . EOS . EOS . EOS
i m not supposed to swim . EOS . EOS
i m at money . EOS . EOS . EOS
you re feeling much ? EOS . EOS . EOS
you re the only canadian anymore . EOS . EOS
you re part of course . EOS . EOS .
you re not old enough to drink . EOS .
you re not joking . EOS . EOS . EOS
they re going to have EOS . EOS . EOS
you re supposed to see you you . EOS .
i m starting to black . EOS . EOS .
she is fond of her . EOS . EOS .
i m lazy lazy . EOS . EOS . EOS
she is out of milk . EOS . EOS .
you re right aren t you ? EOS . EOS
i m not amused . EOS . EOS . EOS
we re out of him . EOS . EOS .
he is nothing but a EOS . EOS . EOS
she is always trying to think . EOS . EOS
he s just too much too fast . EOS .
you re lying . EOS . EOS . EOS .
you re the ? he ? EOS . EOS .
they re starting to love . EOS . EOS .
i m looking at soccer . EOS . EOS .
i m about a little money . EOS . EOS
i m already all over . EOS . EOS .
you re early . go . EOS . EOS .
they re almost fat . EOS . EOS . EOS
she is not like the chair . EOS . EOS
she is my sister to speak . EOS . EOS
i am quite happy to learn german . EOS .
i m not like you . EOS . EOS .
we re about sleepy . EOS . EOS . EOS
we re afraid ? EOS . EOS . EOS .
we re a good team . EOS . EOS .
we re used to him ! EOS . EOS .
i m very careful . EOS . EOS . EOS
he is very rich . EOS . EOS . EOS
they re afraid of nothing . EOS . EOS .
i am listening to girl . EOS . EOS .
we re in bed . EOS . EOS . EOS
they re all great well . EOS . EOS .
he is the master . EOS . EOS . EOS
he s not following . EOS . EOS . EOS
i m devoid to make it . EOS . EOS
you re not talking . EOS . EOS . EOS
i m able to go up . EOS . EOS
we re finally alone . EOS . EOS . EOS
i m thinking of everything . EOS . EOS .
he re what tom s t she ? EOS .
we re talking aren t he ? EOS . EOS
they re out . EOS . EOS . EOS .
i m going to teach you book . EOS .
i m fine with tom ? EOS . EOS .
i m staying how aren t you ? EOS .
you re sure that ? EOS . EOS . EOS
they re kind . EOS . EOS . EOS .
i m not letting you you . EOS . EOS
you re russian how ? EOS . EOS . EOS
i m so concerned . EOS . EOS . EOS
i m beginning to see tom tom . EOS .
i am able to speak every . EOS . EOS
we re what it ? EOS . EOS . EOS
i re the one who want here . EOS .
he s not alone . EOS . EOS . EOS
i m staying about a new friend . EOS .
he s in how ? EOS . EOS . EOS
you re not in in now . EOS . EOS
i m going to sell . EOS . EOS .
i m having an coffee rush . EOS . EOS
i m not at at EOS . EOS . EOS
i re fine how about you . EOS . EOS
you re welcome here . EOS . EOS . EOS
i m going to call the car . EOS .
we re leaving aren t you ? EOS . EOS
i am interested in . EOS . EOS . EOS
i m often at school . EOS . EOS .
i m not taking the garden . EOS . EOS
he s always isn isn t she ? EOS .
he s not aren t he ? EOS . EOS
they re very happy . EOS . EOS . EOS
i m your friend . EOS . EOS . EOS
he is really hard . EOS . EOS . EOS
i am thinking of her uncle . EOS . EOS
she s in her for her . EOS . EOS
i m tired ? EOS . EOS . EOS .
we re right aren t you ? EOS ? EOS
they re downstairs . EOS . EOS . EOS .
i m sort of tired . EOS . EOS .
i m running out of EOS . EOS . EOS
she s on the bank . EOS . EOS .
i m going to stay house . EOS . EOS
s re on to go there . EOS . EOS
they re working ! EOS . EOS . EOS .
you are opportunistic . . EOS . EOS . EOS
i re listening to have t you ? EOS .
you re part of the problem . EOS . EOS
i m listening . EOS . EOS . EOS .
i m joking you . EOS . EOS . EOS
he is not really interested . EOS . EOS .
i m not a criminal . EOS . EOS .
you re very astute . EOS . EOS . EOS
he s making a friend . EOS . EOS .
you re powerful . EOS . EOS . EOS .
you re early . EOS . EOS . EOS .
they re probably different around . EOS . EOS .
i m through . EOS . EOS . EOS .
i m tidy . EOS . EOS . EOS .
he is disappointed in your debt . EOS . EOS
he s german . EOS . EOS . EOS .
i m lonely with you . EOS . EOS .
he is taking a good day . EOS . EOS
they re doctors . EOS . EOS . EOS .
they re trying shopping . EOS . EOS . EOS
they re stalling . EOS . EOS . EOS .
they re surprised . EOS . EOS . EOS .
you re your oldest . EOS . EOS . EOS
we re leaving how ? EOS . EOS . EOS
she s lucky . EOS . EOS . EOS .
she is fed up . EOS . EOS . EOS
she s got to swim . EOS . EOS .
she is mad at you . EOS . EOS .
she s on her way . EOS . EOS .
we re drunk . EOS . EOS . EOS .
we re early . EOS . EOS . EOS .
we re home home . EOS . EOS . EOS
we re writing a pear . EOS . EOS .
i s thinking on vacation . EOS . EOS .
he s one . EOS . EOS . EOS .
we re not serious . EOS . EOS . EOS
you re not like you . EOS . EOS .
i m not thinking ! EOS . EOS . EOS
i m not blame . EOS . EOS . EOS
i m not very polite . EOS . EOS .
i m really not busy . EOS . EOS .
you re disappointed aren t you ? EOS . EOS
we re all set . EOS . EOS . EOS
i m fine . EOS . EOS . EOS .
i m finished with all . EOS . EOS .
i re disappointed about you EOS . EOS . EOS
they re so if . EOS . EOS . EOS
you re doing it EOS ! EOS . EOS .
he s leaving to you ! EOS . EOS .
we re supposed to swim ! ! EOS ! EOS
we re used to do it . EOS . EOS
you re early . EOS . EOS . EOS .
i m concerned at weight . EOS . EOS .
she is all lying in french . EOS . EOS
i seeing tom s sister . EOS . EOS .
i m the on in EOS . EOS . EOS
we re not busy . EOS . EOS . EOS
i m waiting for one . EOS . EOS .
i m blushing . EOS . EOS . EOS .
i m tired of all hard . EOS . EOS
you re not living . EOS . EOS . EOS
he is not on his teacher . EOS . EOS
i m not talking with tom . EOS . EOS
they re studying . EOS . EOS . EOS .
he s annoying drunk . EOS . EOS . EOS
he is about to isn ? EOS . EOS .
you re very very . . EOS . EOS .
you re not very tidy . EOS . EOS .
forward re looking to see you again . EOS .
i m hanging to see your answer . EOS .
i m scared to see you . EOS . EOS
you re very astute . EOS . EOS . EOS
you re alone yourself you aren t you ? EOS
i m going to try . EOS . EOS .
i m going to be working . EOS . EOS
he is very short . EOS . EOS . EOS
she is french at swimming . EOS . EOS .
you re acting like a child . EOS . EOS
he is always careful . EOS . EOS . EOS
we re really proud of that . EOS . EOS
they re on the kids . EOS . EOS .
you re making a so beautiful . EOS . EOS
you re spanish . EOS . EOS . EOS .
you re a good guy . EOS . EOS .
we re what confused we can t she ? EOS
they are looking for a job . EOS . EOS
i m fine . EOS . EOS . EOS .
i m going to see you . EOS . EOS
he is much hard in his job . EOS .
you re the one one aren t you ? EOS
i m suffering . . EOS . EOS . EOS
i m bored . EOS . EOS . EOS .
i m eating . EOS . EOS . EOS .
he s used to do something . EOS . EOS
i m lost . EOS . EOS . EOS .
i m supposed to follow you tom . EOS .
we re gaining the way australia . EOS . EOS
i m thinking of course . EOS . EOS .
i m looking forward to seeing your father . EOS
we re looking out for everything . EOS . EOS
they re weak . EOS . EOS . EOS .
i m a a stranger . EOS . EOS .
she s working at that s ? EOS . EOS
he s lying in his car . EOS . EOS
he is in paris . EOS . EOS . EOS
i re going to tell you ? EOS . EOS
you re not dressed . EOS . EOS . EOS
i m afraid that you re there . EOS .
i am a son of student . EOS . EOS
he s a writer aren t he ? EOS .
he s lying in ? EOS . EOS . EOS
he s kind too too . EOS . EOS .
i m disappointed with what . EOS . EOS .
we re amused . EOS . EOS . EOS .
he s putting on his book . EOS . EOS
i m listening to know you . EOS . EOS
i m much lot more much anymore . EOS .
we re better your ? EOS . EOS . EOS
he s never in love . EOS . EOS .
he s dead . EOS . EOS . EOS .
you re scaring . EOS . EOS . EOS .
i m sorry that said that . EOS . EOS
i m not out of her . EOS . EOS
i m thinking if EOS . EOS . EOS .
i am looking forward to words . EOS . EOS
she s traveling how how . EOS . EOS .
he is not singing . EOS . EOS . EOS
i am looking forward . . EOS . EOS .
i m not scared to him . EOS . EOS
he is in a little fool . EOS . EOS
i m welcome ? he ? ? EOS . EOS
i m learning how to dinner . EOS . EOS
she is not my friend . EOS . EOS .
you re lying too . EOS . EOS . EOS
he s not prepared . EOS . EOS . EOS
i m supposed to succeed . EOS . EOS .
you re reading my new job . EOS . EOS
i m staying you aren t you ? EOS .
you re used to working aren t you ? EOS
he is my son . EOS . EOS . EOS
i re reading ? EOS ? EOS . EOS .
we re both wrong . EOS . EOS . EOS
you re scaring them . EOS . EOS . EOS
she s a lawyer lawyer aren t you ? EOS
i m not thinking . EOS . EOS . EOS
he s addicted . EOS . EOS . EOS .
i m married to EOS . EOS . EOS .
i re always my every . EOS . EOS .
he s on a mood in . EOS . EOS
i re confused how are you ? EOS . EOS
they re not paying . EOS . EOS . EOS
you re not carrying to think . EOS . EOS
he re what you what you ? EOS ? EOS
i m smarter than i anymore . EOS . EOS
you re not angry are you ? EOS . EOS
i m content to my my friends . EOS .
i m russian ? EOS . EOS . EOS .
we re alone ? . EOS . EOS . EOS
i am listening to hearing weight . EOS . EOS
we re disappointed aren t you ? EOS . EOS
he s forever in bed . EOS . EOS .
i m letting to making up . EOS . EOS
i m not alone . EOS . EOS . EOS
aren t afraid of making mistakes . EOS . EOS
he re what it s late . EOS . EOS
they re done . EOS . EOS . EOS .
he s worried about the exam . EOS . EOS
i m taking off at math . EOS . EOS
you re confused to do that ? EOS . EOS
he s got a man . EOS . EOS .
i m happy with his life . EOS . EOS
you re going to catch train . EOS . EOS
i am my boss . EOS . EOS . EOS
we re worried about about that . EOS . EOS
i m feeling much much . EOS . EOS .
i m afraid that i can that . EOS .
he s not asking for books . EOS . EOS
he s always all in love . EOS . EOS
he is on me . EOS . EOS . EOS
they re going to phone them . EOS . EOS
they re going to going to try . EOS .
they re lying . EOS . EOS . EOS .
i m losing . EOS . EOS . EOS .
we re staying how ? EOS . EOS . EOS
he s just not to me . EOS . EOS
we re going home home . EOS . EOS .
they re part of of secrets . EOS . EOS
i m lying . EOS . EOS . EOS .
you re staying at how . EOS . EOS .
i m making this patience . . EOS . EOS
i m a big coffee coffee . EOS . EOS
he s full . EOS . EOS . EOS .
you re russian . EOS . EOS . EOS .
i am able to a a cold . EOS .
you re free tonight . EOS . EOS . EOS
i m trying to learn . EOS . EOS .
they re not so beautiful ! EOS ! EOS !
i m addicted to addict . EOS . EOS .
he is said jealous . EOS . EOS . EOS
i m only if i think . EOS . EOS
i m just out of tom . EOS . EOS
i m not one . EOS . EOS . EOS
we re still out of EOS . EOS . EOS
he is much many to him . EOS . EOS
he s taking a letter . EOS . EOS .
i m ashamed of my girlfriend . EOS . EOS
they re wearing . EOS . EOS . EOS .
he s brave how to succeed . EOS . EOS
he is always at these these . EOS . EOS
i m living in boston . EOS . EOS .
i m hiding out . EOS . EOS . EOS
he s having an an pear . EOS . EOS
i m actually . tom s . EOS . EOS
i m waiting for you way . EOS . EOS
they re turning to get me . EOS . EOS
i m coming to your serious . EOS . EOS
i re going to see my patience . EOS .
we re already drunk . EOS . EOS . EOS
i m making a little cold . EOS . EOS
she tom s in right . EOS . EOS .
i m doing that i can do that . EOS
you re acting very proud of you . EOS .
they re disappointed about you ? EOS . EOS .
tom is talking to like tom . EOS . EOS
he is much bit much . EOS . EOS .
we aren t amused anymore . EOS . EOS .
he s missing . EOS . EOS . EOS .
i m glad to protect you . EOS . EOS
we re going there . EOS . EOS . EOS
i m my neighbour . EOS . EOS . EOS
i m going off . EOS . EOS . EOS
i m not naive . EOS . EOS . EOS
they re not free on the cold . EOS .
he is fluent in he he ? EOS ? EOS
i m carrying that is sick . EOS . EOS
we re leaving this week . EOS . EOS .
he is leaving in he he ? EOS ? EOS
you re my best friend too ! EOS ! EOS
they re watching our our people . EOS . EOS
he s addicted to drink . EOS . EOS .
he is still full alive . EOS . EOS .
you re it . EOS . EOS . EOS .
he is full of a doctor . EOS . EOS
i m afraid that my job job . EOS .
he is running much much much . EOS . EOS
he is always to be think me . EOS .
they re not alone . EOS . EOS . EOS
he is with his german . EOS . EOS .
i m looking for someone . EOS . EOS .
you re fine . EOS . EOS . EOS .
i m going lunch . EOS . EOS . EOS
i m kind of this morning . EOS . EOS
i m listening to your story . EOS . EOS
i m not talking about you . EOS . EOS
you re only afraid of you . EOS . EOS
you re full . EOS . EOS . EOS .
they re reading . EOS . EOS . EOS .
i m not really in october . EOS . EOS
we are faced with many . EOS . EOS .
i m not this that is . EOS . EOS
i m looking for friend . EOS . EOS .
i re lying . EOS . EOS . EOS .
he is already in lot . EOS . EOS .
we re what you what he ? EOS ? EOS
we re surprised to arrest here . EOS . EOS
i m looking for a little jealous . EOS .
we re hiding down . EOS . EOS . EOS
i m talking with your father . EOS . EOS
you re an irresponsible idiot . EOS . EOS .
i re tired aren t she ? EOS . EOS
you re in spanish . EOS . EOS . EOS
we re keeping a letter . EOS . EOS .
i m right behind her . EOS . EOS .
i m about looking . EOS . EOS . EOS
i m coughing . EOS . EOS . EOS .
i am very fine about you . EOS . EOS
i m acting like a little cold . EOS .
we re leaving we can t you ? EOS .
i m fine . EOS . EOS . EOS .
he is my son . EOS . EOS . EOS
we re going to protect you . EOS . EOS
i re listening to start you ? EOS . EOS
we re worried about ? EOS . EOS . EOS
you re on the right here . EOS . EOS
he s lying in work . EOS . EOS .
you re tough . EOS . EOS . EOS .
she s the same idea . EOS . EOS .
he s not looking . EOS . EOS . EOS
we re just everything . EOS . EOS . EOS
i m from to him . EOS . EOS .
i m certain of that . EOS . EOS .
he re always tired ? EOS . EOS . EOS
we re all dead . EOS . EOS . EOS
i m going to EOS . EOS . EOS .
we re supposed to do do that . EOS .
he s missing tom . EOS . EOS . EOS
i m going to do that EOS . EOS .
we re about actually . EOS . EOS . EOS
i m not all talking . EOS . EOS .
you re as old as me . EOS . EOS
he s a your lawyer . . EOS . EOS
i m happy that you re safe . EOS .
i m coming . EOS . EOS . EOS .
he is addicted to EOS . EOS . EOS .
i m about to go . EOS . EOS .
i m not finished . EOS . EOS . EOS
i m fine . EOS . EOS . EOS .
they are out of their shoes . EOS . EOS
he s his up of his brother . EOS .
i m not paying . EOS . EOS . EOS
she s quite not alone . EOS . EOS .
you re about ? EOS . EOS . EOS .
you re scaring . EOS . EOS . EOS .
i m full more younger ! EOS . EOS .
she s afraid to speak with . EOS . EOS
you re not going to go . EOS . EOS
she is perfect perfect . EOS . EOS . EOS
you re supposed to be dead . EOS . EOS
you re your own naive like you ? EOS .
he is attracted to understanding . EOS . EOS .
we re going to everybody . EOS . EOS .
you re supposed to help them . EOS . EOS
he s a truck s . EOS . EOS .
i am fond fond . EOS . EOS . EOS
he s depressed now . EOS . EOS . EOS
he is at here . EOS . EOS . EOS
i am moving french . EOS . EOS . EOS
i m taking french . EOS . EOS . EOS
i m studying in french . EOS . EOS .
i m not answering them . EOS . EOS .
we re talking to start . EOS . EOS .
i m sure we can this this . EOS .
i m paying with this friends . EOS . EOS
i s talking . EOS . EOS . EOS .
i m learning shopping . EOS . EOS . EOS
you re lying ? EOS . EOS . EOS .
they re going to get happy . EOS . EOS
we re leaving in favor . EOS . EOS .
i m not disappointed at you ? EOS ? EOS
he s drinking . EOS . EOS . EOS .
we re not how aren you ? EOS . EOS
he re not talking . EOS . EOS . EOS
they re done bread . . EOS . EOS .
you re swimming . EOS . EOS . EOS .
i am following . EOS . EOS . EOS .
i s waiting at you . EOS . EOS .
he is not one . EOS . EOS . EOS
they re surprised to see to go . EOS .
we re interested in trouble . EOS . EOS .
you re a man . EOS . EOS . EOS
he s lying . EOS . EOS . EOS .
i m a translator . EOS . EOS . EOS
he s brave . EOS . EOS . EOS .
i m tired fed up . EOS . EOS .
i am in dishes . EOS . EOS . EOS
i m using tom . EOS . EOS . EOS
we re leaving they tomorrow . EOS . EOS .
you re washing the washing . EOS . EOS .
you re optimistic . EOS . EOS . EOS .
i m studying in french . EOS . EOS .
i m looking out . EOS . EOS . EOS
we re learning last in love . EOS . EOS
he s an dumb . EOS . EOS . EOS
i m waiting for tom . EOS . EOS .
he s still dressed . EOS . EOS . EOS
he s standing to the . . EOS . EOS
he s lying to win . EOS . EOS .
i am married to get me . EOS . EOS
i am worried about her health . EOS . EOS
she is quite too . EOS . EOS . EOS
he s mistaken . EOS . EOS . EOS .
he is my partner . EOS . EOS . EOS
he s dying to come . EOS . EOS .
i m ambitious . EOS . EOS . EOS .
i m looking for him . EOS . EOS .
he she is under his father . EOS . EOS
we re coming to leave . EOS . EOS .
i am using . EOS . EOS . EOS .
we re reading . EOS . EOS . EOS .
i m looking forward to stay . EOS . EOS
he is far from happy . EOS . EOS .
i m tom s hard . EOS . EOS .
he is at his office . EOS . EOS .
i m sorry . EOS . EOS . EOS .
you re through . EOS . EOS . EOS .
i m kind of course . EOS . EOS .
he is out . EOS . EOS . EOS .
he is available . EOS . EOS . EOS .
we re sorry . EOS . EOS . EOS .
you re dangerous . EOS . EOS . EOS .
she is drunk . EOS . EOS . EOS .
i m convinced . EOS . EOS . EOS .
he is trying to get smoking . EOS . EOS
i m staying this . EOS . EOS . EOS
i m going to how . EOS . EOS .
he is poor at late . EOS . EOS .
he s in in a health . EOS . EOS
i m learning how ? EOS . EOS . EOS
they re on the washing . EOS . EOS .
i am off today . EOS . EOS . EOS
she s tired ? EOS . EOS . EOS .
i m fed up . EOS . EOS . EOS
i m drunk . EOS . EOS . EOS .
i m shivering . EOS . EOS . EOS .
he s actually in german . EOS . EOS .
i m actually . EOS . EOS . EOS .
you re russian how to you ? EOS . EOS
i m not a new child ! EOS ! EOS
you re leaving tv . EOS . EOS . EOS
i m coming . EOS . EOS . EOS .
we re going to take vacation . EOS . EOS
he is listening to buy the job . EOS .
they re going to keep . EOS . EOS .
i re also how about your EOS . EOS .
they re coming on a cold . EOS . EOS
he is studying off . EOS . EOS . EOS
you re not studying english . EOS . EOS .
they re not the the manager . EOS . EOS
he s dead for his field . EOS . EOS
he s in in for a cold . EOS .
i re it that you re safe . EOS .
he s making a little how . EOS . EOS
they re on to show . EOS . EOS .
i m listening to to . . EOS . EOS
you re mistaken . EOS . EOS . EOS .
i m going to EOS . EOS . EOS .
she s addicted to follow . EOS . EOS .
he s annoying . EOS . EOS . EOS .
i is just like this . EOS . EOS .
he s on the EOS . EOS . EOS .
i m looking this that . EOS . EOS .
we re not good at math . EOS . EOS
i am looking forward to you again . EOS .
i am staying with me . EOS . EOS .
she s afraid of me . EOS . EOS .
you re not going to death . EOS . EOS
we re on the dishes . EOS . EOS .
he s not supposed . EOS . EOS . EOS
she s a member . EOS . EOS . EOS
we re used to french next month . EOS .
i m able to buy a new car . EOS
he s in charge of bad . EOS . EOS
she is able to leave . EOS . EOS .
she s lying . EOS . EOS . EOS .
we re all alone . EOS . EOS . EOS
i m hoping to see your performance . EOS .
you re supposed to buy this ! EOS . EOS
i m not free this . EOS . EOS .
i m still shopping to tell . EOS . EOS
he is able to die . EOS . EOS .
you re busy . EOS . EOS . EOS .
she s studying in trouble . EOS . EOS .
i m thinking . EOS . EOS . EOS .
you re not coming ! EOS . EOS . EOS
he m sure it s tonight . EOS . EOS
i m listening to wash him . EOS . EOS
i m doing this as like this . EOS .
i m fond of losing . EOS . EOS .
i m thirty a new trip . EOS . EOS
we are from her . EOS . EOS . EOS
he is making dinner . EOS . EOS . EOS
i m having a little . EOS . EOS .
he is studying in music . EOS . EOS .
he s russian how how . EOS . EOS .
i m not looking for like dinner . EOS .
he is used to living . EOS . EOS .
he is said to be not here . EOS .
i m said to feel anymore . EOS . EOS
i m not a gentleman . EOS . EOS .
she is not very athletic . EOS . EOS .
he is been in getting . . EOS . EOS
you re doing to know this . EOS . EOS
