she s worried about here . EOS . EOS .
i m too old for this world . EOS .
i m staying up how . EOS . EOS .
he s learning how ? EOS . EOS . EOS
i m keeping the same history . EOS . EOS
i m going shopping in in . EOS . EOS
i m now now . EOS . EOS . EOS
they re part of . EOS . EOS . EOS
i m not going to learn . EOS . EOS
i m going . EOS . EOS . EOS .
i am bad today . EOS . EOS . EOS
he s expecting a new job . EOS . EOS
she s lying one aren t aren . EOS .
i m staying for my job . EOS . EOS
he is capable of win . EOS . EOS .
he is not bad at that . EOS . EOS
i m fed up ! EOS . EOS . EOS
i m not to learn him . EOS . EOS
i m also for now now . EOS . EOS
he is a hard man . EOS . EOS .
she is a stranger to for me . EOS .
i m on a diet . . EOS . EOS
he s doing to have a mistake mistake . EOS
i am not learning german . EOS . EOS .
they re depressed . EOS . EOS . EOS .
i m not good with her . EOS . EOS
i am interested in politics . EOS . EOS .
he is already hard . EOS . EOS . EOS
i am eating an apple . EOS . EOS .
i m feeling if now . EOS . EOS .
i m just going to speak cold . EOS .
he is an office office worker . EOS . EOS
i m quite short of go . EOS . EOS
i m going to the it . EOS . EOS
he s reading the ones of book . EOS .
i m surprised to see you here . EOS .
she s expecting a trip . EOS . EOS .
i m drinking about my job . EOS . EOS
i m learning something to something . EOS . EOS
i am able to talk them . EOS . EOS
he s got a a . . EOS . EOS
he s not friend . EOS . EOS . EOS
he is much in his . . EOS . EOS
he s on a phone worker . EOS . EOS
he s a captain of the team . EOS .
i m sure that he was . EOS . EOS
he is said to be you . EOS . EOS
he s going to take in . EOS . EOS
he is aware of blood . EOS . EOS .
he s addicted to something . EOS . EOS .
he is on in for english . EOS . EOS
he is anything but a . . EOS . EOS
he s always finding fault with his room . EOS
he s in in in home . EOS . EOS
he is taller than i . . EOS . EOS
he is not what he that he . EOS .
he s not thinking . EOS . EOS . EOS
he is afraid of being sick . EOS . EOS
i am going to her with . EOS . EOS
she s lying in the job . EOS . EOS
she s a born . . EOS . EOS .
she is beautiful beautiful . EOS . EOS . EOS
she is never abroad . EOS . EOS . EOS
i re blushing . EOS . EOS . EOS .
i m fixing this he . EOS . EOS .
we re at the door . EOS . EOS .
i m just sorry . EOS . EOS . EOS
she is running at for . . EOS . EOS
i am a member at english . EOS . EOS
you re dressed of of . EOS . EOS .
i m afraid that s out . EOS . EOS
i m listening to get a . . EOS .
i m paying that s ? EOS . EOS .
i m sure that i have did . EOS .
he s a french french . EOS . EOS .
he is angry with him . EOS . EOS .
we re leaving how ? EOS . EOS . EOS
i s closing for for that . EOS . EOS
you re missing to my job . EOS . EOS
i am drinking . EOS . EOS . EOS .
we re not supposed to do that . EOS .
they re all going to go . EOS . EOS
he s lying in in this world . EOS .
you re double late this situation . EOS . EOS
he s a parked person . EOS . EOS .
he is my son . EOS . EOS . EOS
she is going to france next week . EOS .
he is happy for the police . EOS . EOS
i re standing how about me . EOS . EOS
we re happy for what he was . EOS .
he is on in trouble . EOS . EOS .
he is said to be rich . EOS . EOS
you re adventurous . EOS . EOS . EOS .
i m not supposed to be . EOS . EOS
he is going to take the point . EOS .
i m reading . EOS . EOS . EOS .
he is going to learn on . EOS . EOS
i am quite in to . . EOS . EOS
i m sorry for being being . EOS . EOS
we re leaving to eat . EOS . EOS .
he s giving to telling . . EOS . EOS
he is fond of much . EOS . EOS .
you re right right right . EOS . EOS .
we re coming . EOS . EOS . EOS .
she s on in the . . EOS . EOS
i am going to to me . EOS . EOS
you re not consistent . EOS . EOS . EOS
he is on in trouble . EOS . EOS .
i m not looking at you . EOS . EOS
i m washing it her again . EOS . EOS
he is afraid to be a cold . EOS .
he re a little drunk . . EOS . EOS
she is making him . EOS . EOS . EOS
i m not fighting you . EOS . EOS .
i m not thinking of anything . EOS . EOS
we re tired . EOS . EOS . EOS .
you re the one aren t you ? EOS .
he s laughing . EOS . EOS . EOS .
you re comparing a new friend . EOS . EOS
we re kidding . EOS . EOS . EOS .
he s a little aren t he ? EOS .
you re only hard to know . EOS . EOS
i m not really of this . EOS . EOS
i m not your enemy . EOS . EOS .
he re what you ? he ? ? ? ?
i m laughing . EOS . EOS . EOS .
you re alone aren t you ? EOS ? EOS
i m working in this . EOS . EOS .
i m in to stay one . EOS . EOS
he s likely to swim . EOS . EOS .
i re going to take . EOS . EOS .
you re your your own . EOS . EOS .
we re going to have ? EOS . EOS .
i m in the the guitar . . . EOS
i am going to show to you . EOS .
he s one . EOS . EOS . EOS .
i re confused how . EOS . EOS . EOS
he s staying how ? EOS . EOS . EOS
i m not learning now . EOS . EOS .
you re lying again . EOS . EOS . EOS
he s working on a new life . EOS .
i am coming to buy a truck . . EOS
he is good at cooking . EOS . EOS .
he s fond . . EOS . EOS . EOS
he s crazy ! ! EOS . EOS . EOS
i m sorry if . EOS . EOS . EOS
he s not french . EOS . EOS . EOS
i m having a with of a problem . EOS
he s a off . EOS . EOS . EOS
i m used to go late . EOS . EOS
she is my pretty . EOS . EOS . EOS
they re not alone . EOS . EOS . EOS
i am quite too . EOS . EOS . EOS
he s in a dead . EOS . EOS .
i m afraid how that he ? EOS . EOS
i m thinking of making . EOS . EOS .
they re going to have have call . EOS .
i m listening . EOS s also . EOS .
i m staying . EOS . EOS . EOS .
he s lying here . EOS . EOS . EOS
he is very very angry . EOS . EOS .
you re missing that bit hungry . EOS . EOS
he is going to be a EOS . EOS .
we re afraid of shit . EOS . EOS .
he is talking how how ? EOS . EOS .
we re here again . EOS . EOS . EOS
i m on the leader s ? EOS ? EOS
he is making shopping . EOS . EOS . EOS
i am going to paint tomorrow . EOS . EOS
she is wearing the door . EOS . EOS .
he is hard with your job . EOS . EOS
we re not in a little . EOS . EOS
i m letting . EOS . EOS . EOS .
he s working at his job . EOS . EOS
she s making the same isn t she ? EOS
she is full . EOS . EOS . EOS .
we re really interested for time . EOS . EOS
he s on his way . EOS . EOS .
they re the charge in . . EOS . EOS
i m not following me . EOS . EOS .
i m going to that place . EOS . EOS
i m not to to help you . EOS .
i re tired how ? EOS . EOS . EOS
he is addicted to blame . EOS . EOS .
he is the oldest person . . EOS . EOS
they re talking . EOS . EOS . EOS .
he s sleeping . EOS . EOS . EOS .
she s selling for my daughter . EOS . EOS
i am fond . EOS . EOS . EOS .
i m finnish but i but i . EOS .
you re what what that . EOS . EOS .
i am starting to get me . EOS . EOS
i am learning how and and brother . EOS .
you re what ? EOS aren t you ? EOS
you re welcome . EOS . EOS . EOS .
i am talking to see you . EOS . EOS
i m reading . EOS . EOS . EOS .
she is my house . EOS . EOS . EOS
i m bored . EOS . EOS . EOS .
she s yours ! EOS . EOS . EOS .
he s drunk . EOS . EOS . EOS .
i m going out of spiders . EOS . EOS
she s full lazy . EOS . EOS . EOS
she s in bed . EOS . EOS . EOS
i m scared of spiders . EOS . EOS .
i m no longer sick of you . EOS .
you re only up to know ! EOS . EOS
i m not fighting me . EOS . EOS .
he is almost not canadian . EOS . EOS .
he is on his way . EOS . EOS .
he is the oldest i i frightened . EOS .
we re not supposed to do that alone . EOS
i m lucky a job . EOS . EOS .
i m not angry . EOS . EOS . EOS
i m starting to how about that . EOS .
he is always my my friend . EOS . EOS
he s not college . EOS . EOS . EOS
i m thinking of of . EOS . EOS .
she is a hard friend . ? EOS . EOS
he s always asking to what they can . EOS
he s starting to making a cold . EOS .
we re also how . EOS . EOS . EOS
they re on commercials . . EOS . EOS .
i m not going to die . EOS . EOS
he is able to swim a secret . EOS .
we re turning . EOS . EOS . EOS .
i m beginning to with them . EOS . EOS
i m expecting a little . EOS . EOS .
they re not interested . EOS . EOS . EOS
she s already sleeping . EOS . EOS . EOS
i m what it what you ? EOS ? EOS
he is hard at hard . EOS . EOS .
he s a writer . EOS . EOS . EOS
i m looking at a uncle . EOS . EOS
we re bored . EOS . EOS . EOS .
she is full of such . EOS . EOS .
he s always ? EOS . EOS . EOS .
i am looking . EOS . EOS . EOS .
i m thinking ? EOS . EOS . EOS .
he s attracted to keep at . EOS . EOS
he s not leaving . EOS . EOS . EOS
he is washing his car . EOS . EOS .
she s very good well . EOS . EOS .
i m on the right . EOS . EOS .
you re afraid it aren t you ? EOS .
he s tired tired we re ? EOS . EOS
you re lying . EOS . EOS . EOS .
he s s a how isn . EOS . EOS
we re all in for a business . EOS .
he is not not on that wrong . EOS .
i m not thinking . EOS . EOS . EOS
we re worried about that . EOS . EOS .
she s writing her job . EOS . EOS .
i re waiting and and you me . EOS .
you re acting at your safety . EOS . EOS
i m starting confused confused how . EOS . EOS
you re my hero . EOS . EOS . EOS
he is always my daughter . EOS . EOS .
i m going to get here . EOS . EOS
we re going it how ? EOS ? EOS .
i re right to what you ? EOS . EOS
he s right behind that . EOS . EOS .
they re right behind me . EOS . EOS .
she s an an one . EOS . EOS .
i m right behind you . EOS . EOS .
he s doing his closet . EOS . EOS .
she s here to spy on . EOS . EOS
they re welcome here . EOS . EOS . EOS
he isn isn isn isn isn ? EOS . EOS
i m afraid that i can t . EOS .
i am allergic to the game . EOS . EOS
i re tired how ? EOS . EOS . EOS
you re doing to do it . EOS . EOS
they re in the first . EOS . EOS .
he s saving over . EOS . EOS . EOS
he s got his books . EOS . EOS .
we re going home . EOS . EOS . EOS
we re having how ? EOS . EOS . EOS
you re very happy . EOS . EOS . EOS
she s looking too much class for tv tv .
i m lying . EOS . EOS . EOS .
i m just a little a house . EOS .
i m always close with my brother . EOS .
she is interested . EOS . EOS . EOS .
you re bored . EOS . EOS . EOS .
we re done how . EOS . EOS . EOS
we re going to lose him ! EOS . EOS
he re what it he s ? EOS . EOS
he is on the wrong that . EOS . EOS
you re not supposed to do that . EOS .
you re lying to be . . EOS . EOS
you re full . EOS . EOS . EOS .
she s going it she s ? EOS . EOS
she is five . . EOS . EOS . EOS
she s fine . EOS . EOS . EOS .
i m glad she liked it . EOS . EOS
i m mad . EOS . EOS . EOS .
you re lying with her . EOS . EOS .
he is tired at home . EOS . EOS .
she is in to trouble . EOS . EOS .
he is going to be jealous . EOS . EOS
i m staying to do it . EOS . EOS
you re russian ? EOS ? EOS . EOS .
i m sorry that s game . EOS . EOS
we re leaving that you ? ? EOS . EOS
he s always behind . EOS . EOS . EOS
i am from the game ! EOS . EOS .
i m not about my friend . EOS . EOS
i m sorry i hurt you . EOS . EOS
he is his his job . EOS . EOS .
she s better how ? EOS . EOS . EOS
you re a man now . EOS . EOS .
they re heading in the same . . EOS .
he re sure she ? he ? EOS ? EOS
he s a bigot . EOS . EOS . EOS
we re going it how . EOS . EOS .
i m not to with with you . EOS .
i m just scared . EOS . EOS . EOS
we re tired . EOS . EOS . EOS .
you re going to yourself aren t you ? EOS
i re standing how aren aren t you ? EOS
she s lying . EOS . EOS . EOS .
i re coming home . EOS . EOS . EOS
she s waiting for her at home . EOS .
he s standing to go . EOS . EOS .
he is always careful . EOS . EOS . EOS
he is said to be strong . EOS . EOS
i m supposed to help them . EOS . EOS
i m not like of you . EOS . EOS
you re always ? EOS . EOS . EOS .
they re wrong . EOS . EOS . EOS .
you re sure again in go ? EOS ? EOS
i re always neatly ? EOS . EOS . EOS
they re in hot . EOS . EOS . EOS
we re car from being a car . EOS .
you re lying . EOS . EOS . EOS .
i m not going to swim . EOS . EOS
i m not saying them . EOS . EOS .
i m very impressed . EOS . EOS . EOS
you re not working . EOS . EOS . EOS
we re not not yet yet . EOS . EOS
she s not sick . EOS . EOS . EOS
he is going to the at EOS . EOS .
i am trying to to my friends . EOS .
we re going to wait you go ? EOS ?
i m worried about me . EOS . EOS .
we re eating . EOS . EOS . EOS .
i am glad that i was you . EOS .
they re very eager man . EOS . EOS .
i m having a little . . . EOS .
they re talking . EOS . EOS . EOS .
you re on to do that ! EOS . EOS
she s in to her up ! EOS . EOS
i m not doing anything anything . EOS . EOS
they re trying . EOS . EOS . EOS .
i m full of shit . EOS . EOS .
we re staying . EOS . EOS . EOS .
we re leaving . EOS . EOS . EOS .
you aren t busy now are you ? EOS .
you re lying how aren t you ? ? ?
you re kind of cute . EOS . EOS .
i am lucky to be too too . EOS .
you re my own . EOS . EOS . EOS
you re very wise . EOS . EOS . EOS
you re very rude . EOS . EOS . EOS
you re very curious . EOS . EOS . EOS
you re very attractive . EOS . EOS . EOS
she s quite not at all . EOS . EOS
i am looking with her . EOS . EOS .
she s done how . EOS . EOS . EOS
you re not going to die . EOS . EOS
you re not going to lose . EOS . EOS
you re been up ! EOS ! EOS . EOS
she is very cunning . EOS . EOS . EOS
you re crazy about me . EOS . EOS .
he s addicted to go . EOS . EOS .
we re coming you home . EOS . EOS .
you re going to take you you . EOS .
i m depressed . EOS . EOS . EOS .
you re no longer one me . EOS . EOS
i m not thinking ! EOS ! EOS . EOS
i m going to run at him . EOS .
i m not going to lose . . EOS .
she s a pacifist . EOS . EOS . EOS
she s with his his his . EOS . EOS
i m afraid that won . EOS . EOS .
i m not doing to do it . EOS .
i m a member . . EOS . EOS .
i m learning forward to learn . EOS . EOS
i m looking forward to this . EOS . EOS
i m coming to stay . EOS . EOS .
i m taking this letter . EOS . EOS .
i m no longer welcome in boston . EOS .
i am interested at the future . EOS . EOS
i m going to go there . EOS . EOS
i m really hard . EOS . EOS . EOS
they re out to animals . EOS . EOS .
we re not very interested . EOS . EOS .
she s lying about how about you . EOS .
you re impressed aren t you ? EOS ? EOS
i m doing this this out . EOS . EOS
i m said to have this . EOS . EOS
i m afraid of i sick . EOS . EOS
i m lonely . EOS . EOS . EOS .
i am in in bed . EOS . EOS .
i m doing this for this . EOS . EOS
i m sorry but don t speak . EOS .
i m bleeding . EOS . EOS . EOS .
i m putting here . EOS . EOS . EOS
i m making things . EOS . EOS . EOS
i m learning very . . EOS . EOS .
he s down . EOS . EOS . EOS .
i m afraid that he won . EOS . EOS
i m going to see the game . EOS .
i m trying to learn you . EOS . EOS
he is actually in the fbi . EOS . EOS
they re crazy . EOS . EOS . EOS .
i m sick up . EOS . EOS . EOS
i m never thinking . EOS . EOS . EOS
i m not fighting you you . EOS . EOS
i m tired trying to do it . EOS .
i m going to to help you . EOS .
i m starting to learn me . EOS . EOS
he re your own tom t he ? EOS .
you re in my seat . EOS . EOS .
i s your partner . EOS . EOS . EOS
you re going to go . EOS . EOS .
they re probably here here . EOS . EOS .
i m not to to think . EOS . EOS
i m at money . EOS . EOS . EOS
you re making better ? EOS . EOS . EOS
i m at at what is together . EOS .
you re joking of course . EOS . EOS .
you re not old enough to drink . EOS .
you re not helping . EOS . EOS . EOS
we re going to have ? EOS . EOS .
you re supposed to do anything you . EOS .
he s been . EOS . EOS . EOS .
she is fond of her . EOS . EOS .
i m lazy lazy . EOS . EOS . EOS
she is been much much . EOS . EOS .
you re lying aren t you ? EOS . EOS
i m not even . EOS . EOS . EOS
we re out of him . EOS . EOS .
he is not a for a woman . EOS .
she is always trying to get . EOS . EOS
they re right too too fast . EOS . EOS
you re blushing . EOS . EOS . EOS .
you re the oldest . EOS . EOS . EOS
they re after to of you . EOS . EOS
i m having trouble . EOS . EOS . EOS
i m about a little money . EOS . EOS
i m already all over . EOS . EOS .
you re on to go . EOS . EOS .
they re almost fat . EOS . EOS . EOS
she is not like the manager . EOS . EOS
she is my sister to know . EOS . EOS
i am quite happy to learn german . EOS .
i m not like you . EOS . EOS .
we re about . EOS . EOS . EOS .
you re afraid of he ? EOS . EOS .
we re a good team . EOS . EOS .
you re missing to him ! EOS . EOS .
i m very careful . EOS . EOS . EOS
he is very cross . EOS . EOS . EOS
they re afraid of nothing . EOS . EOS .
i am writing a mother . EOS . EOS .
he s in bed . EOS . EOS . EOS
they re all fine . EOS . EOS . EOS
he is the oldest . EOS . EOS . EOS
he s not talking . EOS . EOS . EOS
i m making in to buy EOS . EOS .
you re not supposed to swim . EOS . EOS
i m beginning to pollen in bed . EOS .
we re finally alone . EOS . EOS . EOS
i m afraid of making . EOS . EOS .
he re what that s t she ? EOS .
we re working we aren t you ? EOS .
they re out . EOS . EOS . EOS .
i m going to tell you book . EOS .
i m fine with how . EOS . EOS .
i m feeling how aren t you ? EOS .
they re sure that ? EOS . EOS . EOS
he s always tired . EOS . EOS . EOS
i m not really in you . EOS . EOS
you re russian how . EOS . EOS . EOS
i m so bored . EOS . EOS . EOS
i m only to see tom tom . EOS .
i am able to speak speak . EOS . EOS
you re lying it aren t you ? EOS .
i m the one who want here . EOS .
he s not actually dressed . EOS . EOS .
i m staying about a new friend . EOS .
he s in how how ? EOS . EOS .
you re not in in now . EOS . EOS
i m going to sell . EOS . EOS .
i m having an rush . EOS . EOS .
i m not at at EOS . EOS . EOS
i re fine about you . EOS . EOS .
you re welcome up . EOS . EOS . EOS
i m going to take in the car . EOS
we re worried ? EOS aren t you ? EOS
i am interested in politics . EOS . EOS .
i m addicted to school . EOS . EOS .
i m not defending the future . EOS . EOS
he s always isn isn t she ? EOS .
he s annoying tired . EOS . EOS . EOS
they re very timid . EOS . EOS . EOS
i m your friend . EOS . EOS . EOS
he is really hard . EOS . EOS . EOS
i am thinking of her friend . EOS . EOS
she s in her for her . EOS . EOS
i m feeling isn t she ? EOS . EOS
we re in how aren t you ? EOS .
they re downstairs . EOS . EOS . EOS .
i m sort of tired . EOS . EOS .
i m running out of EOS . EOS . EOS
she s on the same . EOS . EOS .
i m going to stay house . EOS . EOS
he s on to buy . EOS . EOS .
i m working ! EOS . EOS . EOS .
you are rude . EOS . EOS . EOS .
you re shivering . EOS are you ? EOS ?
you re part of the problem . EOS . EOS
i m dying . EOS . EOS . EOS .
i m standing you . EOS . EOS . EOS
he is not really in . EOS . EOS .
i m not a criminal . EOS . EOS .
you re very talented . EOS . EOS . EOS
he s making a friend . EOS . EOS .
you re famous . EOS . EOS . EOS .
you re early . EOS . EOS . EOS .
they re probably different things . EOS . EOS .
i m through . EOS . EOS . EOS .
i m tidy . EOS . EOS EOS . EOS
he is in of . EOS . EOS . EOS
he s tired now . EOS . EOS . EOS
i m finished with tom . EOS . EOS .
he is playing a good day . EOS . EOS
they re doctors . EOS . EOS . EOS .
they re going shopping . EOS . EOS . EOS
they re stalling . EOS . EOS . EOS .
they re surprised . EOS . EOS . EOS .
we re your ? EOS . EOS . EOS .
you re leaving aren t she ? EOS . EOS
she s lucky . EOS . EOS . EOS .
she s on in . EOS . EOS . EOS
she s got to hair . EOS . EOS .
she s angry with you . EOS . EOS .
she s on her way . EOS . EOS .
we re disappointed . EOS . EOS . EOS .
we re leaving . EOS . EOS . EOS .
we re home home . EOS . EOS . EOS
we re a a . . EOS . EOS .
he s lying . EOS . EOS . EOS .
he s one . EOS . EOS . EOS .
we re not happy . EOS . EOS . EOS
you re not like you . EOS . EOS .
i m trying not wearing . EOS . EOS .
i m not blame . EOS . EOS . EOS
i m not very polite . EOS . EOS .
i m really not busy . EOS . EOS .
you re all set ? EOS . EOS . EOS
we re all set . EOS . EOS . EOS
i m fine . EOS . EOS . EOS .
i m done with all . EOS . EOS .
i re coming how . EOS . EOS . EOS
they re so happy . EOS . EOS . EOS
you re doing it him ! EOS . EOS .
he s coming to you ! EOS . EOS .
he s on in tv ! EOS . EOS .
we re bored to see your performance . EOS .
you re early . EOS . EOS . EOS .
i m taking at that . EOS . EOS .
she is all in for the bus . EOS .
i m using tom s . EOS . EOS .
i m the on in . EOS . EOS .
we re not busy . EOS . EOS . EOS
i m waiting for one . EOS . EOS .
i m staying . EOS . EOS . EOS .
i m tired of all this . . EOS .
you re not one . EOS . EOS . EOS
he is always enough of his brother . EOS .
i m not talking with tom . EOS . EOS
you re talking . EOS . EOS . EOS .
he s tired from nothing . EOS . EOS .
he is going to do isn ? EOS . EOS
he s very very . . EOS . EOS .
you re not very tidy . EOS . EOS .
you re looking to see you again . EOS .
i m learning one with tom . EOS . EOS
i m not scared to see you . EOS .
you re very brave . EOS . EOS . EOS
you re lying . EOS you ? EOS . EOS
i m going to take . EOS . EOS .
i m going to to work . EOS . EOS
he is very full . EOS . EOS . EOS
she s in in bed . EOS . EOS .
you re acting like a child . EOS . EOS
he is always careful . EOS . EOS . EOS
you re always full of shit . EOS . EOS
they re on the guests . EOS . EOS .
you re quite a little beautiful . EOS . EOS
you re lying . EOS . EOS . EOS .
you re a good person . EOS . EOS .
he re what what we can again ? EOS .
he is job . EOS . EOS . EOS .
i m tired of he ? EOS . EOS .
i m going to teach you . EOS . EOS
he is much hard in his job . EOS .
you re the one one aren t you ? EOS
i m a beginner in . EOS . EOS .
i m thirty . EOS . EOS . EOS .
i m eating . EOS . EOS . EOS .
he s going to do something . EOS . EOS
i m feeling . EOS . EOS . EOS .
i m supposed to see you tom . EOS .
we re leaving to australia . EOS . EOS .
i m thinking of that . EOS . EOS .
i m looking forward to seeing your father . EOS
we re looking breakfast for that EOS . EOS .
they re weak . EOS . EOS . EOS .
i m a a fast . EOS . EOS .
she s lying at that s ? EOS . EOS
he s lying in his car . EOS . EOS
he is in paris paris . EOS . EOS .
i re going to tell you ? EOS . EOS
he s not dressed . EOS . EOS . EOS
i m sure that you re there . EOS .
i am a son of english . EOS . EOS
he s a bodybuilder isn t he ? EOS .
he re on in how ? EOS . EOS .
he is too friendly to learn . EOS . EOS
i m staying with how what ? EOS . EOS
we re unlucky . EOS . EOS . EOS .
he s on the washing like his . EOS .
i m going to feel you tom . EOS .
i m much much more much anymore . EOS .
we re making your ? EOS EOS . EOS .
he s never like him . EOS . EOS .
he s dead . . EOS . EOS . EOS
you re annoying . EOS . EOS . EOS .
i m sorry that said that . EOS . EOS
i m not thinking of them . EOS . EOS
i m thinking . EOS . EOS . EOS .
they re looking forward to like . EOS . EOS
she s confused tom tom ? EOS . EOS .
he is not doing anything . EOS . EOS .
i am looking forward . . EOS . EOS .
i m not frightened . EOS . EOS . EOS
he is a really little . . EOS . EOS
i m making how and ? ? ? ? ?
i m learning how to buy . EOS . EOS
she is not my friend . EOS . EOS .
you re at the same boat . EOS . EOS
he s not to . EOS . EOS . EOS
i m studying this tired . EOS . EOS .
you re reading my job job . EOS . EOS
i m confused you how about you ? EOS .
you re lying in working . EOS . EOS .
he is my son . EOS . EOS . EOS
i re going ? EOS EOS ? EOS . EOS
we re both both . EOS . EOS . EOS
you re scaring them . EOS . EOS . EOS
she s a lawyer lawyer aren t you ? EOS
i m not scared . EOS . EOS . EOS
he s coming . EOS . EOS . EOS .
i m quite . EOS . EOS . EOS .
i re always my every . EOS . EOS .
he s a member in . EOS . EOS .
i re confused how you are ? EOS . EOS
they re not on us . EOS . EOS .
you re not supposed to think . EOS . EOS
he re what you what you ? EOS ? EOS
i m much than of this . EOS . EOS
you re not angry are you ? EOS . EOS
i m looking forward to my my friends . EOS
i m ? EOS . EOS . EOS . EOS
she s lying ? . EOS . EOS . EOS
i m thinking of hearing . EOS . EOS .
we re disappointed aren t you ? EOS . EOS
he s playing in a for . EOS . EOS
i m asking to see you up . EOS .
i m not alone alone . EOS . EOS .
they re not supposed of snakes . EOS . EOS
he re what what you ? a cold . EOS
they re done . EOS . EOS . EOS .
he s eager to learn . EOS . EOS .
i m already ready for the moment . EOS .
you re confused to do that . EOS . EOS
he s also a man . . EOS . EOS
she s happy to the job . EOS . EOS
you re going to miss your train . EOS .
i am my boss . EOS . EOS . EOS
we re finally about about that . EOS . EOS
i m feeling much much . EOS . EOS .
i m only that that that that . EOS .
he s not wearing any underwear . EOS . EOS
he s all very in love . EOS . EOS
he s annoying . EOS . EOS . EOS .
they re going to phone them . EOS . EOS
they re going to to to try . EOS .
they re wrong . EOS . EOS . EOS .
i m kind of anything . EOS . EOS .
we re staying ? EOS . EOS . EOS .
he s just trying to me . EOS . EOS
we re going home home . EOS . EOS .
they re part of of my . . EOS .
i m lying . EOS . EOS . EOS .
you re meeting at the boat . EOS . EOS
i m making this that up . EOS . EOS
i m a big coffee coffee . EOS . EOS
he s listening . EOS . EOS . EOS .
you re through . EOS . EOS . EOS .
i am thinking to a a cold . EOS .
you re awfully tonight . EOS . EOS . EOS
i m trying to learn . EOS . EOS .
he s not so stupid . EOS . EOS .
i m coming to cats . EOS . EOS .
he is said to be jealous . EOS . EOS
i m only if i can you . EOS .
i m just not like tom . EOS . EOS
i m not scared to fight . EOS . EOS
we re still out of much . EOS . EOS
he is much than i can . EOS . EOS
he is writing a letter . EOS . EOS .
i m ashamed of my team . EOS . EOS
they re just out . EOS . EOS . EOS
he re confused how to he ? EOS . EOS
he is always at all these . EOS . EOS
i m quite in boston . EOS . EOS .
i m getting out . EOS . EOS . EOS
he s having an an me . EOS . EOS
i m just . tom s . EOS . EOS
i m waiting for you . EOS . EOS .
they re not to me me . EOS . EOS
i m going to your is . EOS . EOS
i re going to see my patience . EOS .
we re already . EOS . EOS . EOS .
we re going in . EOS . EOS . EOS
she s in in right . EOS . EOS .
i m supposed that i can do that . EOS
you re so very proud of yourself . EOS .
we re disappointed about that ? EOS . EOS .
i is talking to like tom . EOS . EOS
he s much too much . . EOS . EOS
we aren t allowed anymore . EOS . EOS .
he s about . EOS . EOS . EOS .
i m glad to protect you . EOS . EOS
we re going there . EOS . EOS . EOS
i m my neighbour . EOS . EOS . EOS
i m going . EOS . EOS . EOS .
i m not naive . EOS . EOS . EOS
he is not on on the cold . EOS .
he is lying in he he ? EOS ? EOS
i m glad that he is sick . EOS .
we re working this week . EOS . EOS .
he is he how he ? EOS ? EOS ?
you re my best friend too ! EOS ! EOS
they re trying our our our . EOS . EOS
he s addicted to driving . EOS . EOS .
he is still full alive . EOS . EOS .
you re sure . EOS . EOS . EOS .
he is a from a doctor . EOS . EOS
i m just them of my job . EOS .
he is much much much much . EOS . EOS
he is always to be me me . EOS .
they re not going . EOS . EOS . EOS
he is with his isn t he ? EOS .
i m looking for someone . EOS . EOS .
you re worried about ? EOS . EOS . EOS
i m going out . EOS . EOS . EOS
i m fairly this morning . EOS . EOS .
i m keeping your letter . EOS . EOS .
i m not going to name you . EOS .
you re no longer afraid of you . EOS .
you re mad . EOS . EOS . EOS .
they re reading . EOS . EOS . EOS .
i m not really in mood . EOS . EOS
we are faced with many difficulties . EOS . EOS
i m not to the it is . EOS .
i m looking for a friend . EOS . EOS
i re learning last . EOS . EOS . EOS
he is very hard to buy . EOS . EOS
we re what you what what t ? EOS .
we re surprised to learn here . EOS . EOS
i m looking for a little longer . EOS .
we re heading tired . EOS . EOS . EOS
i m staying with your ? EOS . EOS .
you re an irresponsible idiot . EOS . EOS .
we re so tired ? EOS . EOS . EOS
you re in . EOS . EOS . EOS .
she s just a letter . EOS . EOS .
i m right behind her . EOS . EOS .
i m at looking . EOS . EOS . EOS
i m depressed . EOS . EOS . EOS .
i m very tired about you . EOS . EOS
i m feeling like a little . EOS . EOS
we re leaving we can t you ? EOS ?
i m quite here . EOS . EOS . EOS
he is my neighbour . EOS . EOS . EOS
we re going to protect you . EOS . EOS
i re standing how how about you ? EOS ?
we re worried about ? EOS . EOS . EOS
you re on the right here . EOS . EOS
he s lying in work . EOS . EOS .
you re tough . EOS . EOS . EOS .
she s the same idea . EOS . EOS .
he s not from anything . EOS . EOS .
we re just everything . EOS . EOS . EOS
i m from to him . EOS . EOS .
i m certain of that . EOS . EOS .
he re always tired ? EOS . EOS . EOS
we re all dead . EOS . EOS . EOS
i m going to EOS . EOS . EOS .
we re supposed to do do that . EOS .
he s standing tom . . EOS . EOS .
i m going to do that . EOS . EOS
we re about of . . EOS . EOS .
i m not all concerned . EOS . EOS .
you re as old as me . EOS . EOS
i m a member of your s . EOS .
i m happy that you re safe . EOS .
i m coming . EOS . EOS . EOS .
he is ready to leave . EOS . EOS .
i m about to go . EOS . EOS .
i m lying your safety . EOS . EOS .
i m fine . EOS . EOS . EOS .
they are not their their room . EOS . EOS
he s been up in his brother . EOS .
i m not thinking . EOS . EOS . EOS
she s not not poor . EOS . EOS .
you re ? isn t she ? EOS . EOS
you re washing to him . EOS . EOS .
i m full more younger ! EOS . EOS .
she s afraid to talk with . EOS . EOS
you re not going to go . EOS . EOS
i m perfect perfect . EOS . EOS . EOS
you re on a hard . . EOS . EOS
you re your own how ? ? EOS . EOS
he is a hard man . EOS . EOS .
we re going to die . EOS . EOS .
you re supposed to help them . EOS . EOS
he s a college . . EOS . EOS .
i am fond of music . EOS . EOS .
he s not in french . EOS . EOS .
he is at here . EOS . EOS . EOS
i am french french . EOS . EOS . EOS
i m taking french . EOS . EOS . EOS
i m studying in french . EOS . EOS .
i m not wearing them . EOS . EOS .
they re talking to name . EOS . EOS .
i m sure we can this this . EOS .
i m paying with this situation . EOS . EOS
i s looking . EOS . EOS . EOS .
i am learning korean . EOS . EOS . EOS
you re russian ? EOS . EOS . EOS .
they re going to pay happy . EOS . EOS
we re all in for EOS . EOS . EOS
i m not worried about EOS . EOS . EOS
he s working . EOS . EOS . EOS .
we re not how aren you ? EOS . EOS
he s not making he ? ? EOS ? EOS
they re eating bread . . EOS . EOS .
you re laughing . EOS . EOS . EOS .
i am using . EOS . EOS . EOS .
i am waiting in you . EOS . EOS .
he is not one . . EOS . EOS .
they re surprised to see to go . EOS .
we re all in trouble . EOS . EOS .
you re a teacher . EOS . EOS . EOS
he s welcome . EOS . EOS . EOS .
i m a too . EOS . EOS . EOS
he s popular . EOS . EOS . EOS .
i m tired of dying . EOS . EOS .
they re in in . . EOS . EOS .
i m using tom . EOS . EOS . EOS
they re going to paint tomorrow . EOS . EOS
you re washing the truth . EOS . EOS .
you re optimistic . EOS . EOS . EOS .
i m studying in french . EOS . EOS .
i m looking off . EOS . EOS . EOS
he is likely in the game . EOS . EOS
he s an handsome . EOS . EOS . EOS
i m saving for tom . EOS . EOS .
he s still dressed . EOS . EOS . EOS
he s lying to the one . EOS . EOS
he s ready to for . EOS . EOS .
i am ready to buy . EOS . EOS .
i am worried about his health . EOS . EOS
she is anything too drunk . EOS . EOS .
he s staying . EOS . EOS . EOS .
he is my neighbour . EOS . EOS . EOS
he s lying for tom . EOS . EOS .
i m sensitive . EOS . EOS . EOS .
i m going to learn . EOS . EOS .
he is used to her father . EOS . EOS
we re looking for that . EOS . EOS .
i am grateful . EOS . EOS . EOS .
we re joking . EOS . EOS . EOS .
i m learning to get up . EOS . EOS
he is far from happy . EOS . EOS .
i m tom s hard . EOS . EOS .
he is at his office . EOS . EOS .
you re full of shit . EOS . EOS .
you re coming ! EOS . EOS . EOS .
i m beginning . EOS . EOS . EOS .
he is rich . EOS . EOS . EOS .
he is available . EOS . EOS . EOS .
we re doing this . EOS . EOS . EOS
you re famous . EOS . EOS . EOS .
she is full . EOS . EOS . EOS .
i m convinced . EOS . EOS . EOS .
he s trying to get smoking . EOS . EOS
i m staying this . EOS . EOS . EOS
i m going to how . EOS . EOS .
he is poor at late . EOS . EOS .
he s in in a health . EOS . EOS
i m learning ? EOS . EOS . EOS .
i am addicted to addict . EOS . EOS .
i am off today . EOS . EOS . EOS
she s about isn t she ? EOS . EOS
i m sick up ! EOS . EOS . EOS
i m drunk . EOS . EOS . EOS .
i m leaving . EOS . EOS . EOS .
he s lying in his cold . EOS . EOS
i am fond . EOS . EOS . EOS .
you re annoying how to go ? EOS . EOS
i m not a new child . EOS . EOS
you re leaving tv . EOS . EOS . EOS
i m staying . EOS . EOS . EOS .
he is going to take our house . EOS .
he is learning how for the job . EOS .
they re going to pay . EOS . EOS .
i re afraid how and your plan . EOS .
he s coming on a cold . EOS . EOS
he is studying off . EOS . EOS . EOS
we are not studying in english . EOS . EOS
they re not the same team . EOS . EOS
he s out of his performance . EOS . EOS
he s in in for a cold . EOS .
i re asking that you re wrong . EOS .
he s making a little little ? EOS . EOS
they re on to leave . EOS . EOS .
i m having trouble to trouble . EOS . EOS
i m looking at you . EOS . EOS .
he s lying . EOS . EOS . EOS .
she s coming to him . EOS . EOS .
he s a cold . EOS . EOS . EOS
i is as like it . EOS . EOS .
he s on the . EOS . EOS . EOS
i m looking this that . EOS . EOS .
we re not good at math . EOS . EOS
i am looking forward to seeing you again . EOS
i am bored with me . EOS . EOS .
she s afraid of me . EOS . EOS .
they re not going to death . EOS . EOS
we re on the garden . EOS . EOS .
he is not on . EOS . EOS . EOS
she s a adult . EOS . EOS . EOS
we re used to french next month . EOS .
i m from to buy a new car . EOS
he s in a bad of bad . EOS .
she is going to go . EOS . EOS .
she s lying . EOS . EOS . EOS .
we re all scared . EOS . EOS . EOS
i m sure to see your was . EOS .
you re supposed to be my job . EOS .
they re the sick free . EOS . EOS .
i m still shopping to tell . EOS . EOS
he is on to die . EOS . EOS .
you re bored . EOS . EOS . EOS .
i s studying in france . EOS . EOS .
i m thinking . EOS . EOS . EOS .
you re not coming ! EOS . EOS . EOS
he m sure it s tonight . EOS . EOS
i m listening to him ! ! ! EOS !
i m trying to like this . EOS . EOS
i m fond of making . . EOS . EOS
i m using a new . . EOS . EOS
we s from her . EOS . EOS . EOS
he is fond of her . EOS . EOS .
i m having a little . EOS . EOS .
he is able to pollen . EOS . EOS .
he s fluent how ? EOS . EOS . EOS
i m not looking like my like . EOS .
he is been in his office . EOS . EOS
he is said to be not here . EOS .
i m making what he was . EOS . EOS
i m not a gentleman . EOS . EOS .
she is not very intelligent . EOS . EOS .
he is fluent in good shape . EOS . EOS
you re doing to know this . EOS . EOS
