he s worried about here . EOS . EOS .
i m too old for this world . EOS .
i m working at feeling EOS . EOS . EOS
he s russian how ? EOS . EOS . EOS
i m sending the same wolf . EOS . EOS
i m going to take in in . EOS .
i m now now . EOS . EOS . EOS
they re morons . EOS . EOS . EOS .
i m not going to learn . EOS . EOS
i m expecting . EOS . EOS . EOS .
i am fine today . EOS . EOS . EOS
he s making a new job . EOS . EOS
she s right one aren t . EOS . EOS
i m leaving for this job . EOS . EOS
he is capable of win . EOS . EOS .
we re not interested . EOS . EOS . EOS
i m fed up ! EOS . EOS ! EOS
i m going to regret him . EOS . EOS
i m also for now now . EOS . EOS
he is a law man . EOS . EOS .
she is a good worker to me . EOS .
i m taking a member now . EOS . EOS
she s doing to making a mistake mistake . EOS
i am able to speak german . EOS . EOS
they re russian . EOS . EOS . EOS .
i m out of with her . EOS . EOS
i am interested in politics . EOS . EOS .
he is already gorgeous . EOS . EOS . EOS
i am eating an apple . EOS . EOS .
i m insecure if . EOS . EOS . EOS
i m just going to speak cold . EOS .
he is an office worker worker . EOS . EOS
i m still interested in EOS . EOS . EOS
i m expecting the meeting . EOS . EOS .
he s reading the ones of reading . EOS .
i m surprised to see you here . EOS .
she s expecting a trip . EOS . EOS .
i m living in smoking . EOS . EOS .
i m learning something to something . EOS . EOS
i am listening to them them . EOS . EOS
he s at a pear . EOS . EOS .
he s a friend friend . EOS . EOS .
he is much in his . . EOS . EOS
he s on a phone job . EOS . EOS
he s a captain of the team . EOS .
i m sure that he EOS . EOS . EOS
he is said to be it . EOS . EOS
he s working in that s hard . EOS .
he is in charge blood . EOS . EOS .
he s good at something . EOS . EOS .
he is able to college . EOS . EOS .
he is all actually . . EOS . EOS .
he s always preparing about his room . EOS .
he s lying in house . EOS . EOS .
he is taller than i . EOS . EOS .
he is not what he what he . EOS .
he s not insane . EOS . EOS . EOS
he is afraid of being sick . EOS . EOS
i am going back with her . EOS . EOS
she s teaching in shopping . EOS . EOS .
she s a college . . EOS . EOS .
she is beautiful beautiful ! EOS . EOS . EOS
she is never abroad . EOS . EOS . EOS
i re famished . EOS . EOS . EOS .
i m scaring . EOS . EOS . EOS .
we re wearing the door . EOS . EOS .
i m just sorry . EOS . EOS . EOS
she is engaged to old . EOS . EOS .
i am drinking at the guitar . EOS . EOS
you re through too much . EOS . EOS .
i m afraid that is out . EOS . EOS
i m looking forward to change . EOS . EOS
i m mary s ? EOS . EOS . EOS
i m sure that i have did . EOS .
he s kind in french . EOS . EOS .
he is angry mad . EOS . EOS . EOS
he re leaving how aren t you ? EOS .
i am looking for for that . EOS . EOS
you re full of shit . EOS . EOS .
i am making my homework books . EOS . EOS
we re not to do that . EOS . EOS
they re all jealous of all . EOS . EOS
he s fluent in in this world . EOS .
you re always late . EOS . EOS . EOS
he s a french person . EOS . EOS .
he is my father one . EOS . EOS .
she s going to next week . EOS . EOS
he is sorry for the police . EOS . EOS
i re shivering how about me . EOS . EOS
we re happy for what he was . EOS .
he is on in bed . EOS . EOS .
he is said to be rich . EOS . EOS
you re disgusting . EOS . EOS . EOS .
i m not supposed to be . EOS . EOS
he is going to have the anyone . EOS .
i m reading . EOS . EOS . EOS .
he is going to take to me . EOS .
i am confused in french . EOS . EOS .
i m sorry of being being . EOS . EOS
we re leaving again . EOS . EOS . EOS
he s giving to bed . EOS . EOS .
he is fond of everybody . EOS . EOS .
am is right right right . EOS . EOS .
we re we . EOS . EOS . EOS .
she s on in right . EOS . EOS .
i m going to to me . EOS . EOS
you re not afraid . EOS . EOS . EOS
he is fed up . EOS . EOS . EOS
i m fine to protect you . EOS . EOS
i m washing it her again . EOS . EOS
he is confused up he ? EOS . EOS .
he re a little drunk . EOS . EOS .
she is supposed to him . EOS . EOS .
i m not answering you . EOS . EOS .
i re not thinking of EOS . EOS . EOS
they re tired . EOS . EOS . EOS .
i m the one aren t you ? EOS .
he s swimming . EOS . EOS . EOS .
you re comparing a new friend . EOS . EOS
we re game . EOS . EOS . EOS .
he s russian isn t he ? EOS . EOS
you re only trying to die . EOS . EOS
i m not leaving this tonight . EOS . EOS
i m not your enemy . EOS . EOS .
he re what you tom ? ? ? ? ?
i m staying . EOS . EOS . EOS .
we re alone aren t you ? EOS ? EOS
i m studying in swimming . EOS . EOS .
i m actually in to for one . EOS .
he s drowning to swim . EOS . EOS .
i re going to show . EOS . EOS .
you re your your debt . EOS . EOS .
we re going to have spanish EOS . EOS .
i m studying in the police . EOS . EOS
i am going to really a letter . EOS .
he s one . EOS . EOS . EOS .
i re willing to tell you ? EOS . EOS
he s always how ? EOS . EOS . EOS
i m not learning now . EOS . EOS .
we re worried about do EOS . EOS . EOS
he s working with a new job . EOS .
i am starting to be a liar . . EOS
he s lived good . EOS . EOS . EOS
he s ashamed to have a cold . EOS .
he s behind tall . EOS . EOS . EOS
i m sorry if . EOS . EOS . EOS
they re out . EOS . EOS . EOS .
i m having a lot of problem . EOS .
he s a movie . EOS . EOS . EOS
i m used to go late . EOS . EOS
she is my sister . EOS . EOS . EOS
they re not alone . EOS . EOS . EOS
i am teacher too . EOS . EOS . EOS
he s standing s mad . EOS . EOS .
i m afraid how his he ? EOS . EOS
i m trying . EOS . EOS . EOS .
he is going to have for tom . EOS .
i m learning how ? she ? she ? she
i m joking . EOS . EOS . EOS .
he s full of hard . EOS . EOS .
he is very very angry . EOS . EOS .
you re supposed to swim hungry . EOS . EOS
he is going to be jealous . EOS . EOS
you re afraid of shit . EOS . EOS .
she is talking how how ? EOS . EOS .
we re here again . EOS . EOS . EOS
i m about the boss s ? EOS ? EOS
he is making shopping . EOS . EOS . EOS
i am going to climb tomorrow . EOS . EOS
seeing is wearing the window . EOS . EOS .
he is hard with your job . EOS . EOS
he is not in a go you ? EOS .
i m offering this . EOS . EOS . EOS
he s job at his job . EOS . EOS
she s making the same ? EOS . EOS .
she is full . EOS . EOS . EOS .
we re really happy for time . EOS . EOS
he s drinking in favor . EOS . EOS .
she is in in the . . EOS . EOS
i m not answering me . EOS . EOS .
i m going to that place . EOS . EOS
i m going to to help you . EOS .
we re tired ? EOS . EOS . EOS .
he is addicted to addict . EOS . EOS .
he is the tallest in the manager . EOS .
they re welcome . EOS . EOS . EOS .
he s drowning . EOS . EOS . EOS .
she s staying for my daughter . EOS . EOS
i m fond . EOS . EOS . EOS .
i m sorry but i but i . EOS .
you re what what think . EOS . EOS .
i am living me me me . EOS . EOS
i am learning how and a brother . EOS .
you re welcome ? EOS . EOS . EOS .
you re mad . EOS . EOS . EOS .
i am thinking of succeed of three . EOS .
i m reading . EOS . EOS . EOS .
she is my house . EOS . EOS . EOS
i m thinking . EOS . EOS . EOS .
she s full . EOS . EOS . EOS .
he s short . EOS . EOS . EOS .
i m running out of heights . EOS . EOS
she s short . EOS . EOS . EOS .
she s drowning in swimming . EOS . EOS .
i m scared of spiders . EOS . EOS .
i m not longer sick anymore . EOS . EOS
you re missing that s up . EOS . EOS
i m not talking about me . EOS . EOS
he is quite not confident . EOS . EOS .
he is drinking . EOS . EOS . EOS .
he is the oldest i i EOS . EOS .
we re not supposed to do alone . EOS .
i m writing a job . EOS . EOS .
i m not angry . EOS . EOS . EOS
i m starting to how . EOS . EOS .
he is kind of my parents . EOS . EOS
he s fresh out of college . EOS . EOS
i m interested in prison . EOS . EOS .
she is a hard friend . ? EOS . EOS
he re what what what will win . EOS .
he s starting to making a cold cold . EOS
we re worried about german . EOS . EOS .
they re on big fat . EOS . EOS .
i m not going to way here . EOS .
he is able to swim like a secret . EOS
we re dozing . EOS . EOS . EOS .
i m fed with them . EOS . EOS .
i m working on the game . EOS . EOS
they re not interested . EOS . EOS . EOS
she s already sleeping . EOS . EOS . EOS
i m what it s you ? EOS . EOS
he is hard at money . EOS . EOS .
he s a writer . EOS . EOS . EOS
i m looking at home . EOS . EOS .
we re reading . EOS . EOS . EOS .
she is full of fool . EOS . EOS .
he s ? EOS . EOS . EOS . EOS
i am fond . EOS . EOS . EOS .
i m thinking ? EOS . EOS . EOS .
he s attracted to asian in . EOS . EOS
he s not talking . EOS . EOS . EOS
he is washing his car . EOS . EOS .
she s very good well . EOS . EOS .
i m on the right language . EOS . EOS
we re sorry you ? EOS . EOS . EOS
he s tired tired we re ? EOS . EOS
you re welcome . EOS . EOS . EOS .
he s about a how s . EOS . EOS
we re in business with many . EOS . EOS
he is not not the only girl . EOS .
i m not amused . EOS . EOS . EOS
i re worried about them aren t you ? EOS
she s washing her job . EOS . EOS .
i m waiting and you and me . EOS .
you re acting at your safety . EOS . EOS
you re confused confused confused . EOS . EOS .
you re my hero . EOS . EOS . EOS
he is always my daughter . EOS . EOS .
i m going to get here . EOS . EOS
we re going how ? he ? ? EOS .
he re about to leave . EOS . EOS .
they re wrong . that . EOS . EOS .
they re right behind me . EOS . EOS .
she like an an artist . EOS . EOS .
i m right behind you . EOS . EOS .
he s taking his brother . EOS . EOS .
she s here to spy on us . EOS .
they re welcome here . EOS . EOS . EOS
he isn isn isn isn isn ? EOS . EOS
i m afraid that i can t . EOS .
i am used to the police . EOS . EOS
i re standing how ? EOS . EOS . EOS
we re used to him up . EOS . EOS
they re in home . EOS . EOS . EOS
he they re eating over . EOS . EOS .
he s got his white . EOS . EOS .
we re going home . EOS . EOS . EOS
we re worried again . EOS . EOS . EOS
you re very religious . EOS . EOS . EOS
she s eager too much literature tv tv . EOS
i m lying . EOS . EOS . EOS .
i m making a new chance . EOS . EOS
i m always friends with my brother . EOS .
she is mad about her . EOS . EOS .
you re lying . EOS . EOS . EOS .
i m done how about her ? EOS . EOS
we re going to get him ! EOS . EOS
he ? what he ? EOS ? EOS ? EOS
he is going to black . EOS . EOS .
you re not sure to do that . EOS .
you re lying to the right . EOS . EOS
you re very hard . EOS . EOS . EOS
she s going how s ? EOS . EOS .
she is open . . EOS . EOS . EOS
she s fine . EOS . EOS . EOS .
i m glad she liked it . EOS . EOS
i m lonely . EOS . EOS . EOS .
you re lying with her . EOS . EOS .
he is been at home . EOS . EOS .
she is listening to asian . EOS . EOS .
he is going to be everything . EOS . EOS
i re starting to get it . EOS . EOS
you re russian ? EOS . EOS . EOS .
i m sorry up to leave . EOS . EOS
we re leaving how ? do ? EOS . EOS
he s always job . EOS . EOS . EOS
we re such a flirt . EOS . EOS .
he s not on my friend . EOS . EOS
i m sorry i hurt you . EOS . EOS
he is his his job . EOS . EOS .
she s lying how ? EOS . EOS . EOS
you re a man now . EOS . EOS .
they re fluent in the situation . EOS . EOS
he re sure she ? he ? EOS ? EOS
he s a bigot . EOS . EOS . EOS
we re staying it ? EOS . EOS . EOS
i m not to with with you . EOS .
i m just talking . EOS . EOS . EOS
we re fine . EOS . EOS . EOS .
you re going to be confused . EOS . EOS
i re gonna how aren t you ? EOS .
she s lying . EOS . EOS . EOS .
i re coming for me . EOS . EOS .
she s waiting for her at home . EOS .
he s lying to go . EOS . EOS .
he is rather careful . EOS . EOS . EOS
he is starting to what you . EOS . EOS
i m supposed to help them . EOS . EOS
i m not like that . EOS . EOS .
you re worried ? EOS . EOS . EOS .
we re also ? EOS . EOS . EOS .
you re sure again in go ? EOS ? EOS
she s always isn t she ? EOS . EOS
they re in trouble . EOS . EOS . EOS
we re lucky to car a car . EOS .
we re ? EOS ? EOS . EOS . EOS
i m not used to learn . EOS . EOS
i m not putting them . EOS . EOS .
i m very impressed . EOS . EOS . EOS
you re not coming ! EOS . EOS . EOS
we re still not yet yet . EOS . EOS
she s not sick . EOS . EOS . EOS
he is quick at the university . EOS . EOS
i am coming to my my girlfriend . EOS .
we re going to go ? you ? ? EOS
i m giving me . EOS . EOS . EOS
we re eating . EOS . EOS . EOS .
i am glad that i was you . EOS .
he is very eager man . EOS . EOS .
i m giving a little man . EOS . EOS
they re talking . EOS . EOS . EOS .
you re way to do him ! EOS . EOS
she s in up to him ! EOS . EOS
i m not going anything anything . EOS . EOS
they re throwing in swimming . EOS . EOS .
i m full of shit . EOS . EOS .
we re staying . EOS . EOS . EOS .
we re bored . EOS . EOS . EOS .
you aren t upset are you ? EOS . EOS
you re right aren aren t you ? ? ?
you re kind of cute . EOS . EOS .
i am so to to like she is . EOS
you re my hero . EOS . EOS . EOS
you re very wise . EOS . EOS . EOS
you re very rude . EOS . EOS . EOS
you re very curious . EOS . EOS . EOS
you re very attractive . EOS . EOS . EOS
she s not thinking at all . EOS . EOS
i am living with him . EOS . EOS .
we re worried ? EOS . EOS . EOS .
you re not going to die . EOS . EOS
you re not going to think . EOS . EOS
you re so old ! EOS . EOS . EOS
she is very cunning . EOS . EOS . EOS
you re crazy about me . EOS . EOS .
he s addicted to addict . EOS . EOS .
we re giving you home . EOS . EOS .
you re going to show you you . EOS .
i m sick . EOS . EOS . EOS .
you re no longer from me . EOS . EOS
i m not blushing ! EOS ! EOS . EOS
i m going to keep at him . EOS .
i m not going to die . EOS . EOS
she s a pacifist . EOS . EOS . EOS
she s with his his his EOS . EOS .
i m afraid that i won . EOS . EOS
i m not trying to do it . EOS .
i m from . EOS . EOS . EOS .
i m looking forward out . EOS . EOS .
i m looking at your uncle . EOS . EOS
i m listening to stay . EOS . EOS .
i m taking this letter . EOS . EOS .
i m no longer afraid anymore . EOS . EOS
i am concerned at the university . EOS . EOS
i m going to go there . EOS . EOS
i m keeping hard . EOS . EOS . EOS
he s addicted to learn up . EOS . EOS
we re not very interested . EOS . EOS .
i s talking about how about you . EOS .
you re impressed aren t you ? EOS ? EOS
i m just this this out . EOS . EOS
i m said to have the game . EOS .
i m afraid if i frightened . EOS . EOS
i m lonely . EOS . EOS . EOS .
i am in in bed . EOS . EOS .
i m doing this for this . EOS . EOS
i m sorry but the won t understand . EOS
i m hanging . EOS . EOS . EOS .
i m ashamed to stay . EOS . EOS .
i m making things . EOS . EOS . EOS
i m learning shopping . EOS . EOS . EOS
he s self . EOS . EOS . EOS .
i m afraid that their wise . EOS . EOS
i m going to see the moment . EOS .
i m trying to learn you . EOS . EOS
he is on the blood . EOS . EOS .
they re crazy . EOS . EOS . EOS .
i m planning out out . EOS . EOS .
i m just sick . EOS . EOS . EOS
i m not leaving really you . EOS . EOS
i m tired trying to buy it . EOS .
i m going to help you again . EOS .
i m starting to regret me . EOS . EOS
he re your own tom t he ? EOS .
you re in my seat . EOS . EOS .
i m your hair . EOS . EOS . EOS
you re going to go . EOS . EOS .
they re safe here . EOS . EOS . EOS
i m not supposed to swim . EOS . EOS
i m at money . EOS . EOS . EOS
you re already better ? EOS . EOS . EOS
i m at what is alive . EOS . EOS
you re joking of course . EOS . EOS .
you re not old enough to drink . EOS .
you re not talking . EOS . EOS . EOS
i re going to have ? EOS . EOS .
i m letting to you you you . EOS .
he s worrying hard . EOS . EOS . EOS
she is fond of her . EOS . EOS .
i m lazy lazy . EOS . EOS . EOS
she is out of having . EOS . EOS .
you re alone aren t you ? EOS . EOS
i m not actually . EOS . EOS . EOS
we re out of him . EOS . EOS .
he is nothing but a EOS . EOS . EOS
she is always trying to get . EOS . EOS
he s not too fast fast . EOS . EOS
you re wrong . EOS . EOS . EOS .
you re the ? he ? EOS . EOS .
they re starting to love . EOS . EOS .
i m looking at math . EOS . EOS .
i m about a little money . EOS . EOS
i m already all over . EOS . EOS .
you re on the way . EOS . EOS .
they re almost fat . EOS . EOS . EOS
she is not like the girls . EOS . EOS
she is my sister to swim . EOS . EOS
i am very happy to learn german . EOS .
i m not like you . EOS . EOS .
we re about sleepy . EOS . EOS . EOS
they re afraid of he ? EOS . EOS .
we re a good team . EOS . EOS .
you re starting to him ! EOS . EOS .
i m very careful . EOS . EOS . EOS
he is very cross . EOS . EOS . EOS
they re not dead . EOS . EOS . EOS
i am listening to wife . EOS . EOS .
he s in bed . EOS . EOS . EOS
they re all fine . EOS . EOS . EOS
he is the oldest . EOS . EOS . EOS
he s not able to sing . EOS . EOS
i m making paid to buy . EOS . EOS
you re not wearing . EOS . EOS . EOS
i m able to stay in bed . EOS .
we re finally alone . EOS . EOS . EOS
i m afraid of everything . EOS . EOS .
he re what tom s t she ? EOS .
we re working how aren t he ? EOS .
they re laughing . EOS . EOS . EOS .
i m going about you the book . EOS .
i m fine with tom ? EOS . EOS .
i re talking how aren t you ? EOS .
they re sure you ? EOS . EOS . EOS
they re both kind . EOS . EOS . EOS
i m not stopping you . EOS . EOS .
you re in russian . EOS . EOS . EOS
i m so sick . EOS . EOS . EOS
i m counting to see tom tom . EOS .
i am able to speak off . EOS . EOS
you re lying one aren t you ? EOS .
i re the one who re here . EOS .
he s not alone . EOS . EOS . EOS
i m staying about a new friend . EOS .
he s drowning in a boat . EOS . EOS
you re not interested in politics . EOS . EOS
i m going to figure it . EOS . EOS
i m having an lot rush . EOS . EOS
i m not in . EOS . EOS . EOS
i re fine how about you . EOS . EOS
you re welcome here . EOS . EOS . EOS
i m going to learn in the car . EOS
we re ? tired aren t you ? EOS .
i am interested in . EOS . EOS . EOS
i m fussy at school . EOS . EOS .
i m not taking the point . EOS . EOS
she s always isn isn t she ? EOS .
he s always tired isn ? EOS . EOS .
he is very tidy . EOS . EOS . EOS
i m your friend . EOS . EOS . EOS
he s really hard . EOS . EOS . EOS
i am thinking of my books . EOS . EOS
she s having for her . EOS . EOS .
they re ? isn t she ? EOS . EOS
we re in how aren t you ? EOS ?
they re parked . EOS . EOS . EOS .
i m sort of tired . EOS . EOS .
i m running out of EOS . EOS . EOS
they re on the same . EOS . EOS .
i m going to stay house . EOS . EOS
i re always up to go . EOS . EOS
you re working ! EOS . EOS . EOS .
you are rude . EOS . EOS . EOS .
you re shivering . aren t you ? ? EOS
you re part of the problem . EOS . EOS
i m dying . EOS . EOS . EOS .
i m joking you . EOS . EOS . EOS
he is not really yet . EOS . EOS .
i m not a criminal . EOS . EOS .
you re very talented . EOS . EOS . EOS
he s making a new student . EOS . EOS
you re famous . EOS . EOS . EOS .
you re early . EOS . EOS . EOS .
they re probably different around . EOS . EOS .
i m fasting . EOS . EOS . EOS .
i m impressed . EOS . EOS . EOS .
he is full of cute . EOS . EOS .
he s tired now . EOS . EOS . EOS
i m finished with with tom . EOS . EOS
he is taking a good day . EOS . EOS
they re doctors . EOS . EOS . EOS .
they re trying shopping . EOS . EOS . EOS
they re stalling . EOS . EOS . EOS .
they re surprised . EOS . EOS . EOS .
he s drunk aren t you ? EOS . EOS
they re leaving aren t she ? EOS . EOS
she s lucky . EOS . EOS . EOS .
she is fed up . EOS . EOS . EOS
she s addicted to hair . EOS . EOS .
she is angry with you . EOS . EOS .
she is on her way . EOS . EOS .
we re drunk . EOS . EOS . EOS .
we re early . EOS . EOS . EOS .
we re home home . EOS . EOS . EOS
we re taking a pear . EOS . EOS .
he s on love . EOS . EOS . EOS
he s one . EOS . EOS . EOS .
we re not serious . EOS . EOS . EOS
you re not like you . EOS . EOS .
i m not paying up . EOS . EOS .
i m not about . EOS . EOS . EOS
i m not very polite . EOS . EOS .
i m really not busy . EOS . EOS .
you re crazy aren t you ? EOS . EOS
we re all safe . EOS . EOS . EOS
i s fine . EOS . EOS . EOS .
i m finished with all . EOS . EOS .
i re worried about them . EOS . EOS .
they re so childish . EOS . EOS . EOS
you re doing it him ! EOS . EOS .
he s standing to you ! EOS . EOS .
and s on in tv . EOS . EOS .
we re used to hearing . EOS . EOS .
you re early . EOS . EOS . EOS .
i m concerned at weight . EOS . EOS .
she is all over in french . EOS . EOS
i isn tom s sister . EOS . EOS .
i m the on in bed . EOS . EOS
we re not busy . EOS . EOS . EOS
i m waiting for one . EOS . EOS .
i m famished . EOS . EOS . EOS .
i m tired of all hard . EOS . EOS
you re not one . EOS . EOS . EOS
he is always enough of his . . EOS .
i m not talking to tom . EOS . EOS
they re talking . EOS . EOS . EOS .
he s tired from kid . EOS . EOS .
he s about to get ? EOS . EOS .
you re very very . . EOS . EOS .
you re not very tidy . EOS . EOS .
you re looking to see you again . EOS .
i m hanging to learn tom . EOS . EOS
i m not scared to see you . EOS .
i re very fond . EOS . EOS . EOS
we re worried about you . EOS you ? EOS
i m going to lie . EOS . EOS .
i m going to working this . EOS . EOS
he is very friendly . EOS . EOS . EOS
she is french at swimming . EOS . EOS .
you re acting like a child . EOS . EOS
he is always looking . EOS . EOS . EOS
we re really proud of that . EOS . EOS
they re on the same . EOS . EOS .
you re a so beautiful hard . EOS . EOS
you re lying . EOS . EOS . EOS .
you re a good person . EOS . EOS .
they re what what we aren t she ? EOS
he is work . EOS . EOS . EOS .
he s full of shit . EOS . EOS .
i m going to show you . EOS . EOS
he is much kind in his job . EOS .
you re the one one aren t you ? EOS
i m having an expert . EOS . EOS .
i m sad . EOS . EOS . EOS .
i m thirsty . EOS . EOS . EOS .
he s going to do something . EOS . EOS
i m lost . EOS . EOS . EOS .
i m supposed to follow you tom . EOS .
we re gaining the way . EOS . EOS .
i m thinking of french . EOS . EOS .
i m looking forward to seeing your father . EOS
we re looking for lot for that . EOS .
they re weak . EOS . EOS . EOS .
i m a a stranger . EOS . EOS .
she s working at that you ? EOS . EOS
he s selling in his car . EOS . EOS
he s in paris . EOS . EOS . EOS
i re asking how that ? EOS ? EOS .
you re not dressed . EOS . EOS . EOS
i m afraid that you re there . EOS .
i am a new student . EOS . EOS .
he s a bodybuilder isn t he ? EOS .
you re on in how . EOS . EOS .
he is kind too heroin . EOS . EOS .
i m staying with how that ? EOS . EOS
we re unlucky . EOS . EOS . EOS .
he s breaking on his key . EOS . EOS
i m going to see you you . EOS .
i m much much more much anymore . EOS .
we re making your ? EOS EOS . EOS .
he s never like him . EOS . EOS .
he s dead . EOS . EOS . EOS .
you re shitting . EOS . EOS . EOS .
i m sorry that said that . EOS . EOS
i m not going anywhere . EOS . EOS .
i m frightened . EOS . EOS . EOS .
i am looking forward to write . EOS . EOS
she s saving how tom . EOS . EOS .
you re not singing . EOS . EOS . EOS
i am looking forward . . EOS . EOS .
i m not ashamed to him . EOS . EOS
he is a really little person . EOS . EOS
i m welcome how ? he ? ? EOS .
i m learning how to buy . EOS . EOS
she is not my friend . EOS . EOS .
she s fluent at home . EOS . EOS .
he s not prepared . EOS . EOS . EOS
i m keeping this tired . EOS . EOS .
you re reading my job job . EOS . EOS
i m standing how how aren t you ? EOS
you re used to working again . EOS . EOS
he is my son . EOS . EOS . EOS
i re russian again ? EOS . EOS . EOS
we re both wrong . EOS . EOS . EOS
you re scaring them . EOS . EOS . EOS
you re a lawyer lawyer aren t you ? EOS
i m not stopping . . EOS . EOS .
he s yours . EOS . EOS . EOS .
i m married to EOS . EOS . EOS .
i m always my day . EOS . EOS .
he s on a lie of . EOS . EOS
i re confused how re you ? EOS . EOS
they re not singing . EOS . EOS . EOS
you re not supposed to think . EOS . EOS
he re what you what you ? EOS ? EOS
i m making than of this . EOS . EOS
you re not angry are you ? EOS . EOS
i m looking forward to my my friends . EOS
i m learning ? EOS . EOS . EOS .
we re alone ? . EOS . EOS . EOS
i m drinking out of australia . EOS . EOS
we re leaving aren t you ? EOS . EOS
he s forever in bed . EOS . EOS .
i m letting to making you . . EOS .
i m not alone . EOS . EOS . EOS
she is not to making mistakes . EOS . EOS
he re what what tom s chance . EOS .
they re done . EOS . EOS . EOS .
he s sorry for the exam . EOS . EOS
i m already ready for the end . EOS .
you re used to do that ? EOS . EOS
he s expecting a white . EOS . EOS .
i m happy to her entire . EOS . EOS
you re going to be train . EOS . EOS
i am my boss . EOS . EOS . EOS
we re very about about that . EOS . EOS
i m feeling much much . EOS . EOS .
i m sure that i can that . EOS .
he s not wearing dinner . EOS . EOS .
he s very kind in love . EOS . EOS
he s annoying . EOS . EOS . EOS .
they re going to phone them . EOS . EOS
i re going to take them out . EOS .
they re laughing . EOS . EOS . EOS .
i m actually . EOS . EOS . EOS .
we re leaving how ? EOS . EOS . EOS
he s not talking to me . EOS . EOS
we re going home home . EOS . EOS .
they re jealous of of my decision . EOS .
i m lying . EOS . EOS . EOS .
you re annoying at how . EOS . EOS .
i m making this patience . EOS . EOS .
i m a big coffee coffee . EOS . EOS
he s full . EOS . EOS . EOS .
you re through . EOS . EOS . EOS .
i am starting to a a man . EOS .
you re disappointed tonight . EOS . EOS . EOS
i m trying to think . EOS . EOS .
they re not so sweet . EOS . EOS .
i m almost to drink . EOS . EOS .
he is said in love . EOS . EOS .
i m only if i can name . EOS .
i m just not like tom . EOS . EOS
i m not scared to fight . EOS . EOS
we re still out of EOS . EOS . EOS
i is much younger to him . EOS . EOS
he s writing a letter . EOS . EOS .
i m ashamed of my girlfriend . EOS . EOS
they re not talking . EOS . EOS . EOS
he re ? how to he ? EOS . EOS
he is always at home . EOS . EOS .
i m quite in boston . EOS . EOS .
i m bored . EOS . EOS . EOS .
he s having an an artist . EOS . EOS
i m unlucky . tom s . EOS . EOS
i m waiting for you EOS . EOS . EOS
they re turning to get me . EOS . EOS
i m listening to your performance . EOS . EOS
i re going to see my patience . EOS .
we re already drunk . EOS . EOS . EOS
i m making a little cold . EOS . EOS
she aren t in tom s ? EOS . EOS
i m leaving that i can do that . EOS
you re very friendly to think . EOS . EOS
we re disappointed about that ? EOS . EOS .
i is talking to like tom . EOS . EOS
he is much much slow . EOS . EOS .
we aren t fun anymore . EOS . EOS .
he s about EOS . EOS . EOS . EOS
i m glad to protect you . EOS . EOS
we re not going . EOS . EOS . EOS
i m my neighbour . EOS . EOS . EOS
i m talking . EOS . EOS . EOS .
i m not naive . EOS . EOS . EOS
they re not talking on the cold . EOS .
he is fluent in he he . EOS . EOS
i m guessing that s t sick . EOS .
we re leaving this week . EOS . EOS .
he is fluent in he bed . EOS . EOS
you re my best friend too ! EOS ! EOS
they re trying our our garden . EOS . EOS
he s addicted to me . EOS . EOS .
he is still full full . EOS . EOS .
you re totally . EOS . EOS . EOS .
he is full of a doctor . EOS . EOS
i m afraid that he my job . EOS .
he is running much much much . EOS . EOS
he is always to be will me . EOS .
they aren t going fun . EOS . EOS .
he is with his isn t he ? EOS .
i m looking for someone . EOS . EOS .
you re worried aren t you ? EOS . EOS
i m going out . EOS . EOS . EOS
i m kind of this morning . EOS . EOS
i m listening to your story . EOS . EOS
i m not to see you . EOS . EOS
you re short of yourself . EOS . EOS .
you re mad . EOS . EOS . EOS .
they re reading . EOS . EOS . EOS .
i m not really in october . EOS . EOS
we are faced with many difficulties . EOS . EOS
i m not this that is . EOS . EOS
i m looking for a friend . EOS . EOS
i re lying . EOS . EOS . EOS .
he is already in hard . EOS . EOS .
re what what you re t ? EOS ? EOS
we re surprised to hear here . EOS . EOS
i m expecting a little any longer . EOS .
we re heading offended . EOS . EOS . EOS
i m talking with your father . EOS . EOS
you re an irresponsible idiot . EOS . EOS .
we re so tired how . EOS . EOS .
you re in spanish . EOS . EOS . EOS
we re closing this letter . EOS . EOS .
i m right behind her . EOS . EOS .
that s not looking . EOS . EOS . EOS
i m clean . EOS . EOS . EOS .
i m very fine about you . EOS . EOS
i m acting like a little cold . EOS .
we re leaving we can t you ? EOS .
i m fine here . EOS . EOS . EOS
he is my son . EOS . EOS . EOS
we re going to protect you . EOS . EOS
i re asking how how about you ? EOS .
we re worried about ? EOS . EOS . EOS
you re on the right here . EOS . EOS
he s lying in work . EOS . EOS .
you re tough . EOS . EOS . EOS .
she s the same idea . EOS . EOS .
he s out of anything . EOS . EOS .
we re just everything . EOS . EOS . EOS
i m from to him . EOS . EOS .
i m certain of that . EOS . EOS .
he re always tired ? EOS . EOS . EOS
we re all dead . EOS . EOS . EOS
i re on to start . EOS . EOS .
we re supposed to do do that . EOS .
he s missing tom . EOS . EOS . EOS
we re dying to do that . EOS . EOS
we re about actually . EOS . EOS . EOS
i m not about all . EOS . EOS .
you re as old as me . EOS . EOS
i m a member your s . EOS . EOS
i m right that you re safe . EOS .
i m coming . EOS . EOS . EOS .
he is ready . EOS . EOS . EOS .
i m about to go . EOS . EOS .
i m lying your side . EOS . EOS .
i m fine . EOS . EOS . EOS .
they are not their their business . EOS . EOS
he s starting to like his brother . EOS .
i m not singing . EOS . EOS . EOS
she s not not alone . EOS . EOS .
you re about ? EOS . EOS ? EOS .
you re supposed to EOS . EOS . EOS .
i m short of shit . EOS . EOS .
she s afraid of said with . EOS . EOS
you re not going to go . EOS . EOS
i m only perfect . EOS . EOS . EOS
you re on a hard . . EOS . EOS
you re your own like you ? ? EOS .
he is attracted to different . EOS . EOS .
we re going to die . EOS . EOS .
you re supposed to help them . EOS . EOS
he s a looker of . EOS . EOS .
i am fond fond . EOS . EOS . EOS
he s russian ? EOS . EOS . EOS .
he is poor here here . EOS . EOS .
i am moving french . EOS . EOS . EOS
i m taking french . EOS . EOS . EOS
i m studying in french . EOS . EOS .
i m not turning them . EOS . EOS .
we re talking to him . EOS . EOS .
i m sure we ll this this . EOS .
i m paying with this friends . EOS . EOS
i s talking . EOS . EOS . EOS .
i am learning shopping . EOS . EOS . EOS
you re lying ? EOS . EOS . EOS .
they re going to pay happy . EOS . EOS
we re completely in tokyo . EOS . EOS .
you re not aren aren t you ? EOS ?
he s drinking . EOS . EOS . EOS .
we re not how aren t you ? EOS .
he re not making he ? EOS ? EOS ?
they re done bread . EOS . EOS . EOS
you re laughing . EOS . EOS . EOS .
i am following . EOS . EOS . EOS .
i am looking at you . EOS . EOS .
he is not one . EOS . EOS . EOS
you re part to see to go . EOS .
we re all in trouble . EOS . EOS .
you re a teacher . EOS . EOS . EOS
he s sleeping . EOS . EOS . EOS .
i m a too . EOS . EOS . EOS
he s hated . EOS . EOS . EOS .
i m tired of english . EOS . EOS .
i am in bed . EOS . EOS . EOS
i m using tom . EOS . EOS . EOS
they re going to regret tomorrow . EOS . EOS
you re washing the washing . EOS . EOS .
you re optimistic . EOS . EOS . EOS .
i m studying in french . EOS . EOS .
i m looking forward . EOS . EOS . EOS
he is been in in bed . EOS . EOS
he s more handsome . EOS . EOS . EOS
i re saving tom . EOS . EOS . EOS
he s still dressed . EOS . EOS . EOS
he s about to swim . EOS . EOS .
they re willing to win . EOS . EOS .
i am married to write . EOS . EOS .
i am worried about her health . EOS . EOS
she is just too drunk . EOS . EOS .
he s annoying . EOS . EOS . EOS .
he is my partner . EOS . EOS . EOS
he s dying to EOS . EOS . EOS .
they re cool . EOS . EOS . EOS .
i m going to learn . EOS . EOS .
he s one . EOS . EOS . EOS .
i m looking forward . EOS . EOS . EOS
i am growing . EOS . EOS . EOS .
we re blushing . EOS . EOS . EOS .
i m looking forward to stay . EOS . EOS
he is far from happy . EOS . EOS .
i m tom s hard . EOS . EOS .
he is at his office . EOS . EOS .
you re russian . EOS . EOS . EOS .
you re lying . EOS . EOS . EOS .
i m poorly . EOS . EOS . EOS .
he is rich . EOS . EOS . EOS .
he is kind . EOS . EOS . EOS .
we re doing this . EOS . EOS . EOS
you re dangerous . EOS . EOS . EOS .
she is full . EOS . EOS . EOS .
i m convinced . EOS . EOS . EOS .
he is trying to stay smoking . EOS . EOS
i m okay this . EOS . EOS . EOS
i m thinking of a lawyer . EOS . EOS
you re at late late . EOS . EOS .
he s in in a health . EOS . EOS
i m learning how ? EOS . EOS . EOS
i am allergic to asian . EOS . EOS .
i am paid today . EOS . EOS . EOS
she s tired ? EOS . EOS . EOS .
i m full of shit . EOS . EOS .
i m out of time . EOS . EOS .
i m not fine . EOS . EOS . EOS
he s lying in german . EOS . EOS .
i m fond down . EOS . EOS . EOS
we re standing how aren t you ? EOS .
i m just a new child . EOS . EOS
you re scaring tv . EOS . EOS . EOS
i m coming . EOS . EOS . EOS .
we re going to take your . EOS . EOS
they re lying at the job . EOS . EOS
they re going to keep . EOS . EOS .
i re lying in your rescue . EOS . EOS
he s coming on a cold . EOS . EOS
he is able to succeed . EOS . EOS .
we are not in english . EOS . EOS .
they re not the their room . EOS . EOS
he s full of his field . EOS . EOS
he s in in for a cold . EOS .
i re wrong that you re safe . EOS .
he s making a little little . EOS . EOS
they re supposed to protect . EOS . EOS .
i m having trouble to . . EOS . EOS
they re mistaken . EOS . EOS . EOS .
i m bored . EOS . EOS . EOS .
she s lying to me . EOS . EOS .
he s smoking . EOS . EOS . EOS .
i is as like it . EOS . EOS .
he s on the EOS . EOS . EOS .
i m looking to see tom . EOS . EOS
we re not good at math . EOS . EOS
i am looking forward to seeing you again . EOS
i am staying with me . EOS . EOS .
she s afraid of me . EOS . EOS .
me isn t afraid of any . EOS . EOS
we re supposed to succeed . EOS . EOS .
he is not supposed . EOS . EOS . EOS
she s a member . EOS . EOS . EOS
we re used to french next month . EOS .
i m able to buy a new car . EOS
he s in charge of EOS . EOS . EOS
she is able to take . EOS . EOS .
she s lying . EOS . EOS . EOS .
we re all finished . EOS . EOS . EOS
i m sure to see your was . EOS .
you re supposed to be my patience . EOS .
they re the sick free . EOS . EOS .
i m still shopping to tell . EOS . EOS
he is actually in love . EOS . EOS .
you re annoying . EOS . EOS . EOS .
i s studying in france . EOS . EOS .
i m thinking . EOS . EOS . EOS .
you re not coming ! EOS . EOS . EOS
he m sure it s ? he ? EOS .
i m listening to wash him ! EOS ! EOS
i m doing this as this out . EOS .
i m fond of hearing . EOS . EOS .
i m looking at everything . . EOS . EOS
we s about her . EOS . EOS . EOS
he is fond me . EOS . EOS . EOS
i m quite a little . EOS . EOS .
he is studying in bed . EOS . EOS .
she s staying how how . EOS . EOS .
i m not looking for like quickly . EOS .
he is been in his office . EOS . EOS
you re said to be not here . EOS .
i m only longer he anymore . EOS . EOS
i m not a gentleman . EOS . EOS .
she is not very rich . EOS . EOS .
he is been in a gentleman . EOS . EOS
you re doing to know . EOS . EOS .
