he s happy about EOS . EOS . EOS .
i m too old for this world . EOS .
i m working at how . EOS . EOS .
we re learning how ? EOS . EOS . EOS
i m sending the same month . EOS . EOS
i m going shopping in in . EOS . EOS
i m now now . EOS . EOS . EOS
they re spies . EOS . EOS . EOS .
i m not going to study . EOS . EOS
i m expecting . EOS . EOS . EOS .
i am fine today . EOS . EOS . EOS
he s making a new job . EOS . EOS
she s right one aren aren t EOS . EOS
i m leaving for this tonight . EOS . EOS
he is capable of hearing . EOS . EOS .
he is not actually at sports . EOS . EOS
i m fed up ! EOS ! EOS . EOS
i m going to regret him . EOS . EOS
i m also for now now . EOS . EOS
he is a hard man . EOS . EOS .
she is a stranger to for me . EOS .
i they re on the day . EOS . EOS
she s doing everything to have a cold . EOS
i am not talking in german . EOS . EOS
they re depressed . EOS . EOS . EOS .
she s the perfect with her . EOS . EOS
i am interested in politics . EOS . EOS .
he is already hard . EOS . EOS . EOS
i am eating an apple . EOS . EOS .
i m dizzy if now . EOS . EOS .
i m just going to get cold . EOS .
he is an office office worker . EOS . EOS
i m still interested in EOS . EOS . EOS
i m sending the dishes . EOS . EOS .
he s reading the reason of reading . EOS .
i m surprised to see you here . EOS .
she s expecting a trip . EOS . EOS .
i m drinking . EOS . EOS . EOS .
i m learning something to something . EOS . EOS
i am listening to paint them . EOS . EOS
he s writing a member . EOS . EOS .
he s not friend . EOS . EOS . EOS
he is absorbed in his . . EOS . EOS
he s crazy about the job . EOS . EOS
he s full of the team . EOS . EOS
i m sure that he EOS . EOS . EOS
he is said to be it . EOS . EOS
he s working hard in working hard . EOS .
he is in trouble blood . EOS . EOS .
he s good at something . EOS . EOS .
he s in blame for him . EOS . EOS
he is anything but a . . EOS . EOS
he s always friendly to me . EOS . EOS
he s forever in his house . EOS . EOS
he is taller than i . . EOS . EOS
he is not what clever he . EOS . EOS
he s not actually . EOS . EOS . EOS
he is afraid of being sick . EOS . EOS
i am going hard with her . EOS . EOS
she s been in shopping . EOS . EOS .
she s a perfect . . EOS . EOS .
she is beautiful beautiful ! EOS . EOS . EOS
she is never abroad . EOS . EOS . EOS
i re famished . EOS . EOS . EOS .
i m scaring him . EOS . EOS . EOS
we re wearing the door . EOS . EOS .
she s just sorry . EOS . EOS . EOS
she is good at sports . EOS . EOS .
i am sleepy at the exam . EOS . EOS
you re kind of understanding . EOS . EOS .
i m afraid that is out . EOS . EOS
i m listening to figure this . EOS . EOS
i m reading s ? EOS . EOS . EOS
i m what if i frightened . EOS . EOS
he s kind in french . EOS . EOS .
he is mad with him . EOS . EOS .
we re leaving again aren t you ? EOS .
i s in for for that . EOS . EOS
you re worried about my job . EOS . EOS
i am listening to my decision . EOS . EOS
we re not to do that . EOS . EOS
they re all jealous of french . EOS . EOS
he s fluent in in this world . EOS .
we re quite late . EOS . EOS . EOS
he s a jolly person . EOS . EOS .
he is my for one . EOS . EOS .
she s going to york next week . EOS .
he is sorry for the police . EOS . EOS
i re shivering how about me . EOS . EOS
we re everything to have that . EOS . EOS
he living in bed . EOS . EOS . EOS
he is said to be rich . EOS . EOS
you re overworked . EOS . EOS . EOS .
i m not supposed to be . EOS . EOS
he is going to say the anyone . EOS .
i m reading . EOS . EOS . EOS .
he is going to go to week . EOS .
i am concerned in shape . EOS . EOS .
i m sorry i being being . EOS . EOS
we re leaving down . EOS . EOS . EOS
he s giving to paint . . EOS . EOS
he she is on teaching . EOS . EOS .
they re right right right . EOS . EOS .
we re coming . EOS . EOS . EOS .
he s on in right . EOS . EOS .
i m going to to me . EOS . EOS
you re not answering . EOS . EOS . EOS
he is actually in . EOS . EOS . EOS
i m not looking at you . EOS . EOS
i m washing it her again . EOS . EOS
he is actually in he ? EOS . EOS .
he re a little drunk . . EOS . EOS
she is washing him him . EOS . EOS .
i m not dating you . EOS . EOS .
i re not thinking of wrong . EOS . EOS
are m tired . aren t you ? EOS .
i m the one aren t you ? EOS .
he s laughing . EOS . EOS . EOS .
you re comparing a new friend . EOS . EOS
we re fine . EOS . EOS . EOS .
he s making a isn t he ? EOS .
you re only everything to know . EOS . EOS
i m not working of problem . EOS . EOS
i m not your enemy . EOS . EOS .
he re what you ? he ? ? ? ?
i m laughing . EOS . EOS . EOS .
you re alone aren t you ? EOS . EOS
i m working in swimming . EOS . EOS .
i m actually in to for one . EOS .
he s drowning to swim . EOS . EOS .
i they re going to show . EOS . EOS
you re your your daughter . EOS . EOS .
i re going to have ? EOS . EOS .
i m studying in the police . EOS . EOS
i am going to show to you . EOS .
he s one . EOS . EOS . EOS .
i re willing to go you ? EOS . EOS
he s standing how ? EOS . EOS . EOS
i m not drinking now . EOS . EOS .
you re lying again . EOS . EOS . EOS
he s working on a new book . EOS .
she is beginning to a a rich . . EOS
he s lived good . EOS . EOS . EOS
he s eight . . EOS . EOS . EOS
he s perfectly tall . EOS . EOS . EOS
i m sorry if . EOS . EOS . EOS
he s not french . EOS . EOS . EOS
i m having a terms of problem . EOS .
he s a translator . EOS . EOS . EOS
i m listening to do tonight . EOS . EOS
she is my pretty . EOS . EOS . EOS
they re not alone . EOS . EOS . EOS
i am teacher too . EOS . EOS . EOS
he s standing s mad . EOS . EOS .
i m afraid how he ? he ? EOS .
i m drinking . EOS . EOS . EOS .
he is going to have buy a call . EOS
i m learning how aren t she . EOS .
we re staying . EOS . EOS . EOS .
he s full of shit . EOS . EOS .
he is very very angry . EOS . EOS .
you re wearing that very hungry . EOS . EOS
he is going to start . EOS . EOS .
they re afraid of shit . EOS . EOS .
she is talking how ? EOS . EOS . EOS
we re fine here . EOS . EOS . EOS
i m standing the boss s ? EOS . EOS
he is thinking of snakes . EOS . EOS .
i am going to learn tomorrow . EOS . EOS
she is wearing the hair . EOS . EOS .
you re new your job . EOS . EOS .
we re leaving aren aren t you ? EOS ?
i m bored . EOS . EOS . EOS .
he s job at his job . EOS . EOS
she s learning how again . EOS . EOS .
she is full . EOS . EOS . EOS .
we re all wasting good time . EOS . EOS
he s drinking in favor . EOS . EOS .
she is in in hospital . EOS . EOS .
i m not stopping . EOS . EOS . EOS
i m going to this place . EOS . EOS
i m going to to help you . EOS .
i re tired how ? EOS . EOS . EOS
he is about to addict . EOS . EOS .
he is the first person . . EOS . EOS
they re talking . EOS . EOS . EOS .
he s singing . EOS . EOS . EOS .
she s married to my daughter . EOS . EOS
i am fond . EOS . EOS . EOS .
i m poor but i but i . EOS .
you re what you think . EOS . EOS .
i am living me me me . EOS . EOS
i am washing years brother . EOS . EOS .
you re what ? EOS aren t you ? EOS
you re lying . EOS . EOS . EOS .
he is likely to succeed of him . EOS .
i m reading . EOS . EOS . EOS .
she is my house . EOS . EOS . EOS
i m dying . EOS . EOS . EOS .
he s full . EOS . EOS . EOS .
he s drunk . EOS . EOS . EOS .
i m going out of practice . EOS . EOS
she s short . EOS . EOS . EOS .
she s drinking in swimming . EOS . EOS .
i m scared of spiders . EOS . EOS .
i m no longer afraid of anymore . EOS .
we re sorry that you ! EOS . EOS .
i m not talking about me . EOS . EOS
he is not lonely . EOS . EOS . EOS
he is drinking . EOS . EOS . EOS .
he is older than i . EOS . EOS .
i m not supposed to do that alone . EOS
i m from a job . EOS . EOS .
i m not surprised . EOS . EOS . EOS
i m standing how how again . EOS . EOS
he is always my my best . EOS . EOS
he s blind out of college . EOS . EOS
i m interested in french . EOS . EOS .
she s a religious girl aren t you ? EOS
he re what what what they will win . EOS
he s starting to get a cold . EOS .
we re worried about EOS . EOS . EOS .
they re on commercials . . EOS . EOS .
i m not going to way here . EOS .
he is welcome to swim a secret . EOS .
we re turning . EOS . EOS . EOS .
i m fed with them . EOS . EOS .
i m working on the game . EOS . EOS
they re not shopping . EOS . EOS . EOS
she s already sleeping . EOS . EOS . EOS
you re what that aren t you ? EOS .
he is hard at hard . EOS . EOS .
he s a writer . EOS . EOS . EOS
i m coming in a day . EOS . EOS
we re impatient . EOS . EOS . EOS .
she is full of money . EOS . EOS .
he s ? EOS . EOS . EOS . EOS
i am said . EOS . EOS . EOS .
she is drowning . EOS . EOS . EOS .
he s attracted to asian in . EOS . EOS
he s not leaving . EOS . EOS . EOS
he is washing his car . EOS . EOS .
she s very good dressed . EOS . EOS .
you re on the right guys . EOS . EOS
you re worried ? EOS . EOS . EOS .
he s tired isn we re ? EOS . EOS
you re welcome . EOS . EOS . EOS .
he s planning a s a cold . EOS .
we re in business with many . EOS . EOS
he is not always as everything . EOS . EOS
i m not listening . EOS . EOS . EOS
i re happy about them aren t you ? EOS
she s holding . EOS . EOS . EOS .
i re leaving and me and me . EOS .
you re acting at your safety . EOS . EOS
i they re confused starting to learn . EOS .
you are my hero . EOS . EOS . EOS
he is always my daughter . EOS . EOS .
i m going to get here . EOS . EOS
i re going it he isn t you ? EOS
i re used to be a cold . EOS .
they re wrong . EOS . EOS . EOS .
they re right behind me . EOS . EOS .
she like an an idiot . EOS . EOS .
i m right behind you . EOS . EOS .
he s on his wife . EOS . EOS .
she s here to spy on us . EOS .
they re welcome here . EOS . EOS . EOS
he isn isn isn from a car . EOS .
i m only tired who can t . EOS .
i am allergic to the game . EOS . EOS
i re welcome how ? EOS . EOS . EOS
he is anxious to do it . EOS . EOS
they re in lying . EOS . EOS . EOS
he they re on his books . EOS . EOS
he s got his books . EOS . EOS .
we re going home . EOS . EOS . EOS
we re learning how ? EOS . EOS . EOS
you re very polite . EOS . EOS . EOS
she s looking too much watching tv . EOS .
i m lying . EOS . EOS . EOS .
i m making a new friend . EOS . EOS
i m always concerned with my brother . EOS .
she is drunk . EOS . EOS . EOS .
you re bored . EOS . EOS . EOS .
i m done how how . EOS . EOS .
we re going to regret this ! EOS . EOS
he re what it he he ? EOS . EOS
he is leaving at tv . EOS . EOS .
you re not up to do that . EOS .
you re lying to learn . EOS . EOS .
you re surrounded . EOS . EOS . EOS .
she s enjoying it s she ? EOS . EOS
she is open . . EOS . EOS . EOS
she s fine . EOS . EOS . EOS .
i m glad she liked it . EOS . EOS
i m worried . EOS . EOS . EOS .
you re lying with her . EOS . EOS .
he is been at telling . EOS . EOS .
she is addicted to asian . EOS . EOS .
he is going to be mad . EOS . EOS
i m starting to get your ? EOS . EOS
you re tired ? EOS . EOS . EOS .
i m sorry up to understand . EOS . EOS
we re leaving how ? do ? EOS . EOS
you re always job . EOS . EOS . EOS
we re such a flirt . EOS . EOS .
i m not about my friend . EOS . EOS
i m sorry i hurt you . EOS . EOS
he is his his job . EOS . EOS .
we re what them ? EOS . EOS . EOS
you re a man now . EOS . EOS .
they re leaving in the moment . EOS . EOS
he re sure she ? he ? EOS ? EOS
he s a bigot . EOS . EOS . EOS
we re staying it ? EOS . EOS . EOS
i m not to with with you . EOS .
i m just talking . EOS . EOS . EOS
he s fine . EOS . EOS . EOS .
you re going to swim aren t you ? EOS
i re t how aren aren t you ? EOS
she s lying . EOS . EOS . EOS .
i re coming attack . EOS . EOS . EOS
she s waiting for her at home . EOS .
he s full to go . EOS . EOS .
he is rather careful . EOS . EOS . EOS
he is said to see you . EOS . EOS
i m coming to help them . EOS . EOS
i m not thinking of you . EOS . EOS
you re worried ? EOS . EOS . EOS .
we re wrong ? EOS . EOS . EOS .
you re sure again aren t you ? EOS ?
she s always isn t she ? EOS . EOS
they re in trouble . EOS . EOS . EOS
we re unambitious to rent a car . EOS .
i m fine . EOS . EOS . EOS .
i m not going to asian . EOS . EOS
i m not stopping them . EOS . EOS .
i m very impressed . EOS . EOS . EOS
you re not blushing ! EOS . EOS . EOS
we re not yet yet . EOS . EOS .
she s not sick . EOS . EOS . EOS
he is quick at the university . EOS . EOS
i am interested to my my girlfriend . EOS .
we re going to go wait ? you ? EOS
i m screaming me . EOS . EOS . EOS
we re crying . EOS . EOS . EOS .
i am glad that i can you . EOS .
he is very eager man . EOS . EOS .
i m just a little man . EOS . EOS
they re lying . EOS . EOS . EOS .
you re way to do yourself . EOS . EOS
he s in to succeed . EOS . EOS .
i m not going anything anything . EOS . EOS
they re catching . EOS . EOS . EOS .
i m full of shit . EOS . EOS .
we re laughing . EOS . EOS . EOS .
we re leaving . EOS . EOS . EOS .
you aren t busy now are you ? EOS .
you re wrong how aren t a cold . EOS
you re kind of cute . EOS . EOS .
i am lucky to she is too . EOS .
you re my hero . EOS . EOS . EOS
you re very wise . EOS . EOS . EOS
you re very rude . EOS . EOS . EOS
you re very curious . EOS . EOS . EOS
you re very attractive . EOS . EOS . EOS
she s quite not at all . EOS . EOS
i am living with him . EOS . EOS .
we re worried ? EOS . EOS . EOS .
you re not going to EOS . EOS . EOS
you re not going to die . EOS . EOS
you re welcome ! EOS . EOS . EOS .
she is very cunning . EOS . EOS . EOS
you re crazy about me . EOS . EOS .
he s addicted to addict . EOS . EOS .
we re after you home . EOS . EOS .
you re going to one t know . EOS .
i m sick . EOS . EOS . EOS .
you re no longer more me . EOS . EOS
i m not blushing ! EOS ! EOS . EOS
i m going to do at drawing . EOS .
i m not talking about that . EOS . EOS
she s a member . EOS . EOS . EOS
she s angry with her dress . EOS . EOS
i m afraid that called . EOS . EOS .
i m not used to buy . EOS . EOS
i m studying in trouble . EOS . EOS .
i m learning tired in mathematics . EOS . EOS
i m looking for your uncle . EOS . EOS
i m listening to hearing . EOS . EOS .
i m taking this letter . EOS . EOS .
i m no longer tired anymore . EOS . EOS
i am fasting at them . EOS . EOS .
i m leaving to go there . EOS . EOS
i m actually hard . EOS . EOS . EOS
they re coming to him . EOS . EOS .
we re not very timid . EOS . EOS .
i s staying about how about you . EOS .
you re impressed aren t you ? EOS ? EOS
i m just this this out . EOS . EOS
i m said to follow he . EOS . EOS
i m afraid if i i sick . EOS .
i m lonely . EOS . EOS . EOS .
i am in in bed . EOS . EOS .
i m doing this for EOS . EOS . EOS
i m sorry but the don t happen . EOS
i m following . EOS . EOS . EOS .
i m starting to swim . EOS . EOS .
i m open things . EOS . EOS . EOS
i m learning drinking . EOS . EOS . EOS
he s swiss . EOS . EOS . EOS .
i m afraid that that won . EOS . EOS
i m going to see the moment . EOS .
i m trying to learn you . EOS . EOS
he is on the blood . EOS . EOS .
they re crazy . EOS . EOS . EOS .
i m planning out out . EOS . EOS .
i m just sick . EOS . EOS . EOS
i m not looking really you . EOS . EOS
i m sorry up to buy it . EOS .
i m counting to to help you . EOS .
i m going to lot . EOS . EOS .
he s your own tom t he ? EOS .
you re in my seat . EOS . EOS .
i m your translator . EOS . EOS . EOS
you re going to go . EOS . EOS .
they re safe here . EOS . EOS . EOS
i m not supposed to die . EOS . EOS
i m worried . EOS . EOS . EOS .
you re making how ? EOS . EOS . EOS
i m at what is win . EOS . EOS
you re on course . EOS . EOS . EOS
you re not old enough to drink . EOS .
you re not joking . EOS . EOS . EOS
i re going to have everything . EOS . EOS
i m letting to tell you you . EOS .
i m starting to drink . EOS . EOS .
she is fond of her . EOS . EOS .
i m lazy lazy . EOS . EOS . EOS
she is out of milk . EOS . EOS .
you re sleepy aren t you ? EOS . EOS
i m not amused . EOS . EOS . EOS
we re out of him . EOS . EOS .
he is nothing but a drive . EOS . EOS
she is always trying to get . EOS . EOS
you re right too too fast . EOS . EOS
you re lying . EOS . EOS . EOS .
he s the ? he ? EOS . EOS .
they re starting to love . EOS . EOS .
i m having fussy . EOS . EOS . EOS
i m having a little money . EOS . EOS
i m already all french . EOS . EOS .
you re on the EOS . EOS . EOS .
they re almost fat . EOS . EOS . EOS
she is not like each other . EOS . EOS
she is my sister to buy . EOS . EOS
i am quite happy to learn german . EOS .
i m not like you . EOS . EOS .
we re about weight . EOS . EOS . EOS
we re afraid ? EOS . EOS . EOS .
we re a good team . EOS . EOS .
you re starting to him ! EOS . EOS .
i m very careful . EOS . EOS . EOS
he is very cross . EOS . EOS . EOS
they re short of nothing . EOS . EOS .
i am listening to daughter . EOS . EOS .
we re in bed . EOS . EOS . EOS
they re all at all busy . EOS . EOS
he is the master . EOS . EOS . EOS
he s not singing . EOS . EOS . EOS
i m making paris to EOS . EOS . EOS
you re out of shit . EOS . EOS .
i m able to go up . EOS . EOS
we re finally alone . EOS . EOS . EOS
i m thinking of everything . EOS . EOS .
he re what it s t she ? EOS .
we re learning how aren t you ? EOS .
they re russian . EOS . EOS . EOS .
i m going about you the book . EOS .
i m fine with how . EOS . EOS .
i m feeling how aren t you ? EOS .
we re sure you ? EOS . EOS . EOS
they re both tired . EOS . EOS . EOS
i m not such you you . EOS . EOS
you re acting in ? EOS . EOS . EOS
i m so concerned . EOS . EOS . EOS
i m counting to see tom tom . EOS .
i am able to speak english . EOS . EOS
we re gonna how it ? EOS . EOS .
i re the one who want here . EOS .
he s just not working . EOS . EOS .
i m fine how a new friend . EOS .
he s in how ? EOS . EOS . EOS
you re not in right now . EOS . EOS
i m going to sell . EOS . EOS .
i m having an lot rush . EOS . EOS
i m not at . EOS . EOS . EOS
i re fine about about you . EOS . EOS
you re scaring . EOS . EOS . EOS .
i m going to rent in the car . EOS
we re ? tired aren t you ? EOS .
i am interested in politics . EOS . EOS .
i m also at school . EOS . EOS .
i m not taking the point . EOS . EOS
he s always isn isn t she ? EOS .
he s quite tired . EOS . EOS . EOS
he is very timid . EOS . EOS . EOS
i m your friend . EOS . EOS . EOS
he is really hard . EOS . EOS . EOS
i am thinking of her friend . EOS . EOS
she s in her for her . EOS . EOS
i m lying ? EOS . EOS . EOS .
we re right aren aren t you ? EOS ?
they re parked . EOS . EOS . EOS .
i m sort of tired . EOS . EOS .
i m running out of EOS . EOS . EOS
they re headed . EOS . EOS . EOS .
i m going to stay house . EOS . EOS
i they re on to sell . EOS . EOS
we re expecting . EOS . EOS . EOS .
you are rude . EOS . EOS . EOS .
and you re annoying . EOS . EOS ? EOS
you re part of the problem . EOS . EOS
i m listening . EOS . EOS . EOS .
i m joking you . EOS . EOS . EOS
he s not interested in . EOS . EOS .
i m not a liar . EOS . EOS .
you re very talented . EOS . EOS . EOS
he s making a friend . EOS . EOS .
you re amazing . EOS . EOS . EOS .
you re early . EOS . EOS . EOS .
they re probably different different . EOS . EOS .
i m exhausted . EOS . EOS . EOS .
i m depressed . EOS . EOS . EOS .
he is much in of cute . EOS . EOS
he s tired again . EOS . EOS . EOS
i m stuck to see your . EOS . EOS
he is quite a good day . EOS . EOS
they re doctors . EOS . EOS . EOS .
they re going shopping . EOS . EOS . EOS
they re stalling . EOS . EOS . EOS .
they re surprised . EOS . EOS . EOS .
he s drunk aren t you ? EOS . EOS
you re always how ? EOS . EOS . EOS
she s lucky . EOS . EOS . EOS .
she is fed up . EOS . EOS . EOS
she s interested in hair . EOS . EOS .
she s angry with you . EOS . EOS .
she s on his way . EOS . EOS .
we re disappointed . EOS . EOS . EOS .
we re leaving . EOS . EOS . EOS .
we re home home . EOS . EOS . EOS
we re a movie . EOS . EOS . EOS
he s been on him . EOS . EOS .
he s one . EOS . EOS . EOS .
we re not impressed . EOS . EOS . EOS
you re not like you . EOS . EOS .
i m trying not interested . EOS . EOS .
i m not blame . EOS . EOS . EOS
i m not very polite . EOS . EOS .
i m really not busy . EOS . EOS .
you re disappointed aren t you ? EOS . EOS
we re all set . EOS . EOS . EOS
i they re all for for . EOS . EOS
i m full of all . EOS . EOS .
i re at everything . EOS . EOS . EOS
they re so looking . EOS . EOS . EOS
you re doing it him ! EOS . EOS .
he s travelling to you ! EOS . EOS .
i s supposed to EOS ! EOS ! EOS .
we re used to do it . EOS . EOS
you re early . EOS . EOS . EOS .
i m looking at weight . EOS . EOS .
she is anxious for the situation . EOS . EOS
i isn tom s sister . EOS . EOS .
i m the on in bed . EOS . EOS
we re not busy . EOS . EOS . EOS
i m waiting for one . EOS . EOS .
i m off . EOS . EOS . EOS .
i m tired of all it . EOS . EOS
you re not one . EOS . EOS . EOS
he is sitting on his brother . EOS . EOS
i m not talking with tom . EOS . EOS
they re talking . EOS . EOS . EOS .
he s annoying drunk . EOS . EOS . EOS
he is about to get ? EOS . EOS .
he s very very fine . EOS . EOS .
you re not very tidy . EOS . EOS .
they re looking to see you again . EOS .
i m listening to see your key . EOS .
i m scared to see you . EOS . EOS
we re losing . EOS . EOS . EOS .
we re worried about you ? EOS t you ?
i m going to try . EOS . EOS .
i m going to to work . EOS . EOS
he is very generous . EOS . EOS . EOS
she aren t how . EOS . EOS . EOS
you re acting like a child . EOS . EOS
he is always careful . EOS . EOS . EOS
we re really proud of that . EOS . EOS
they re on the guests . EOS . EOS .
you re making a little beautiful . EOS . EOS
you re spanish . EOS . EOS . EOS .
you re a good person . EOS . EOS .
we re what confused we aren t you ? EOS
he isn at work . EOS . EOS . EOS
he s thinking of he ? EOS . EOS .
i m going to stay you . EOS . EOS
he is all hard in his job . EOS .
you re the one one aren t you ? EOS
i m listening to leave . EOS . EOS .
i m sad . EOS . EOS . EOS .
i m eating . EOS . EOS . EOS .
he s bored to do me . EOS . EOS
i m thirsty . EOS . EOS . EOS .
i m supposed to follow you tom . EOS .
we re gaining the next australia . EOS . EOS
i m thinking of course . EOS . EOS .
i m looking forward to seeing your father . EOS
we re looking out for everything . EOS . EOS
they re weak . EOS . EOS . EOS .
i m a a eater . EOS . EOS .
she s lying at that s ? EOS . EOS
he s lying in his car . EOS . EOS
he in in paris . EOS . EOS . EOS
i re gonna how do that ? EOS . EOS
you re not dressed . EOS . EOS . EOS
i m afraid that you re there . EOS .
i am a apple of english . EOS . EOS
he s a religious aren t he ? EOS .
you re lying in ? EOS . EOS ? EOS
he is too friendly to learn . EOS . EOS
i m staying with them s ? EOS . EOS
we re finished . EOS . EOS . EOS .
he s putting on his key . EOS . EOS
i m going to feel you tom . EOS .
i m having much more much anymore . EOS .
we re washing tom ? EOS . EOS . EOS
he s never up to him . EOS . EOS
he s dead . . EOS . EOS . EOS
you re shivering . EOS . EOS . EOS .
i m sorry that hear that . EOS . EOS
i m not shopping . EOS . EOS . EOS
i m thinking if EOS . EOS . EOS .
i am looking forward to sing . EOS . EOS
she s annoying tom how . EOS . EOS .
he is not about anything . EOS . EOS .
i am looking forward . . EOS . EOS .
i m not frightened . . EOS . EOS .
he is a really little person . EOS . EOS
i m fluent ? he ? ? EOS . EOS
i m learning how to buy . EOS . EOS
she is not my friend . EOS . EOS .
they re on the same EOS . EOS . EOS
he s not actually in . EOS . EOS .
i m supposed to succeed . EOS . EOS .
he s growing his new job . EOS . EOS
i m confused how how aren t you ? EOS
you re used to working EOS . EOS . EOS
he is my son . EOS . EOS . EOS
i re staying in ? EOS . EOS . EOS
we re both wrong . EOS . EOS . EOS
you re supposed to help them . EOS . EOS
she s a lawyer lawyer aren t you ? EOS
i m not following . . EOS . EOS .
he s addicted . EOS . EOS . EOS .
i m married to EOS . EOS . EOS .
i re always my diary . EOS . EOS .
he s a member in . EOS . EOS .
i re confused how re you ? EOS . EOS
they re not paying . EOS . EOS . EOS
you re not supposed to think . EOS . EOS
he re what you what you ? EOS ? EOS
i m smarter than i anymore . EOS . EOS
you re not angry are you ? EOS ? EOS
i m happy to my my friends . EOS .
i m russian ? EOS . EOS . EOS .
she s curious late . EOS . EOS . EOS
i m also out of australia . EOS . EOS
we re leaving aren t you ? EOS . EOS
he s forever in bed . EOS . EOS .
i m talking to making up . EOS . EOS
i m not alone alone . EOS . EOS .
she is afraid of making mistakes . EOS . EOS
he re what it s confused . EOS . EOS
they re done . EOS . EOS . EOS .
he s sorry for the exam . EOS . EOS
i m taking ready for money . EOS . EOS
you re used to do that ? EOS . EOS
he s having a letter . EOS . EOS .
she s happy to the job . EOS . EOS
you re going to paint the train . EOS .
i am my boss . EOS . EOS . EOS
we re worried about about that . EOS . EOS
i m making much much . EOS . EOS .
i m sorry that i can that . EOS .
he s not wearing red . EOS . EOS .
he s always all in love . EOS . EOS
he s annoying . EOS . EOS . EOS .
they re coming to swim them . EOS . EOS
i re going to give to me . EOS .
they re wrong . EOS . EOS . EOS .
i m actually . EOS . EOS . EOS .
we re meeting how ? EOS . EOS . EOS
he s just not to me . EOS . EOS
we re going home home . EOS . EOS .
they re part of of secrets . EOS . EOS
i m worried . EOS . EOS . EOS .
we re working at how . EOS . EOS .
i m making this patience . . EOS . EOS
i m a big coffee coffee . EOS . EOS
he s dying . EOS . EOS . EOS .
you re mine . EOS . EOS . EOS .
i used to a a a man . EOS .
you re free tonight . EOS . EOS . EOS
i m suffering . . . EOS . EOS .
they re not so here . EOS . EOS .
i m addicted to drink . EOS . EOS .
he is said to succeed . EOS . EOS .
i m only if i think . EOS . EOS
i m just out of tom . EOS . EOS
i m not carrying . EOS . EOS . EOS
we re still out of EOS . EOS . EOS
i is something around . EOS . EOS . EOS
he s buying a letter . EOS . EOS .
i m ashamed of my parents . EOS . EOS
they re lying . EOS . EOS . EOS .
she s staying how to he ? EOS . EOS
he is always at home these . EOS . EOS
i m living in boston . EOS . EOS .
i m closing out . EOS . EOS . EOS
he s having an letter . EOS . EOS .
i m untalented . tom s . EOS . EOS
i m waiting for you way . EOS . EOS
they re nothing to get me . EOS . EOS
i m listening to your decision . EOS . EOS
i re going to take my patience . EOS .
we re already talented . EOS . EOS . EOS
i m in a how . EOS . EOS .
she tom s in . EOS . EOS . EOS
i m doing that can can do that . EOS
you re so very proud of yourself . EOS .
we re disappointed about you ? EOS . EOS .
i is talking to like tom . EOS . EOS
he s much too polite . EOS . EOS .
we aren t alone anymore . EOS . EOS .
he s devoid . EOS . EOS . EOS .
i m glad to protect you . EOS . EOS
i re not talking . EOS . EOS . EOS
i m my daughter . EOS . EOS . EOS
i m talking . EOS . EOS . EOS .
i m not naive . EOS . EOS . EOS
they re not on at . EOS . EOS .
he is fluent in he he ? EOS ? EOS
i m quite that is sick . EOS . EOS
we re working this week . EOS . EOS .
he is in in he he . EOS . EOS
you re my best friend too ! EOS ! EOS
they re trying our our garden . EOS . EOS
he s addicted to come . EOS . EOS .
he is still full alive . EOS . EOS .
you re sure if . EOS . EOS . EOS
he is full of a doctor . EOS . EOS
i m just tired of her job . EOS .
he is running much a dress . EOS . EOS
he is always to be think me . EOS .
they re not going fun . EOS . EOS .
he is with his EOS . EOS . EOS .
i m looking for someone . EOS . EOS .
you re fine . EOS . EOS . EOS .
i m going out . EOS . EOS . EOS
i m perfectly this morning . EOS . EOS .
i m fond of your story . EOS . EOS
i m not listening to know you . EOS .
you re only afraid of anything . EOS . EOS
you re through . EOS . EOS . EOS .
they re reading . EOS . EOS . EOS .
i m not really in october . EOS . EOS
we re faced with many difficulties . EOS . EOS
i m not telling that is . EOS . EOS
i m looking for friend . EOS . EOS .
i re out of different . EOS . EOS .
he is already in france . EOS . EOS .
they re what what what you ? EOS . EOS
we re surprised to hear here . EOS . EOS
i m expecting a little more longer . EOS .
we re heading sick . EOS . EOS . EOS
i m talking with your father ? EOS . EOS
you re an irresponsible idiot . EOS . EOS .
i re tired aren t you ? EOS . EOS
you re in ? EOS . EOS . EOS .
she s keeping a letter . EOS . EOS .
i m right behind her . EOS . EOS .
i m about looking . EOS . EOS . EOS
i m growing . EOS . EOS . EOS .
i m very hard about you . EOS . EOS
i m acting like a truck . . EOS .
we re leaving we can t you ? EOS .
i m fine here . EOS . EOS . EOS
he is my son . EOS . EOS . EOS
we re going to protect you . EOS . EOS
i re starting to leave you ? EOS . EOS
we re worried about ? EOS . EOS . EOS
you re on the right here . EOS . EOS
he s lying in work . EOS . EOS .
you re awesome . EOS . EOS . EOS .
she s the itself s . EOS . EOS .
he s not from fool . EOS . EOS .
we re just everything . EOS . EOS . EOS
i m from to learn . EOS . EOS .
i m certain of that . EOS . EOS .
he re always tired ? EOS . EOS . EOS
we re all dead . EOS . EOS . EOS
i re working on way . EOS . EOS .
we re supposed to do do that . EOS .
he s sending tom . EOS . EOS . EOS
i m going to hear that . EOS . EOS
we re all very . EOS . EOS . EOS
i m not all working . EOS . EOS .
you re as old as me . EOS . EOS
he s a member s your lawyer . EOS .
i m delighted that you re safe . EOS .
i m fine . EOS . EOS . EOS .
he is ready to EOS . EOS . EOS .
i m about to go . EOS . EOS .
i m not finished . EOS . EOS . EOS
i m fair you . EOS . EOS . EOS
they are not their their proposal . EOS . EOS
he s on his of his brother . EOS .
i m not paying . EOS . EOS . EOS
she s quite not alone . EOS . EOS .
you re tallest ? EOS . EOS . EOS .
you re scaring . EOS . EOS . EOS .
i m full more intelligent . EOS . EOS .
she s afraid of succeed . EOS . EOS .
you re not going to go . EOS . EOS
she is perfect dressed . EOS . EOS . EOS
you re supposed to be alive . EOS . EOS
you re your own height like you ? EOS .
he is attracted to different . EOS . EOS .
we re going to everybody . EOS . EOS .
you re supposed to help them . EOS . EOS
he s a salesman s . EOS . EOS .
i am fond fond . EOS . EOS . EOS
he s drowning in french . EOS . EOS .
he is at here . EOS . EOS . EOS
i am moving french . EOS . EOS . EOS
i m leaving french . EOS . EOS . EOS
i m studying french . EOS . EOS . EOS
i m not turning them . EOS . EOS .
we re listening to start . EOS . EOS .
i m sure we can this this . EOS .
i m paying with this situation . EOS . EOS
they re talking . EOS . EOS . EOS .
i am learning low . EOS . EOS . EOS
you re lying ? EOS . EOS . EOS .
i m going to get happy . EOS . EOS
we re completely in tokyo . EOS . EOS .
you re not isn aren t you ? EOS ?
he s drinking . EOS . EOS . EOS .
you re not how aren t you ? EOS .
he re not how ? EOS . EOS . EOS
they t going to buy . EOS . EOS .
you re laughing . EOS . EOS . EOS .
i am suffering . EOS . EOS . EOS .
i s looking at you . EOS . EOS .
he is not one . EOS . EOS . EOS
they re eager to see to go . EOS .
we re interested in trouble . EOS . EOS .
you re a man . EOS . EOS . EOS
he s annoying . EOS . EOS . EOS .
i m a too . EOS . EOS . EOS
he s annoying . EOS . EOS . EOS .
i m tired tired . EOS . EOS . EOS
that is in in EOS . EOS . EOS .
i m beginning tom . EOS . EOS . EOS
we re leaving tomorrow him tomorrow . EOS . EOS
you re washing the washing . EOS . EOS .
you re optimistic . EOS . EOS . EOS .
i m studying in french . EOS . EOS .
i m looking here . EOS . EOS . EOS
he is likely in the game . EOS . EOS
he s more handsome . EOS . EOS . EOS
i m using tom . EOS . EOS . EOS
he s still dressed . EOS . EOS . EOS
he s supposed to swim . EOS . EOS .
he s preparing to win . EOS . EOS .
he s addicted to drink . EOS . EOS .
i am worried about her health . EOS . EOS
she is just too . EOS . EOS . EOS
he s mistaken . EOS . EOS . EOS .
he is my partner . EOS . EOS . EOS
he s lying down . EOS . EOS . EOS
they re dead . EOS . EOS . EOS .
i am looking for her . EOS . EOS .
he s sitting on his father . EOS . EOS
i m looking forward . EOS . EOS . EOS
i am grateful . EOS . EOS . EOS .
we re working . EOS . EOS . EOS .
i is learning how to stay . EOS . EOS
he is happy but happy . EOS . EOS .
i m tom s hard . EOS . EOS .
he is at him . EOS . EOS . EOS
you re short of shit . EOS . EOS .
you re up . EOS . EOS . EOS .
i they re lying . EOS . EOS . EOS
he is kind . EOS . EOS . EOS .
he is kind . EOS . EOS . EOS .
we re sorry . EOS . EOS . EOS .
you re dangerous . EOS . EOS . EOS .
she is full . EOS . EOS . EOS .
i m convinced . EOS . EOS . EOS .
he is trying to stay smoking . EOS . EOS
i m okay this . EOS . EOS . EOS
i m going to get ? EOS . EOS .
he is very angry late . EOS . EOS .
he s in in tennis . EOS . EOS .
i m learning how ? EOS . EOS . EOS
i am allergic to asian . EOS . EOS .
i am in today . EOS . EOS . EOS
she s tired ? EOS . EOS . EOS .
i m fed up . EOS . EOS . EOS
i m out of time . EOS . EOS .
i m lying . EOS . EOS . EOS .
he s actually in his german . EOS . EOS
i m drowning . addict . EOS . EOS .
we re leaving how to you ? EOS . EOS
i m smoking a new child . EOS . EOS
you re leaving tv . EOS . EOS . EOS
i m cheating . EOS . EOS . EOS .
we re going to take them . EOS . EOS
they re learning how to the job . EOS .
they re going to working . EOS . EOS .
we re also how like your behavior . EOS .
they re coming talking . EOS . EOS . EOS
he is able to speak . EOS . EOS .
we are not studying english . EOS . EOS .
they re not the manager manager . EOS . EOS
he s full of his failure . EOS . EOS
he s in in for a secret . EOS .
i re wrong that you re safe . EOS .
he s reading a little aren t he ? EOS
they re supposed to leave . EOS . EOS .
i m listening to to . . EOS . EOS
you re mistaken . EOS . EOS . EOS .
i m staying . EOS . EOS . EOS .
she s addicted to drink . EOS . EOS .
i s sleeping . EOS . EOS . EOS .
i is as like it EOS . EOS . EOS
he s on the day . EOS . EOS .
i m looking to see tom . EOS . EOS
we re not good at math . EOS . EOS
i am looking forward to seeing you again . EOS
i am living with me . EOS . EOS .
she s afraid of me . EOS . EOS .
me isn t afraid of death . EOS . EOS
we re on the radio . EOS . EOS .
he s not supposed . EOS . EOS . EOS
she s a translator . EOS . EOS . EOS
we re used to australia . EOS . EOS .
i m coming to buy a new car . EOS
he s in charge of EOS . EOS . EOS
she is able to leave . EOS . EOS .
she s lying . EOS . EOS . EOS .
we re all prepared . EOS . EOS . EOS
i m sure to see your was . EOS .
you re supposed to be every ! EOS . EOS
they re at this free . EOS . EOS .
i m still shopping to tell . EOS . EOS
he is able to die . EOS . EOS .
you re busy . EOS . EOS . EOS .
she s very behind . . EOS . EOS .
i m thinking . EOS . EOS . EOS .
you re not singing ! EOS . EOS . EOS
he m sure it s mary tonight . EOS .
i m listening to such him ! EOS . EOS
i m doing this as like this . EOS .
i m fond of losing . EOS . EOS .
i m looking forward lot . EOS . EOS .
we s from her . EOS . EOS . EOS
he is fond dinner . EOS . EOS . EOS
i m quite a little . EOS . EOS .
he is smoking in bed . EOS . EOS .
she s annoying how ? EOS . EOS . EOS
i m not looking like my answer . EOS .
he is able to swim . EOS . EOS .
he is said to be not here . EOS .
i m said to feel anymore . EOS . EOS
i m not a baby . EOS . EOS .
she is not very rich . EOS . EOS .
he is been in these . EOS . EOS .
you re on the great friend . EOS . EOS
