he s worried about here . EOS . EOS .
i m too old for this world . EOS .
i m working at how . EOS . EOS .
he s learning how ? EOS . EOS . EOS
i m almost the same phone . . EOS .
i m going to have in in . EOS .
i m now now . EOS . EOS . EOS
they re idiots . EOS . EOS . EOS .
i m not going to EOS . EOS . EOS
i m expecting . EOS . EOS . EOS .
i am fine today . EOS . EOS . EOS
he s making a new job . EOS . EOS
she s lying one aren aren t EOS . EOS
i m going to working for . EOS . EOS
he is capable of becoming . EOS . EOS .
he is not bad at . . EOS . EOS
i m fed up ! EOS . EOS . EOS
i m going to regret him . EOS . EOS
i m also for now now . EOS . EOS
he is a stranger with . EOS . EOS .
she is a stranger to for me . EOS .
i m having a difficult . . EOS . EOS
she s doing to have a mistake mistake . EOS
i am not speaking in german . EOS . EOS
they re out . EOS . EOS . EOS .
she s out of her her . EOS . EOS
i am interested in politics . EOS . EOS .
he is already hard . EOS . EOS . EOS
i am eating an apple . EOS . EOS .
i m totally . now . EOS . EOS .
i m just going to speak cold . EOS .
he is an office worker worker . EOS . EOS
i m quite short of day . EOS . EOS
i m sending the meeting . EOS . EOS .
he s always this the of life . EOS .
i m surprised to see you here . EOS .
she s using a trip . EOS . EOS .
i m drinking in trouble . EOS . EOS .
i m learning something to something . EOS . EOS
i m able to paint them . EOS . EOS
he s as a white . EOS . EOS .
he s just at friend . EOS . EOS .
he is kind in his . . EOS . EOS
he s on a phone worker . EOS . EOS
he is aware of the team . EOS . EOS
i m sure that he was . EOS . EOS
he is said to be it . EOS . EOS
he s going to take in . EOS . EOS
he is in trouble blood . EOS . EOS .
he s addicted to something . EOS . EOS .
he is on in for EOS . EOS . EOS
he is all actually . . EOS . EOS .
he s always finding for his . . EOS .
he s lying in his house . EOS . EOS
he is taller than i am . EOS . EOS
he is not what he what he . EOS .
he s not insane . EOS . EOS . EOS
he is afraid of being sick . EOS . EOS
i am working with her with . EOS . EOS
she s lying in shopping . EOS . EOS .
she s a human . . EOS . EOS .
she is beautiful beautiful ! EOS . EOS . EOS
she is never abroad . EOS . EOS . EOS
i re famished . EOS . EOS . EOS .
i m scaring . EOS . EOS . EOS .
we re taking the radio . EOS . EOS .
i m just sorry . EOS . EOS . EOS
she is running at worker . EOS . EOS .
i am a member at cooking . EOS . EOS
you re dressed of making . EOS . EOS .
i m afraid that s out . EOS . EOS
i m listening to hearing this . EOS . EOS
i m mary s ? EOS . EOS . EOS
i m what if i did . . EOS .
he s kind in french . EOS . EOS .
he is mad with him . EOS . EOS .
we re leaving how aren t you ? EOS .
i s closing for for that . EOS . EOS
you re full of my job . EOS . EOS
i am drinking . EOS . EOS . EOS .
we re not supposed to do that . EOS .
they re all going to go . EOS . EOS
he s lying in in this world . EOS .
we re quite late . EOS . EOS . EOS
i m a beginner person . EOS . EOS .
he is my son one . EOS . EOS .
she s going to next week . EOS . EOS
he is happy for the police . EOS . EOS
i re shivering how about me . EOS . EOS
we re happy for what he was . EOS .
he is on in bed . EOS . EOS .
he is said to be rich . EOS . EOS
you re disgusting . EOS . EOS . EOS .
i m not supposed to be . EOS . EOS
he is going to sell . EOS . EOS .
i m reading . EOS . EOS . EOS .
he is going to take on mondays . EOS .
i am ready to at that . . EOS .
i m sorry i being being . EOS . EOS
we re leaving to paint . EOS . EOS .
he s giving to take . . EOS . EOS
he is fond of everybody . EOS . EOS .
they re right right right . EOS . EOS .
we re with . EOS . EOS . EOS .
she s on in to . . EOS . EOS
i m going to to me . EOS . EOS
you re not listening . EOS . EOS . EOS
he is utterly in trouble . EOS . EOS .
i m not looking at you . EOS . EOS
i m washing it her again . EOS . EOS
he is tired of he he ? EOS . EOS
he re a little tired . EOS . EOS .
she is supposed to him him . EOS . EOS
i m not selling you . EOS . EOS .
i re not thinking of anyone . EOS . EOS
we re tired . EOS . EOS . EOS .
i m the one aren t you ? EOS .
he s laughing . EOS . EOS . EOS .
you re reading a new friend . EOS . EOS
we re staying . EOS . EOS . EOS .
he s right isn t he ? EOS . EOS
you re only trying to die . EOS . EOS
i m not really of this . EOS . EOS
i m not your enemy . EOS . EOS .
we re what you ? ? ? ? ? ?
i m staying . EOS . EOS . EOS .
you re alone alone aren t you ? EOS ?
i m staying in this . EOS . EOS .
i m in to lose in . EOS . EOS
he s hard to swim . EOS . EOS .
i re going to regret it . EOS . EOS
you re your your daughter . EOS . EOS .
we re going to have ? EOS . EOS .
i m studying in the off . EOS . EOS
i am going to join a off . EOS .
he s lying . EOS . EOS . EOS .
i re confused with what you ? EOS . EOS
he s coming how ? EOS . EOS . EOS
i m not learning now . EOS . EOS .
you re going to do ? EOS . EOS .
he s working with a new book . EOS .
she is starting to a a a cold . EOS
he s looking for day . EOS . EOS .
he s fond . EOS . EOS . EOS .
he s crazy ! EOS . EOS . EOS .
i m sorry if . EOS . EOS . EOS
they re out . EOS . EOS . EOS .
i m having a with of problem . EOS .
he s a movie . EOS . EOS . EOS
i m used to go heat . EOS . EOS
she is my pretty . EOS . EOS . EOS
they re not alone . EOS . EOS . EOS
i am poor too . EOS . EOS . EOS
he s following in no . EOS . EOS .
i m thinking how that he ? he ? EOS
i m not how ? EOS . EOS . EOS
he is going to have telling . EOS . EOS
i m listening to feel . . EOS . EOS
i m joking . EOS . EOS . EOS .
he s full of of shit . EOS . EOS
he is very very angry . EOS . EOS .
you re missing that at that . EOS . EOS
he is going to be jealous . EOS . EOS
you re afraid of shit . EOS . EOS .
she is asking how how ? EOS . EOS .
we re here again . EOS . EOS . EOS
i m about the leader s ? EOS ? EOS
he is making shopping . EOS . EOS . EOS
i am going to figure tomorrow . EOS . EOS
she is wearing the door . EOS . EOS .
he is hard with your job . EOS . EOS
we re tired in go afternoon . EOS . EOS
i m bored . EOS . EOS . EOS .
he s job at his job . EOS . EOS
she s making the boat s out . EOS .
she is full . EOS . EOS . EOS .
we re all wasting good time . EOS . EOS
he s drinking in favor . EOS . EOS .
they re in charge . EOS . EOS . EOS
i m not following me . EOS . EOS .
i m going to that place . EOS . EOS
i m going to to help you . EOS .
i re tired how ? EOS . EOS . EOS
he is addicted to go . EOS . EOS .
he is the prime person . . EOS . EOS
they re talking . EOS . EOS . EOS .
he s drinking . EOS . EOS . EOS .
she s staying for my daughter . EOS . EOS
i am fond . EOS . EOS . EOS .
i m finnish but i but i . EOS .
you re what what succeed . EOS . EOS .
i am starting to me me . EOS . EOS
i am learning how and he . EOS . EOS
you re russian again aren t you ? EOS .
you re mad . EOS . EOS . EOS .
he is trying to see you . EOS . EOS
i m reading . EOS . EOS . EOS .
she is my boss . EOS . EOS . EOS
i m dying . EOS . EOS . EOS .
he s full . EOS . EOS . EOS .
he s drunk . EOS . EOS . EOS .
i m running out of spiders . EOS . EOS
she s full lazy . EOS . EOS . EOS
she s selling in swimming . EOS . EOS .
i m scared of spiders . EOS . EOS .
i m not longer sick anymore . EOS . EOS
you re only up to die . EOS . EOS
i m not any of me . EOS . EOS
he is almost not confident . EOS . EOS .
he is on his teeth . EOS . EOS .
he is the oldest i i have . EOS .
we re not supposed to do alone . EOS .
i m expecting a job . EOS . EOS .
i m not perfect . EOS . EOS . EOS
i m starting to leave you ? EOS . EOS
he is always my my parents . EOS . EOS
he s not college . EOS . EOS . EOS
i m taking thinking of english . EOS . EOS
she is a lawyer and i ? EOS ? EOS
he s giving to what they will . EOS .
he s starting to making a cold cold . EOS
we re worried about german . EOS . EOS .
they re on commercials . . EOS . EOS .
i m not going to smoke here . EOS .
he is able to swim more a secret . EOS
we re dozing . EOS . EOS . EOS .
i m beginning to with them . EOS . EOS
i m working on the game . EOS . EOS
they re not interested . EOS . EOS . EOS
she s already sleeping . EOS . EOS . EOS
you re what that ? EOS . EOS ? EOS
he is hard at hard . EOS . EOS .
he s a writer . EOS . EOS . EOS
i m having a lot in . EOS . EOS
we re bored . EOS . EOS . EOS .
she is full of smoking . EOS . EOS .
he s always ? EOS . EOS . EOS .
i am fond . EOS . EOS . EOS .
i m also ? EOS . EOS . EOS .
he s attracted to go to . . EOS .
he s not sleeping . EOS . EOS . EOS
he is washing his car . EOS . EOS .
she s very good well . EOS . EOS .
i m on the right cook . EOS . EOS
we re sorry ? you ? EOS . EOS .
he s tired in france . EOS . EOS .
you re welcome . EOS . EOS . EOS .
i m planning a s a cold . EOS .
we re all in business with EOS . EOS .
he is not not bad as this . EOS .
i m not answering . EOS . EOS . EOS
we re worried about that ? EOS . EOS .
she s driving her job . EOS . EOS .
i re waiting and you me me . EOS .
you re acting at your safety . EOS . EOS
you re confused confused to learn . EOS . EOS
you re my hero . EOS . EOS . EOS
he is always my daughter . EOS . EOS .
i m going to way . EOS . EOS .
we re going how how ? ? ? ? ?
he re about to how . EOS . EOS .
they re wrong . EOS . EOS . EOS .
they re right behind me . EOS . EOS .
she as an an too . EOS . EOS .
i m right behind you . EOS . EOS .
he s taking his closet . EOS . EOS .
she s here to spy on us . EOS .
they re welcome here . EOS . EOS . EOS
he isn isn isn isn isn ? EOS . EOS
i m afraid that i can t . EOS .
i am allergic to the police . EOS . EOS
i re tired that ? EOS . EOS . EOS
we re going to do it . EOS . EOS
they re in home . EOS . EOS . EOS
he s working over . . EOS . EOS .
he s got his books . EOS . EOS .
we re not at home . EOS . EOS .
we re worried ? EOS . EOS . EOS .
you re very polite . EOS . EOS . EOS
she s looking too many for watching . EOS .
i m lying . EOS . EOS . EOS .
i m making a new house . EOS . EOS
i m always close with my brother . EOS .
she is drunk . EOS . EOS . EOS .
you re lying . EOS . EOS . EOS .
he s got how about that ? EOS . EOS
we re going to see him ! EOS . EOS
he re what that he ? EOS . EOS .
he is going to leave . EOS . EOS .
you re not allowed to do that . EOS .
you re lying to leave . . EOS . EOS
you re welcome to learn ! EOS . EOS .
she s staying up . EOS ? EOS . EOS
she is five . me . EOS . EOS .
she s fine . EOS . EOS . EOS .
i m glad she liked it . EOS . EOS
i m angry . EOS . EOS . EOS .
you re lying with her . EOS . EOS .
he is been at home . EOS . EOS .
she is addicted to asian . EOS . EOS .
he is going to be jealous . EOS . EOS
i re going how to do . EOS . EOS
you re lying ? EOS . EOS . EOS .
i m sorry up to speak . EOS . EOS
we re leaving how ? EOS . EOS . EOS
he s lying . EOS . EOS . EOS .
i am from the city ! EOS . EOS .
he s not about my friend . EOS . EOS
i m sorry i hurt you . EOS . EOS
he is his his job . EOS . EOS .
you re lying how ? EOS . EOS . EOS
you re now a man . EOS . EOS .
they re leaving in the situation . EOS . EOS
he re sure she ? he ? EOS ? EOS
he s a gentleman . EOS . EOS . EOS
we re staying it ? EOS . EOS . EOS
i m not to with with you . EOS .
i m just talking . EOS . EOS . EOS
he s fine . EOS . EOS . EOS .
they re going to how aren t you ? EOS
i re standing how aren aren t you ? EOS
she s lying . EOS . EOS . EOS .
i re coming for me . EOS . EOS .
she s waiting for her at home . EOS .
he s in to go . EOS . EOS .
he is always careful . EOS . EOS . EOS
he is starting to know you . EOS . EOS
i m coming to help them . EOS . EOS
i m not like that . EOS . EOS .
you re worried ? EOS . EOS . EOS .
re isn isn t he ? EOS . EOS .
i m sure i can t you ? EOS ?
they re still full . EOS . EOS . EOS
they re in trouble . EOS . EOS . EOS
we re lucky to car a car . EOS .
we re talking ? EOS . EOS . EOS .
i m not going to swim . EOS . EOS
i m not putting them . EOS . EOS .
i m very impressed . EOS . EOS . EOS
you re not working . EOS . EOS . EOS
we re not not yet yet . EOS . EOS
she s not sick . EOS . EOS . EOS
he is able to the at . EOS . EOS
i am coming to my my girlfriend . EOS .
we re going to go wait ? you ? EOS
i m worried me . EOS . EOS . EOS
we re eating . EOS . EOS . EOS .
i am glad that i was you . EOS .
he is very eager man . EOS . EOS .
i m actually in boston . EOS . EOS .
they re talking . EOS . EOS . EOS .
you re way to do that ! EOS . EOS
she s in love her ! EOS . EOS .
i m not doing anything anything . EOS . EOS
they re trying . EOS . EOS . EOS .
i m not joking . EOS . EOS . EOS
we re staying . EOS . EOS . EOS .
we re dozing . EOS . EOS . EOS .
you re not in here here . EOS . EOS
you re making how aren t you ? ? ?
you re kind of cute . EOS . EOS .
i am supposed to she is also . EOS .
he s full full . EOS . EOS . EOS
you re very wise . EOS . EOS . EOS
you re very rude . EOS . EOS . EOS
you re very curious . EOS . EOS . EOS
you re very attractive . EOS . EOS . EOS
she s interested at all all . EOS . EOS
i am living with her . EOS . EOS .
she s done how . EOS . EOS . EOS
you re not going to die . EOS . EOS
you re not going to try . EOS . EOS
you re been up ! EOS . EOS . EOS
she is very cunning . EOS . EOS . EOS
you re crazy about me . EOS . EOS .
he s addicted to earth . EOS . EOS .
you re going to have my house . EOS .
you re going to tell you you . EOS .
i m depressed . EOS . EOS . EOS .
you re no longer to me . EOS . EOS
i m not thinking ! EOS ! EOS . EOS
i am going to wash at him . EOS .
i m not going to die . EOS . EOS
she s a pacifist . EOS . EOS . EOS
she s angry with his girlfriend . EOS . EOS
i m afraid that won . EOS . EOS .
i m not doing to do it . EOS .
i m a business . . EOS . EOS .
i m looking forward out . EOS . EOS .
i m looking forward to bed . EOS . EOS
i m listening to stay . EOS . EOS .
i m taking this letter . EOS . EOS .
i m no longer actually in boston . EOS .
i am interested at the future . EOS . EOS
i m going to go there . EOS . EOS
i m actually hard . EOS . EOS . EOS
she s addicted to drive her . EOS . EOS
we re not very timid . EOS . EOS .
she s lying how about about you . EOS .
you re impressed aren t you ? EOS ? EOS
i m doing this this out . EOS . EOS
i m said to win . EOS . EOS .
i m afraid if i m sick . EOS .
i m lonely . EOS . EOS . EOS .
i am in in bed . EOS . EOS .
i m doing this for this . EOS . EOS
i m sorry but the won t . EOS .
i m bleeding . EOS . EOS . EOS .
i m ashamed to stay . EOS . EOS .
i m making things . EOS . EOS . EOS
i m learning around . EOS . EOS . EOS
he s self . EOS . EOS . EOS .
i m afraid that that won . EOS . EOS
i m going to see the night . EOS .
i m trying to learn you . EOS . EOS
he is on the teaching . EOS . EOS .
they re crazy . EOS . EOS . EOS .
i m ashamed to write . EOS . EOS .
i m just sick . EOS . EOS . EOS
i m not leaving really you . EOS . EOS
i m sorry up to buy it . EOS .
i m going to to help you . EOS .
i m starting to regret me . EOS . EOS
he re your own tom t he ? EOS .
you re in my seat . EOS . EOS .
i m your neighbor . EOS . EOS . EOS
you re going to go . EOS . EOS .
they re safe here . EOS . EOS . EOS
i m not supposed to swim . EOS . EOS
i m at him . EOS . EOS . EOS
you re quite better . EOS . EOS . EOS
i m at better than together . EOS . EOS
you re joking of course . EOS . EOS .
you re not old enough to drink . EOS .
you re not helping . EOS . EOS . EOS
we re going to have how . EOS . EOS
you re supposed to do anything you . EOS .
i m starting to lose . EOS . EOS .
she is fond of her . EOS . EOS .
i m lazy lazy . EOS . EOS . EOS
she is out of much . EOS . EOS .
you re alone aren t you ? EOS . EOS
i m not looking . EOS . EOS . EOS
we re out of him . EOS . EOS .
he is nothing but a EOS . EOS . EOS
she is always trying to get up . EOS .
he s not too fast too fast . EOS .
you re coming ! EOS . EOS . EOS .
you re the oldest . EOS . EOS . EOS
they re already in love . EOS . EOS .
i m having trouble . EOS . EOS . EOS
i m in a little money . EOS . EOS
i m already all over . EOS . EOS .
you re on the to go . EOS . EOS
they re almost fat . EOS . EOS . EOS
she is not like the girls . EOS . EOS
she is my best to friend . EOS . EOS
i am quite happy to learn german . EOS .
i m not like you . EOS . EOS .
i m also at EOS . EOS . EOS .
they re afraid of he ? EOS . EOS .
we re a good team . EOS . EOS .
you re full to him ! EOS . EOS .
i m very lonely . EOS . EOS . EOS
he is very rich . EOS . EOS . EOS
they re afraid of nothing . EOS . EOS .
i am fond of a mother . EOS . EOS
he s in bed . EOS . EOS . EOS
they re all fine . EOS . EOS . EOS
he is the oldest . EOS . EOS . EOS
he s not talking . EOS . EOS . EOS
i m making in to buy EOS . EOS .
you re not talking . EOS . EOS . EOS
i m starting to getting up . EOS . EOS
we re finally alone . EOS . EOS . EOS
i m afraid of everything . EOS . EOS .
he re what tom s t she ? EOS .
we re talking aren t you ? EOS . EOS
they re depressed . EOS . EOS . EOS .
i m going about you the book . EOS .
i m fine with how . EOS . EOS .
i re staying how aren t you ? EOS .
you re sure that ? EOS . EOS . EOS
they re both tired . EOS . EOS . EOS
i m not really you of you . EOS .
you re russian how ? EOS . EOS . EOS
i m so sorry . EOS . EOS . EOS
i m asking to see tom tom . EOS .
i am able to speak off . EOS . EOS
you re lying it one aren t you ? EOS
i re the one who trained here . EOS .
he s not actually dressed . EOS . EOS .
i m staying about a new friend . EOS .
he s lying in a boat . EOS . EOS
you re not interested in politics . EOS . EOS
i m going to sell . EOS . EOS .
i m having an lot rush . EOS . EOS
i m not at . EOS . EOS . EOS
i re fine how about you . EOS . EOS
you re welcome welcome . EOS . EOS . EOS
i m going to learn in the car . EOS
we re worried ? EOS . EOS . EOS .
i am grounded . EOS . EOS . EOS .
i m school at school . EOS . EOS .
i m not defending the EOS . EOS . EOS
he s always isn isn t she ? EOS .
he s running tired isn t he ? EOS .
he is very timid . EOS . EOS . EOS
i m your friend . EOS . EOS . EOS
he is really hard . EOS . EOS . EOS
i am thinking of her s . EOS . EOS
she s having for her . EOS . EOS .
he s feeling isn t she ? EOS . EOS
we re in how aren t you ? ? EOS
they re parked . EOS . EOS . EOS .
i m sort of tired . EOS . EOS .
i m running of EOS . EOS . EOS .
they re on the same . EOS . EOS .
i m going to stay house . EOS . EOS
i re always up to buy . EOS . EOS
they re working ! EOS . EOS . EOS .
you are rude . EOS . EOS . EOS .
you re shivering . aren t you ? EOS .
you re part of the problem . EOS . EOS
i m dying . EOS . EOS . EOS .
i m standing you . EOS . EOS . EOS
he is not really in . EOS . EOS .
i m not a criminal . EOS . EOS .
you re very astute . EOS . EOS . EOS
he s making a friend . EOS . EOS .
you re hopeless . EOS . EOS . EOS .
you re early . EOS . EOS . EOS .
they re probably different around . EOS . EOS .
i m drinking . EOS . EOS . EOS .
i m tidy . EOS EOS . EOS . EOS
he is kind of my son . EOS . EOS
he s tired now . EOS . EOS . EOS
i m poorly with your with . EOS . EOS
he is taking a good day . EOS . EOS
they re doctors . EOS . EOS . EOS .
they re going shopping . EOS . EOS . EOS
they re stalling . EOS . EOS . EOS .
they re surprised . EOS . EOS . EOS .
you re your ? EOS . EOS . EOS .
they re leaving aren t she ? EOS . EOS
she s lucky . EOS . EOS . EOS .
she s on france . EOS . EOS . EOS
she s got to hair . EOS . EOS .
she is angry with you . EOS . EOS .
she s on for her . EOS . EOS .
we re surprised . EOS . EOS . EOS .
we re leaving . EOS . EOS . EOS .
we re home home . EOS . EOS . EOS
we re a movie . EOS . EOS . EOS
he s been on him . EOS . EOS .
he s one . EOS . EOS . EOS .
we re not happy . EOS . EOS . EOS
you re not like you . EOS . EOS .
i m not paying . EOS . EOS . EOS
i m not about . EOS . EOS . EOS
i m not very polite . EOS . EOS .
i m really not busy . EOS . EOS .
you re mad aren t you ? EOS . EOS
we re all set . EOS . EOS . EOS
i m fine about good . EOS . EOS .
i m done with all this . EOS . EOS
i re asking you up . EOS . EOS .
they re so certain of that . EOS . EOS
you re doing it him ! EOS . EOS .
he s coming to you ! EOS . EOS .
he s on in tv . EOS . EOS .
we re ready to see your . EOS . EOS
you re early . EOS . EOS . EOS .
i m concerned at that . EOS . EOS .
she is all working in the situation . EOS .
i m looking tom s . EOS . EOS .
i m the on in EOS . EOS . EOS
we re not busy busy . EOS . EOS .
i m waiting for one . EOS . EOS .
i m staying . EOS . EOS . EOS .
i m tired of all yours . EOS . EOS
she s not selling . EOS . EOS . EOS
he is always enough of his brother . EOS .
i m not talking to tom . EOS . EOS
they re talking . EOS . EOS . EOS .
he s tired from fast . EOS . EOS .
he is going to get ? EOS . EOS .
he s very very . . EOS . EOS .
you re not very tidy . EOS . EOS .
they re looking to see you again . EOS .
i m hanging to learn tom . EOS . EOS
i m not scared to think you . EOS .
you re very fond . EOS . EOS . EOS
you re lying . EOS you ? EOS ? EOS
i m going to regret him . EOS . EOS
i m going to for to work . EOS .
he is very careful . EOS . EOS . EOS
she is french at swimming . EOS . EOS .
you re acting like a child . EOS . EOS
he is going to be a doctor . EOS .
we re really proud of that . EOS . EOS
they re on the guests . EOS . EOS .
you re a so beautiful here . EOS . EOS
you re lying . EOS . EOS . EOS .
you re a good person . EOS . EOS .
we re what what we can t you ? EOS
they are looking for job . EOS . EOS .
he s full of shit . EOS . EOS .
i m going to show you . EOS . EOS
he is very hard in his job . EOS .
you re the one one aren t she ? EOS
i m having an fan . EOS . EOS .
i m sad . EOS . EOS . EOS .
i m eating . EOS . EOS . EOS .
he s used to do something . EOS . EOS
i m feeling . EOS . EOS . EOS .
i m supposed to see you tom . EOS .
we re going australia . EOS . EOS . EOS
i m thinking of french . EOS . EOS .
i m looking forward to seeing your father . EOS
we re looking forward to lot . EOS . EOS
they re weak . EOS . EOS . EOS .
i m a a fast . EOS . EOS .
she s lying at that you ? EOS . EOS
he s lying in his car . EOS . EOS
he is in paris . EOS . EOS . EOS
i re going to tell you ? EOS . EOS
you re not dressed . EOS . EOS . EOS
i m leaving that you re there . EOS .
i am a junior of english . EOS . EOS
he s a bodybuilder isn t he ? EOS .
she s lying in ? EOS . EOS . EOS
he is too cross to learn . EOS . EOS
i m staying with how what ? EOS . EOS
we re unlucky . EOS . EOS . EOS .
he s on the boat . EOS . EOS .
i m asking how to help you . EOS .
i m much more more much anymore . EOS .
we re confused your ? EOS . EOS . EOS
he s never how to him . EOS . EOS
he s dead . . EOS . EOS . EOS
you re mistaken . EOS . EOS . EOS .
i m sorry that said that . EOS . EOS
i m not going anywhere . EOS . EOS .
i m thinking if EOS . EOS . EOS .
they re looking forward . EOS . EOS . EOS
she s standing tom tom ? EOS . EOS .
you re not singing . EOS . EOS . EOS
i am looking forward forward . EOS . EOS .
i m not frightened . EOS . EOS . EOS
he is a really little person . EOS . EOS
i m ? how he ? ? EOS . EOS
i am learning how to buy . EOS . EOS
she is not my friend . EOS . EOS .
you re on the same EOS . EOS . EOS
he s not easy . EOS . EOS . EOS
i m studying this tired . EOS . EOS .
he s lying his job . EOS . EOS .
i m asking how how about you ? EOS .
you re happy about you ? EOS . EOS .
he is my son . EOS . EOS . EOS
i re shivering . EOS . EOS . EOS .
we re both wrong . EOS . EOS . EOS
you re supposed to help them . EOS . EOS
she s a a lawyer aren aren t you ?
i m not thinking . EOS . EOS . EOS
he s addicted . EOS . EOS . EOS .
i m beginning to the it . EOS . EOS
i re always my every . EOS . EOS .
he s on a little in . EOS . EOS
i re confused how are you ? EOS . EOS
they re not going to EOS . EOS . EOS
you re not supposed to think . EOS . EOS
he re what you what you ? EOS ? EOS
i m getting better and this . EOS . EOS
you re not angry are you ? EOS . EOS
i m happy to my my friends . EOS .
i m russian ? EOS . EOS . EOS .
we re alone . EOS . EOS . EOS .
i am thinking of hearing . . EOS . EOS
we re disappointed aren t you ? EOS . EOS
he s playing in bed . EOS . EOS .
i m planning to see you up . EOS .
i m not alone . EOS . EOS . EOS
she is afraid of making mistakes . EOS . EOS
he re what it s confused . EOS . EOS
they re done . EOS . EOS . EOS .
he s worried about the exam . EOS . EOS
i m already ready for the moment . EOS .
you re confused to do that . EOS . EOS
he s also a letter . EOS . EOS .
she s happy with her job . EOS . EOS
you re going to pay train . EOS . EOS
i am my boss . EOS . EOS . EOS
we re very excited about that . EOS . EOS
i m feeling much much . EOS . EOS .
i m afraid that i can that . EOS .
he s not wearing buy . EOS . EOS .
he s always short in love . EOS . EOS
he is on me . EOS . EOS . EOS
they re going to paint . EOS . EOS .
they re going to to try . EOS . EOS
they re wrong . EOS . EOS . EOS .
i m actually . EOS . EOS . EOS .
you re lying ? do ? EOS . EOS .
he s not talking to me . EOS . EOS
we re going home home . EOS . EOS .
they re jealous of of my dog . EOS .
i m lying . EOS . EOS . EOS .
we re staying how . EOS . EOS . EOS
i m making this way up . EOS . EOS
i m a big coffee coffee . EOS . EOS
he s listening . EOS . EOS . EOS .
you re through . EOS . EOS . EOS .
i am starting to a a man . EOS .
you re disappointed tonight . EOS . EOS . EOS
i m trying to learn . EOS . EOS .
they re not so stupid . EOS . EOS .
i m addicted to addict . EOS . EOS .
he is said to succeed . EOS . EOS .
i m only if i can can . EOS .
i m just out of tom . EOS . EOS
i m not scared to fight . EOS . EOS
we re still out of lot . EOS . EOS
i is two years i know . EOS . EOS
he is taking a letter . EOS . EOS .
i m ashamed of my team . EOS . EOS
they re not talking . EOS . EOS . EOS
he re quite how to he ? EOS . EOS
he is always at these these . EOS . EOS
i m accustomed in boston . EOS . EOS .
i m bored . EOS . EOS . EOS .
he s having an an me . EOS . EOS
i m sure . tom s . . EOS .
i m waiting for you EOS . EOS . EOS
they re lying to get me . EOS . EOS
i m coming to your decision . EOS . EOS
i re going to see my patience . EOS .
we re already drunk . EOS . EOS . EOS
i re going in how . EOS . EOS .
she s in in charge . EOS . EOS .
i m leaving that i can do that . EOS
you re very very proud of you . EOS .
we re disappointed about that ? EOS . EOS .
i is talking to succeed tom . EOS . EOS
he s much too slow . EOS . EOS .
we re no longer tired anymore . EOS . EOS
he s about . EOS . EOS . EOS .
i m glad to protect you . EOS . EOS
we re going there . EOS . EOS . EOS
i m my partner . EOS . EOS . EOS
i m going back . EOS . EOS . EOS
i m not naive . EOS . EOS . EOS
they re not interested on the cold . EOS .
he is fluent in he he . EOS . EOS
i m glad that is sick . EOS . EOS
we re paying this week . EOS . EOS .
he is fluent in he he ? EOS ? EOS
you re my best friend too ! EOS ! EOS
they re trying our our people . EOS . EOS
he s addicted to addict . EOS . EOS .
he is still full alive . EOS . EOS .
you re sure it . EOS . EOS . EOS
he is full of a doctor . EOS . EOS
i m afraid that he s job . EOS .
she is running much much much . EOS . EOS
he is always to be by me . EOS .
they aren t going dressed . EOS . EOS .
he s with his german . EOS . EOS .
i m looking for someone . EOS . EOS .
you re fine . EOS . EOS . EOS .
i m going out . EOS . EOS . EOS
i m extremely this morning . EOS . EOS .
i m keeping your letter . EOS . EOS .
i m not going to name you . EOS .
you re only afraid of yourself . EOS . EOS
you re lying . EOS . EOS . EOS .
they re reading . EOS . EOS . EOS .
i m not really in october . EOS . EOS
we are faced with many difficulties . EOS . EOS
i m not to the manager . EOS . EOS
i m looking for friend . EOS . EOS .
i re thinking of mary . EOS . EOS .
he is very hard hard . EOS . EOS .
you re what what what you ? EOS ? EOS
we re lucky to stay here . EOS . EOS
i m looking for a little longer . EOS .
we re heading complaining . EOS . EOS . EOS
i m listening with your father ? EOS . EOS
you re an irresponsible idiot . EOS . EOS .
we re tired how ? EOS . EOS . EOS
you re in spanish EOS . EOS . EOS .
we re closing my uncle . EOS . EOS .
i m right behind her . EOS . EOS .
i m sort looking . EOS . EOS . EOS
i m exhausted . EOS . EOS . EOS .
i m very disappointed about you . EOS . EOS
i m feeling like a little . . EOS .
we re leaving we can t you ? EOS .
i m quite here . EOS . EOS . EOS
he is my son . EOS . EOS . EOS
we re going to protect you . EOS . EOS
i re starting to go you ? EOS . EOS
we re worried about ? EOS . EOS . EOS
you re on the right here . EOS . EOS
he s lying in work . EOS . EOS .
you re tough . EOS . EOS . EOS .
she s the oldest . . EOS . EOS .
he s not from anything . EOS . EOS .
we re just everything . EOS . EOS . EOS
i m from to him . EOS . EOS .
i m certain of that . EOS . EOS .
he re always tired ? EOS . EOS . EOS
we re all dead . EOS . EOS . EOS
i re going to die . EOS . EOS .
i m just trying to do that . EOS .
he s wearing tom . EOS . EOS . EOS
i m going to do that ! EOS . EOS
we re all very . EOS . EOS . EOS
i m not totally all . EOS . EOS .
you re as old as me . EOS . EOS
i m a member right . EOS . EOS .
i m convinced that you re safe . EOS .
i m coming . EOS . EOS . EOS .
he is ready to EOS . EOS . EOS .
i m about to go . EOS . EOS .
i m lying your way . EOS . EOS .
i m fine . EOS . EOS . EOS .
they are not their their proposal . EOS . EOS
he s his of of his brother . EOS .
i m not joking . EOS . EOS . EOS
she s not supposed to drive . EOS . EOS
you re about ? EOS . EOS . EOS .
you re going to EOS . EOS . EOS .
i m full more shit . EOS . EOS .
she is trying to talk with . EOS . EOS
you re not going to go . EOS . EOS
she is perfect perfect . EOS . EOS . EOS
you re on a hard . . EOS . EOS
you re your own confused . you ? EOS .
he is attracted to asian . EOS . EOS .
we re going to die . EOS . EOS .
you re supposed to help them . EOS . EOS
he s a college . . EOS . EOS .
i am fond fond . EOS . EOS . EOS
he s russian french . EOS . EOS . EOS
he is at here . EOS . EOS . EOS
i am drinking french . EOS . EOS . EOS
i m thinking french . EOS . EOS . EOS
i m studying french . EOS . EOS . EOS
i m not taking them . EOS . EOS .
we re talking to give . EOS . EOS .
i m sure we can this this . EOS .
i m paying with this week . EOS . EOS
they re talking . EOS . EOS . EOS .
i m learning books . EOS . EOS . EOS
you re russian ? EOS . EOS . EOS .
they re going to . me . EOS . EOS
we re leaving in boston . EOS . EOS .
i m not about my car . EOS . EOS
you re back . EOS . EOS . EOS .
we re not how aren you ? EOS . EOS
he re not staying in he ? EOS . EOS
they re eating bread . EOS . EOS . EOS
you re reading . EOS . EOS . EOS .
i am following . EOS . EOS . EOS .
he s lying . EOS . EOS . EOS .
he is not one . EOS . EOS . EOS
you re eager to see to go . EOS .
we re all in trouble . EOS . EOS .
you re a teacher . EOS . EOS . EOS
he s sleeping . EOS . EOS . EOS .
i m still drunk . EOS . EOS . EOS
he s annoying . EOS . EOS . EOS .
i m tired of english . EOS . EOS .
they re in in . . EOS . EOS .
i m using tom . EOS . EOS . EOS
we re leaving tomorrow tomorrow tomorrow . EOS . EOS
you re washing the guests . EOS . EOS .
you re optimistic . EOS . EOS . EOS .
i m studying in french . EOS . EOS .
i m looking off . EOS . EOS . EOS
he is been in in in . EOS . EOS
he s an intelligent . . EOS . EOS .
i m looking for tom . EOS . EOS .
he s still dressed . EOS . EOS . EOS
he s about to run . EOS . EOS .
you re on for the . . EOS . EOS
i am willing to him . EOS . EOS .
i am worried about his health . EOS . EOS
she is much too polite . EOS . EOS .
he s lying . EOS . EOS . EOS .
he is my partner . EOS . EOS . EOS
he s enjoying tom . EOS . EOS . EOS
they re canadians . EOS . EOS . EOS .
i am looking for her . EOS . EOS .
he is under his father s . EOS . EOS
i m looking forward . EOS . EOS . EOS
i am using . EOS . EOS . EOS .
we re working . EOS . EOS . EOS .
i is having to stay . EOS . EOS .
he is far from happy . EOS . EOS .
i m tom s hard . EOS . EOS .
he is at his office . EOS . EOS .
you re probably up ! EOS . EOS . EOS
you re cheating . EOS . EOS . EOS .
i m poorly . EOS . EOS . EOS .
he is rich . EOS . EOS . EOS .
he is available . EOS . EOS . EOS .
we re doing this . EOS . EOS . EOS
you re famous . EOS . EOS . EOS .
she is drunk . EOS . EOS . EOS .
i m convinced . EOS . EOS . EOS .
he s trying to quit smoking . EOS . EOS
i m going this . EOS . EOS . EOS
i m thinking of a lawyer . EOS . EOS
you re at late late . EOS . EOS .
he s in in a health . EOS . EOS
i m learning how ? EOS . EOS . EOS
they re on the law . EOS . EOS .
i am off today . EOS . EOS . EOS
she s tired ? EOS . EOS . EOS .
i m fed up . EOS . EOS . EOS
i m drunk . EOS . EOS . EOS .
i m standing ? EOS . EOS . EOS .
he s lying in german . EOS . EOS .
i m having trouble . EOS . EOS . EOS
you re russian how aren t you ? EOS .
i am a only child child . EOS . EOS
you re leaving tv . EOS . EOS . EOS
i m lying . EOS . EOS . EOS .
we re going to take . EOS . EOS .
they re working at the bus . EOS . EOS
they re going to pay . EOS . EOS .
we re lying in your debt . EOS . EOS
he s coming on a cold . EOS . EOS
he is able to speak . EOS . EOS .
we are not in english . EOS . EOS .
they re not the manager . EOS . EOS .
he s full of his performance . EOS . EOS
he s in in for a cold . EOS .
i re totally that you re safe . EOS .
he s making a little tired . EOS . EOS
they re supposed to show . EOS . EOS .
i m having trouble to . . EOS . EOS
i s careful . EOS . EOS . EOS .
i m dying to EOS . EOS . EOS .
she s lying to me . EOS . EOS .
you re welcome . EOS . EOS . EOS .
i is as like it . EOS . EOS .
he s on the phone . . EOS . EOS
i m looking to see tom . EOS . EOS
we re not good at math . EOS . EOS
i am looking forward to see you again . EOS
i am staying with me . EOS . EOS .
she s afraid of me . EOS . EOS .
i m not thinking of keeping . EOS . EOS
we re on the dishes . EOS . EOS .
he is not supposed . EOS . EOS . EOS
she s a dj . EOS . EOS . EOS
we re used to french next month . EOS .
i m trying to buy a new car . EOS
he s in in great bad . EOS . EOS
she is good at . . EOS . EOS .
she s lying . EOS . EOS . EOS .
we re all scared . EOS . EOS . EOS
i m looking to see your was . EOS .
you re supposed to be my patience . EOS .
i m not this free . EOS . EOS .
i m still things to tell . EOS . EOS
he is lying in love . EOS . EOS .
you re bored . EOS . EOS . EOS .
she s studying in her . EOS . EOS .
i m thinking . EOS . EOS . EOS .
you re not coming ! EOS . EOS . EOS
he m sure tom s tonight . EOS . EOS
i m listening to such him ! EOS ! EOS
i m doing this like this . EOS . EOS
i m fond of making up . EOS . EOS
i m thirty a new house . EOS . EOS
we s from her . EOS . EOS . EOS
he is fond of her . EOS . EOS .
i m still a little . EOS . EOS .
he is taking at the university . EOS . EOS
he s annoying how how . EOS . EOS .
i m not looking like my like . EOS .
he is been in tokyo . EOS . EOS .
he is said to be not here . EOS .
i m only longer he anymore . EOS . EOS
i m not a gentleman . EOS . EOS .
she is not very rich . EOS . EOS .
he is been in a gentleman . EOS . EOS
you re doing to know . EOS . EOS .
