he s happy about t he ? EOS . EOS
i m too old for this world . EOS .
i m working at it s wrong . EOS .
he s learning ? he ? EOS . EOS .
i m almost the same s . . EOS .
i m going to have in in . EOS .
i m now . EOS . EOS . EOS .
they re part of . . EOS . EOS .
i m not going to buy . EOS . EOS
i m going . EOS . EOS . EOS .
i am good at today . EOS . EOS .
he s so a great job . EOS . EOS
she s lying one aren aren t you ? EOS
i am going to for this . . EOS .
he is capable of he . EOS . EOS .
he is not at the . . . EOS .
i m sick up ! EOS ! EOS . EOS
i m not to regret him . EOS . EOS
i m having for now now . EOS . EOS
he is a problem a problem . EOS . EOS
she is a good to for me . EOS .
i m a member with . EOS . EOS .
she s doing to have a a cold . EOS
i am not in to learn . EOS . EOS
they re out . EOS . EOS . EOS .
i m not good with her . EOS . EOS
i am interested in politics . EOS . EOS .
he is already hard . EOS . EOS . EOS
i am eating an apple . EOS . EOS .
i m having tired . . EOS . EOS .
i m not going to lose . . EOS .
he is an office office worker . EOS . EOS
i m quite short of these . EOS . EOS
i m going to regret this . EOS . EOS
he s reading the of of book . EOS .
i m surprised to see you here . EOS .
she s expecting a trip . EOS . EOS .
i m learning out of . EOS . EOS .
i m learning something to something . EOS . EOS
i am studying in them . EOS . EOS .
he s a to a . . EOS . EOS
he s not friend . EOS . EOS . EOS
he is in in his . . EOS . EOS
he s on a phone job . EOS . EOS
he s a teacher the team . EOS . EOS
i m sure that he will EOS . EOS .
he is making to be been . EOS . EOS
he s working in the hard hard . EOS .
he is in of blood . EOS . EOS .
he s fit to something . EOS . EOS .
he is on in for . . EOS . EOS
he is anything but a . . EOS . EOS
he s always dressed to his room . EOS .
he s in in in a house . EOS .
he is taller than i am . EOS . EOS
he is not what he he . EOS . EOS
he s t in for . EOS . EOS .
he is afraid of being sick . EOS . EOS
i am going to with her . EOS . EOS
she s in in in the . . EOS .
she s a born . . EOS . EOS .
she is beautiful beautiful ! EOS . EOS . EOS
she is never . younger . EOS . EOS .
i re welcome . EOS . EOS . EOS .
i m putting this he . EOS . EOS .
we re at the door . EOS . EOS .
i m just sorry . EOS . EOS . EOS
she is old enough . . EOS . EOS .
i am in at the police . EOS . EOS
you re very of of . EOS . EOS .
i m afraid that s out . EOS . EOS
i m listening to have a . . EOS .
i m the one s ? EOS . EOS .
i m sure that i have did . EOS .
he s quite the french . EOS . EOS .
he is on his EOS . EOS . EOS .
he re afraid that isn t he ? EOS .
he s out for for that . EOS . EOS
you re very of my job . EOS . EOS
i am drinking . . EOS . EOS . EOS
we re not supposed to do that . EOS .
they re all going to go all . EOS .
he s lying in in this world . EOS .
we re running late that this . EOS . EOS
he s a hot person . EOS . EOS .
he is my son . EOS . EOS . EOS
she is going to leave next week . EOS .
he is happy for the result . EOS . EOS
i re staying how about me . EOS . EOS
we re happy for what he was . EOS .
he is on in trouble . EOS . EOS .
he is said to be rich . EOS . EOS
you re disgusting . EOS . EOS . EOS .
i m not supposed to be . EOS . EOS
he is going to buy the . . EOS .
i m reading . EOS . EOS . EOS .
he is going to run to me . EOS .
i am used to go . . . EOS .
i m sorry . being being . EOS . EOS
we re leaving to him . EOS . EOS .
he s giving to learn . EOS . EOS .
he is fond of much much . EOS . EOS
he s right right right . EOS . EOS .
we re coming . EOS . EOS . EOS .
she s on in to . . EOS . EOS
i m going to me . EOS . EOS .
you are not in . . EOS . EOS .
he is utterly in trouble . EOS . EOS .
i m not looking at you . EOS . EOS
i m washing it her again . EOS . EOS
he is leaving how . EOS . EOS . EOS
he re a little tired . EOS . EOS .
she is making him . EOS . EOS . EOS
i m not fighting you . EOS . EOS .
i re not thinking of wrong . EOS . EOS
he s sick up . EOS . EOS . EOS
i re the one s t you ? EOS .
he s coming . EOS . EOS . EOS .
you re reading a new friend . EOS . EOS
we re coming ! EOS . EOS . EOS .
he s standing a isn t he ? EOS .
you re only alone to learn . EOS . EOS
i m not really of this . EOS . EOS
i m not your enemy . EOS . EOS .
he re what you ? do ? ? ? ?
i m laughing . EOS . EOS . EOS .
we re alone aren t you ? EOS . EOS
i m working in this . EOS . EOS .
i m in to stay in for . EOS .
he s annoying to swim . EOS . EOS .
i re going to take the EOS . EOS .
you re your your your . EOS . EOS .
i re going to have your ? EOS . EOS
i m fond of music . . EOS . EOS
i am going to show you . EOS . EOS
he s one . EOS . EOS . EOS .
i re ready how to you ? EOS . EOS
he s coming how ? EOS . EOS . EOS
i m not learning now . EOS . EOS .
you re going to do that ? EOS . EOS
he s working on a new life . EOS .
i am coming to buy a a . . .
he s good it . EOS . EOS . EOS
he s fond . EOS . EOS . EOS .
he s mad ! EOS . EOS ! EOS .
i m sorry if . EOS . EOS . EOS
he s not french . EOS . EOS . EOS
i m having a with of a problem . EOS
he s a . . EOS . EOS . EOS
i m staying to do that ? EOS . EOS
she is my pretty . EOS . EOS . EOS
they re not alone . EOS . EOS . EOS
i am quite too . EOS . EOS . EOS
he s on to be . EOS . EOS .
i m afraid how he will ? EOS . EOS
i m thinking of making . EOS . EOS .
he is going to have to buy . EOS .
i m feeling how ? she ? she . EOS
we re working . EOS . EOS . EOS .
he s lying here in . EOS . EOS .
you re very very angry . EOS . EOS .
you re just hungry that . EOS . EOS .
he is going to be a father . EOS .
he isn afraid of shit . EOS . EOS .
she is talking how how ? EOS . EOS .
we re here here . EOS . EOS . EOS
i m the one who ? ? EOS ? EOS
he is making up . EOS . EOS . EOS
i am going to see tomorrow . EOS . EOS
i am wearing the door . EOS . EOS .
he is hard with your job . EOS . EOS
he is not in a how . EOS . EOS
i m letting . EOS . EOS . EOS .
he s working at his job . EOS . EOS
she s making a cold aren t you ? EOS
she is full . EOS . EOS . EOS .
we re really close for time . EOS . EOS
he is on his way . EOS . EOS .
they re in in . . . EOS . EOS
i m not changing me . EOS . EOS .
i m going to that place . EOS . EOS
i m only to to help you . EOS .
i re tired how ? EOS . EOS . EOS
he is running to blame . EOS . EOS .
he is the oldest person . . EOS . EOS
they re talking . EOS . EOS . EOS .
he s watching . EOS . EOS . EOS .
she s always for my daughter . EOS . EOS
i am fond . EOS . EOS . EOS .
i m also but i but i . EOS .
you re what what . . EOS . EOS .
i m starting to me me . EOS . EOS
i am learning how and and brother . EOS .
you re lying again aren t you ? EOS .
you re crazy . EOS . EOS . EOS .
he is asking to see you . EOS . EOS
i m reading . EOS . EOS . EOS .
she is my house . EOS . EOS . EOS
i m bored . EOS . EOS . EOS .
she s mad . EOS . EOS . EOS .
he s drunk . EOS . EOS . EOS .
i m running out of cash . EOS . EOS
she s full lazy . EOS . EOS . EOS
she s in in the . . EOS . EOS
i m scared of spiders . EOS . EOS .
i m no longer sick of more . EOS .
you re only up to know ! EOS . EOS
i m not taking of me . EOS . EOS
he is almost not confident . EOS . EOS .
he is learning his . . EOS . EOS .
he is the oldest i i have . EOS .
we re not doing that alone . EOS . EOS
i am a little for you . EOS . EOS
i m not surprised . EOS . EOS . EOS
i m starting to how about that . EOS .
he is always my my friend . EOS . EOS
he s not college . EOS . EOS . EOS
i m taking a diet of . EOS . EOS
she is a hard and girl ? EOS . EOS
he re what what what what will get . EOS
he s ready to leave a cold tomorrow . EOS
she s about how . EOS . EOS . EOS
they re on commercials . . EOS . EOS .
i m not going to die . EOS . EOS
he is going to swim more a secret . EOS
we re heading . EOS . EOS . EOS .
i m going to with them . EOS . EOS
i m on a little . EOS . EOS .
they re not interested . EOS . EOS . EOS
she s already sleeping . EOS . EOS . EOS
i m what it s you ? EOS . EOS
he is hard at money . EOS . EOS .
he s a writer . EOS . EOS . EOS
i m looking at a uncle . EOS . EOS
we re ready . . EOS . EOS . EOS
she is in in to . . EOS . EOS
he s not ? EOS . EOS . EOS .
i am waiting . EOS . EOS . EOS .
i m also ? EOS . EOS . EOS .
he s attracted to go the . . EOS .
he s not leaving . EOS . EOS . EOS
he is his his car . EOS . EOS .
she s very good very . EOS . EOS .
i m on the right cook . EOS . EOS
you re not ? EOS ? EOS . EOS .
he s tired tired we re ? EOS . EOS
you re going to . . EOS . EOS .
he s a how s a cold . EOS .
we re on a lot of . . EOS .
he is not not bad as this . EOS .
i m not thinking . EOS . EOS . EOS
we re happy about it . ? EOS . EOS
she s on her job . EOS . EOS .
i m waiting and me . . me . EOS
you re acting at your own . EOS . EOS
i am confused how to speak you . EOS .
you re my hero . EOS . EOS . EOS
he is on my daughter . EOS . EOS .
i m going to my here . EOS . EOS
we re going how he ? ? EOS . EOS
i re right to do that ? EOS ? EOS
he is not to be . . EOS . EOS
they re right behind me . EOS . EOS .
she is an an an . EOS . EOS .
i m right behind you . EOS . EOS .
he s doing his closet . EOS . EOS .
she s here to spy on us . EOS .
they re not to . . EOS . EOS .
he isn isn isn from a car . EOS .
i m sure that i can t EOS . EOS
he s not in the the . . EOS .
i re standing how ? EOS . EOS . EOS
he is used to do it . EOS . EOS
they re in the same . EOS . EOS .
he s eating over . EOS . EOS . EOS
he s got his hair . EOS . EOS .
we re not going home . EOS . EOS .
we re doing how . EOS . EOS . EOS
you re very very happy . EOS . EOS .
she s looking too much class for tv . EOS
i m not how about that . EOS . EOS
i m making a new late . EOS . EOS
i m always short with my brother . EOS .
she is about . . EOS . EOS . EOS
you re bored . EOS . EOS . EOS .
i m done how how ? EOS . EOS .
we re going to lose him ! EOS . EOS
he re what it he ? EOS . EOS .
he is on to go at . EOS . EOS
you re not supposed to do that . EOS .
you re lying to be . . EOS . EOS
you re annoying hard ! EOS . EOS . EOS
she s staying up s ? EOS . EOS .
she is five . . . EOS . EOS .
she s fine . EOS . EOS . EOS .
i m glad she liked it . EOS . EOS
i m mad . EOS . EOS . EOS .
you re lying with her . EOS . EOS .
he is much at to . . EOS . EOS
i m learning to . . . EOS . EOS
he is going to be jealous . EOS . EOS
i m going how to do it . EOS .
you re russian ? EOS . EOS . EOS .
i m sorry that s game . EOS . EOS
we re leaving how ? you ? EOS . EOS
you re always job . EOS . EOS . EOS
i am from the city ! EOS . EOS .
he s not friend . EOS . EOS . EOS
i m sorry i hurt you . EOS . EOS
he is his his job . EOS . EOS .
she s lying how ? EOS . EOS . EOS
you re a man now . EOS . EOS .
they re heading in the same . . EOS .
he re sure she ? he ? EOS ? EOS
he s a bigot . EOS . EOS . EOS
we re staying it ? EOS . EOS . EOS
i m not to with with you . EOS .
i m just scared . EOS . EOS . EOS
i re tired of . EOS . EOS . EOS
you re going to be jealous . EOS . EOS
i re going how . EOS . EOS . EOS
she s in in . . EOS . EOS .
i re coming for me . EOS . EOS .
she s waiting for you at home . EOS .
he s in to go . EOS . EOS .
he is always careful . EOS . EOS . EOS
he is coming to be strong . EOS . EOS
i m coming to help you . . EOS .
i m not like of you . EOS . EOS
you re quite it . EOS . EOS . EOS
re isn t one isn t ? EOS . EOS
you re sure again in go ? EOS ? EOS
i re always isn t she ? EOS . EOS
they re in trouble . EOS . EOS . EOS
we re out out car a car . EOS .
i m lying . EOS . EOS . EOS .
i m not going to . . EOS . EOS
i m not saying them . EOS . EOS .
i m very impressed . EOS . EOS . EOS
you re not coming ! EOS . EOS . EOS
we re not not yet yet . EOS . EOS
she s not sick . EOS . EOS . EOS
he is taking at the day . EOS . EOS
i am trying to to my friends . EOS .
we re going to have ? EOS ? you ?
i m sorry me . EOS . EOS . EOS
we re eating . EOS . EOS . EOS .
i am glad that i was you . EOS .
he is very attractive man . EOS . EOS .
i m having a little . . . EOS .
they re talking . EOS . EOS . EOS .
you re doing this to do that ! EOS .
she s in to leave ! EOS ! EOS .
i m not going anything anything . EOS . EOS
they re trying in . EOS . EOS . EOS
he s not full of shit . EOS . EOS
we re staying . EOS . EOS . EOS .
we re coming . EOS . EOS . EOS .
you aren t busy now are you ? EOS .
you re making how aren t you ? ? ?
you re kind of cute . EOS . EOS .
i am so to to she is too . EOS
he s crazy about EOS . EOS . EOS .
you re very wise . EOS . EOS . EOS
you re very rude . EOS . EOS . EOS
you re very curious . EOS . EOS . EOS
you re very attractive . EOS . EOS . EOS
she s quite not at all . EOS . EOS
i m living with him . EOS . EOS .
she s done ? . EOS . EOS . EOS
you re not going to EOS . EOS . EOS
you re not going to lose . EOS . EOS
you re comparing ! ! EOS . EOS . EOS
she is very cunning . EOS . EOS . EOS
you re crazy about me . EOS . EOS .
he s addicted to addict . EOS . EOS .
we re coming you home . . EOS . EOS
you re going to take you you . EOS .
i m sick . EOS . EOS . EOS .
you re no longer in me . . EOS .
i m not thinking ! EOS ! EOS . EOS
i m going to take in . EOS . EOS
i m not going to lose . EOS . EOS
she s a pacifist . EOS . EOS . EOS
she s writing his with his . EOS . EOS
i m afraid that won . EOS . EOS .
i m not doing to do it . EOS .
i m a trouble . . EOS . EOS .
i m learning tired in that . EOS . EOS
i m looking for your uncle . EOS . EOS
i m living at playing . EOS . EOS .
i m waiting this this . . EOS . EOS
i m no longer afraid of anymore . EOS .
i am interested at the door . EOS . EOS
i m still happy to go . EOS . EOS
i m really hard hard . EOS . EOS .
he s got to asian . . EOS . EOS
we re not very free . EOS . EOS .
he s lying how about about . EOS . EOS
you re impressed aren t you ? EOS ? EOS
i m doing this this out . EOS . EOS
i m afraid it he he . EOS . EOS
i m afraid of i sick . EOS . EOS
i m feeling lonely . EOS . EOS . EOS
i am in in . . . EOS . EOS
i m doing this for this . EOS . EOS
i m not thinking t speak her t . EOS
i m thinking . EOS . EOS . EOS .
i m putting here . EOS . EOS . EOS
i m making things . EOS . EOS . EOS
i m learning very . . EOS . EOS .
he s down . EOS . EOS . EOS .
i m only that their that . EOS . EOS
i m going to see the night . EOS .
i m trying to learn you . EOS . EOS
he is fond . EOS . EOS . EOS .
they re crazy . EOS . EOS . EOS .
i m ashamed out . EOS . EOS . EOS
i m just ready . EOS . EOS . EOS
i m not really you of you . EOS .
i m sorry trying to buy it . EOS .
i m going to to help you . EOS .
i m going to feel . . EOS . EOS
he s your own tom t he ? EOS .
you re in my seat . EOS . EOS .
i m your partner . EOS . EOS . EOS
you re going to go . EOS . EOS .
they re still here . EOS . EOS . EOS
i m not wearing the . . EOS . EOS
i m at him . EOS . EOS . EOS
you re making better ? EOS . EOS . EOS
i m at at what is together . EOS .
you re parked . EOS . EOS . EOS .
you re not old enough to drink . EOS .
you re not helping . EOS . EOS . EOS
we re going to have ? EOS . EOS .
i m letting to you you you . EOS .
i m beginning to . . EOS . EOS .
she is fond of her . EOS . EOS .
i m lazy lazy . EOS . EOS . EOS
she is fond of making . . EOS . EOS
you re lying aren t you ? EOS . EOS
i m not even any . EOS . EOS .
we re trying of him . EOS . EOS .
he is not for a a . . EOS .
she is always trying to get up . EOS .
he s never too too fast . EOS . EOS
you re coming ! EOS . EOS . EOS .
you re the same ? EOS . EOS . EOS
they re enjoying to of . . EOS . EOS
i m having trouble . EOS . EOS . EOS
i m in a little money . EOS . EOS
i m already all over . EOS . EOS .
you re on the to go . EOS . EOS
they re almost fat . EOS . EOS . EOS
she is not like the others . EOS . EOS
she is my only to . . EOS . EOS
i am quite happy to learn . EOS . EOS
i m not like you . EOS . EOS .
she is about to . . EOS . EOS .
he re afraid of he ? EOS . EOS .
we re a good team . EOS . EOS .
you re driving to him ! EOS . EOS .
i m very careful . EOS . EOS . EOS
he is very cross . EOS . EOS . EOS
they re not fighting . EOS . EOS . EOS
i am writing a letter . EOS . EOS .
he s in bed . EOS . EOS . EOS
they re all fine . EOS . EOS . EOS
he is the master . EOS . EOS . EOS
he s not going to . . EOS . EOS
i m making a to buy EOS . EOS .
you re not helping the same . . EOS .
i m accustomed in in bed . EOS . EOS
we re finally alone . EOS . EOS . EOS
i m having of . EOS . EOS . EOS
he re what it s t she ? EOS .
we re working how aren t he ? EOS .
they re out . EOS . EOS . EOS .
i m going to you you a book . EOS
i m fine with tom ? EOS . EOS .
i m staying how ? you ? EOS . EOS
they re sure that ? EOS . EOS . EOS
they re kind . . EOS . EOS . EOS
i m not really in you . EOS . EOS
you re in big . EOS . EOS . EOS
i m so bored . EOS . EOS . EOS
i m afraid tom tom will succeed . EOS .
i am able to speak speak . EOS . EOS
we re confused it . EOS . EOS . EOS
i m the one who here ? EOS . EOS
he s not dressed dressed . EOS . EOS .
i m going to have a a new friend .
he s in how s ? EOS . EOS .
you re not in in now . EOS . EOS
i m going to take . EOS . EOS .
i m having an lot rush . EOS . EOS
i m not at at EOS . EOS . EOS
i re fine about you . EOS . EOS .
you re welcome welcome . EOS . EOS . EOS
i m going to wait in car . EOS .
we re sorry ? you ? EOS . EOS .
he is interested in . EOS . EOS . EOS
i m school at school . EOS . EOS .
i m not defending the same . EOS . EOS
he s always isn isn t she ? EOS .
he s not isn he ? EOS . EOS .
he is very timid . EOS . EOS . EOS
i m your friend . EOS . EOS . EOS
he is really hard . EOS . EOS . EOS
i am thinking of my s . EOS . EOS
she s coming for her . EOS . EOS .
he s t isn t he ? EOS . EOS
we re in how aren t you ? EOS .
they re in . . EOS . EOS . EOS
i m sort of tired . EOS . EOS .
i m running out of EOS . EOS . EOS
she s in the the . . EOS . EOS
i m going to to . . . EOS .
i re on to buy the EOS . EOS .
he s standing ! EOS . EOS . EOS .
you are much . . EOS . EOS . EOS
i re shivering you ? EOS ? EOS . EOS
you re part of the problem . EOS . EOS
i m reading . EOS . EOS . EOS .
i m coming to you ! EOS . EOS .
he is not really in . EOS . EOS .
i m not a criminal . EOS . EOS .
you re very talented . EOS . EOS . EOS
he s in a cook . EOS . EOS .
you re famous . EOS . EOS . EOS .
you re early . EOS . EOS . EOS .
they re probably pretty things . . EOS . EOS
i m through . EOS . EOS . EOS .
i m tidy . EOS . EOS . EOS .
he is probably of my son . EOS . EOS
he s tired . EOS . EOS . EOS .
i m finished in with your . EOS . EOS
he is playing a good at . . EOS .
they re doctors . EOS . EOS . EOS .
they re going to buy . EOS . EOS .
they re stalling . EOS . EOS . EOS .
they re surprised . EOS . EOS . EOS .
you re your ? EOS . EOS . EOS .
he re always how ? EOS . EOS . EOS
she s lucky . EOS . EOS . EOS .
she s on in EOS . EOS . EOS .
she s got to hair . EOS . EOS .
she is angry with you . EOS . EOS .
she s on her way . EOS . EOS .
we re special . EOS . EOS . EOS .
we re leaving . EOS . EOS . EOS .
we re home home . EOS . EOS . EOS
we re a a . . EOS . EOS .
he s on to . . EOS . EOS .
he s one . EOS . EOS . EOS .
we re not impressed . EOS . EOS . EOS
you re not like you . EOS . EOS .
i m not trying . EOS ! EOS . EOS
i m not about . EOS . EOS . EOS
i m not very polite . EOS . EOS .
i m really not busy . EOS . EOS .
you re all set ? EOS . EOS . EOS
we re all all . . EOS . EOS .
i s fine . EOS . EOS . EOS .
i m done with all this . EOS . EOS
i re working at anything at you . EOS .
they re so happy . EOS . EOS . EOS
you re doing it him ! EOS . EOS .
he s on to you ! EOS . EOS .
he s on in to . . EOS . EOS
we re bored to do your . EOS . EOS
you re early . EOS . EOS . EOS .
i m taking at weight . EOS . EOS .
she is all the in the . . EOS .
i m talking with tom s . EOS . EOS
i m the on in the world . EOS .
you re not all busy . EOS . EOS .
i m waiting for one . EOS . EOS .
i m kidding . EOS . EOS . EOS .
i m tired of all this . . EOS .
i m not making . EOS . EOS . EOS
he is on and of his EOS . EOS .
i m not talking to tom . EOS . EOS
you re on the kids . EOS . EOS .
he s a hard cook . . EOS . EOS
he is going to get ? EOS . EOS .
he s very very . . EOS . EOS .
you re not very funny . EOS . EOS .
you re happy to see you again . EOS .
i m learning one with tom . EOS . EOS
i m not scared to think you . EOS .
we re very angry . EOS . EOS . EOS
you re lying . EOS you ? EOS . EOS
i m going to regret . EOS . EOS .
i m going to to for this . EOS .
he is very full . EOS . EOS . EOS
she is german again aren t she ? EOS .
you re acting like a child . EOS . EOS
he is always careful . EOS . EOS . EOS
you re always full of shit . EOS . EOS
they re on the same . . EOS . EOS
you re making a little beautiful . EOS . EOS
you re lying . EOS . EOS . EOS .
you re a good person . EOS . EOS .
we re what what we can t do ? EOS
he is looking for job . EOS . EOS .
he s full of he ? EOS . EOS .
i m going to teach you . EOS . EOS
he is very hard in his job . EOS .
you re the one to tell you ? EOS .
i m having an . . EOS . EOS .
i m thirty . EOS . EOS . EOS .
i m eating . EOS . EOS . EOS .
he s doing to do something . EOS . EOS
i m depressed . EOS . EOS . EOS .
i m supposed to see you tom . EOS .
we re leaving to australia . EOS . EOS .
i m thinking of that . EOS . EOS .
i m looking forward to seeing your father . EOS
we re looking for good time . EOS . EOS
they re weak . EOS . EOS . EOS .
i m a a a . . EOS . EOS
she s lying at that s ? EOS . EOS
he s in in to car car . EOS .
he s in paris paris . EOS . EOS .
she s asking how that ? ? EOS ? EOS
he s not dressed . EOS . EOS . EOS
i m sure that you re there . EOS .
i am a years of . . EOS . EOS
he s a bodybuilder isn t he ? EOS .
he re on in in ? EOS . EOS .
he is too cross to learn . EOS . EOS
i m staying with how s t ? EOS .
we re sorry . EOS . EOS . EOS .
he s on the same boat . EOS . EOS
i m going to feel you you . EOS .
i m much more more much anymore . EOS .
he s coming ? EOS . EOS . EOS .
he s never in love . EOS . EOS .
he s dead . EOS . EOS . EOS .
you re annoying . EOS . EOS . EOS .
i m sorry that i lied . EOS . EOS
i m not thinking of them . EOS . EOS
i m sorry if i . EOS . EOS .
i am looking forward to . . EOS . EOS
she s saving how how . EOS . EOS .
i m not doing anything . EOS . EOS .
i am looking forward . EOS . EOS . EOS
i m not to him . EOS . EOS .
he is a little really . . EOS . EOS
i m making how and ? ? ? ? EOS
i m thinking of learning my . EOS . EOS
she is not my friend . EOS . EOS .
you re lying on the time . EOS . EOS
he s not to . EOS . EOS . EOS
i m studying this that . EOS . EOS .
you re reading my job job . EOS . EOS
i m disappointed how how about you ? EOS .
you re happy about that ? EOS . EOS .
he is my son . EOS . EOS . EOS
i re shivering . EOS ? EOS . EOS .
we re both up . EOS . EOS . EOS
you re wearing them them . EOS . EOS .
she s a lawyer lawyer aren t you ? EOS
i m not scared . EOS . EOS . EOS
he s yours . . EOS . EOS . EOS
i m quite to the it . EOS . EOS
i re always my every . EOS . EOS .
he s a member in . EOS . EOS .
i re confused how you re ? EOS . EOS
they re not going to there . EOS . EOS
you re not supposed to think . EOS . EOS
he re what you what you ? EOS ? EOS
i m getting over and this . EOS . EOS
you re not angry are you ? EOS ? EOS
i m happy to my my friends . EOS .
i m learning ? EOS . EOS . EOS .
she s in to . . EOS . EOS .
i m drinking with australia . EOS . EOS .
we re what you ? EOS . EOS . EOS
he s in in for a gentleman . EOS .
i m asking to see you . . EOS .
i m not alone . EOS . EOS . EOS
she is not to making mistakes . EOS . EOS
he re what what you ? a bee . EOS
they re done . EOS . EOS . EOS .
he s sorry for the future . EOS . EOS
i m taking ready for the game . EOS .
you re ready to do that you ? EOS .
he s also a man . EOS . EOS .
she s happy to the entire . EOS . EOS
you re going to to train . EOS . EOS
i am my boss . EOS . EOS . EOS
we re very excited about that . EOS . EOS
i m feeling much much . EOS . EOS .
i m sure that i can that . EOS .
he s not wearing any buy . EOS . EOS
he s always very tired of you . EOS .
he is on me . EOS . EOS . EOS
they re washing to swim them . EOS . EOS
they re going to have to . . EOS .
they re on their . . EOS . EOS .
i m quite sick . EOS . EOS . EOS
he s lying how ? EOS . EOS . EOS
he s just to me . EOS . EOS .
we re going home home . EOS . EOS .
they re part of of my . . EOS .
i m lying . EOS . EOS . EOS .
you re russian how ? EOS . EOS . EOS
i m making this up in . . EOS .
i m a big coffee coffee . EOS . EOS
he s a bad . . EOS . EOS .
you re probably . . EOS . EOS . EOS
i am also a to a a . . EOS
you re free tonight . EOS . EOS . EOS
i m thinking to go . EOS . EOS .
they re not so confident . EOS . EOS .
i m almost to . . EOS . EOS .
he is said to be jealous . EOS . EOS
i m only thinking who can name . EOS .
i m just out of tom . EOS . EOS
i m not scared to fight . EOS . EOS
we re still out of much . EOS . EOS
he is something . i can . EOS . EOS
he s writing a letter . EOS . EOS .
i m ashamed of my girlfriend . EOS . EOS
they re not out . EOS . EOS . EOS
he re confused how to have . ? EOS .
he is always at home in . EOS . EOS
i m working in boston . EOS . EOS .
i m getting out . EOS . EOS . EOS
he is having an an an . EOS . EOS
i m tired . tom s . . EOS .
i m waiting for you . EOS . EOS .
they re missing me to me . EOS . EOS
i m waiting to your is . EOS . EOS
i re going to take my patience . EOS .
we re already . EOS . EOS . EOS .
i m going a how . EOS . EOS .
she s in charge . EOS . EOS . EOS
i m supposed that i can do that . EOS
you re very very much of yourself . EOS .
you re disappointed about ? EOS . EOS . EOS
i is talking to like tom . EOS . EOS
he is much too much . . EOS . EOS
we aren t longer married . EOS . EOS .
he s quite . EOS . EOS . EOS .
i m anxious for you . EOS . EOS .
i re not going there . EOS . EOS .
i m my partner . EOS . EOS . EOS
i m going . . EOS . EOS . EOS
i m not naive . EOS . EOS . EOS
he is not on on the cold . EOS .
he is lying in he he ? EOS ? EOS
i m sick that s t sick . EOS .
we re going this week . EOS . EOS .
he is lying in he he ? EOS ? EOS
you re my best friend too ! EOS ! EOS
they re trying our our our . EOS . EOS
he s addicted to driving . EOS . EOS .
he is still full alive . EOS . EOS .
you re totally . EOS . EOS . EOS .
he is in a a doctor . EOS . EOS
i m just them of my job . EOS .
she is out much much much . EOS . EOS
he is always to be me me . EOS .
they re not going going . EOS . EOS .
he is with his s t . EOS . EOS
i m looking for someone . EOS . EOS .
you re worried about you ? EOS . EOS .
i m going out . EOS . EOS . EOS
i m really this morning . EOS . EOS .
i m really for your loss . EOS . EOS
i m not talking about you . EOS . EOS
you re no longer afraid of you . EOS .
you re too . . EOS . EOS . EOS
they re reading . EOS . EOS . EOS .
i m not really in these . EOS . EOS
we are faced with many . EOS . EOS .
i m not in it it is . EOS .
i m looking for a friend . EOS . EOS
i re quite . . EOS . EOS . EOS
he is very hard to buy . EOS . EOS
we re what you what what ? EOS ? EOS
we re lucky to stay here . EOS . EOS
i m expecting a little more more . . .
we re heading tired . EOS . EOS . EOS
he s worrying your own s ? EOS . EOS
you re an irresponsible idiot . EOS . EOS .
we re tired how ? EOS . EOS . EOS
we re in spanish . EOS . EOS . EOS
she s closing my patience . EOS . EOS .
i m right behind her . EOS . EOS .
i m looking at EOS . EOS . EOS .
i m exhausted . EOS . EOS EOS . EOS
i am very about . . you . EOS .
i m feeling like a little cold . EOS .
we re leaving with do that ? ? ? ?
i m much here aren t me . EOS .
he is my son . EOS . EOS . EOS
we re going to protect you . EOS . EOS
i m confused how you ? EOS . EOS .
i re worried about do EOS . EOS . EOS
you re on the right one . EOS . EOS
he s staying from work . EOS . EOS .
you re tough . EOS . EOS . EOS .
she s the same idea . EOS . EOS .
he s not from . . EOS . EOS .
we re just better . EOS . EOS . EOS
i m from to see her . EOS . EOS
i m certain of that . EOS . EOS .
he re always ? ? EOS ? EOS . EOS
we re all dead . EOS . EOS . EOS
i m going to ! EOS . EOS . EOS
we re doing to do do that . EOS .
he s standing tom . . EOS . EOS .
i m going to do that . EOS . EOS
we re about of . . EOS . EOS .
i m not all about that . EOS . EOS
you re as old as me . EOS . EOS
i m a member . . . EOS . EOS
i m happy that you re safe . EOS .
i m coming . EOS . EOS . EOS .
he is ready to leave . EOS . EOS .
i m about to go . EOS . EOS .
i m not good your . EOS . EOS .
i m fine . EOS . EOS . EOS .
they re not their their their . EOS . EOS
he s an his of his his . EOS .
i m not eating . EOS . EOS . EOS
she s not not not . EOS . EOS .
you re ? ? EOS . EOS . EOS .
you re washing the . . EOS . EOS .
i m full more younger . EOS . EOS .
she s afraid to talk with . EOS . EOS
you re not going to go . EOS . EOS
she is perfect perfect . EOS . EOS . EOS
you re on a hard . . EOS . EOS
you re your own like you ? EOS ? EOS
he is kind to a me . EOS . EOS
we re going to die . EOS . EOS .
you re supposed to help them . EOS . EOS
he s a salesman . . EOS . EOS .
i am fond of fond . EOS . EOS .
he s fluent ? he ? EOS . EOS .
he is at here . EOS . EOS . EOS
i am leaving french . EOS . EOS . EOS
i m going french . EOS . EOS . EOS
i m studying french . EOS . EOS . EOS
i m not taking them . EOS . EOS .
they re talking to buy . EOS . EOS .
i m sure we can this this . EOS .
i m paying with this card . EOS . EOS
they re talking . EOS . EOS . EOS .
i am learning interested . EOS . EOS . EOS
you re russian ? EOS . EOS . EOS .
they re going to pay happy . EOS . EOS
we re all in for . EOS . EOS .
you re not aren t you ? EOS ? EOS
he s working . EOS . EOS . EOS .
we re not how aren t you ? EOS .
he s not making he ? ? EOS EOS ?
they re going to bread . EOS . EOS .
you re reading . EOS . EOS . EOS .
i am looking at tom . EOS . EOS .
i am waiting for you . EOS . EOS .
he is not an american . EOS . EOS .
they re tired to see to go . EOS .
we re all in trouble . EOS . EOS .
you re a man . EOS . EOS . EOS
he s welcome . EOS . EOS . EOS .
i m a beginner . EOS . EOS . EOS
he s fond . EOS . EOS . EOS .
i m tired of dying . EOS . EOS .
he s in in . . EOS . EOS .
i m saving tom . EOS . EOS . EOS
we re leaving tomorrow tomorrow . EOS . EOS .
you re washing the window . EOS . EOS .
you re optimistic . EOS . EOS . EOS .
i m studying in french . EOS . EOS .
i m looking at tom . EOS . EOS .
he is learning how in the situation . EOS .
he s an handsome . . EOS . EOS .
i m saving with tom . EOS . EOS .
he s still dressed . EOS . EOS . EOS
he s standing to . . EOS . EOS .
they re on for the . . EOS . EOS
i am ready to get . EOS . EOS .
i am worried about his health . EOS . EOS
she is anything too drunk . EOS . EOS .
he s annoying . EOS . EOS . EOS .
i is on his . . EOS . EOS .
he s lying . . EOS . EOS . EOS
they re drunk . EOS . EOS . EOS .
i am going to . . EOS . EOS .
he s one in his father . EOS . EOS
i m looking for the fence . EOS . EOS
i am growing . EOS . EOS . EOS .
we re staying . EOS . EOS . EOS .
i is having to get up . EOS . EOS
he is far from happy . EOS . EOS .
i m tired with your performance . EOS . EOS
he is at his office . EOS . EOS .
you re probably up ! EOS . EOS . EOS
you re coming ! EOS . EOS . EOS .
i m beginning . EOS . EOS . EOS .
he is quiet . EOS . EOS . EOS .
he is drunk . EOS . EOS . EOS .
we re doing this . EOS . EOS . EOS
you re dangerous . EOS . EOS . EOS .
she is a father . EOS . EOS . EOS
i m convinced . EOS . EOS EOS . EOS
he s trying to get smoking . EOS . EOS
i m going this . EOS . EOS . EOS
i m going to a lawyer . EOS . EOS
you re probably late . EOS . EOS . EOS
he s in in a health . EOS . EOS
i m learning how ? EOS . EOS . EOS
they re on the for . EOS . EOS .
i am today today . EOS . EOS . EOS
she s ? isn t she ? EOS . EOS
i m full of shit . EOS . EOS .
i m running out of time . EOS . EOS
i m ? ? EOS . EOS . EOS .
he s in danger . isn ? EOS . EOS
i am fond . EOS . EOS . EOS .
he s standing confused and you ? EOS . EOS
i m not a new child . EOS . EOS
you re watching tv . EOS . EOS . EOS
i m coming . EOS . EOS . EOS .
he is going to take our house . EOS .
he is learning how for the room . EOS .
they re going to pay . EOS . EOS .
i re afraid how and your name . EOS .
he s coming on a cold . EOS . EOS
he is studying off . EOS . EOS . EOS
you re not english english . EOS . EOS .
they re not the same team . EOS . EOS
he s out of his . . EOS . EOS
he s in in for a secret . EOS .
i re right that you re safe . EOS .
he s making a little little . EOS . EOS
they re on to leave . EOS . EOS .
i m in trouble to EOS . EOS . EOS
you re washing . EOS . EOS . EOS .
i m bored to . . EOS . EOS .
she s lying to him . EOS . EOS .
he s a psychic . EOS . EOS . EOS
i is as like it . EOS . EOS .
he s on the phone . . EOS . EOS
i m looking to see tom . EOS . EOS
we re not good at math . EOS . EOS
i am looking forward to see you again . EOS
i am going with me . EOS . EOS .
she s afraid of me . EOS . EOS .
you re not going to get . . EOS .
we re on the window . EOS . EOS .
he s not on the . . EOS . EOS
she s a fast . . EOS . EOS .
we re used to the next next . EOS .
i m from to buy a new car . EOS
he s in in a bad of . EOS .
she is going to . . EOS . EOS .
she s lying . EOS . EOS . EOS .
we re all happy . EOS . EOS . EOS
i m saving to see your was . EOS .
you re coming to your rescue . EOS . EOS
they re the sick free . EOS . EOS .
i m still shopping to tell . EOS . EOS
he is leaving in love . EOS . EOS .
you re bored . EOS . EOS . EOS .
she s very . . . EOS . EOS .
i m thinking . EOS . EOS . EOS .
you re not blushing ! EOS . EOS . EOS
he m sure it s tonight . EOS . EOS
i m listening to him ! EOS ! EOS !
i m trying to see this . EOS . EOS
i m fond of making up . EOS . EOS
i m looking forward to much . EOS . EOS
we s talking . EOS . EOS . EOS .
he is fond of her . EOS . EOS .
i m having a little . EOS . EOS .
he is got at the university . EOS . EOS
i m making how ? EOS . EOS . EOS
i m not to like more like . EOS .
he is having his . . . EOS . EOS
i s said to be not here . EOS .
i m making what he was . EOS . EOS
i m not a gentleman . EOS . EOS .
she is not very rich . EOS . EOS .
he is getting a little . . EOS . EOS
you re on the wrong friend . EOS . EOS
