she s happy about EOS . EOS . EOS .
i m too old for this world . EOS .
i m working at how . EOS . EOS .
he s learning how ? EOS . EOS . EOS
i m sending the same wolf . EOS . EOS
i m going shopping in in . EOS . EOS
i m now now . EOS . EOS . EOS
we re closed of blood . EOS . EOS .
i m not going to EOS . EOS . EOS
i m expecting . EOS . EOS . EOS .
i am fine today . EOS . EOS . EOS
he s making a new job . EOS . EOS
she s lying one aren t now . EOS .
i am going to for this tonight . EOS .
he is capable of becoming . EOS . EOS .
he is not actually at sports . EOS . EOS
i m fed up ! EOS ! EOS ! EOS
i m not to him him . EOS . EOS
i m also for now now . EOS . EOS
he is a law man . EOS . EOS .
she is a good hard to me . EOS .
i m on the right . EOS . EOS .
they re doing everything to make a cold . EOS
i am not putting in german . EOS . EOS
they re depressed . EOS . EOS . EOS .
she s out of her her . EOS . EOS
i am interested in politics . EOS . EOS .
he is already hard . EOS . EOS . EOS
i am eating an apple . EOS . EOS .
i m making the same EOS . EOS . EOS
i m only going to speak cold . EOS .
he is an office office worker . EOS . EOS
i m quite short of cold . EOS . EOS
i m going off the truth . EOS . EOS
he s always the ones of book . EOS .
i m surprised to see you here . EOS .
she s smoking a trip . EOS . EOS .
i m drinking . EOS . EOS . EOS .
i m learning something to something . EOS . EOS
i am listening to her them . EOS . EOS
he s writing a apple . EOS . EOS .
he s not friend . EOS . EOS . EOS
he is absorbed in his . . EOS . EOS
he s in for a job . EOS . EOS
he s a captain of the team . EOS .
i m sure that he EOS . EOS . EOS
he is said to be he . EOS . EOS
he s working in hard hard . EOS . EOS
he is in charge blood . EOS . EOS .
he s addicted to something . EOS . EOS .
he is able to college . EOS . EOS .
he is all mad . EOS . EOS . EOS
he s always friendly to everyone . EOS . EOS
he s living in his house . EOS . EOS
he is taller than i . EOS . EOS .
he is not what he what he . EOS .
he s not thinking . EOS . EOS . EOS
he is afraid of being sick . EOS . EOS
i am going back with her . EOS . EOS
she s teaching in shopping . EOS . EOS .
she s a hot . . EOS . EOS .
she is beautiful beautiful ! EOS . EOS . EOS
she is devoid . EOS . EOS . EOS .
i re famished . EOS . EOS . EOS .
i m scaring him . EOS . EOS . EOS
we re taking the radio . EOS . EOS .
i m just sorry . EOS . EOS . EOS
she is good at worker . EOS . EOS .
i am sleepy at the police . EOS . EOS
you re kind of shit . EOS . EOS .
i m afraid that is out . EOS . EOS
i m listening to figure this . EOS . EOS
i m paying that s ? EOS . EOS .
i m sure that i have did . EOS .
he s kind too french . EOS . EOS .
he is angry with him . EOS . EOS .
we re leaving aren t he ? EOS . EOS
i s closing for for that . EOS . EOS
you re worrying about my job . EOS . EOS
i am drinking . EOS . EOS . EOS .
we re not supposed to do that . EOS .
they re all going to start . EOS . EOS
he s actually in in this world . EOS .
he is quite late . EOS . EOS . EOS
he s a french person . EOS . EOS .
he is my father one . EOS . EOS .
she is going to york next week . EOS .
he is happy for the police . EOS . EOS
i re shivering how about me . EOS . EOS
we re ready for what he was . EOS .
he is forever in music . EOS . EOS .
he is said to be rich . EOS . EOS
you re disgusting . EOS . EOS . EOS .
i m not supposed to be . EOS . EOS
he is going to take the anyone . EOS .
i m reading . EOS . EOS . EOS .
he is going to going to week . EOS .
i am confused in favor . EOS . EOS .
i m sorry of being being . EOS . EOS
we re leaving france . EOS . EOS . EOS
he s giving to learn . EOS . EOS .
he is fond of everybody . EOS . EOS .
you re right right right . EOS . EOS .
we re we . EOS . EOS . EOS .
she s on in right . EOS . EOS .
i m going to to me . EOS . EOS
you are not answering . EOS . EOS . EOS
he is actually in swimming . EOS . EOS .
i m not looking at you . EOS . EOS
i m washing it her again . EOS . EOS
he is actually in how . EOS . EOS .
he re a little tired anymore . EOS . EOS
she is washing him him . EOS . EOS .
i m not answering you . EOS . EOS .
i re not thinking of anyone . EOS . EOS
he s disappointed . EOS . EOS . EOS .
i s the one aren t you ? EOS .
he s laughing . EOS . EOS . EOS .
you re comparing a new friend . EOS . EOS
we re game . EOS . EOS . EOS .
he s right isn t he ? EOS . EOS
you re quite alone . EOS . EOS . EOS
i m not leaving this tonight . EOS . EOS
i m not your enemy . EOS . EOS .
he re what you what he ? ? ? ?
i m laughing . EOS . EOS . EOS .
we re alone but you ? ? EOS . EOS
i m studying in swimming . EOS . EOS .
i m in to asian in one . EOS .
he s drowning to swim . EOS . EOS .
they re going to sell . EOS . EOS .
you re your your daughter . EOS . EOS .
we re going to have ? EOS . EOS .
i m studying in the off children . EOS .
i am going to show to you . EOS .
he s one . EOS . EOS . EOS .
i re willing to go you ? EOS . EOS
he s talking how ? EOS . EOS . EOS
i m not learning now . EOS . EOS .
you re worried again ? EOS . EOS . EOS
he s working with a new life . EOS .
she is starting to buy a fool . . EOS
he s looking for good . EOS . EOS .
he s far from nature . EOS . EOS .
he s mad enough . EOS . EOS . EOS
i m sorry if . EOS . EOS . EOS
they re out . EOS . EOS . EOS .
i m having a stranger of problem . EOS .
he s a dj . EOS . EOS . EOS
i m used to french tonight . EOS . EOS
she is my sister . EOS . EOS . EOS
they re not alone . EOS . EOS . EOS
i am teacher too . EOS . EOS . EOS
he s got your s artist . EOS . EOS
i m afraid how ? he ? EOS . EOS
i m drinking . EOS . EOS . EOS .
they re going to have lie . EOS . EOS
i m learning how s about she . EOS .
i m fine . EOS . EOS . EOS .
i m not staying in my car . EOS .
he is very very angry . EOS . EOS .
you re missing that at that . EOS . EOS
he is going to be EOS . EOS . EOS
you re afraid of german . EOS . EOS .
she is acting how how ? EOS . EOS .
we re fine here . EOS . EOS . EOS
i m tom s ? EOS ? EOS ? EOS
he is making shopping . EOS . EOS . EOS
i am going to show tomorrow . EOS . EOS
i am wearing the kitchen . EOS . EOS .
he is happy with your job . EOS . EOS
i re not in a say you ? EOS .
i m bored . EOS . EOS . EOS .
he s job at his job . EOS . EOS
she s learning how aren t she ? EOS .
she is full . EOS . EOS . EOS .
we re all wasting good time . EOS . EOS
he s on his way . EOS . EOS .
she is in in in . . EOS . EOS
i m not defending me . EOS . EOS .
i m going to lose place . EOS . EOS
i m able to help like you . EOS .
we re tired how ? EOS . EOS . EOS
he is about to go . EOS . EOS .
he is the oldest person . . EOS . EOS
they re joking . EOS . EOS . EOS .
he s drinking . EOS . EOS . EOS .
she s always for my daughter . EOS . EOS
i am fond . EOS . EOS . EOS .
i m feeling but i but i . EOS .
you re what what succeed . EOS . EOS .
i am living me me me . EOS . EOS
i am concerned years brother . . EOS . EOS
you re tired ? EOS . EOS . EOS .
you re lying . EOS . EOS . EOS .
i am thinking of succeed . EOS . EOS .
i m reading . EOS . EOS . EOS .
she is my house . EOS . EOS . EOS
i m bored . EOS . EOS . EOS .
she s full . EOS . EOS . EOS .
he s drunk . EOS . EOS . EOS .
i m running out of booze . EOS . EOS
she s so handsome . EOS . EOS . EOS
i am drinking in books . EOS . EOS .
i m scared of spiders . EOS . EOS .
i m no longer afraid of anymore . EOS .
you re supposed to know . . EOS . EOS
i m not talking about me . EOS . EOS
he is not alone . EOS . EOS . EOS
he is drinking . EOS . EOS . EOS .
he is the oldest i i know . EOS .
we re not supposed to do it . EOS .
i m writing a job . EOS . EOS .
i m not surprised . EOS . EOS . EOS
i m starting to tell you ? EOS . EOS
he is always my my friend . EOS . EOS
he s not college . EOS . EOS . EOS
i m interested in french . EOS . EOS .
she s a lawyer and i ? EOS ? EOS
he isn what what what they will win . EOS
he s starting to making a moment . EOS .
we re worried about german . EOS . EOS .
they re on commercials . . EOS . EOS .
i m not going to way here . EOS .
he is fluent to swim a secret . EOS .
we re dozing . EOS . EOS . EOS .
i m beginning to with them . EOS . EOS
i m working on the game . EOS . EOS
they re not interested . EOS . EOS . EOS
she s already sleeping . EOS . EOS . EOS
i re what it s you ? EOS ? EOS
he is quick at money . EOS . EOS .
he s a writer . EOS . EOS . EOS
i m looking at home . EOS . EOS .
we re reading . EOS . EOS . EOS .
she is full of college . EOS . EOS .
he s always ? EOS . EOS . EOS .
i am said . EOS . EOS . EOS .
i m washing ? EOS . EOS . EOS .
he s attracted to asian . EOS . EOS .
he s sorry . EOS . EOS . EOS .
he is washing his car . EOS . EOS .
she s very good well . EOS . EOS .
i m on the right job . EOS . EOS
you re russian ? EOS ? EOS . EOS .
she s tired tired we re ? EOS . EOS
you re welcome . EOS . EOS . EOS .
he s planning a s a cold . EOS .
we re in business with many . EOS . EOS
he is not not the only girl . EOS .
i m not amused . EOS . EOS . EOS
i re worried about it aren t you ? EOS
she s holding . EOS . EOS . EOS .
i re sending and me me . EOS . EOS
you re acting at your safety . EOS . EOS
you re confused confused to learn german . EOS .
you are my hero . EOS . EOS . EOS
he is always my daughter . EOS . EOS .
i m going around here . EOS . EOS .
we re going how ? he ? ? EOS .
i re staying to get you ? EOS . EOS
they re wrong . that . EOS . EOS .
they re right behind me . EOS . EOS .
she s an an worker . EOS . EOS .
i m right behind you . EOS . EOS .
he s writing his letter . EOS . EOS .
she s here to spy on . EOS . EOS
they re welcome here . EOS . EOS . EOS
he isn isn isn from a cold . EOS .
i m only tired who can t EOS . EOS
i am looking at the crop . EOS . EOS
i re confused how ? EOS . EOS . EOS
he is used to do it . EOS . EOS
they re in something . EOS . EOS . EOS
he they re on his way . EOS . EOS
he s got his books . EOS . EOS .
we re going home . EOS . EOS . EOS
we re worried again . EOS . EOS . EOS
you re very religious . EOS . EOS . EOS
she s making too much watching tv tv . EOS
i m lying . EOS . EOS . EOS .
i m making a new house . EOS . EOS
i m always concerned with my brother . EOS .
she is about her . EOS . EOS . EOS
you re lying . EOS . EOS . EOS .
we re done how . EOS . EOS . EOS
we re going to climb this . EOS . EOS
he re what he he ? EOS . EOS .
he is coming to leave . EOS . EOS .
you re not allowed to do that . EOS .
you re lying to leave . . EOS . EOS
you re full . EOS . EOS . EOS .
she s joking how she s ? EOS . EOS
she is open . . EOS . EOS . EOS
she s fine . EOS . EOS . EOS .
i m sure she liked it . EOS . EOS
i m lonely . EOS . EOS . EOS .
you re lying with her . EOS . EOS .
he is been at home . EOS . EOS .
she is addicted to asian . EOS . EOS .
he is willing to be jealous . EOS . EOS
i m starting to get it . EOS . EOS
you re lying ? EOS . EOS . EOS .
i m sorry up to die . EOS . EOS
we re leaving aren t you ? EOS . EOS
you re always job . EOS . EOS . EOS
we re suffering . EOS . EOS . EOS .
i m not about my friend . EOS . EOS
i m sorry i hurt you . EOS . EOS
he is his his job . EOS . EOS .
she s yours how ? EOS . EOS . EOS
you re a man now . EOS . EOS .
they re forever in the situation . EOS . EOS
we re sure that is he ? EOS ? EOS
he s a bigot . EOS . EOS . EOS
we re staying it ? EOS . EOS . EOS
i m not to with with you . EOS .
i m just talking . EOS . EOS . EOS
we re fine . EOS . EOS . EOS .
you re going to swim aren t you ? EOS
i m letting how aren t you ? EOS .
she s lying . EOS . EOS . EOS .
i re coming home . EOS . EOS . EOS
she s waiting for her at home . EOS .
he s lying to go . EOS . EOS .
he is always careful . EOS . EOS . EOS
he is starting to know you . EOS . EOS
i m planning to help them . EOS . EOS
i m not paid any succeed . EOS . EOS
we re working . EOS . EOS . EOS .
we re wrong ? EOS . EOS . EOS .
you re sure to go now ? EOS ? EOS
they re still dead . EOS . EOS . EOS
they re in commercials . EOS . EOS . EOS
we re lucky to car a car . EOS .
we re worried ? EOS . EOS . EOS .
i m not going to EOS . EOS . EOS
i m not giving you . EOS . EOS .
i m very impressed . EOS . EOS . EOS
you re not blushing ! EOS . EOS . EOS
we re quite not yet . EOS . EOS .
she s not sick sick . EOS . EOS .
they re going to paint . EOS . EOS .
i am starting to my my girlfriend . EOS .
we re going to have how ? EOS . EOS
i m giving me . EOS . EOS . EOS
we re eating . EOS . EOS . EOS .
i am glad that i was you . EOS .
he is very attractive man . EOS . EOS .
i m having a little shape . EOS . EOS
they re talking . EOS . EOS . EOS .
you re way to do him ! EOS . EOS
he s full of her ! EOS . EOS .
i m not going anything anything . EOS . EOS
they re talking . EOS . EOS . EOS .
i m full of shit . EOS . EOS .
we re joking . EOS . EOS . EOS .
we re dozing . EOS . EOS . EOS .
you aren t in busy . EOS . EOS .
you re making yourself aren t you ? ? ?
you re kind of cute . EOS . EOS .
i am supposed to she is beautiful . EOS .
you re my own . EOS . EOS . EOS
you re very wise . EOS . EOS . EOS
you re very rude . EOS . EOS . EOS
you re very curious . EOS . EOS . EOS
you re very attractive . EOS . EOS . EOS
she s thinking of everything . EOS . EOS .
i am leaving with her . EOS . EOS .
she s tired . EOS . EOS . EOS .
you re not going to die . EOS . EOS
you re not going to die . EOS . EOS
you re scaring ! EOS . EOS . EOS .
she is very cunning . EOS . EOS . EOS
you re crazy about me . EOS . EOS .
he s fit to drink . EOS . EOS .
we re waiting . you at home . EOS .
you re going to one t know . EOS .
i m sick . EOS . EOS . EOS .
you re no longer more me . EOS . EOS
i m not blushing ! EOS ! EOS . EOS
i m going to do at swimming . EOS .
i m not going there . EOS . EOS .
she s a hero . EOS . EOS . EOS
she s angry with his girlfriend . EOS . EOS
i m afraid that won . EOS . EOS .
i m not married to do it . EOS .
i m a blood . EOS . EOS . EOS
i m learning tired in EOS . EOS . EOS
i m looking forward of this . EOS . EOS
i m listening to stay . EOS . EOS .
i m taking this uncle . EOS . EOS .
i m no longer tired anymore . EOS . EOS
i am wearing at the university . EOS . EOS
i m beginning to go there . EOS . EOS
i m keeping hard . EOS . EOS . EOS
they re coming to animals . EOS . EOS .
we re not very yet . EOS . EOS .
she s lying how about about me . EOS .
you re picky aren t you ? EOS ? EOS
i m just this this out . EOS . EOS
i m afraid it he win . EOS . EOS
i m afraid if i frightened . EOS . EOS
i m feeling lonely . EOS . EOS . EOS
i am in in bed . EOS . EOS .
i m doing this for this . EOS . EOS
i m sorry but don t speak . EOS .
i m hanging . EOS . EOS . EOS .
i m sending here way . EOS . EOS .
i m unable . EOS . EOS . EOS .
i m learning shopping . EOS . EOS . EOS
he s insane . EOS . EOS . EOS .
i m afraid that their wise . EOS . EOS
i m going to see the night . EOS .
i m trying to learn you . EOS . EOS
he is on the blood . EOS . EOS .
they re mine . EOS . EOS . EOS .
i m planning out out . EOS . EOS .
i m broke . EOS . EOS . EOS .
i m not looking really you . EOS . EOS
i m sorry up to buy it . EOS .
i m just to to help you . EOS .
i m starting to learn me . EOS . EOS
you re your old tom t he ? EOS .
you re in my seat . EOS . EOS .
i am your homework . EOS . EOS . EOS
you re going to go . EOS . EOS .
they re safe here . EOS . EOS . EOS
i m not supposed to know . EOS . EOS
i m at him . EOS . EOS . EOS
you re lying better . EOS . EOS . EOS
they re the only called . EOS . EOS .
you re all right . EOS . EOS . EOS
you re not old enough to drink . EOS .
you re not joking . EOS . EOS . EOS
we re going to have how . EOS . EOS
i m letting to tell you you . EOS .
i m starting to lose . EOS . EOS .
she is fond of her . EOS . EOS .
i m lazy lazy . EOS . EOS . EOS
she is out of booze . EOS . EOS .
you re busy aren t you ? EOS . EOS
i m not amused . EOS . EOS . EOS
we re out of him . EOS . EOS .
he is nothing but a EOS . EOS . EOS
she is always trying to buy . EOS . EOS
he s making too too fast . EOS . EOS
you re mad . EOS . EOS . EOS .
you re the same ? EOS . EOS . EOS
they re starting to love . EOS . EOS .
i m looking at losing . EOS . EOS .
i m making a little money . EOS . EOS
i m already all wrong . EOS . EOS .
you re on commercials . EOS . EOS . EOS
they re almost fat . EOS . EOS . EOS
she is not like the answer . EOS . EOS
she is my sister to swim . EOS . EOS
i m very happy to learn german . EOS .
i m not like you . EOS . EOS .
we re about weight . EOS . EOS . EOS
they re afraid ? EOS . EOS . EOS .
we re a good team . EOS . EOS .
you re starting to him ! EOS . EOS .
i m very careful . EOS . EOS . EOS
he is very cross . EOS . EOS . EOS
they re done enough . EOS . EOS . EOS
i am writing a letter . EOS . EOS .
he s in bed . EOS . EOS . EOS
they re all fine . EOS . EOS . EOS
he is the manager . EOS . EOS . EOS
he s not following . EOS . EOS . EOS
i m making paid to EOS . EOS . EOS
you re out of shit . EOS . EOS .
i m able to go up . EOS . EOS
we re finally alone . EOS . EOS . EOS
i m thinking of course . EOS . EOS .
he re what tom s t she ? EOS .
we re working how aren t you ? EOS .
they re welcome . EOS . EOS . EOS .
i m going to show you . EOS . EOS
i m annoying with how . EOS . EOS .
i re lying how aren t you ? EOS .
you re sure that ? EOS . EOS . EOS
they re both kind . EOS . EOS . EOS
i m not really in you . EOS . EOS
you re russian how ? EOS . EOS . EOS
i m so bored . EOS . EOS . EOS
i m counting to see tom tom . EOS .
i am able to speak off . EOS . EOS
we re gonna how about your ? EOS . EOS
i re the one who want here . EOS .
he s not actually dressed . EOS . EOS .
i m staying about a new friend . EOS .
he s in how ? EOS . EOS . EOS
you re not interested in politics . EOS . EOS
i m going to sell . EOS . EOS .
i m having an lot rush . EOS . EOS
i m not certain . EOS . EOS . EOS
i re fine how about you . EOS . EOS
you re off . EOS . EOS . EOS .
i m going to take in the car . EOS
we re leaving aren t you ? EOS . EOS
i am interested in politics . EOS . EOS .
i m also at school . EOS . EOS .
i m definitely not singing . EOS . EOS .
he s always isn isn t she ? EOS .
he s feeling tired isn t he ? EOS .
they re very cute . EOS . EOS . EOS
i m your friend . EOS . EOS . EOS
he is really hard . EOS . EOS . EOS
i am thinking of her uncle . EOS . EOS
she s in her for her . EOS . EOS
i m feeling isn t she ? EOS . EOS
we re leaving aren t you ? EOS ? EOS
they re parked . EOS . EOS . EOS .
i m sort of tired . EOS . EOS .
i m running out of EOS . EOS . EOS
they re on the EOS . EOS . EOS .
i m going to stay house . EOS . EOS
they re on to stay . EOS . EOS .
you re working ! EOS . EOS . EOS .
you are rude . EOS . EOS . EOS .
i re russian you aren t you ? EOS ?
you re part of the problem . EOS . EOS
i m dying . EOS . EOS . EOS .
you re blushing up . EOS . EOS . EOS
he s not really yet . EOS . EOS .
i m not a liar . EOS . EOS .
you re very timid . EOS . EOS . EOS
he s making a friend . EOS . EOS .
you re famous . EOS . EOS . EOS .
you re early . EOS . EOS . EOS .
they re probably different around . EOS . EOS .
i m drinking . EOS . EOS . EOS .
i m tidy . EOS . EOS . EOS .
he is in of my friend . EOS . EOS
he s tired again . EOS . EOS . EOS
i m lonely with your performance . EOS . EOS
he is taking a good day . EOS . EOS
they re doctors . EOS . EOS . EOS .
they re going shopping . EOS . EOS . EOS
they re stalling . EOS . EOS . EOS .
they re surprised . EOS . EOS . EOS .
he s drunk aren t he ? EOS . EOS
we re leaving how ? EOS . EOS . EOS
she s lucky . EOS . EOS . EOS .
she is fed up . EOS . EOS . EOS
she s got to learn . EOS . EOS .
she s angry with you . EOS . EOS .
she is on her way . EOS . EOS .
we re cousins . EOS . EOS . EOS .
we re early . EOS . EOS . EOS .
we re home home . EOS . EOS . EOS
we re having a letter . EOS . EOS .
i s been on him . EOS . EOS .
he s drowning . EOS . EOS . EOS .
we re not impressed . EOS . EOS . EOS
you re not like attention . EOS . EOS .
i m trying not interested . EOS . EOS .
i m not about . EOS . EOS . EOS
i m not very polite . EOS . EOS .
i m really not busy . EOS . EOS .
you re mad aren t you ? EOS . EOS
we re all those . EOS . EOS . EOS
i they re fine . EOS . EOS . EOS
i m done with all all . EOS . EOS
i re at everything . EOS . EOS . EOS
they re so so drunk . EOS . EOS .
you re doing it him ! EOS . EOS .
he s leaving to you ! EOS . EOS .
i s supposed to learn ! EOS . EOS .
we re used to do it . EOS . EOS
you re early . EOS . EOS . EOS .
i m concerned at weight . EOS . EOS .
she is all over in the situation . EOS .
i isn tom s sister . EOS . EOS .
i m the on in EOS . EOS . EOS
we re not busy . EOS . EOS . EOS
i m waiting for one . EOS . EOS .
i m off . EOS . EOS . EOS .
i m tired of all it . EOS . EOS
you re not living . EOS . EOS . EOS
he is hard enough . EOS . EOS . EOS
i m not talking to tom . EOS . EOS
they re studying . EOS . EOS . EOS .
he s annoying drunk . EOS . EOS . EOS
he is about to leave ? EOS . EOS .
you re very very everything . EOS . EOS .
you re not very tidy . EOS . EOS .
they re looking to see you again . EOS .
i m learning long tom . EOS . EOS .
i m not scared to see you . EOS .
we re after . EOS . EOS . EOS .
you re alone yourself you re you ? EOS ?
i m going to lie . EOS . EOS .
i m going to to work . EOS . EOS
he is very cross . EOS . EOS . EOS
she aren t tired . EOS . EOS . EOS
you re acting like a child . EOS . EOS
he is always looking . EOS . EOS . EOS
we re really proud of that . EOS . EOS
they re on the guests . EOS . EOS .
you re a big and handsome . EOS . EOS
you re spanish . EOS . EOS . EOS .
you re a good liar . EOS . EOS .
we re what confused we can . EOS . EOS
they re looking here . EOS . EOS . EOS
i m fine . EOS . EOS . EOS .
i m going to show you . EOS . EOS
he is much kind in his job . EOS .
you re the one aren t she ? EOS .
i m having a member . EOS . EOS .
i m sad . EOS . EOS . EOS .
i m bored . EOS . EOS . EOS .
he s going to do something . EOS . EOS
i m lost . EOS . EOS . EOS .
i m going to see you tom . EOS .
we re working . EOS . EOS . EOS .
i m thinking of course . EOS . EOS .
i m looking forward to seeing your father . EOS
we re looking forward to for EOS . EOS .
they re weak . EOS . EOS . EOS .
i m a a fast . EOS . EOS .
she s working at that you ? EOS . EOS
he s staying in his car . EOS . EOS
he is in paris paris . EOS . EOS .
i re going to tell you ? EOS . EOS
he s not dressed . EOS . EOS . EOS
i m afraid that you re there . EOS .
i am a son of english . EOS . EOS
he s a bodybuilder isn t he ? EOS .
isn he s in in how . EOS . EOS
he s too friendly to learn . EOS . EOS
i m staying with them s ? EOS . EOS
we re finished . EOS . EOS . EOS .
he s breaking on his key . EOS . EOS
i m asking how to help you . EOS .
i m much short more much anymore . EOS .
we re better your ? EOS . EOS . EOS
he s never on him . EOS . EOS .
he s dead . EOS . EOS . EOS .
you re mistaken . EOS . EOS . EOS .
i m sorry that said that . EOS . EOS
i m not going them . EOS . EOS .
i m thinking if EOS . EOS . EOS .
i am looking forward to regret . EOS . EOS
she s using how tom ? EOS . EOS .
he is not doing anything . EOS . EOS .
i am looking forward . . EOS . EOS .
i m not frightened . . EOS . EOS .
she is a really little person . EOS . EOS
i m talking ? he ? ? EOS . EOS
i am learning how to buy . EOS . EOS
she is not my friend . EOS . EOS .
you re lying too . EOS . EOS . EOS
he s not prepared . EOS . EOS . EOS
i m studying this tired . EOS . EOS .
you re acting my job job . EOS . EOS
i m staying you aren t you ? EOS ?
you re lying in working . EOS . EOS .
he is my son . EOS . EOS . EOS
i re russian again ? EOS . EOS . EOS
we re both wrong . EOS . EOS . EOS
you re supposed to help them . EOS . EOS
you re making a lawyer aren t you ? EOS
i m not answering . EOS . EOS . EOS
he s addicted . EOS . EOS . EOS .
i m married to take . EOS . EOS .
i m always my every . EOS . EOS .
he s on a mood in . EOS . EOS
i re confused how re you ? EOS . EOS
they re not paying . EOS . EOS . EOS
you re not supposed to EOS . EOS . EOS
he re what you what you ? EOS ? EOS
i m smarter than i did . EOS . EOS
you re not angry are you ? EOS . EOS
i m thankful to my my friends . EOS .
i m russian ? EOS . EOS . EOS .
we re alone alone . EOS . EOS . EOS
i m drinking paris to buy . EOS . EOS
we re leaving aren t you ? EOS . EOS
he s on in a tight . EOS . EOS
i m letting to making you . . EOS .
i m not alone . EOS . EOS . EOS
i am afraid of making mistakes . EOS . EOS
he re what tom s confused . EOS . EOS
they re done . EOS . EOS . EOS .
he s worried about the future . EOS . EOS
i m taking ready for money . EOS . EOS
you re about to do that ? EOS . EOS
he s expecting a letter . EOS . EOS .
she s happy with her job . EOS . EOS
you re going to pay train . EOS . EOS
i m my boss . EOS . EOS . EOS
we re worried about about that . EOS . EOS
i m making much much . EOS . EOS .
i m glad that i can that . EOS .
he s not wearing dinner . EOS . EOS .
he s always full of cute . EOS . EOS
he is on me . EOS . EOS . EOS
they re going to phone them . EOS . EOS
i re going to going to try . EOS .
they re on their apples . EOS . EOS .
i m actually . EOS . EOS . EOS .
we re staying how ? EOS . EOS . EOS
he s just not to me . EOS . EOS
we re going home home . EOS . EOS .
they re jealous of of my EOS . EOS .
i m lying . EOS . EOS . EOS .
i m looking at how . EOS . EOS .
i m making this patience . EOS . EOS .
i m a big coffee coffee . EOS . EOS
he s dying . EOS . EOS . EOS .
they re unlucky . EOS . EOS . EOS .
i am able to a a man . EOS .
you re disappointed tonight . EOS . EOS . EOS
i m trying to leave . EOS . EOS .
they re not so confident . EOS . EOS .
i am allergic to him . EOS . EOS .
he is said to succeed . EOS . EOS .
i m only if i can you . EOS .
i m not thinking of tom . EOS . EOS
i m not scared to fight . EOS . EOS
we re still out of losing . EOS . EOS
i is older than mary . EOS . EOS .
he is taking a letter . EOS . EOS .
i m proud of my girlfriend . EOS . EOS
they re not talking . EOS . EOS . EOS
she s confused how to he ? EOS . EOS
he is always at all these . EOS . EOS
i m staying in boston . EOS . EOS .
i m bored . EOS . EOS . EOS .
he s having an letter . EOS . EOS .
i m unlucky . tom s . EOS . EOS
i m waiting for you way . EOS . EOS
they re turning to get me . EOS . EOS
i m listening to your decision . EOS . EOS
i re going to have my patience . EOS .
we re already drunk . EOS . EOS . EOS
i m fine . . EOS . EOS . EOS
she s lying in . EOS . EOS . EOS
i m leaving that i can do that . EOS
you re pretty very proud of yourself . EOS .
i m disappointed about you ? EOS . EOS .
i is talking to like tom . EOS . EOS
he is much too slow . EOS . EOS .
we aren t amused anymore . EOS . EOS .
he s sitting . EOS . EOS . EOS .
i m glad to protect you . EOS . EOS
we re not going . EOS . EOS . EOS
i m my partner . EOS . EOS . EOS
i m talking . EOS . EOS . EOS .
i m not naive . EOS . EOS . EOS
they re not talking on the cold . EOS .
he is on in he he . EOS . EOS
i m carrying that is sick . EOS . EOS
we re paying this week . EOS . EOS .
he is fluent in he he ? EOS ? EOS
you re my best friend too ! EOS ! EOS
they re trying our our people . EOS . EOS
he s used to me . EOS . EOS .
he is still full alive . EOS . EOS .
you re sure . EOS . EOS . EOS .
he is full of a doctor . EOS . EOS
i m afraid that my job job . EOS .
he is running much much much . EOS . EOS
he is always to be me me . EOS .
they re not alone . EOS . EOS . EOS
he is with his how . EOS . EOS .
i m looking for someone . EOS . EOS .
you re worried about EOS . EOS . EOS .
i m going lunch . EOS . EOS . EOS
i m kindness this morning . EOS . EOS .
i m keeping your letter . EOS . EOS .
i m not going to know you . EOS .
you re short of yourself . EOS . EOS .
you re mad . EOS . EOS . EOS .
they re reading . EOS . EOS . EOS .
i m not really in october . EOS . EOS
we re faced with many difficulties . EOS . EOS
i m not this that is . EOS . EOS
i m looking for friend . EOS . EOS .
i re lying . EOS . EOS . EOS .
he is already in lot . EOS . EOS .
they re what what what you ? EOS ? EOS
we re lucky to be here . EOS . EOS
i m expecting a little any longer . EOS .
we re hiding down . EOS . EOS . EOS
i m talking with your father . EOS . EOS
you re an irresponsible idiot . EOS . EOS .
we re tired how ? EOS . EOS . EOS
you re in ? EOS . EOS . EOS .
i they re said to succeed . EOS . EOS
i m right behind her . EOS . EOS .
he s about looking . EOS . EOS . EOS
i m depressed . EOS . EOS . EOS .
i m fine about get you . EOS . EOS
i m acting like a truck . . EOS .
we re leaving we can t you ? EOS .
i m confused here . EOS . EOS . EOS
he is my partner . EOS . EOS . EOS
we re going to protect you . EOS . EOS
i re standing how how aren t you ? EOS
we re worried about EOS . EOS . EOS .
you re on the right here . EOS . EOS
he s working from work . EOS . EOS .
you re tough . EOS . EOS . EOS .
she s the itself s . EOS . EOS .
he s not looking . EOS . EOS . EOS
we re just everything . EOS . EOS . EOS
i m from to drink . EOS . EOS .
i m certain of that . EOS . EOS .
he re always tired ? EOS . EOS . EOS
we re still dead . EOS . EOS . EOS
he s on on our way . EOS . EOS
we re dying to do do that . EOS .
he s missing tom . EOS . EOS . EOS
i m dying to do that . EOS . EOS
we re about actually . EOS . EOS . EOS
i m not all concerned . EOS . EOS .
you re as old as me . EOS . EOS
i m a member at your s . EOS .
i m convinced that you re safe . EOS .
i m coming . EOS . EOS . EOS .
he is sitting . EOS . EOS . EOS .
i m about to go . EOS . EOS .
i m not finished . EOS . EOS . EOS
i m fine . EOS . EOS . EOS .
they are not their their proposal . EOS . EOS
he s an his of his brother . EOS .
i m not paying . EOS . EOS . EOS
she s not not alone . EOS . EOS .
you re tallest ? EOS . EOS . EOS .
you re supposed to EOS . EOS . EOS .
i m full more more ! EOS . EOS .
she is trying to drive with . EOS . EOS
you re not going to go . EOS . EOS
she is perfect perfect . EOS . EOS . EOS
you re on a hard . . EOS . EOS
you re your own like you ? EOS . EOS
he is attracted to different . EOS . EOS .
we re going to everybody . EOS . EOS .
you re supposed to help them . EOS . EOS
he s a opera s . EOS . EOS .
i am fond fond . EOS . EOS . EOS
he s annoying ? EOS . EOS . EOS .
he is weak here . . EOS . EOS .
i am drinking french . EOS . EOS . EOS
i m taking french . EOS . EOS . EOS
i m studying french . EOS . EOS . EOS
i m not turning them . EOS . EOS .
they re talking . EOS . EOS . EOS .
i m sure we can this this . EOS .
i m paying with this situation . EOS . EOS
i s talking . EOS . EOS . EOS .
i m learning books . EOS . EOS . EOS
you re lying ? EOS . EOS . EOS .
they re going to show . EOS . EOS .
we re great in favor . EOS . EOS .
i m not looking at you ? EOS ? EOS
you re drinking . EOS . EOS . EOS .
we re not how aren t you ? EOS .
he re not making he ? EOS EOS ? EOS
they re eating bread . . EOS . EOS .
you re mistaken . EOS . EOS . EOS .
i am following . EOS . EOS . EOS .
i am looking at you . EOS . EOS .
he is not one . EOS . EOS . EOS
you re so to see to go . EOS .
we re interested in trouble . EOS . EOS .
you re a man . EOS . EOS . EOS
he s welcome . EOS . EOS . EOS .
i m still drunk . EOS . EOS . EOS
he s annoying . EOS . EOS . EOS .
i m tired of thirsty . EOS . EOS .
she s in in bed . EOS . EOS .
i m using tom . EOS . EOS . EOS
we re leaving tomorrow him tomorrow . EOS . EOS
you re washing the truth . EOS . EOS .
you re optimistic . EOS . EOS . EOS .
i m studying in french . EOS . EOS .
i m looking forward . EOS . EOS . EOS
he is been in in vacation . EOS . EOS
he s an handsome . . EOS . EOS .
i m saving for tom . EOS . EOS .
he s still dressed . EOS . EOS . EOS
he s accustomed to win . EOS . EOS .
he s willing to win . EOS . EOS .
i am paid to buy . EOS . EOS .
i am worried about her health . EOS . EOS
she is just too sleepy . EOS . EOS .
he s sleeping . EOS . EOS . EOS .
he is my mother . EOS . EOS . EOS
he s lying through . EOS . EOS . EOS
i m exhausted . EOS . EOS . EOS .
i am looking for her . EOS . EOS .
he she is used to EOS . EOS . EOS
we re looking for EOS . EOS . EOS .
i am grateful . EOS . EOS . EOS .
you re lying . EOS . EOS . EOS .
i is drinking to get up . EOS . EOS
he is happy to be happy . EOS . EOS
i m tom s hard . EOS . EOS .
he is at his office . EOS . EOS .
you re unlucky . EOS . EOS . EOS .
you re lying . EOS . EOS . EOS .
i they re lying . EOS . EOS . EOS
he is quiet . EOS . EOS . EOS .
i am available . EOS . EOS . EOS .
we re sorry . EOS . EOS . EOS .
you re dangerous . EOS . EOS . EOS .
she is full . EOS . EOS . EOS .
i m convinced . EOS . EOS . EOS .
he is trying to stay smoking . EOS . EOS
i m okay this . EOS . EOS . EOS
i m going to go ? EOS . EOS .
you re three late . EOS . EOS . EOS
he s in in your health . EOS . EOS
i m learning how ? EOS . EOS . EOS
they re on the washing . EOS . EOS .
i am off today . EOS . EOS . EOS
she s russian isn t she ? EOS . EOS
i m fed up . EOS . EOS . EOS
i m running short . EOS . EOS . EOS
i m leaving . EOS . EOS . EOS .
he s lying in his cold . EOS . EOS
i m drinking . EOS . EOS . EOS .
we re leaving how aren t you ? EOS .
i aren t like a new child . EOS .
you re leaving tv . EOS . EOS . EOS
i m coming . EOS . EOS . EOS .
we re going to take . EOS . EOS .
they re working at the bus . EOS . EOS
they re going to stay . EOS . EOS .
we re confused how . EOS . EOS . EOS
they re coming talking . EOS . EOS . EOS
he is studying fond . EOS . EOS . EOS
i m not learning english . EOS . EOS .
they re not the manager manager . EOS . EOS
he s full of his field . EOS . EOS
he s in in for a cold . EOS .
i re also that you re safe . EOS .
he s reading a little ? EOS . EOS .
they re in to leave . EOS . EOS .
i m able to to . . EOS . EOS
you re mistaken . EOS . EOS . EOS .
i m bored . EOS . EOS . EOS .
she s addicted to follow . EOS . EOS .
he s sleeping . EOS . EOS . EOS .
i is just like this . EOS . EOS .
he s working on the night . EOS . EOS
i m looking to see tom . EOS . EOS
we re not good at math . EOS . EOS
i am looking forward to you again . EOS .
i am staying with me . EOS . EOS .
she s afraid of me . EOS . EOS .
he isn t afraid of secrets . EOS . EOS
we re on the roof . EOS . EOS .
he s not supposed . EOS . EOS . EOS
she s a member . EOS . EOS . EOS
we re used to french next . EOS . EOS
i m going to buy a new car . EOS
he s in danger of EOS . EOS . EOS
she is able to leave . EOS . EOS .
she s lying . EOS . EOS . EOS .
we re all lonely . EOS . EOS . EOS
i m afraid to see your was . EOS .
you re supposed to be late ! EOS . EOS
they re the sick free . EOS . EOS .
i m still shopping to tell . EOS . EOS
he is able to die . EOS . EOS .
you re bored . EOS . EOS . EOS .
i s studying in big . EOS . EOS .
i m thinking . EOS . EOS . EOS .
you re not singing ! EOS . EOS . EOS
he m sure tom s tonight . EOS . EOS
i m able to speak him ! EOS ! EOS
i m doing this as like this . EOS .
i m fond of hearing . EOS . EOS .
i m looking at loss . EOS . EOS .
we s about her . EOS . EOS . EOS
he is fond dinner . EOS . EOS . EOS
i m still a little little . EOS . EOS
he is allergic to death . EOS . EOS .
he s russian how how . EOS . EOS .
i m not looking for like key . EOS .
he is able to swim . . EOS . EOS
he is said to be not here . EOS .
i m said to be them . EOS . EOS
i m not a gentleman . EOS . EOS .
she is not very athletic . EOS . EOS .
he is been in shape . EOS . EOS .
you re supposed to know this . EOS . EOS
