he s about here . EOS . EOS . EOS
i m too old for this world . EOS .
i m working at feeling EOS . EOS . EOS
he s learning how ? EOS . EOS . EOS
i m sending the same month . EOS . EOS
i m going back in in . EOS . EOS
i m now . EOS . EOS . EOS .
they re morons . EOS . EOS . EOS .
i m not going to asian . EOS . EOS
i m going . EOS . EOS . EOS .
i am fine today . EOS . EOS . EOS
he s expecting a new job . EOS . EOS
she s lying one aren t EOS . EOS .
i am leaving for this job . EOS . EOS
he is capable of mice . EOS . EOS .
he is not actually at math . EOS . EOS
i m fed up ! EOS ! EOS . EOS
i m not to regret him . EOS . EOS
i m staying for now now . EOS . EOS
he is a law man . EOS . EOS .
she is a good swimmer to me . EOS .
i m taking a member now . EOS . EOS
they re doing everything to have a cold . EOS
i am not talking in german . EOS . EOS
they re russian . EOS . EOS . EOS .
i m out of with her . EOS . EOS
i am interested in politics . EOS . EOS .
he is already hard . EOS . EOS . EOS
i am eating an apple . EOS . EOS .
i m insecure if . EOS . EOS . EOS
i m only going to speak cold . EOS .
he is an office office worker . EOS . EOS
i m quite short of october . EOS . EOS
i m sending the dishes . EOS . EOS .
he s reading the state of debt . EOS .
i m surprised to see you here . EOS .
she s just a trip . EOS . EOS .
i m living in smoking . EOS . EOS .
i m learning something to something . EOS . EOS
i am listening to paint them . EOS . EOS
he s at a song . EOS . EOS .
he s not friend . EOS . EOS . EOS
he is utterly in his . . EOS . EOS
he s crazy about the job . EOS . EOS
he s full of the team . EOS . EOS
i m sure that he come . EOS . EOS
he is said to be ten . EOS . EOS
he s working in his hard . EOS . EOS
he is in charge blood . EOS . EOS .
he s something for something . EOS . EOS .
he s in blame for english . EOS . EOS
he is all mad . EOS . EOS . EOS
he s always finding for his room . EOS .
he s lying in house . EOS . EOS .
he is taller than i . . EOS . EOS
he is not what he what he . EOS .
he s not actually . EOS . EOS . EOS
he is afraid of being sick . EOS . EOS
i am going back with her . EOS . EOS
she s fluent in shopping . EOS . EOS .
she s a perfect . . EOS . EOS .
she is beautiful beautiful ! EOS . EOS . EOS
she is never abroad . EOS . EOS . EOS
i re smashed . EOS . EOS . EOS .
i m scaring him . EOS . EOS . EOS
we re wearing the door . EOS . EOS .
she s just sorry . EOS . EOS . EOS
she is angry at worker . EOS . EOS .
i am sleepy at the dishes . EOS . EOS
you re kind of shit . EOS . EOS .
i m afraid that is out . EOS . EOS
i m looking forward to understand . EOS . EOS
i m fluent that s ? EOS . EOS .
i m sure that i have did . EOS .
he s full too french . EOS . EOS .
he is mad with him . EOS . EOS .
we re leaving aren t he ? EOS . EOS
i s in for for that . EOS . EOS
you re worrying about my job . EOS . EOS
i am listening to my books . EOS . EOS
we re not supposed to do that . EOS .
they re all jealous of all . EOS . EOS
he s lying in in this world . EOS .
you re always late . EOS . EOS . EOS
i m a jolly person . EOS . EOS .
he is my father one . EOS . EOS .
she is going to york next week . EOS .
he is happy for the police . EOS . EOS
i re waiting how about me . EOS . EOS
we re anxious for what he was . EOS .
he living in bed . EOS . EOS . EOS
he is said to be rich . EOS . EOS
you re unnecessary . EOS . EOS . EOS .
i m not supposed to be . EOS . EOS
he is not going to go . EOS . EOS
i m reading . EOS . EOS . EOS .
he is going to going to come . EOS .
i they re at boston . EOS . EOS .
i m sorry of being being . EOS . EOS
we re able to eat . EOS . EOS .
he s going to bed . EOS . EOS .
he is fond of much much . EOS . EOS
am is right right right . EOS . EOS .
we re counting . EOS . EOS . EOS .
she s on in right . EOS . EOS .
i m going to to me . EOS . EOS
you re not frightened . EOS . EOS . EOS
he is actually in . . EOS . EOS .
i m not looking at you . EOS . EOS
i m washing it her again . EOS . EOS
he is tired of he game . EOS . EOS
he re a little tired . EOS . EOS .
she is washing him . EOS . EOS . EOS
i m not answering you . EOS . EOS .
i re not thinking of EOS . EOS . EOS
he s full . aren t you ? EOS .
i m the one aren t you ? EOS .
he s swimming . EOS . EOS . EOS .
you re reading a new friend . EOS . EOS
we re game . EOS . EOS . EOS .
he s right isn t he ? EOS . EOS
you re only trying to know . EOS . EOS
i m not leaving this tonight . EOS . EOS
i m not telling . EOS . EOS . EOS
he s what you naive ? ? ? ? ?
i m laughing . EOS . EOS . EOS .
you re alone aren t you ? EOS . EOS
i m studying in swimming . EOS . EOS .
i m in to trouble in for . EOS .
he s attracted to swim . EOS . EOS .
they re going to show . EOS . EOS .
you re your your story . EOS . EOS .
we re going to have ? EOS . EOS .
i m studying in the history children . EOS .
i am going to keep a letter . EOS .
he s one . EOS . EOS . EOS .
i re willing to what you re ? EOS .
he s talking how ? EOS . EOS . EOS
i m not learning now . EOS . EOS .
you re worried again ? EOS . EOS . EOS
he s working with a new book . EOS .
she is coming to a a a cold . EOS
he is good at cooking . EOS . EOS .
he s suffering . . EOS . EOS . EOS
he s behind tall . EOS . EOS . EOS
i m sorry if . EOS . EOS . EOS
he s not french . EOS . EOS . EOS
i m having a friend of problem . EOS .
he s a dj . EOS . EOS . EOS
i m on the one who aren t she ?
she is my sister . EOS . EOS . EOS
they re not alone . EOS . EOS . EOS
i am alive too . EOS . EOS . EOS
he s poorly s mad . EOS . EOS .
i m afraid how ? he ? EOS . EOS
i m drinking . EOS . EOS . EOS .
he is going to have bed . EOS . EOS
i m learning how ? she ? she ? she
i m fine . EOS . EOS . EOS .
he s full of isn . EOS . EOS .
he is very very angry . EOS . EOS .
you re missing that at that . EOS . EOS
he is going to start . EOS . EOS .
you re afraid of EOS . EOS . EOS .
she is asking how how her ? EOS . EOS
we re fine here . EOS . EOS . EOS
i m standing the leader s ? EOS ? EOS
he is making shopping . EOS . EOS . EOS
i am going to figure tomorrow . EOS . EOS
she is wearing the kitchen . EOS . EOS .
he is happy with your job . EOS . EOS
i m not in a say you ? EOS .
i m bored . EOS . EOS . EOS .
he s job at his job . EOS . EOS
she s making the boat s german . EOS .
she is full . EOS . EOS . EOS .
we re really happy for time . EOS . EOS
he s drinking in favor . EOS . EOS .
am is in in in . . EOS . EOS
i m not leaving me . EOS . EOS .
i m going to that place . EOS . EOS
i m lucky to to help you . EOS .
i re tired how ? EOS . EOS . EOS
he is about to go . EOS . EOS .
he is the tallest in politics . EOS . EOS
they re welcome . EOS . EOS . EOS .
he s drowning . EOS . EOS . EOS .
she s staying for my daughter . EOS . EOS
i am fond . EOS . EOS . EOS .
i m feeling but i but i . EOS .
you re what what know . EOS . EOS .
i m thinking about me me . EOS . EOS
i am concerned years brother . EOS . EOS .
you re welcome ? EOS aren t you ? EOS
you re lying . EOS . EOS . EOS .
he is likely to see me . EOS . EOS
i m reading . EOS . EOS . EOS .
she is my house . EOS . EOS . EOS
i m bored . EOS . EOS . EOS .
she s full . EOS . EOS . EOS .
he s drunk . EOS . EOS . EOS .
i m taking out of heights . EOS . EOS
i am short . EOS . EOS . EOS .
she s drowning in debt . EOS . EOS .
i m scared of spiders . EOS . EOS .
i m no longer afraid of anymore . EOS .
you re acting up . EOS ! EOS . EOS
i m not talking about me . EOS . EOS
he is not alone . EOS . EOS . EOS
he is on his teeth . EOS . EOS .
he is the oldest i i know . EOS .
we re not used to do alone . EOS .
i m from a job . EOS . EOS .
i m not interested . EOS . EOS . EOS
i m gonna how how about that . EOS .
he is always my patience . EOS . EOS .
he s not college . EOS . EOS . EOS
i m interested in prison . EOS . EOS .
she is a lawyer and i ? EOS . EOS
you re what what what they will . EOS .
he s starting to speak a cold . EOS .
we re worried about EOS . EOS . EOS .
they re on commercials . . EOS . EOS .
i m not going to way here . EOS .
he is able to swim a secret . EOS .
we re dozing . EOS . EOS . EOS .
i m fed with them . EOS . EOS .
i m working on the game . EOS . EOS
they re not shopping . EOS . EOS . EOS
she s already sleeping . EOS . EOS . EOS
you re what it aren t you ? EOS .
he is hard hard hard . EOS . EOS .
he s drunk . EOS . EOS . EOS .
i m looking at vacation . EOS . EOS .
we re reading . EOS . EOS . EOS .
she is full of college . EOS . EOS .
he s depressed ? EOS . EOS . EOS .
i am said . EOS . EOS . EOS .
she is drowning . EOS . EOS . EOS .
he s attracted to asian in . EOS . EOS
he s not sleeping . EOS . EOS . EOS
he is washing his car . EOS . EOS .
she s very good well . EOS . EOS .
i m on the right guys . EOS . EOS
we re leaving you ? EOS . EOS . EOS
he s tired isn we re ? EOS . EOS
we re sorry . EOS . EOS . EOS .
he s s a how s game . EOS .
we re in business with many . EOS . EOS
he is not always as busy . EOS . EOS
i m not amused . EOS . EOS . EOS
i re worried about them aren t you ? EOS
she s washing her job . EOS . EOS .
i re leaving and me and me . EOS .
you re selling your every . EOS . EOS .
you re confused how to think . EOS . EOS
you re my hero . EOS . EOS . EOS
he is always my daughter . EOS . EOS .
i m going around here . EOS . EOS .
i re going that he he ? ? EOS .
i re staying to get cold ? EOS . EOS
they re wrong . that . EOS . EOS .
they re right behind me . EOS . EOS .
she as an an worker . EOS . EOS .
i m right behind you . EOS . EOS .
he s on his letter . EOS . EOS .
she s here to spy on us . EOS .
they re trying the good time . EOS . EOS
he he isn isn isn isn t you ? EOS
i m only tired who can t . EOS .
i am looking at the university . EOS . EOS
i re tired how ? EOS . EOS . EOS
we re willing to do it . EOS . EOS
they re in commercials . EOS . EOS . EOS
he they re on his books . EOS . EOS
he s got his books . EOS . EOS .
i m thinking home . EOS . EOS . EOS
we re worried again . EOS . EOS . EOS
you re very religious . EOS . EOS . EOS
she s jealous too popular . EOS . EOS .
i m worried about EOS . EOS . EOS .
i m making a white s . EOS . EOS
i m always close with my brother . EOS .
she is drunk . EOS . EOS . EOS .
you re bored . EOS . EOS . EOS .
i m done how . EOS . EOS . EOS
we re going to lose him ! EOS . EOS
he re what ? he ? EOS . EOS .
he is able to paint . EOS . EOS .
you re not consistent to do that . EOS .
you re lying to leave . . EOS . EOS
you re surrounded . EOS . EOS . EOS .
she s enjoying it s up ? EOS . EOS
she is open . . EOS . EOS . EOS
she s fine . EOS . EOS . EOS .
i m glad she liked it . EOS . EOS
i m worried . EOS . EOS . EOS .
you re lying with her . EOS . EOS .
he is been at home . EOS . EOS .
she is addicted to asian . EOS . EOS .
he is going to be jealous . EOS . EOS
i m growing how to do it . EOS .
you re spanish ? EOS . EOS . EOS .
i m sorry up to die . EOS . EOS
we re leaving how ? ? EOS . EOS .
you re always job . EOS . EOS . EOS
we re such a cold . EOS . EOS .
i m not about my friend . EOS . EOS
i m sorry i hurt you . EOS . EOS
he is his his job . EOS . EOS .
she s lying how ? EOS . EOS . EOS
you re a man now . EOS . EOS .
they re living in the situation . EOS . EOS
they re sure she ? he ? EOS ? EOS
he s a bigot . EOS . EOS . EOS
we re going it tell . EOS . EOS .
i m not concerned with you . EOS . EOS
i m just talking . EOS . EOS . EOS
they re fine . EOS . EOS . EOS .
you re going to swim aren t you ? EOS
i m going how aren aren t you ? EOS
she s lying . EOS . EOS . EOS .
i re coming him ! EOS . EOS . EOS
she s waiting for you at home . EOS .
he s full to go . EOS . EOS .
he is always careful . EOS . EOS . EOS
he is starting to see you . EOS . EOS
i am asking to help them . EOS . EOS
i m not lonely . . EOS . EOS .
you re worried ? EOS . EOS . EOS .
we re wrong . EOS . EOS . EOS .
you re disappointed in go now ? you ? EOS
they re still short ? EOS . EOS . EOS
they re in trouble . EOS . EOS . EOS
we re lucky to a a car . EOS .
we re ? EOS ? EOS . EOS . EOS
i m not going to EOS . EOS . EOS
i m not talking them . EOS . EOS .
i m very impressed . EOS . EOS . EOS
you re not smiling ! EOS . EOS . EOS
we re quite not yet . EOS . EOS .
she s not sick . EOS . EOS . EOS
he is quick at the day . EOS . EOS
i am proud to my my girlfriend . EOS .
we re going to have go ? you ? EOS
i m giving me . EOS . EOS . EOS
we re learning . EOS . EOS . EOS .
i m afraid that you think . EOS . EOS
he is very eager man . EOS . EOS .
i m quite a little boston . EOS . EOS
they re lying . EOS . EOS . EOS .
you re way to do him ! EOS . EOS
she s full of her ! EOS . EOS .
i m not going anything anything . EOS . EOS
they re talking . EOS . EOS . EOS .
i m full of shit . EOS . EOS .
we re laughing . EOS . EOS . EOS .
we re coming . EOS . EOS . EOS .
you re not in in here . EOS . EOS
you re making how aren t a cold . EOS
you re kind of cute . EOS . EOS .
i am supposed to she is her . EOS .
you re my hero . EOS . EOS . EOS
you re very wise . EOS . EOS . EOS
you re very rude . EOS . EOS . EOS
you re very curious . EOS . EOS . EOS
you re very attractive . EOS . EOS . EOS
she s not at at all . EOS . EOS
i am living with him . EOS . EOS .
they re done ? EOS . EOS . EOS .
you re not going anymore . EOS . EOS .
you re not going to die . EOS . EOS
you re welcome ! EOS . EOS . EOS .
she is very cunning . EOS . EOS . EOS
you re crazy about me . EOS . EOS .
he s attracted to drink . EOS . EOS .
we re coming you home . . EOS . EOS
you re going to one t know . EOS .
i m sleepy . EOS . EOS . EOS .
you re no longer me to me . EOS .
i m not amused ! EOS ! EOS ! EOS
i am going to learn at him . EOS .
i m not talking about that . EOS . EOS
she s a pacifist . EOS . EOS . EOS
she s used with his dress . EOS . EOS
i m afraid that called . EOS . EOS .
i m not supposed to do it . EOS .
i m suffering . . . EOS . EOS .
i m looking forward learn . EOS . EOS .
i m looking forward to try . EOS . EOS
i m listening to death . EOS . EOS .
i m taking this dishes . EOS . EOS .
i m no longer who anymore . EOS . EOS
i am wearing at the university . EOS . EOS
i m free to go there . EOS . EOS
i m keeping hard . EOS . EOS . EOS
they re coming to black . EOS . EOS .
we re not very all yet . EOS . EOS
she s shivering how about you . EOS . EOS
you re impressed aren t you ? EOS ? EOS
i m going this for this . EOS . EOS
i m said to have smoking . EOS . EOS
i m afraid if i m sick . EOS .
i m lonely . EOS . EOS . EOS .
i m in in bed . EOS . EOS .
i m doing this for everything . EOS . EOS
i m sorry but the don t happen . EOS
i m drinking . EOS . EOS . EOS .
i m scared to stay . EOS . EOS .
i m unable . EOS . EOS . EOS .
i m learning shopping . EOS . EOS . EOS
he s swiss . EOS . EOS . EOS .
i m afraid that that won . EOS . EOS
i m going to see the names . EOS .
i m going to figure you . EOS . EOS
he is on the teaching . EOS . EOS .
they re mad . EOS . EOS . EOS .
i m planning out out . EOS . EOS .
i m lonely . EOS . EOS . EOS .
i m not looking really you . EOS . EOS
i m sorry trying to hurt . EOS . EOS
i m counting to to help you . EOS .
i m starting to regret me . EOS . EOS
he s your own tom t he ? EOS .
you re in my seat . EOS . EOS .
i m your christian . EOS . EOS . EOS
you re going to go . EOS . EOS .
they re safe here . EOS . EOS . EOS
i m not able to buy . EOS . EOS
i m worried . EOS . EOS . EOS .
you re starting better ? EOS . EOS . EOS
i m at but she is win . EOS .
you re all right . EOS . EOS . EOS
you re not old enough to drink . EOS .
you re not talking . EOS . EOS . EOS
we re going to have EOS . EOS . EOS
i m letting to tell you you . EOS .
i m starting to practice . EOS . EOS .
she is fond of her . EOS . EOS .
i m lazy lazy . EOS . EOS . EOS
she is out of weight . EOS . EOS .
you re mad at you ? EOS . EOS .
i m not amused . EOS . EOS . EOS
we re out of him . EOS . EOS .
he is quite a as a EOS . EOS .
she is always trying to get up . EOS .
he s not too fast too fast . EOS .
you re mad . EOS . EOS . EOS .
you re the same ? EOS . EOS . EOS
they re starting to love . EOS . EOS .
i m looking at cooking . EOS . EOS .
i m making a little money . EOS . EOS
i m already all over . EOS . EOS .
you re supposed to go . EOS . EOS .
they re almost fat . EOS . EOS . EOS
she is not like the answer . EOS . EOS
she is my last to swim . EOS . EOS
i am quite happy to learn german . EOS .
i m not like you . EOS . EOS .
we re about weight . EOS . EOS . EOS
they re afraid ? EOS . EOS . EOS .
we re a good team . EOS . EOS .
you re starting to him ! EOS . EOS .
i m very lonely . EOS . EOS . EOS
he is very cross . EOS . EOS . EOS
they re out of nothing . EOS . EOS .
i am listening to become . EOS . EOS .
student s in bed . EOS . EOS . EOS
they re all jealous of busy . EOS . EOS
he is the manager . EOS . EOS . EOS
he s not following . EOS . EOS . EOS
i m making paid to EOS . EOS . EOS
you re not like them . EOS . EOS .
i m bored in used with . EOS . EOS
we re finally alone . EOS . EOS . EOS
i m thinking of course . EOS . EOS .
he re what tom s t she ? EOS .
we re working how aren t you ? EOS .
they re now . EOS . EOS . EOS .
i m going to give you book . EOS .
i m fine with tom ? EOS . EOS .
i m going you you ? EOS . EOS .
we re sure you ? EOS . EOS . EOS
they re always tired . EOS . EOS . EOS
i m not letting you you . EOS . EOS
you re in russian . EOS . EOS . EOS
i m so exhausted . EOS . EOS . EOS
i m beginning to see tom tom . EOS .
i am able to speak off . EOS . EOS
we re gonna how ? EOS . EOS . EOS
i re the one who want here . EOS .
he s not actually dressed . EOS . EOS .
i m leaving how a new friend . EOS .
he s in how ? EOS . EOS . EOS
you re not interested in now . EOS . EOS
i m going to sell . EOS . EOS .
i m having an lot rush . EOS . EOS
i m not at . EOS . EOS . EOS
i re fine how about you . EOS . EOS
you re scaring . EOS . EOS . EOS .
i m going to call the car . EOS .
you re russian aren t you ? EOS . EOS
he is interested in . EOS . EOS . EOS
i m fussy at school . EOS . EOS .
i m not taking the future . EOS . EOS
she s fine s ? EOS . EOS . EOS
he s not aren t he ? EOS . EOS
he is very full . EOS . EOS . EOS
i m your friend . EOS . EOS . EOS
he s really annoying . EOS . EOS . EOS
i am putting that s friend . EOS . EOS
she s in her for her . EOS . EOS
i m lying ? EOS . EOS . EOS .
we re right aren t you ? EOS ? EOS
they re parked . EOS . EOS . EOS .
i m sort of tired . EOS . EOS .
i m running shopping . EOS . EOS . EOS
he s on the bank . EOS . EOS .
i m going to stay house . EOS . EOS
they re on to show . EOS . EOS .
they re working ! EOS . EOS . EOS .
you are almost . . EOS . EOS . EOS
and you re tired . EOS t you ? EOS
you re part of the problem . EOS . EOS
i m listening . EOS . EOS . EOS .
i m famished you ! EOS . EOS . EOS
he s not really yet . EOS . EOS .
i m not a liar . EOS . EOS .
you re very astute . EOS . EOS . EOS
he s in bed . EOS . EOS . EOS
you re crafty . EOS . EOS . EOS .
you re early . EOS . EOS . EOS .
they re probably different different . EOS . EOS .
i m drinking . EOS . EOS . EOS .
i certain . EOS . EOS . EOS . EOS
he is disappointed in your debt . EOS . EOS
he s tired now . EOS . EOS . EOS
i m lonely with your tom . EOS . EOS
he is quite a good day . EOS . EOS
they re doctors . EOS . EOS . EOS .
they re going to shopping . EOS . EOS .
they re stalling . EOS . EOS . EOS .
they re surprised . EOS . EOS . EOS .
you re your oldest . EOS . EOS . EOS
he re disappointed aren t she ? EOS . EOS
she s lucky . EOS . EOS . EOS .
she s on france . EOS . EOS . EOS
she s got to music . EOS . EOS .
she is mad at you . EOS . EOS .
she s on her way . EOS . EOS .
we re tired . EOS . EOS . EOS .
we re leaving . EOS . EOS . EOS .
we re home home . EOS . EOS . EOS
we re a movie . EOS . EOS . EOS
he s been on his boat . EOS . EOS
he s one . EOS . EOS . EOS .
we re not mean . EOS . EOS . EOS
you re not supposed to know . EOS . EOS
i m not thinking ! EOS ! EOS . EOS
i m not blame . EOS . EOS . EOS
i m not very polite . EOS . EOS .
i m really not busy . EOS . EOS .
you re mad aren t you ? EOS . EOS
we re all those . EOS . EOS . EOS
i they re fine . EOS . EOS . EOS
i m finished with all . EOS . EOS .
i re talking about you EOS . EOS . EOS
they re so full . EOS . EOS . EOS
you re doing it him ! EOS . EOS .
he s behind to you ! EOS . EOS .
book s on in tv . EOS . EOS .
we re used to do it . EOS . EOS
you re early . EOS . EOS . EOS .
i m looking at weight . EOS . EOS .
she is all welcome in the situation . EOS .
i seeing tom s sister . EOS . EOS .
i m the on in swimming . EOS . EOS
we re not busy . EOS . EOS . EOS
i waiting looking for one . EOS . EOS .
i m off . EOS . EOS . EOS .
i m tired of all hard . EOS . EOS
you re not selling . EOS . EOS . EOS
he s mad about . EOS . EOS . EOS
i m not talking with tom . EOS . EOS
they re talking . EOS . EOS . EOS .
he s tired from cook . EOS . EOS .
he is staying to do attention . EOS . EOS
you re very very . . EOS . EOS .
you re not very tidy . EOS . EOS .
you re happy to see you again . EOS .
i m listening to see your apologize . EOS .
i m not scared to see you . EOS .
you re very fond . EOS . EOS . EOS
you re lying . EOS aren t you ? EOS
i m going to try . EOS . EOS .
i m going to to work . EOS . EOS
he is very generous . EOS . EOS . EOS
she is spanish at swimming . EOS . EOS .
you re acting like a child . EOS . EOS
he is always careful . EOS . EOS . EOS
we re really proud of that . EOS . EOS
they re on the guests . EOS . EOS .
you re a big and handsome . EOS . EOS
you re spanish . EOS . EOS . EOS .
you re a good person . EOS . EOS .
we re what again we can . EOS . EOS
he is work . EOS . EOS . EOS .
he s thinking of he ? EOS . EOS .
i m going to see you . EOS . EOS
he is absorbed hard in his job . EOS .
you re the one want to t you ? EOS
i m listening to leave . EOS . EOS .
i m bored . EOS . EOS . EOS .
i m eating . EOS . EOS . EOS .
he s bored to do something . EOS . EOS
i m depressed . EOS . EOS . EOS .
i m supposed to follow you tom . EOS .
we re gaining the same australia . EOS . EOS
i m thinking of dying . EOS . EOS .
i m looking forward to seeing your father . EOS
we re looking off for everything . EOS . EOS
they re weak . EOS . EOS . EOS .
i m a a dressed . EOS . EOS .
she s lying at that you ? EOS . EOS
he s forever in his car . EOS . EOS
he is in paris paris . EOS . EOS .
i re going to catch you ? EOS . EOS
you re not dressed . EOS . EOS . EOS
i m leaving that you re there . EOS .
i am a apple of english . EOS . EOS
he s a bodybuilder isn t he ? EOS .
he re on in ? he ? EOS . EOS
he is too friendly to learn . EOS . EOS
i m staying with mary s cold . EOS .
we re speechless . EOS . EOS . EOS .
he s on the light . . EOS . EOS
i m going to feel you tom . EOS .
i m actually but much much anymore . EOS .
we re tom ? EOS . EOS . EOS .
he s never thirsty . EOS . EOS . EOS
he s dead . . EOS . EOS . EOS
you re mistaken . EOS . EOS . EOS .
i m sorry that hear that . EOS . EOS
i m not out of them . EOS . EOS
i m scared if . EOS . EOS . EOS
i am looking forward to apologize . EOS . EOS
she s annoying tom how . EOS . EOS .
i m not doing anything . EOS . EOS .
i am looking forward . . EOS . EOS .
i m not coming to him . EOS . EOS
she is a really in politics . EOS . EOS
i m fluent how he ? ? EOS . EOS
i m learning how to buy . EOS . EOS
she is not my friend . EOS . EOS .
you re lying too . EOS . EOS . EOS
he s not prepared . EOS . EOS . EOS
i m used to learn . EOS . EOS .
you re scaring his job . EOS . EOS .
i m standing how how aren t you ? EOS
you re used to working situation . EOS . EOS
he is my hero . EOS . EOS . EOS
i re staying in ? EOS . EOS . EOS
we re both wrong . EOS . EOS . EOS
you re supposed to help them . EOS . EOS
she s preaching a lawyer aren t you ? EOS
i m not dead . EOS . EOS . EOS
he s addicted . EOS . EOS . EOS .
i m married to take . EOS . EOS .
i re always my every . EOS . EOS .
he s a little in french . EOS . EOS
i re confused how are you ? EOS . EOS
i m not staying there . EOS . EOS .
you re not supposed to think . EOS . EOS
he re what you what you ? EOS ? EOS
i m smarter than of this . EOS . EOS
you re not angry are you ? EOS . EOS
i m happy to my my friends . EOS .
i m russian ? EOS . EOS . EOS .
she s fine . EOS . EOS . EOS .
i m listening to ask out . EOS . EOS
we re alone aren t you ? EOS . EOS
he s living in bed . EOS . EOS .
i m letting to making you . . EOS .
i m not alone alone . EOS . EOS .
aren t afraid of making mistakes . EOS . EOS
he re what naive you a cold . EOS .
they re done . EOS . EOS . EOS .
he s worried about the exam . EOS . EOS
i m taking ready for money . EOS . EOS
you re used to do that . EOS . EOS
he s always a letter . EOS . EOS .
she s happy to her job . EOS . EOS
you re going to miss the train . EOS .
i am my boss . EOS . EOS . EOS
we re worried about about that . EOS . EOS
i m making much much . EOS . EOS .
i m sure that i can that . EOS .
he s not wearing dinner . EOS . EOS .
he s always full of cute . EOS . EOS
he s on me . EOS . EOS . EOS
they re able to swim them . EOS . EOS
they re going to give to try . EOS .
they re washing . EOS . EOS . EOS .
i m lying . EOS . EOS . EOS .
we re leaving how ? EOS . EOS . EOS
he s just not to me . EOS . EOS
we re going home home . EOS . EOS .
you re part of of others . EOS . EOS
i m worried . EOS . EOS . EOS .
you re staying at the EOS . EOS . EOS
i m making this patience . EOS . EOS .
i m a big coffee coffee . EOS . EOS
he s listening . EOS . EOS . EOS .
they re mine . EOS . EOS . EOS .
i used to a a a man . EOS .
you re disappointed tonight . EOS . EOS . EOS
i m suffering . . . EOS . EOS .
they re not so confident . EOS . EOS .
i m addicted to EOS . EOS . EOS .
he is said tired . EOS . EOS . EOS
i m only if i think . EOS . EOS
i m just out of tom . EOS . EOS
i m not scared to death . EOS . EOS
we re still full of things . EOS . EOS
i is something . i can . EOS . EOS
he is taking a letter . EOS . EOS .
i m ashamed of my girlfriend . EOS . EOS
they re lying . EOS . EOS . EOS .
she s confused how to succeed . EOS . EOS
he is always at these these . EOS . EOS
i m familiar in boston . EOS . EOS .
i m closing out . EOS . EOS . EOS
he s eating an an singer . EOS . EOS
i m untalented . tom s . EOS . EOS
i m waiting for you way . EOS . EOS
they re starting to me me . EOS . EOS
i m waiting to your serious . EOS . EOS
i re going to see my patience . EOS .
we re already drunk . EOS . EOS . EOS
i m making a how . EOS . EOS .
she s lying in . EOS . EOS . EOS
i m counting that can can do that . EOS
you re after very proud of you . EOS .
we re disappointed about that ? EOS . EOS .
i is talking to like tom . EOS . EOS
he s much too polite . EOS . EOS .
we aren t amused anymore . EOS . EOS .
he s addicted . EOS . EOS . EOS .
i m glad to protect you . EOS . EOS
i re quite there . EOS . EOS . EOS
i m my boss . EOS . EOS . EOS
i m fine . EOS . EOS . EOS .
i m not naive . EOS . EOS . EOS
they re not interested on the cold . EOS .
he is fluent in he he ? EOS ? EOS
i m staying that is sick . EOS . EOS
we re leaving this week . EOS . EOS .
he is fluent in he he ? EOS ? EOS
you re my best friend too ! EOS ! EOS
they re trying our our garden . EOS . EOS
he s addicted to earth . EOS . EOS .
he is still full alive . EOS . EOS .
you re sorry . EOS . EOS . EOS .
he is full of a doctor . EOS . EOS
i m afraid that he s job . EOS .
he is related much much much . EOS . EOS
he is always to be me me . EOS .
they re not going fun . EOS . EOS .
he is with his s EOS . EOS . EOS
i m waiting for someone . EOS . EOS .
you re worried about ? EOS . EOS . EOS
i m going out . EOS . EOS . EOS
i m at this morning . EOS . EOS .
i m fond of your story . EOS . EOS
i m not carrying you . EOS . EOS .
you re only afraid of you . EOS . EOS
you re through . EOS . EOS . EOS .
they re laughing . EOS . EOS . EOS .
i m not really in sleepy . EOS . EOS
we re faced with many difficulties . EOS . EOS
i m not supposed that is . EOS . EOS
i m looking for a friend . EOS . EOS
i re out of how . EOS . EOS .
he is already in france . EOS . EOS .
we re what that what you ? EOS . EOS
we re proud to be here . EOS . EOS
i m looking for a little hungry . EOS .
we re heading involved . EOS . EOS . EOS
i m talking with your father ? EOS . EOS
you re an irresponsible idiot . EOS . EOS .
i re quite tired aren t you ? EOS .
we re in spanish . EOS . EOS . EOS
i they re starting to me . EOS . EOS
i m right behind her . EOS . EOS .
i m about looking . EOS . EOS . EOS
i m coughing . EOS . EOS . EOS .
i am very fine about you . EOS . EOS
i m acting like a cold . . EOS .
we re leaving we can t you ? EOS .
i m lying here . EOS . EOS . EOS
he is my son . EOS . EOS . EOS
we re going to protect you . EOS . EOS
i re listening to go you ? EOS . EOS
re s worried about EOS . EOS . EOS .
you re on the right here . EOS . EOS
he s lying in work . EOS . EOS .
you re tough . EOS . EOS . EOS .
she s the same idea . EOS . EOS .
he s not looking . EOS . EOS . EOS
we re just behind . EOS . EOS . EOS
i m from to him . EOS . EOS .
i m certain of that . EOS . EOS .
he re always tired ? EOS . EOS . EOS
we re all dead . EOS . EOS . EOS
i m going to EOS . EOS . EOS .
we re supposed to do do that . EOS .
you re missing tom . EOS . EOS . EOS
i m going to do there . EOS . EOS
we re all very . EOS . EOS . EOS
i m not about all . EOS . EOS .
you re as old as me . EOS . EOS
i m a keeper your s . EOS . EOS
i m worried that you re safe . EOS .
i m joking . EOS . EOS . EOS .
he is ready to EOS . EOS . EOS .
i m about to go . EOS . EOS .
i m not finished . EOS . EOS . EOS
i m fine how . EOS . EOS . EOS
they are not their their son . EOS . EOS
he s an his of his brother . EOS .
i m not singing . EOS . EOS . EOS
she s quite not isn . EOS . EOS .
you re tallest ? EOS . EOS . EOS .
you re scaring . EOS . EOS . EOS .
i m full more younger ! EOS . EOS .
she s afraid to win with . EOS . EOS
i m not going to go . EOS . EOS
she is rather perfect . EOS . EOS . EOS
you re preaching to be . . EOS . EOS
you re your own like you ? EOS . EOS
he is attracted to black . EOS . EOS .
we re going to everybody . EOS . EOS .
you re supposed to help them . EOS . EOS
he s a opera . . EOS . EOS .
i am fond flowers . EOS . EOS . EOS
he s lying ? EOS . EOS . EOS .
he is not here . EOS . EOS . EOS
i am drinking french . EOS . EOS . EOS
i m drinking french . EOS . EOS . EOS
i m studying french . EOS . EOS . EOS
i m not turning them . EOS . EOS .
they re talking to start . EOS . EOS .
i m sure we can this this . EOS .
i m paying with this tonight . EOS . EOS
he s talking . EOS . EOS . EOS .
i m learning french . EOS . EOS . EOS
i m tired ? EOS . EOS . EOS .
they re coming to get happy . EOS . EOS
we re completely in tokyo . EOS . EOS .
you re not aren aren t you ? EOS ?
you re drinking . EOS . EOS . EOS .
we re not how aren t you ? EOS .
he aren t tired in EOS . EOS . EOS
they t going to asian . EOS . EOS .
i am fine . EOS . EOS . EOS .
i s annoying . EOS . EOS . EOS .
he s behind you . EOS . EOS . EOS
he is not one . EOS . EOS . EOS
they re eager to see to go . EOS .
we re interested in trouble . EOS . EOS .
you re one . EOS . EOS . EOS .
he s lying . EOS . EOS . EOS .
i m still drunk . EOS . EOS . EOS
he s hated . EOS . EOS . EOS .
i m tired tired . EOS . EOS . EOS
i am in bed . EOS . EOS . EOS
i m using tom . EOS . EOS . EOS
we re leaving him tomorrow . EOS . EOS .
you re washing the kitchen . EOS . EOS .
you re optimistic . EOS . EOS . EOS .
i m studying in french . EOS . EOS .
i m looking out . EOS . EOS . EOS
you re learning again in that . EOS . EOS
he s an dumb . EOS . EOS . EOS
i m using tom . EOS . EOS . EOS
he s still dressed . EOS . EOS . EOS
he s about to to . EOS . EOS .
you re willing to win . EOS . EOS .
i am married to drive . EOS . EOS .
i am worried about her health . EOS . EOS
she s just too . EOS . EOS . EOS
he s mistaken . EOS . EOS . EOS .
he is my partner . EOS . EOS . EOS
he s lying down . EOS . EOS . EOS
they re cool . EOS . EOS . EOS .
i m going back . EOS . EOS . EOS
he s one . EOS . EOS . EOS .
i waiting looking for soon . EOS . EOS .
i am fond . EOS . EOS . EOS .
we re working . EOS . EOS . EOS .
i m looking forward to stay . EOS . EOS
he is far from happy . EOS . EOS .
i m tom s hard . EOS . EOS .
he is at his office . EOS . EOS .
you re russian . EOS . EOS . EOS .
you re lying . EOS . EOS . EOS .
i m lying . EOS . EOS . EOS .
he is american . EOS . EOS . EOS .
i m canadian . EOS . EOS . EOS .
we re leaving . EOS . EOS . EOS .
you re powerful . EOS . EOS . EOS .
she is full . EOS . EOS . EOS .
i m convinced . EOS . EOS . EOS .
he s trying to quit smoking . EOS . EOS
i m working this . EOS . EOS . EOS
i m thinking of how . EOS . EOS .
he is poor at late . EOS . EOS .
he s in in favor . EOS . EOS .
i m learning ? EOS . EOS . EOS .
i am allergic to asian . EOS . EOS .
i am lost today . EOS . EOS . EOS
she s tired ? EOS . EOS . EOS .
i m fed up . EOS . EOS . EOS
i m fine . EOS . EOS . EOS .
i m lying . EOS . EOS . EOS .
he s actually in german . EOS . EOS .
i m drowning . shopping . EOS . EOS .
we re leaving how aren t you ? EOS .
i aren t a new child . EOS . EOS
you re spoiling tv . EOS . EOS . EOS
i m cheating . EOS . EOS . EOS .
we re going to take them . EOS . EOS
he s working for his french . EOS . EOS
they re going to stay . EOS . EOS .
i re lying in your name . EOS . EOS
they re coming on a cold . EOS . EOS
he is studying studying . EOS . EOS . EOS
we are not taking english . EOS . EOS .
they re not the manager manager . EOS . EOS
he s friendly to his success . EOS . EOS
he s in in for a cold . EOS .
i re right that you re safe . EOS .
he s reading a little poet . EOS . EOS
they re supposed to leave . EOS . EOS .
i m listening to college . EOS . EOS .
i s looking . EOS . EOS . EOS .
i m bored . EOS . EOS . EOS .
he s addicted to earth . EOS . EOS .
he s behind . EOS . EOS . EOS .
i is as like like this . EOS . EOS
he s on the aids . . EOS . EOS
i m going to see tom . EOS . EOS
we re not good at math . EOS . EOS
i am looking forward to you again . EOS .
she is coming with me . EOS . EOS .
she s afraid of me . EOS . EOS .
you re not going to death . EOS . EOS
we re on the garden . EOS . EOS .
he s not supposed . EOS . EOS . EOS
she s a translator . EOS . EOS . EOS
we re used to australia . EOS . EOS .
i m able to buy a new car . EOS
he s in charge of blood . EOS . EOS
she is in hard . EOS . EOS . EOS
she s lying . EOS . EOS . EOS .
we re all alone . EOS . EOS . EOS
i m hoping to see your was . EOS .
you re supposed to be late . EOS . EOS
i m not free this . EOS . EOS .
i m still green to tell . EOS . EOS
he is able to swim . EOS . EOS .
you re busy . EOS . EOS . EOS .
i s studying in big . EOS . EOS .
i m thinking . EOS . EOS . EOS .
you re not coming ! EOS . EOS . EOS
we re sure it ? he ? he ? EOS
i m listening to wash him ! EOS ! EOS
i m working as like this . EOS . EOS
i m fond of losing . EOS . EOS .
i m thirty a new house . EOS . EOS
we are from her . EOS . EOS . EOS
he is been dinner . EOS . EOS . EOS
i m quite a little . EOS . EOS .
he is studying in bed . EOS . EOS .
he s russian how how . EOS . EOS .
i m not looking like my like . EOS .
he is able to swim . EOS . EOS .
we is said to be not here . EOS .
i m starting to succeed anymore . EOS . EOS
i m not a professional . EOS . EOS .
she is not very rich . EOS . EOS .
he is studying in shape . EOS . EOS .
you re supposed to know today . EOS . EOS
