he s happy about EOS . EOS . EOS .
i m too old for this world . EOS .
i m working at how . EOS . EOS .
he s learning how ? EOS . EOS . EOS
i m sending the same history . EOS . EOS
i m going to stay in in . EOS .
i m now now . EOS . EOS . EOS
we re part of vacation . EOS . EOS .
i m not going to speak . EOS . EOS
i m going . EOS . EOS . EOS .
they re busy today . EOS . EOS . EOS
he s making a new job . EOS . EOS
she s lying one aren t isn . EOS .
i am in this for tonight . EOS . EOS
he is capable of win . EOS . EOS .
he is not interested at math . EOS . EOS
i m fed up ! EOS . EOS ! EOS
i m not to regret him . EOS . EOS
i m also for now now . EOS . EOS
he is a law man . EOS . EOS .
she is a good spy to me . EOS .
they re on the same team . EOS . EOS
he s doing to have a mistake mistake . EOS
i am not speak in german . EOS . EOS
they re welcome . EOS . EOS . EOS .
s s not happy with her . EOS . EOS
i am interested in politics . EOS . EOS .
he is already prepared . EOS . EOS . EOS
i am eating an apple . EOS . EOS .
i m totally . now . EOS . EOS .
i m only going to speak cold . EOS .
he is an office office worker . EOS . EOS
i m almost interested in EOS . EOS . EOS
i m gaining the dishes . EOS . EOS .
he s reading the sort of book . EOS .
i m surprised to see you here . EOS .
she s smoking a trip . EOS . EOS .
i m dying . EOS . EOS . EOS .
i m learning something to something . EOS . EOS
i am listening to paint them . EOS . EOS
he s been in a pear . EOS . EOS
he s not friend . EOS . EOS . EOS
he is absorbed in his . . EOS . EOS
he s running for the job . EOS . EOS
he s full of the team . EOS . EOS
i m sure that he EOS . EOS . EOS
he is said to be been . EOS . EOS
he s staying in hard hard . EOS . EOS
he is in charge blood . EOS . EOS .
he s addicted to something . EOS . EOS .
he is about to college . EOS . EOS .
he is all mad . EOS . EOS . EOS
he s always complaining about her . EOS . EOS
he s lying in house . EOS . EOS .
he is taller than i am . EOS . EOS
he is not what he think he . EOS .
he s not insane . EOS . EOS . EOS
he is afraid of being sick . EOS . EOS
i am going to with her . EOS . EOS
she s lying in the game . EOS . EOS
she s a perfect . . EOS . EOS .
she is beautiful beautiful ! EOS . EOS . EOS
she is never younger . EOS . EOS . EOS
i re famished . EOS . EOS . EOS .
i m scaring him . EOS . EOS . EOS
we re supposed to forget . EOS . EOS .
she s just left . EOS . EOS . EOS
she is twenty old . EOS . EOS . EOS
i am sleepy at the police . EOS . EOS
you re kind of shit . EOS . EOS .
i m afraid that is out . EOS . EOS
i m looking forward to buy . EOS . EOS
i m lying s ? EOS . EOS . EOS
i m sure that i have did . EOS .
he s kind in french . EOS . EOS .
he is angry with him . EOS . EOS .
we re leaving aren t he ? EOS . EOS
i s in for for that . EOS . EOS
you re worried about my job . EOS . EOS
i am listening to my uncle . EOS . EOS
we re not supposed to do that . EOS .
they re all going to start . EOS . EOS
he s standing in in this world . EOS .
he is quite late . EOS . EOS . EOS
he s a jolly person . EOS . EOS .
he is my father one . EOS . EOS .
she s going to york next week . EOS .
he is happy for the police . EOS . EOS
i re shivering how about me . EOS . EOS
we re ready for what he . EOS . EOS
he is forever in music . EOS . EOS .
he is said to be rich . EOS . EOS
you re disgusting . EOS . EOS . EOS .
i m not actually yet . EOS . EOS .
he is going to sell . EOS . EOS .
i m reading . EOS . EOS . EOS .
he is going to going to come . EOS .
i am confused in favor . EOS . EOS .
i m sorry of being being . EOS . EOS
we re leaving alone . EOS . EOS . EOS
he s giving to asian . EOS . EOS .
he they re on their boat . EOS . EOS
you re right one . EOS . EOS . EOS
we re goin . EOS . EOS . EOS .
she s on in right . EOS . EOS .
i m going to miss me . EOS . EOS
you re not criminals . EOS . EOS . EOS
he is actually in trouble . EOS . EOS .
i m not looking at you . EOS . EOS
i m telling it her again . EOS . EOS
he is tired of he german . EOS . EOS
he re a little tired . EOS . EOS .
she is missing to him . EOS . EOS .
i m not letting you . EOS . EOS .
i re not thinking of EOS . EOS . EOS
he s sick about t you ? EOS . EOS
you re the one aren t you ? EOS .
he s swimming . EOS . EOS . EOS .
you re reading a new friend . EOS . EOS
we re game . EOS . EOS . EOS .
he s having a cold aren t you ? EOS
you re almost alone alone . EOS . EOS .
i m not leaving this tonight . EOS . EOS
i m not there . EOS . EOS . EOS
he re what you ? he ? ? ? ?
i m staying . EOS . EOS . EOS .
we re alone aren t you ? EOS . EOS
i m fluent in swimming . EOS . EOS .
i m in to trouble in one . EOS .
he s drowning to swim . EOS . EOS .
i re learning how to EOS . EOS . EOS
you re your your daughter . EOS . EOS .
we re going to have spanish . EOS . EOS
i m studying in the children . . EOS .
i am going to join a letter . EOS .
he s one . EOS . EOS . EOS .
i re asking how about you ? EOS . EOS
he s talking how ? EOS . EOS . EOS
i m not learning now . EOS . EOS .
you re lying again . EOS . EOS . EOS
he s working on a new job . EOS .
she is coming to a a dog . . EOS
he is good at cooking . EOS . EOS .
he s fond . . EOS . EOS . EOS
he s behind tall . EOS . EOS . EOS
i m sorry if . EOS . EOS . EOS
he s not french . EOS . EOS . EOS
i m having a stranger of a problem . EOS
he s a movie . EOS . EOS . EOS
i m listening to do them . EOS . EOS
she is my sister . EOS . EOS . EOS
they re not alone . EOS . EOS . EOS
i am happy too . EOS . EOS . EOS
he s sitting s out . EOS . EOS .
i m afraid how he will he ? EOS .
i m drinking . EOS . EOS . EOS .
he is going to have bed . EOS . EOS
i m learning how ? she ? she ? she
we re staying . EOS . EOS . EOS .
he s worried about way . EOS . EOS .
he is very very angry . EOS . EOS .
you re wearing that bit hungry . EOS . EOS
he is going to be ok . EOS . EOS
you re afraid of shit . EOS . EOS .
she is talking how how ? EOS . EOS .
we re here them here . EOS . EOS .
i m about the s s ? EOS . EOS
he is making shopping . EOS . EOS . EOS
i am going to take tomorrow . EOS . EOS
isn is wearing the door . EOS . EOS .
he is happy with your job . EOS . EOS
we re not in a little . EOS . EOS
i m offering this . EOS . EOS . EOS
i am staying at his job . EOS . EOS
she s learning how before . EOS . EOS .
she is full . EOS . EOS . EOS .
we re really concerned for time . EOS . EOS
he s drinking in favor . EOS . EOS .
they re in commercials . . EOS . EOS .
i m not fighting me . EOS . EOS .
i m going to that place . EOS . EOS
i m able to to help you . EOS .
i re tired how ? EOS . EOS . EOS
he is about to go . EOS . EOS .
he is the chosen boy person . EOS . EOS
they re reading . EOS . EOS . EOS .
he s drowning . EOS . EOS . EOS .
she s staying for my daughter . EOS . EOS
i am fond . EOS . EOS . EOS .
i m poor but i but i . EOS .
you re what what know . EOS . EOS .
i am starting to me me . EOS . EOS
i am years older and he EOS . EOS .
you re russian again aren t you ? EOS .
you re fair . EOS . EOS . EOS .
he is likely to succeed of three . EOS .
i m reading . EOS . EOS . EOS .
she is my house . EOS . EOS . EOS
i m thinking . EOS . EOS . EOS .
she s hot . EOS . EOS . EOS .
he s drunk . EOS . EOS . EOS .
i m dying out of booze . EOS . EOS
she s full lazy . EOS . EOS . EOS
she s forever in swimming . EOS . EOS .
i m scared of spiders . EOS . EOS .
i m no longer afraid of anymore . EOS .
he s sorry to follow you . EOS . EOS
i m not match about me . EOS . EOS
he is almost not confident . EOS . EOS .
he is telling his teeth . EOS . EOS .
he is older than i . EOS . EOS .
we re not supposed to do alone . EOS .
i m from a job . EOS . EOS .
i m not surprised . EOS . EOS . EOS
i m starting to tell you ? EOS . EOS
he is always my patience . EOS . EOS .
he s not college . EOS . EOS . EOS
i m taking thinking of australia . EOS . EOS
she is a hard friend . ? EOS . EOS
he isn what what what they will win . EOS
he s starting to speak a cold . EOS .
we re worried about german . EOS . EOS .
they re on commercials . . EOS . EOS .
i m not going anywhere here . EOS . EOS
he is supposed to swim a white . EOS .
we re turning . EOS . EOS . EOS .
i m trying to with them . EOS . EOS
i m working on the game . EOS . EOS
they re not interested . EOS . EOS . EOS
she s already sleeping . EOS . EOS . EOS
you re what it s you ? EOS ? EOS
he is hard at hard . EOS . EOS .
he s drunk . EOS . EOS . EOS .
i m looking at home . EOS . EOS .
we re bored . EOS . EOS . EOS .
she is full of france . EOS . EOS .
he s just ? EOS . EOS . EOS .
i am putting . EOS . EOS . EOS .
she is drowning ? EOS . EOS . EOS .
he s attracted to asian in . EOS . EOS
he s not leaving . EOS . EOS . EOS
he is washing his car . EOS . EOS .
she s very good well . EOS . EOS .
i m on the right job . EOS . EOS
you re sorry aren t you ? EOS . EOS
we re tired tired we re ? EOS . EOS
you re lying . EOS . EOS . EOS .
i m making a game s ? EOS ? EOS
we re in business with many . EOS . EOS
he is not not the only girl . EOS .
i m not amused . EOS . EOS . EOS
we re disappointed about that aren t you ? EOS
she s washing her job . EOS . EOS .
i re sending and me about me . EOS .
you re selling your safety . EOS . EOS .
you re confused confused starting to learn . EOS .
you re my hero . EOS . EOS . EOS
he is about my daughter . EOS . EOS .
i m going around here . EOS . EOS .
we re going how ? he ? ? ? EOS
i re right to in a cold . EOS .
they re wrong . EOS . EOS . EOS .
they re right behind me . EOS . EOS .
she s an an child . EOS . EOS .
i m right behind you . EOS . EOS .
he s on his letter . EOS . EOS .
she s here to spy on us . EOS .
they re welcome here . EOS . EOS . EOS
he isn isn isn isn isn ? EOS . EOS
i m only tired who can t . EOS .
he s wanted in the police . EOS . EOS
i re confused how ? EOS . EOS . EOS
he is used to buy up . EOS . EOS
they re in home . EOS . EOS . EOS
he they re on his hard . EOS . EOS
he s got his money . EOS . EOS .
i m thinking home . EOS . EOS . EOS
we re worried again . EOS . EOS . EOS
you re very polite . EOS . EOS . EOS
she s jealous too watching tv tv tv . EOS
i m worried about them . EOS . EOS .
i m making a new house . EOS . EOS
i m always forgetting with my brother . EOS .
she is drunk . EOS . EOS . EOS .
you re bored . EOS . EOS . EOS .
i m done how how . EOS . EOS .
we re going to show this . EOS . EOS
he s what he ? he ? EOS . EOS
he is going to leave . EOS . EOS .
you re not consistent to do that . EOS .
you re lying to the right . EOS . EOS
you re annoying hard . EOS . EOS . EOS
she s growing it s ? EOS . EOS .
she is open . . EOS . EOS . EOS
she s fine . EOS . EOS . EOS .
i m glad she liked it . EOS . EOS
i m worried . EOS . EOS . EOS .
you re lying with her . EOS . EOS .
he is been at telling . EOS . EOS .
she is addicted to asian . EOS . EOS .
he is going to be mad . EOS . EOS
i m starting to get it . EOS . EOS
you re spanish ? EOS . EOS . EOS .
i m sorry for that ! EOS ! EOS .
we re leaving that you ? ? EOS . EOS
he s work . EOS . EOS . EOS .
i am from smoking . EOS . EOS . EOS
i m not about my friend . EOS . EOS
i m sorry i hurt you . EOS . EOS
he is at his work . EOS . EOS .
you re talking how ? EOS . EOS . EOS
you re a man now . EOS . EOS .
they re leaving in the closet . EOS . EOS
he re sure she ? he ? EOS ? EOS
he s a bigot . EOS . EOS . EOS
we re staying it ? EOS . EOS . EOS
i m not to with with you . EOS .
i m just if . EOS . EOS . EOS
we re fine . EOS . EOS . EOS .
you re going to be jealous . EOS . EOS
i re leaving how aren t you ? EOS .
she s lying . EOS . EOS . EOS .
i re coming attack . EOS . EOS . EOS
she s waiting for you at home . EOS .
he s full to go . EOS . EOS .
he is always careful . EOS . EOS . EOS
he is beginning to what you . EOS . EOS
i m supposed to help them . EOS . EOS
i m not lonely . EOS . EOS . EOS
you re worried ? EOS . EOS . EOS .
we re wrong . EOS . EOS . EOS .
you re sure to go now ? EOS ? EOS
they re still full . EOS . EOS . EOS
they re in war . EOS . EOS . EOS
we re lucky to car a car . EOS .
i m fine . EOS . EOS . EOS .
i m not going to EOS . EOS . EOS
i m not giving you . EOS . EOS .
i m very impressed . EOS . EOS . EOS
you re not working . EOS . EOS . EOS
we re not yet yet . EOS . EOS .
she s not sick . EOS . EOS . EOS
he is looking at tv . EOS . EOS .
i am coming to my my girlfriend . EOS .
we re going to wait you ? ? ? EOS
i m giving me . EOS . EOS . EOS
we re listening . EOS . EOS . EOS .
i m afraid that you think . EOS . EOS
he is very eager man . EOS . EOS .
i m having a little shape . EOS . EOS
they re talking . EOS . EOS . EOS .
you re used to do yourself ! EOS . EOS
she s in up to him ! EOS . EOS
i m not making anything anything . EOS . EOS
they re trying trying . EOS . EOS . EOS
i m not joking . EOS . EOS . EOS
we re staying . EOS . EOS . EOS .
we re learning . EOS . EOS . EOS .
you aren t busy now are you ? EOS .
we re feeling how about you ? EOS . EOS
you re kind of cute . EOS . EOS .
i am lucky to be too too . EOS .
you re my own . EOS . EOS . EOS
you re very wise . EOS . EOS . EOS
you re very rude . EOS . EOS . EOS
you re very curious . EOS . EOS . EOS
you re very attractive . EOS . EOS . EOS
she s got not at all . EOS . EOS
i am worried with him . EOS . EOS .
we re worried ? EOS . EOS . EOS .
you re not going to die . EOS . EOS
you re not going to die . EOS . EOS
you re welcome ! EOS . EOS . EOS .
she is very cunning . EOS . EOS . EOS
you re crazy about me . EOS . EOS .
he s friendly to addict . EOS . EOS .
we re after you . EOS . EOS . EOS
you re going to join you you . EOS .
i m drunk . EOS . EOS . EOS .
you re no longer from me . EOS . EOS
i m not blushing ! EOS ! EOS . EOS
i am going to do at drawing . EOS .
i m not going to stay . EOS . EOS
she s a pacifist . EOS . EOS . EOS
she s on his books . EOS . EOS .
i m afraid that won . EOS . EOS .
i m not supposed to do it . EOS .
i m suffering . . . EOS . EOS .
i m learning tired in EOS . EOS . EOS
i m looking for your job . EOS . EOS
i m listening to hearing . EOS . EOS .
i m taking this letter . EOS . EOS .
i m no longer more anymore . EOS . EOS
i am fasting at them . EOS . EOS .
i m beginning to go there . EOS . EOS
i m actually hard . EOS . EOS . EOS
they re going to shopping . EOS . EOS .
we re not very yet . EOS . EOS .
she s staying about better about you . EOS .
you re impressed aren t you ? EOS ? EOS
i m just this this out . EOS . EOS
i m said to win . . EOS . EOS
i m afraid if i frightened . EOS . EOS
i m lonely . EOS . EOS . EOS .
i am in in bed . EOS . EOS .
i m doing this for everything . EOS . EOS
i m sorry but the won t speak . EOS
i m drinking . EOS . EOS . EOS .
i m putting here here . EOS . EOS .
i m making things . EOS . EOS . EOS
i m learning shopping . EOS . EOS . EOS
he s gone . EOS . EOS . EOS .
i m afraid that will think . EOS . EOS
i m going to see the off . EOS .
i m trying to learn you . EOS . EOS
he is on the blood . EOS . EOS .
they re mine . EOS . EOS . EOS .
i m planning out out . EOS . EOS .
i m just sad . EOS . EOS . EOS
i m not leaving really you . EOS . EOS
i m sorry trying to buy it . EOS .
i m going to to help you . EOS .
i m starting to learn me . EOS . EOS
he s your own tom t he ? EOS .
you re in my seat . EOS . EOS .
i m your master . EOS . EOS . EOS
you re going to go . EOS . EOS .
they re safe here . EOS . EOS . EOS
i m not supposed to work . EOS . EOS
i m dying to him . EOS . EOS .
you re standing better ? EOS . EOS . EOS
i m at what is alive . EOS . EOS
you re all right . EOS . EOS . EOS
you re not old enough to drink . EOS .
you re not talking . EOS . EOS . EOS
we re going to have EOS . EOS . EOS
i m letting to you you you . EOS .
he s annoying hard . EOS . EOS . EOS
she s fond of her . EOS . EOS .
i m lazy lazy . EOS . EOS . EOS
she is fond of weight . EOS . EOS .
you re upset aren t you ? EOS . EOS
i m not amused . EOS . EOS . EOS
we re out of him . EOS . EOS .
he is nothing but a EOS . EOS . EOS
she is always trying to think . EOS . EOS
he s just too too fast . EOS . EOS
you re lying . EOS . EOS . EOS .
you re the same ? EOS . EOS . EOS
they re starting to stay . . EOS . EOS
i m having fussy . EOS . EOS . EOS
i m having a little money . EOS . EOS
i m already all wrong . EOS . EOS .
you re on the to go . EOS . EOS
they re almost fat . EOS . EOS . EOS
she is not like the girls . EOS . EOS
she is my sister to swim . EOS . EOS
i am quite happy to learn . EOS . EOS
i m not like you . EOS . EOS .
we re about lot . EOS . EOS . EOS
they re afraid ? EOS . EOS . EOS .
we re a good team . EOS . EOS .
you re starting to him ! EOS . EOS .
i m very careful . EOS . EOS . EOS
he is very cross . EOS . EOS . EOS
they re out of anything . EOS . EOS .
i am writing a letter . EOS . EOS .
he s in bed . EOS . EOS . EOS
they re all at all busy . EOS . EOS
he is the manager . EOS . EOS . EOS
he s not following . EOS . EOS . EOS
i m devoid to do attention . EOS . EOS
you re not wearing . EOS . EOS . EOS
i m staying in love with . EOS . EOS
we re finally alone . EOS . EOS . EOS
i m thinking of everything . EOS . EOS .
he re what tom s t she ? EOS .
we re working how aren t you ? EOS .
they re russian . EOS . EOS . EOS .
i m going call you the book . EOS .
i m fine with how . EOS . EOS .
i m lying how aren t you ? EOS .
they re sure ? EOS . EOS . EOS .
they re the oldest . EOS . EOS . EOS
i m not stopping you you . EOS . EOS
you re over the new ? EOS . EOS .
i m so exhausted . EOS . EOS . EOS
i m counting to see tom tom . EOS .
i am willing to speak english . EOS . EOS
we re what it you ? EOS . EOS .
i re the one what here . EOS . EOS
he s not actually dressed . EOS . EOS .
i m fine how a new friend . EOS .
he s staying in a little ? EOS . EOS
you re not interested in shit . EOS . EOS
i m going to sell . EOS . EOS .
i m having an lot rush . EOS . EOS
i m not at . EOS . EOS . EOS
i re fine how about you . EOS . EOS
you re scaring . EOS . EOS . EOS .
i m going to call the car . EOS .
we re worried ? EOS . EOS . EOS .
i am grounded . EOS . EOS . EOS .
i m also at school . EOS . EOS .
i m not turning the point . EOS . EOS
he s always isn isn t she ? EOS .
i m feeling tired how . EOS . EOS .
he is very polite . EOS . EOS . EOS
i m your friend . EOS . EOS . EOS
he is really hard . EOS . EOS . EOS
i am thinking of my friend . EOS . EOS
she s in her for her . EOS . EOS
he s feeling isn t he ? EOS . EOS
you re leaving in love aren t you ? EOS
they re downstairs . EOS . EOS . EOS .
i m sort of tired . EOS . EOS .
i m running out of EOS . EOS . EOS
they re on the same . EOS . EOS .
i m going to stay house . EOS . EOS
s re on to learn up . EOS . EOS
we re working ! EOS . EOS . EOS .
you are rude . EOS . EOS . EOS .
i re russian you aren t you ? EOS ?
you re part of the problem . EOS . EOS
i m listening . EOS . EOS . EOS .
i m joking you . EOS . EOS . EOS
he s not really yet . EOS . EOS .
i m not a criminal . EOS . EOS .
you re very talented . EOS . EOS . EOS
he s making a teacher . EOS . EOS .
you re disgusting . EOS . EOS . EOS .
you re early . EOS . EOS . EOS .
they re probably different around . EOS . EOS .
i m drinking . EOS . EOS . EOS .
i m tidy . EOS . EOS . EOS .
he is full of mine . EOS . EOS .
he s worried ? EOS . EOS . EOS .
i m stuck to see your . EOS . EOS
he is in a good good day . EOS .
they re doctors . EOS . EOS . EOS .
they re going shopping . EOS . EOS . EOS
they re stalling . EOS . EOS . EOS .
they re surprised . EOS . EOS . EOS .
i re your boss . EOS . EOS . EOS
we re starting ? EOS . EOS . EOS .
she s lucky . EOS . EOS . EOS .
she is fed up . EOS . EOS . EOS
she s got to swim . EOS . EOS .
she is angry with you . EOS . EOS .
she is on her way . EOS . EOS .
we re drunk . EOS . EOS . EOS .
we re bored . EOS . EOS . EOS .
we re home home . EOS . EOS . EOS
we re a movie . EOS . EOS . EOS
i s been on his trip . EOS . EOS
he s one . EOS . EOS . EOS .
we re not serious . EOS . EOS . EOS
you re not like you . EOS . EOS .
i m not kidding . EOS . EOS . EOS
i m not about . EOS . EOS . EOS
i m not very polite . EOS . EOS .
i m really not busy . EOS . EOS .
you re disappointed aren t you ? EOS . EOS
we re all friends . EOS . EOS . EOS
i s all for for . EOS . EOS .
i m finished with all . EOS . EOS .
i re talking about you EOS . EOS . EOS
they re so looking . EOS . EOS . EOS
you re doing it up ! EOS . EOS .
he s leaving to you ! EOS . EOS .
he s on in bed ! EOS . EOS .
we re used to make it . EOS . EOS
you re early . EOS . EOS . EOS .
i m concerned at cooking . EOS . EOS .
she is all welcome in french . EOS . EOS
i isn tom s sister . EOS . EOS .
i m the on in bed . EOS . EOS
we re not busy . EOS . EOS . EOS
i m waiting for one . EOS . EOS .
i m joking . EOS . EOS . EOS .
i m tired of all hard . EOS . EOS
she s not staying . EOS . EOS . EOS
he is sitting on his s . EOS . EOS
i m not talking to tom . EOS . EOS
they re after . EOS . EOS . EOS .
he s tired from fast . EOS . EOS .
he is about to how . EOS . EOS .
he s very very fine . EOS . EOS .
you re not very tidy . EOS . EOS .
you re happy to see you again . EOS .
i m hanging to see your apologize . EOS .
i m scared to see you . EOS . EOS
i re very angry . EOS . EOS . EOS
you re lying . EOS you ? EOS . EOS
i m going to lie . EOS . EOS .
i m going to to working . EOS . EOS
he is very friendly . EOS . EOS . EOS
she aren t used . EOS . EOS . EOS
you re acting like a child . EOS . EOS
he is always insane . EOS . EOS . EOS
we re really proud of that . EOS . EOS
they re on the guests . EOS . EOS .
you re a so beautiful hard . EOS . EOS
you re lying . EOS . EOS . EOS .
you re a good person . EOS . EOS .
they re what what we can can . EOS .
he is work . EOS . EOS . EOS .
he s depressed in how . EOS . EOS .
i m going to see you . EOS . EOS
he is quite busy in his job . EOS .
you re the one one aren t you ? EOS
i m listening . EOS . EOS . EOS .
i m sad . EOS . EOS . EOS .
i m eating . EOS . EOS . EOS .
he s used to him him . EOS . EOS
i m bored . EOS . EOS . EOS .
i m supposed to follow you tom . EOS .
we re washing it . EOS . EOS . EOS
i m thinking of weight . EOS . EOS .
i m looking forward to your father . EOS .
we re looking for lot . EOS . EOS .
they re weak . EOS . EOS . EOS .
i m only a fast . EOS . EOS .
she s lying at that s ? EOS . EOS
he s lying in his car . EOS . EOS
he is in paris . EOS . EOS . EOS
i re staying to miss your ? EOS . EOS
you re not dressed . EOS . EOS . EOS
i m afraid that you re there . EOS .
i am a apple of english . EOS . EOS
he s a writer isn t he ? EOS .
he re on in ? he ? EOS . EOS
he is too friendly to learn . EOS . EOS
i m staying with his cold . EOS . EOS
we re finished . EOS . EOS . EOS .
he s washing on his key . EOS . EOS
i m listening to see you . EOS . EOS
i m much kind more much anymore . EOS .
we re making your EOS . EOS . EOS .
he s never to him . EOS . EOS .
he s dead . EOS . EOS . EOS .
you re mistaken . EOS . EOS . EOS .
i m sorry that hear that . EOS . EOS
i m not going anywhere . EOS . EOS .
i m yawning if . EOS . EOS . EOS
i am looking forward to words . EOS . EOS
she s annoying tom how . EOS . EOS .
he is not doing anything . EOS . EOS .
i am looking forward . EOS . EOS . EOS
i m not frightened . EOS . EOS . EOS
he is a a little person . EOS . EOS
i m also how ? he ? ? EOS .
i m learning how to buy . EOS . EOS
she is not my friend . EOS . EOS .
you re lying too . EOS . EOS . EOS
he s not actually . EOS . EOS . EOS
i m learning this tired . EOS . EOS .
you re reading my job job . EOS . EOS
i m letting you you go ? EOS . EOS
you re used to working guys . EOS . EOS
he is my wife . EOS . EOS . EOS
i re lying in ? EOS . EOS . EOS
we re both wrong . EOS . EOS . EOS
you re scaring them . EOS . EOS . EOS
she s just a little aren t you ? EOS
i m not following . EOS . EOS . EOS
he s addicted . EOS . EOS . EOS .
i m married to EOS . EOS . EOS .
i re always my day . EOS . EOS .
he s a little in french . EOS . EOS
i re confused how re you ? EOS . EOS
they re not paying . EOS . EOS . EOS
you re not supposed to think . EOS . EOS
he re what you what you ? EOS ? EOS
i m smarter than of this . EOS . EOS
you re not angry are you ? EOS . EOS
i m thankful to my my friends . EOS .
i m ? EOS . EOS . EOS . EOS
we re alone ? . EOS . EOS . EOS
i m listening to buy out . EOS . EOS
we re disappointed aren t you ? EOS . EOS
he s forever in bed . EOS . EOS .
i m asking to see you up . EOS .
i m not alone . EOS . EOS . EOS
she is afraid of making mistakes . EOS . EOS
he re what what what you EOS . EOS .
they re done . EOS . EOS . EOS .
he s sorry for the exam . EOS . EOS
i m taking ready for money . EOS . EOS
you re confused to do that ? EOS . EOS
he s got a liar . EOS . EOS .
she s happy to her entire . EOS . EOS
you re going to wrong train . EOS . EOS
i am my boss . EOS . EOS . EOS
we re very about about that . EOS . EOS
i m feeling much much . EOS . EOS .
i m afraid that i can that . EOS .
he s not wearing wearing . EOS . EOS .
he s all very short of you . EOS .
he s annoying . EOS . EOS . EOS .
they re coming to phone them . EOS . EOS
i re going to give to try . EOS .
they re laughing . EOS . EOS . EOS .
i m actually . EOS . EOS . EOS .
we re meeting how ? EOS . EOS . EOS
he they re not to see me . EOS .
we re going home home . EOS . EOS .
they re jealous of of words . EOS . EOS
i m lying . EOS . EOS . EOS .
you re staying at the EOS . EOS . EOS
i m making this patience . . EOS . EOS
i m a big coffee coffee . EOS . EOS
he s full . EOS . EOS . EOS .
you re through . EOS . EOS . EOS .
i am trying to a a a . . EOS
you re awfully tonight . EOS . EOS . EOS
i m trying to learn . EOS . EOS .
they re not so stupid . EOS . EOS .
i m addicted to addict . EOS . EOS .
he is supposed to succeed . EOS . EOS .
i m only if i hurt . EOS . EOS
i m not like tom before . EOS . EOS
i m not scared to keep . EOS . EOS
we re still tired of ideas . EOS . EOS
i is much mary to him . EOS . EOS
he s buying a letter . EOS . EOS .
i m ashamed of my girlfriend . EOS . EOS
they re doing out . EOS . EOS . EOS
i re also how to he ? EOS . EOS
he is always at home these . EOS . EOS
i m familiar in boston . EOS . EOS .
i m bored . EOS . EOS . EOS .
he s having an an singer . EOS . EOS
i m unlucky . tom s . EOS . EOS
i m waiting for you way . EOS . EOS
they re starting to annoy me . EOS . EOS
i m waiting for your letter . EOS . EOS
i re going to take the again . EOS .
we re already talented . EOS . EOS . EOS
i m making a how . EOS . EOS .
she tom s in charge . EOS . EOS .
i m supposed that i can do that . EOS
you re incredibly very proud of you . EOS .
we re disappointed about EOS . EOS . EOS .
i is talking to younger tom . EOS . EOS
he s six too polite . EOS . EOS .
we aren t amused anymore . EOS . EOS .
he s out . EOS . EOS . EOS .
i m glad to protect you . EOS . EOS
we re going there . EOS . EOS . EOS
i m my neighbour . EOS . EOS . EOS
i m talking . EOS . EOS . EOS .
i m not naive . EOS . EOS . EOS
they re not free on the cold . EOS .
he is fluent in he he ? EOS ? EOS
i m paying that is sick . EOS . EOS
we re leaving this week . EOS . EOS .
he is lying in he he ? EOS ? EOS
you re under too too too ! EOS ! EOS
they re trying our our men . EOS . EOS
he s addicted to point . EOS . EOS .
he is still full alive . EOS . EOS .
you re it . EOS . EOS . EOS .
he is full of a doctor . EOS . EOS
i m just out of her job . EOS .
he is quite much today . EOS . EOS .
he is always to be me me . EOS .
they re not going fun . EOS . EOS .
he is with his s EOS . EOS . EOS
i m looking for someone . EOS . EOS .
you re fine . EOS . EOS . EOS .
i m going out . EOS . EOS . EOS
i m extremely this morning . EOS . EOS .
i m seeing your letter . EOS . EOS .
i m not carrying you . EOS . EOS .
you re only afraid of you . EOS . EOS
you re through . EOS . EOS . EOS .
they re reading . EOS . EOS . EOS .
i m not really in sleepy . EOS . EOS
we are faced with many difficulties . EOS . EOS
i m not this that is . EOS . EOS
i m looking for friend . EOS . EOS .
i re lying . EOS . EOS . EOS .
he is already in france . EOS . EOS .
you re what what what you ? EOS . EOS
we re proud to talk here . EOS . EOS
i m waiting for a little jealous . EOS .
we re heading offended . EOS . EOS . EOS
i m talking with your father . EOS . EOS
you re an irresponsible idiot . EOS . EOS .
we re so tired at you ? EOS . EOS
we re ? EOS ? EOS . EOS . EOS
i they re looking . EOS . EOS . EOS
i m right behind her . EOS . EOS .
i m about looking . EOS . EOS . EOS
i m clean . EOS . EOS . EOS .
i m very disappointed about you . EOS . EOS
i m acting like a little . . EOS .
we re leaving them to come . EOS . EOS
i m confused here . EOS . EOS . EOS
he is my son . EOS . EOS . EOS
we re going to protect you . EOS . EOS
i re listening to hurt you ? EOS . EOS
we re worried about ? EOS . EOS . EOS
you re on the right here . EOS . EOS
he s lying in work . EOS . EOS .
you re tough . EOS . EOS . EOS .
she s the itself s . EOS . EOS .
he s not from china . EOS . EOS .
we re just everything . EOS . EOS . EOS
i m from to him . EOS . EOS .
i m certain of that . EOS . EOS .
he re always tired ? EOS . EOS . EOS
we re all dead . EOS . EOS . EOS
i m going to EOS . EOS . EOS .
we re supposed to do do that . EOS .
he s missing tom . EOS . EOS . EOS
i m going to do that ! EOS . EOS
we re all very . EOS . EOS . EOS
i m not all talking . EOS . EOS .
you re as old as me . EOS . EOS
i m a chosen of your s . EOS .
i m convinced that you re safe . EOS .
i m coming . EOS . EOS . EOS .
he is ready . EOS . EOS . EOS .
i m about to go . EOS . EOS .
i m not finished . EOS . EOS . EOS
i m fine . EOS . EOS . EOS .
they are out of their mistakes . EOS . EOS
he s one of his his brother . EOS .
i m not paying . EOS . EOS . EOS
she s quite not alone . EOS . EOS .
you re perfectly ? EOS . EOS . EOS .
you re scaring . EOS . EOS . EOS .
i m full more more ! EOS . EOS .
she s trying to talk with . EOS . EOS
you re not going to go . EOS . EOS
she is incredibly perfect . EOS . EOS . EOS
you re supposed to be dead . EOS . EOS
you re your own like you ? EOS . EOS
he s attracted to different . EOS . EOS .
we re going to die . EOS . EOS .
you re supposed to help them . EOS . EOS
he s a opera s . EOS . EOS .
i am fond flowers . EOS . EOS . EOS
he s making french . EOS . EOS . EOS
he is at here . EOS . EOS . EOS
i am drinking french . EOS . EOS . EOS
i m thinking french . EOS . EOS . EOS
i m studying in french . EOS . EOS .
i m not turning them . EOS . EOS .
we re talking to talking . EOS . EOS .
i m sure we can this this . EOS .
i m paying with this friends . EOS . EOS
he s talking . EOS . EOS . EOS .
i m learning shopping . EOS . EOS . EOS
you re lying ? EOS . EOS . EOS .
they re going to get happy . EOS . EOS
we re completely in tokyo . EOS . EOS .
you re not aren t you ? EOS ? EOS
he s drinking . EOS . EOS . EOS .
we re not how aren you ? EOS . EOS
he s not staying in come . EOS . EOS
they t going to buy . EOS . EOS .
you re reading . EOS . EOS . EOS .
i am suffering . EOS . EOS . EOS .
i am looking at you . EOS . EOS .
he is not one . EOS . EOS . EOS
you re surprised to see to go . EOS .
we re all in trouble . EOS . EOS .
you re a teacher . EOS . EOS . EOS
he s sleeping . EOS . EOS . EOS .
i m is drunk . EOS . EOS . EOS
he s popular . EOS . EOS . EOS .
i m getting tired . EOS . EOS . EOS
he s in in love . EOS . EOS .
i m using tom . EOS . EOS . EOS
we re leaving tomorrow tomorrow . tomorrow . EOS .
you re washing the point . EOS . EOS .
you re optimistic . EOS . EOS . EOS .
i m studying in french . EOS . EOS .
i m looking at them . EOS . EOS .
we re learning last in that . EOS . EOS
he s quite a liar . EOS . EOS .
i m using tom . EOS . EOS . EOS
he s still dressed . EOS . EOS . EOS
he s about to to . EOS . EOS .
you re willing to win . EOS . EOS .
i am paid to drink . EOS . EOS .
i am worried about her health . EOS . EOS
she is anything too drunk . EOS . EOS .
he s lying . EOS . EOS . EOS .
he is my neighbour . EOS . EOS . EOS
he s lying through . EOS . EOS . EOS
i m greedy . EOS . EOS . EOS .
i am looking for buy . EOS . EOS .
he s one . EOS . EOS . EOS .
we re waiting for someone . EOS . EOS .
i s drowning . EOS . EOS . EOS .
we re reading . EOS . EOS . EOS .
i m looking forward to blood . EOS . EOS
he is far from happy . EOS . EOS .
i m tom s friends . EOS . EOS .
he is at his office . EOS . EOS .
you re russian . EOS . EOS . EOS .
you re through . EOS . EOS . EOS .
i m fine . EOS . EOS . EOS .
he is drunk . EOS . EOS . EOS .
he is available . EOS . EOS . EOS .
we re sorry . EOS . EOS . EOS .
you re funny . EOS . EOS . EOS .
she is full . EOS . EOS . EOS .
i m convinced . EOS . EOS . EOS .
he is trying to stay smoking . EOS . EOS
i m staying this . EOS . EOS . EOS
i m going to start ? EOS . EOS .
he is angry late late . EOS . EOS .
he s in in shape . EOS . EOS .
i m learning how . EOS . EOS . EOS
i am allergic to asian . EOS . EOS .
i am off today . EOS . EOS . EOS
she s tired ? EOS . EOS . EOS .
i m fed up . EOS . EOS . EOS
i m fine . EOS . EOS . EOS .
i m shivering . EOS . EOS . EOS .
he s lying in his cold . EOS . EOS
i am having trouble . EOS . EOS . EOS
we re leaving how aren t you ? EOS .
i m not a new child . EOS . EOS
you re scaring tv . EOS . EOS . EOS
i m coming . EOS . EOS . EOS .
he is going to show our house . EOS .
they re lying at the day . EOS . EOS
they re going to working . EOS . EOS .
i re afraid how about your performance . EOS .
they re coming talking . EOS . EOS . EOS
he is studying fond . EOS . EOS . EOS
we are not studying english . EOS . EOS .
they re not the manager manager . EOS . EOS
he s full of his legs . EOS . EOS
he s in in for a secret . EOS .
i re wrong that you re safe . EOS .
he s welcome in his he ? EOS . EOS
they re supposed to show . EOS . EOS .
i m listening to making . . EOS . EOS
they re mistaken . EOS . EOS . EOS .
i m bored . EOS . EOS . EOS .
she s coming to try . EOS . EOS .
he s annoying . EOS . EOS . EOS .
i is as like it . EOS . EOS .
he s on the EOS . EOS . EOS .
i m looking this that . EOS . EOS .
we re not good at math . EOS . EOS
i am looking forward to you again . EOS .
i am living with me . EOS . EOS .
she s afraid of me . EOS . EOS .
you re not going to death . EOS . EOS
we re on the dishes . EOS . EOS .
he is not supposed . EOS . EOS . EOS
she s a translator . EOS . EOS . EOS
we re used to french next . EOS . EOS
i m from to buy a new car . EOS
he s in charge of bad . EOS . EOS
she is able to speak . EOS . EOS .
she s lying . EOS . EOS . EOS .
we re all lonely . EOS . EOS . EOS
i m hoping to see your was . EOS .
you re supposed to be shit . EOS . EOS
they re harmless this free . EOS . EOS .
i m still shopping to tell . EOS . EOS
he is actually in love . EOS . EOS .
you re mistaken . EOS . EOS . EOS .
i s studying in trouble . EOS . EOS .
i m thinking . EOS . EOS . EOS .
you re not coming ! EOS . EOS . EOS
he m sure tom s tonight . EOS . EOS
i m listening to wash him . EOS . EOS
i m working as like this . EOS . EOS
i m fond of losing . EOS . EOS .
i m expecting a new house . EOS . EOS
we s about her . EOS . EOS . EOS
he is fond dinner . EOS . EOS . EOS
i m quite a little . EOS . EOS .
he is studying in music . EOS . EOS .
he s annoying how how . EOS . EOS .
i m not thinking like my key . EOS .
he is used to living . EOS . EOS .
he is said to be not here . EOS .
i m what than he anymore . EOS . EOS
i m not a gentleman . EOS . EOS .
she is not very rich . EOS . EOS .
he is forever in shape . EOS . EOS .
you re on the new friend . EOS . EOS
