she s worried about here . EOS . EOS .
i m too old for this world . EOS .
i m staying up how . EOS . EOS .
he s also how ? EOS . EOS . EOS
i m almost the same wolf . EOS . EOS
i m going trying in in in . EOS .
i m now now . EOS . EOS . EOS
they re trying . EOS . EOS . EOS .
i m not going to swim . EOS . EOS
i m expecting . EOS . EOS . EOS .
i am fine today . EOS . EOS . EOS
he s making a new job . EOS . EOS
she s standing how aren aren t EOS . EOS
i am in this for tonight . EOS . EOS
he is capable of becoming . EOS . EOS .
he is not actually at college . EOS . EOS
i m fed up ! EOS ! EOS ! EOS
i m going to learn him . EOS . EOS
i m also for now now . EOS . EOS
he is a law man . EOS . EOS .
she is a good worker to me . EOS .
i they re on the airport . EOS . EOS
he s doing everything to have a cold . EOS
i am not speak in german . EOS . EOS
they re russian . EOS . EOS . EOS .
i m out of with her . EOS . EOS
i am interested in politics . EOS . EOS .
he is already already . EOS . EOS . EOS
i am eating an apple . EOS . EOS .
i m dizzy if now . EOS . EOS .
i m only going to cold . . EOS .
he is an office office worker . EOS . EOS
i m still interested in EOS . EOS . EOS
i m going the meeting . EOS . EOS .
he s reading the kind of book . EOS .
i m surprised to see you here . EOS .
she s thirty a trip . EOS . EOS .
i m living in smoking . EOS . EOS .
i m learning something to something . EOS . EOS
i am fond them . EOS . EOS . EOS
he s at a pear . EOS . EOS .
he s not friend . EOS . EOS . EOS
he is absorbed in his . . EOS . EOS
he s crazy about the job . EOS . EOS
he s a on the team . EOS . EOS
i m sure that he EOS . EOS . EOS
he is said to be you . EOS . EOS
he s giving it in in hard . EOS .
he is in charge blood . EOS . EOS .
he s good at something . EOS . EOS .
he is about to college . EOS . EOS .
he is anything but drunk . EOS . EOS .
he s always friendly to me . EOS . EOS
he s lying in house . EOS . EOS .
he is taller than i . EOS . EOS .
he is not what he and he . EOS .
he s not insane . EOS . EOS . EOS
he is afraid of being sick . EOS . EOS
i am living with her dog . EOS . EOS
she s been in shopping . EOS . EOS .
she s a most . . EOS . EOS .
she is beautiful beautiful ! EOS . EOS . EOS
she is never abroad . EOS . EOS . EOS
i re famished . EOS . EOS . EOS .
i m scaring him . EOS . EOS . EOS
we re wearing the door . EOS . EOS .
i m just left . EOS . EOS . EOS
she is good at worker . EOS . EOS .
i am sleepy at the exam . EOS . EOS
you re kind of shit . EOS . EOS .
i m afraid that s out . EOS . EOS
i m looking forward to drive . EOS . EOS
i m mary s ? EOS . EOS . EOS
i m sure that i have did . EOS .
he s full too french . EOS . EOS .
he is eight . EOS EOS . EOS . EOS
we re leaving aren t he ? EOS . EOS
i s making for for that . EOS . EOS
you re worried about my job . EOS . EOS
i am making my homework books . EOS . EOS
we re brave to do do . EOS . EOS
they re all going to start . EOS . EOS
he s actually in in this world . EOS .
we re quite late . EOS . EOS . EOS
he s a jolly person . EOS . EOS .
he is my classmate one . EOS . EOS .
she s going to york next week . EOS .
he is happy for the police . EOS . EOS
i re shivering how about you ? EOS . EOS
we re fine for what he was . EOS .
he living in bed . EOS . EOS . EOS
he is said to be rich . EOS . EOS
you re disgusting . EOS . EOS . EOS .
i m not supposed to be . EOS . EOS
he is not going to go . EOS . EOS
i m reading . EOS . EOS . EOS .
he is going to going to week . EOS .
i am attached to in that . EOS . EOS
i m sorry in being being . EOS . EOS
we re leaving again . EOS . EOS . EOS
he s giving to know . EOS . EOS .
he is on fond of english . EOS . EOS
you re right one . EOS . EOS . EOS
we re friends . EOS . EOS . EOS .
she s on in right . EOS . EOS .
i m going to to me . EOS . EOS
you are not listening . EOS . EOS . EOS
he is actually in trouble . EOS . EOS .
i m not looking at you . EOS . EOS
i m telling it her again . EOS . EOS
he is tired of he game . EOS . EOS
he re a little drunk . . EOS . EOS
she is done him him . EOS . EOS .
i m not talking with you . EOS . EOS
i re not paying . EOS . EOS . EOS
he s sick up aren t you ? EOS .
i m the one s t he ? EOS .
he s laughing . EOS . EOS . EOS .
you re comparing a new friend . EOS . EOS
we re lucky . EOS . EOS . EOS .
he s having a cold aren t you ? EOS
you re only dressed to know . EOS . EOS
i m not leaving this tonight . EOS . EOS
i m not your enemy . EOS . EOS .
how re what you should ? ? ? ? ?
i m fast . EOS . EOS . EOS .
we re alone aren t you ? EOS ? EOS
i m studying in swimming . EOS . EOS .
i m in to trouble in one . EOS .
he s full to swim . EOS . EOS .
i re learning how to EOS . EOS . EOS
you re your your children . EOS . EOS .
i re going to have ? EOS . EOS .
i m drinking in the history children . EOS .
i am going to show to you . EOS .
he s one . EOS . EOS . EOS .
i re done how about you ? EOS . EOS
he s always how ? EOS . EOS . EOS
i m not learning now . EOS . EOS .
you re worried again . EOS . EOS . EOS
he s working with a new book . EOS .
she is starting to a a a cold . EOS
he s keeping good . EOS . EOS . EOS
he s suffering . . EOS . EOS . EOS
he s behind tall . EOS . EOS . EOS
i m sorry if . EOS . EOS . EOS
he s not french . EOS . EOS . EOS
i m having a long for problem . EOS .
he s a movie . EOS . EOS . EOS
i m listening to french tonight . EOS . EOS
she is my sister . EOS . EOS . EOS
i am not alone . EOS . EOS . EOS
i am teacher too . EOS . EOS . EOS
he s mad in he s . EOS . EOS
i m afraid how ? he ? EOS . EOS
i m drowning . EOS . EOS . EOS .
he they re going to have wait . EOS .
i m drowning . EOS . EOS . EOS .
i m fine . EOS . EOS . EOS .
he s full of shit . EOS . EOS .
you re very very angry . EOS . EOS .
you re missing that at that . EOS . EOS
he is going to be ok . EOS . EOS
they re afraid of EOS . EOS . EOS .
she is talking how how ? EOS . EOS .
we re here here EOS . EOS . EOS .
i m about the leader s ? EOS . EOS
he is making shopping . EOS . EOS . EOS
i am going to figure tomorrow . EOS . EOS
that is wearing the door . EOS . EOS .
we re happy with your job . EOS . EOS
i re not in a go you ? EOS .
i m offering this . EOS . EOS . EOS
he s job at his job . EOS . EOS
she s learning how again . EOS . EOS .
she is full . EOS . EOS . EOS .
we re really concerned for time . EOS . EOS
he s on his way . EOS . EOS .
they re in charge . EOS . EOS . EOS
i m not leaving me . EOS . EOS .
i m going to this place . EOS . EOS
i m not to to help you . EOS .
i re tired tired ? EOS . EOS . EOS
he is about to go . EOS . EOS .
he is the tallest in manager . EOS . EOS
they re talking . EOS . EOS . EOS .
he s singing . EOS . EOS . EOS .
she s staying for my daughter . EOS . EOS
i am fond . EOS . EOS . EOS .
i m feeling but i but i . EOS .
you re what you think . EOS . EOS .
i am living me me me . EOS . EOS
i am years old and he . EOS . EOS
you re tired ? EOS . EOS . EOS .
you re lying . EOS . EOS . EOS .
i am thinking of succeed of beautiful . EOS .
i m reading . EOS . EOS . EOS .
they re my house . EOS . EOS . EOS
i m thinking . EOS . EOS . EOS .
he s full . EOS . EOS . EOS .
he s full . EOS . EOS . EOS .
i m dying out of death . EOS . EOS
she s full lazy . EOS . EOS . EOS
i am studying in books . EOS . EOS .
i m scared scared . EOS . EOS . EOS
i m no longer afraid of anymore . EOS .
you re acting up to die . EOS . EOS
i m not talking about me . EOS . EOS
he is not alone . EOS . EOS . EOS
he is on his car . EOS . EOS .
he is the oldest i i succeed . EOS .
we re not used to do alone . EOS .
i m from a job . EOS . EOS .
i m not surprised . EOS . EOS . EOS
i m starting to how . EOS . EOS .
he is always my friends . EOS . EOS .
he s not college . EOS . EOS . EOS
i m interested in prison . EOS . EOS .
she is a lawyer and i ? EOS ? EOS
he isn what what what they will win . EOS
he s starting to speak a cold . EOS .
we re worried about EOS . EOS . EOS .
they re on commercials . EOS . EOS . EOS
i m not going to way here . EOS .
he is giving to swim more a cold . EOS
we re lying . EOS . EOS . EOS .
i m fed with them . EOS . EOS .
i m working on the right . EOS . EOS
they re not interested . EOS . EOS . EOS
she s already sleeping . EOS . EOS . EOS
i m what it s you ? EOS . EOS
he is hard at hard . EOS . EOS .
he s a writer . EOS . EOS . EOS
i m looking at vacation . EOS . EOS .
we re bored . EOS . EOS . EOS .
she is full of college . EOS . EOS .
he s ? EOS . EOS . EOS . EOS
i am talking . EOS . EOS . EOS .
i m russian ? EOS . EOS . EOS .
he s attracted to asian . EOS . EOS .
he s not following . EOS . EOS . EOS
he is on his car . EOS . EOS .
she s very good everything . EOS . EOS .
you re on the right guys . EOS . EOS
you re scaring ? EOS . EOS . EOS .
he s tired ? we re ? EOS . EOS
you re lying . EOS . EOS . EOS .
he s planning a s game . EOS . EOS
we re in business with many . EOS . EOS
he is not always as busy . EOS . EOS
i m not listening . EOS . EOS . EOS
i re worried about them aren t you ? EOS
she s traveling her job . EOS . EOS .
i m waiting and you me . EOS . EOS
you re selling your doctor . EOS . EOS .
i m starting how to tell you . EOS .
you re my hero . EOS . EOS . EOS
he s always my daughter . EOS . EOS .
i m going to stay . EOS . EOS .
we re learning how how ? ? EOS . EOS
we re staying to leave . EOS . EOS .
they re wrong . EOS . EOS . EOS .
they re right behind me . EOS . EOS .
she is an an worker . EOS . EOS .
i m right behind you . EOS . EOS .
he s on his books . EOS . EOS .
she s here to spy on us . EOS .
they re welcome here . EOS . EOS . EOS
he isn isn isn isn isn ? EOS . EOS
i m only tired too tired . EOS . EOS
i am looking at the police . EOS . EOS
i re confused how ? EOS . EOS . EOS
he is used to learn up . EOS . EOS
they re in lying . EOS . EOS . EOS
he they re on his books . EOS . EOS
he s got his books . EOS . EOS .
we re going home . EOS . EOS . EOS
we re worried ? EOS . EOS . EOS .
you re very religious . EOS . EOS . EOS
she s jealous too hard . EOS . EOS .
i m lying . EOS . EOS . EOS .
i m shaking but a new house . EOS .
i m always close with my brother . EOS .
she is drunk . EOS . EOS . EOS .
you re losing . EOS . EOS . EOS .
he s done how up . EOS . EOS .
we re going to get him ! EOS . EOS
he re what that he ? EOS . EOS .
he is accustomed to leave . EOS . EOS .
you re not consistent to do that . EOS .
you re lying to leave . . EOS . EOS
you re surrounded . EOS . EOS . EOS .
she s drowning with how s ? EOS . EOS
she is open . . EOS . EOS . EOS
she s fine . EOS . EOS . EOS .
i m glad she liked it . EOS . EOS
i m worried . EOS . EOS . EOS .
you re lying with her . EOS . EOS .
he is been at telling . EOS . EOS .
she is listening to black . EOS . EOS .
he is going to be teachers . EOS . EOS
i m done how to do it . EOS .
you re tired ? EOS . EOS . EOS .
i m sorry up to understand . EOS . EOS
we re leaving how ? that ? EOS . EOS
he s welcome . EOS . EOS . EOS .
we re such a apple . EOS . EOS .
he s not about my friend . EOS . EOS
i m sorry i hurt you . EOS . EOS
he is his his job . EOS . EOS .
she s talking how ? EOS . EOS . EOS
you re a man now . EOS . EOS .
they re forever in the situation . EOS . EOS
he re sure she is he ? EOS ? EOS
he s a gentleman . EOS . EOS . EOS
we re growing it ? EOS . EOS . EOS
i m not to with with you . EOS .
i m just talking . EOS . EOS . EOS
we re fine . EOS . EOS . EOS .
you re going to swim aren t you ? EOS
i m gonna how aren aren t you ? EOS
she s lying . EOS . EOS . EOS .
i re coming him ! EOS . EOS . EOS
she s acting at you at home . EOS .
he s devoid to go . EOS . EOS .
he is always careful . EOS . EOS . EOS
he is starting to see you . EOS . EOS
i m talking to help them . EOS . EOS
i m not thinking of succeed . EOS . EOS
we re working ? EOS . EOS . EOS .
we re worried ? EOS . EOS . EOS .
you re sure to go cold ? you ? EOS
i re always religious . EOS . EOS . EOS
they re in trouble . EOS . EOS . EOS
we re lucky to car a car . EOS .
we re worried ? EOS . EOS . EOS .
i m not going to die . EOS . EOS
i m not defending them . EOS . EOS .
i m very impressed . EOS . EOS . EOS
you re not listening ! EOS . EOS . EOS
we re not done yet . EOS . EOS .
she s not sick . EOS . EOS . EOS
he is looking at cooking . EOS . EOS .
i am starting to my my girlfriend . EOS .
they re going to go ? ? EOS ? EOS
i m giving me . EOS . EOS . EOS
we re eating . EOS . EOS . EOS .
i am glad that i can you . EOS .
he is very eager man . EOS . EOS .
i m actually in boston . EOS . EOS .
they re talking . EOS . EOS . EOS .
you re used to do him ! EOS . EOS
she s in to see her . EOS . EOS
i m not going anything anything . EOS . EOS
they re swimming . EOS . EOS . EOS .
i m full of shit . EOS . EOS .
we re staying . EOS . EOS . EOS .
we re coming . EOS . EOS . EOS .
you re not in here here . EOS . EOS
you re wrong yourself aren t you ? ? ?
you re kind of cute . EOS . EOS .
i am lucky to be too beautiful . EOS .
you re my hero . EOS . EOS . EOS
you re very wise . EOS . EOS . EOS
you re very rude . EOS . EOS . EOS
you re very curious . EOS . EOS . EOS
you re very attractive . EOS . EOS . EOS
she s not much at all . EOS . EOS
i am living with him . EOS . EOS .
she s done them . EOS . EOS . EOS
you re not going to die . EOS . EOS
you re not going to think . EOS . EOS
you re scaring ! EOS . EOS . EOS .
she is very cunning . EOS . EOS . EOS
you re crazy about me . EOS . EOS .
he s grounded . EOS . EOS . EOS .
we re just you . EOS . EOS . EOS
you re going to one t recognize you . EOS
i m drunk . EOS . EOS . EOS .
you re no longer me from me . EOS .
i m not blushing ! EOS ! EOS . EOS
i m going to do at swimming . EOS .
i m not talking about that . EOS . EOS
she s a hero . EOS . EOS . EOS
she s talking with her books . EOS . EOS
i m afraid that called . EOS . EOS .
i m not supposed to do it . EOS .
i m suffering . . . EOS . EOS .
i m learning tired in that . EOS . EOS
i m looking forward to try . EOS . EOS
i m listening to hearing . EOS . EOS .
i m taking this dishes . EOS . EOS .
i m no longer tired anymore . EOS . EOS
i am bored at them . EOS . EOS .
i m free to go there . EOS . EOS
i m keeping hard . EOS . EOS . EOS
they re trying to shopping . EOS . EOS .
we re not very yet . EOS . EOS .
i re gonna how about how about you . EOS
you re impressed aren t you ? EOS ? EOS
i m going this for this . EOS . EOS
i m said to have there . EOS . EOS
i m afraid if i m sick . EOS .
i m lonely . EOS . EOS . EOS .
i am in in prison . EOS . EOS .
i m doing this for now . EOS . EOS
i m sorry but the t names . EOS .
i m drinking . EOS . EOS . EOS .
i m starting to stay . EOS . EOS .
i m unable . EOS . EOS . EOS .
i m learning shopping . EOS . EOS . EOS
he s lazy . EOS . EOS . EOS .
i m afraid that that will . EOS . EOS
i m going to see the night . EOS .
i m trying to learn you . EOS . EOS
he is on the blood . EOS . EOS .
they re crazy . EOS . EOS . EOS .
i m capable out out . EOS . EOS .
i m never if . EOS . EOS . EOS
i m not looking really you . EOS . EOS
i m sorry up to buy it . EOS .
i m going to to help you . EOS .
i m starting to miss me . EOS . EOS
you re your own tom t he ? EOS .
you re in my seat . EOS . EOS .
i m your neighbor . EOS . EOS . EOS
you re going to go . EOS . EOS .
they re safe here . EOS . EOS . EOS
i m not supposed to know . EOS . EOS
i m dying to him . EOS . EOS .
you re annoying better ? EOS . EOS . EOS
i m at what is alive . EOS . EOS
you re joking of course . EOS . EOS .
you re not old enough to drink . EOS .
you re not joking . EOS . EOS . EOS
we re going to have german . EOS . EOS
you re supposed to do jealous of you . EOS
i m starting to EOS . EOS . EOS .
she is fond of her . EOS . EOS .
i m lazy lazy . EOS . EOS . EOS
she is out of weight . EOS . EOS .
you re alone aren t you ? EOS . EOS
i m not answering . EOS . EOS . EOS
we re out of him . EOS . EOS .
he is nothing but a EOS . EOS . EOS
she is always trying to EOS . EOS . EOS
he s lying too too fast . EOS . EOS
you re mad . EOS . EOS . EOS .
they re the same ? EOS . EOS . EOS
they re starting to love . EOS . EOS .
i m looking at drawing . EOS . EOS .
i m making a little money . EOS . EOS
i m already all all this . EOS . EOS
you re on commercials . EOS . EOS . EOS
they re almost fat . EOS . EOS . EOS
she is not like the answer . EOS . EOS
she is my friend to swim . EOS . EOS
i am quite happy to learn german . EOS .
i m not like you . EOS . EOS .
we re worried about EOS . EOS . EOS .
they re afraid of EOS . EOS . EOS .
we re a good team . EOS . EOS .
you re starting to him ! EOS . EOS .
i m very lonely . EOS . EOS . EOS
he is very careful . EOS . EOS . EOS
they re out of nothing . EOS . EOS .
i am listening to girl . EOS . EOS .
student s in bed . EOS . EOS . EOS
they re all fine . EOS . EOS . EOS
he is the leader . EOS . EOS . EOS
he s not joking . EOS . EOS . EOS
i m making paid to EOS . EOS . EOS
you re out of shit . EOS . EOS .
i m able to getting up . EOS . EOS
we re finally alone . EOS . EOS . EOS
i m thinking of everything . EOS . EOS .
he re what tom s t she ? EOS .
we re learning how aren t EOS . EOS .
they re welcome . EOS . EOS . EOS .
i m going tell you the book . EOS .
i m fine with how . EOS . EOS .
you re russian how ? EOS . EOS . EOS
they re sure their ? EOS . EOS . EOS
i m feeling kind . EOS . EOS . EOS
i m not really off you . EOS . EOS
you re russian how . ? EOS . EOS .
i m so bored . EOS . EOS . EOS
i m counting to see tom tom . EOS .
i am able to speak every . EOS . EOS
we re gonna how it . EOS . EOS .
i re the one who trained here . EOS .
he s not actually dressed . EOS . EOS .
i m staying about a new friend . EOS .
he s drowning in a little ? EOS . EOS
you re not in attention now . EOS . EOS
i m going to sell . EOS . EOS .
i m having an rush . EOS . EOS .
i m not certain . EOS . EOS . EOS
i re fine how about you . EOS . EOS
you re welcome off . EOS . EOS . EOS
i m going to call the car . EOS .
we re worried ? EOS . EOS . EOS .
i am interested . EOS . EOS . EOS .
i m absent at school . EOS . EOS .
i m not answering the point . EOS . EOS
she s fine s ? EOS . EOS . EOS
he s running tired how . EOS . EOS .
he is very happy . EOS . EOS . EOS
i m your friend . EOS . EOS . EOS
he is really hard . EOS . EOS . EOS
i am thinking of my books . EOS . EOS
she s working for her . EOS . EOS .
he s full ? EOS . EOS . EOS .
we re right aren t you ? EOS ? EOS
they re downstairs . EOS . EOS . EOS .
i m sort of tired . EOS . EOS .
i m running shopping . EOS . EOS . EOS
he s on the bank . EOS . EOS .
i m going to stay house . EOS . EOS
i re not going to know . EOS . EOS
they re working ! EOS . EOS . EOS .
you are rude . EOS . EOS . EOS .
i re listening to see you ? EOS ? EOS
you re part of the problem . EOS . EOS
i m listening . EOS . EOS . EOS .
you re blushing up . EOS . EOS . EOS
he s not really bad . EOS . EOS .
i m not a liar . EOS . EOS .
you re very astute . EOS . EOS . EOS
he s making a friend . EOS . EOS .
you re famous . EOS . EOS . EOS .
you re human . EOS . EOS . EOS .
they re probably different history . EOS . EOS .
i m drinking . EOS . EOS . EOS .
i girl . EOS . EOS . EOS . EOS
he is jealous of your decision . EOS . EOS
he s tired now . EOS . EOS . EOS
i m stuck to take with tom . EOS .
he is in a good day . EOS . EOS
they re doctors . EOS . EOS . EOS .
they re going shopping . EOS . EOS . EOS
they re stalling . EOS . EOS . EOS .
they re surprised . EOS . EOS . EOS .
he s in good shape . EOS . EOS .
we re starting ? EOS . EOS . EOS .
she s lucky . EOS . EOS . EOS .
she is fed up . EOS . EOS . EOS
she s got to music . EOS . EOS .
she is angry with you . EOS . EOS .
she s on her way . EOS . EOS .
we re special . EOS . EOS . EOS .
we re early . EOS . EOS . EOS .
we re home home . EOS . EOS . EOS
we re taking a pear . EOS . EOS .
he s been on them . EOS . EOS .
he s got sick sick . EOS . EOS .
we re not happy . EOS . EOS . EOS
you re not like you . EOS . EOS .
i m not thinking ! EOS . EOS . EOS
i m not blame . EOS . EOS . EOS
i m not very polite . EOS . EOS .
i m really not busy . EOS . EOS .
you re disappointed aren t you ? EOS . EOS
we re all set . EOS . EOS . EOS
i they re all for for . EOS . EOS
i m finished with all . EOS . EOS .
i re working at how . EOS . EOS .
they re so if . EOS . EOS . EOS
you re doing it him ! EOS . EOS .
he s standing to you ! EOS . EOS .
likely s on in tv ! EOS . EOS .
we re used to follow . EOS . EOS .
you re early . EOS . EOS . EOS .
i m looking at everything . EOS . EOS .
she is all welcome in the situation . EOS .
i seeing tom s sister . EOS . EOS .
i m the on in bed . EOS . EOS
we re not busy . EOS . EOS . EOS
i m waiting for one . EOS . EOS .
i m off . EOS . EOS . EOS .
i m tired of all hard . EOS . EOS
you re depressed . EOS . EOS . EOS .
he is sitting on his isn . EOS . EOS
i m not talking to tom . EOS . EOS
they re talking . EOS . EOS . EOS .
he is kind from nothing . EOS . EOS .
he is going to isn t he ? EOS .
he s very very fine . EOS . EOS .
you re not very tidy . EOS . EOS .
you re looking to see you again . EOS .
i m putting with tom . EOS . EOS .
i m sorry if out of you . EOS .
you re very angry . EOS . EOS . EOS
you re lying . EOS you ? EOS . EOS
i m going to show . EOS . EOS .
i m going to to work . EOS . EOS
he is very religious . EOS . EOS . EOS
she aren t tired . EOS . EOS . EOS
you re acting like a child . EOS . EOS
he is always careful . EOS . EOS . EOS
we re really proud of that . EOS . EOS
they re on the same . EOS . EOS .
you re making a so beautiful . EOS . EOS
you re spanish . EOS . EOS . EOS .
you re a good journalist . EOS . EOS .
we re what confused we can can . EOS .
they are looking for job . EOS . EOS .
he s depressed in how . EOS . EOS .
i m going to protect you . EOS . EOS
he is absorbed hard in his job . EOS .
you re the one one aren t you ? EOS
i m using . EOS . EOS . EOS .
i m sad . EOS . EOS . EOS .
i m eating . EOS . EOS . EOS .
he s going to do german . EOS . EOS
i m lost . EOS . EOS . EOS .
i m supposed to follow you tom . EOS .
we re washing it . EOS . EOS . EOS
i m thinking of course . EOS . EOS .
i m looking forward to seeing your father . EOS
we re looking member for lot . EOS . EOS
they re weak . EOS . EOS . EOS .
i m a a fussy . EOS . EOS .
she s lying at t you ? EOS . EOS
he s staying in his car . EOS . EOS
he is in paris . EOS . EOS . EOS
i re going to go you ? EOS . EOS
he s not dressed . EOS . EOS . EOS
i m afraid that you re there . EOS .
i am a apple of english . EOS . EOS
he s a bodybuilder isn t he ? EOS .
you re on in he ? EOS . EOS ?
he is too attached to learn . EOS . EOS
i m tired with what . EOS . EOS .
we re sorry . EOS . EOS . EOS .
he s breaking on his letter . EOS . EOS
i m asking how to help you . EOS .
i m kind more more much anymore . EOS .
we re making your ? EOS . EOS . EOS
he s never thirsty . EOS . EOS . EOS
he s dead . EOS . EOS . EOS .
you re shitting . EOS . EOS . EOS .
i m sorry that said that . EOS . EOS
i m not going anywhere . EOS . EOS .
i m scared if . EOS . EOS . EOS
i am looking forward to regret . EOS . EOS
she s meeting how tom now . EOS . EOS
he is not doing anything . EOS . EOS .
i am looking forward . . EOS . EOS .
i m not frightened . . EOS . EOS .
she is a really little boy . EOS . EOS
i m welcome ? he ? EOS . EOS .
i am learning how to animals . EOS . EOS
she is not my friend . EOS . EOS .
you re lying too . EOS . EOS . EOS
he s not heroin . EOS . EOS . EOS
i m used to german . EOS . EOS .
you re reading my job job . EOS . EOS
i m making you your ? EOS ? EOS .
you re willing to you you ? EOS . EOS
he is my wife . EOS . EOS . EOS
i re staying in ? EOS . EOS . EOS
we re both wrong . EOS . EOS . EOS
you re washing them . EOS . EOS . EOS
we re having a little aren t you ? EOS
i m not answering . EOS . EOS . EOS
he s hard . EOS . EOS . EOS .
i m married to take . EOS . EOS .
i m always my every . EOS . EOS .
he s on a diet . EOS . EOS .
i re confused how are you ? EOS . EOS
i m not amused . EOS . EOS . EOS
you re not supposed to think . EOS . EOS
he re what you what you ? EOS ? EOS
i m making than of this . EOS . EOS
you re not angry are you ? EOS . EOS
i m happy to my my friends . EOS .
i m russian ? EOS . EOS . EOS .
we re alone late . EOS . EOS . EOS
i m drinking out of homework . EOS . EOS
we re leaving aren t you ? EOS . EOS
he s forever in bed . EOS . EOS .
i m asking to see you know . EOS .
i m not alone . EOS . EOS . EOS
she is afraid of making mistakes . EOS . EOS
he re what it s confused . EOS . EOS
they re done . EOS . EOS . EOS .
he s worried about the exam . EOS . EOS
i m taking ready for money . EOS . EOS
you re about to do that ? EOS . EOS
he s buying a liar . EOS . EOS .
she s happy to the job . EOS . EOS
you re going to think train . EOS . EOS
i am my boss . EOS . EOS . EOS
we re finally about about that . EOS . EOS
i m feeling much much . EOS . EOS .
i m afraid that i can that . EOS .
he s not wearing dinner . EOS . EOS .
he s all very short of you . EOS .
he is from me . EOS . EOS . EOS
they re going to phone them . EOS . EOS
they re going to going to try . EOS .
they re lying . EOS . EOS . EOS .
i m losing . EOS . EOS . EOS .
i re lying how ? EOS . EOS . EOS
he s likely to miss me . EOS . EOS
we re going home home . EOS . EOS .
they re part of of EOS . EOS . EOS
i m worried . EOS . EOS . EOS .
we re working at EOS . EOS . EOS .
i m making this patience . EOS . EOS .
i m a big coffee coffee . EOS . EOS
he s dying . EOS . EOS . EOS .
you re through . EOS . EOS . EOS .
i am starting to a a man . EOS .
you re free tonight . EOS . EOS . EOS
i m trying to learn . EOS . EOS .
they re not so fool . EOS . EOS .
i m hot to him . EOS . EOS .
he is said talking . EOS . EOS . EOS
i m only if i can name . EOS .
i m just out of tom . EOS . EOS
i m not scared to fight . EOS . EOS
we re still out of stay . EOS . EOS
i is quick to others . EOS . EOS .
he is buying a letter . EOS . EOS .
i m ashamed of my girlfriend . EOS . EOS
they re lying . EOS . EOS . EOS .
he re about how . . EOS . EOS .
he is always at these these . EOS . EOS
i m living in boston . EOS . EOS .
i m careful . EOS . EOS . EOS .
he s having an an him . EOS . EOS
i m untalented . tom s . EOS . EOS
i m waiting for you way . EOS . EOS
they re nothing to me me . EOS . EOS
i m coming to your decision . EOS . EOS
i re going to see my patience . EOS .
we re already students . EOS . EOS . EOS
i m making a little cold . EOS . EOS
she s angry in . EOS . EOS . EOS
i m supposed that i can do that . EOS
you re acting very proud of you . EOS .
we re disappointed about you ? EOS . EOS .
i is talking to like tom . EOS . EOS
he is much too slow . EOS . EOS .
we aren t amused anymore . EOS . EOS .
he s missing . EOS . EOS . EOS .
i m glad to protect you . EOS . EOS
we re going there . EOS . EOS . EOS
i m my neighbour . EOS . EOS . EOS
i m going bald . EOS . EOS . EOS
i m not naive . EOS . EOS . EOS
they re not talking on the cold . EOS .
he is leaving in he he ? EOS ? EOS
i m guessing that is sick . EOS . EOS
we re working this week . EOS . EOS .
he is fluent in he he isn ? EOS ?
you re mad too too too ! EOS ! EOS
they re watching our our books . EOS . EOS
he s sleeping to me . EOS . EOS .
he is still full alive . EOS . EOS .
you re positive . EOS . EOS . EOS .
he is full of a doctor . EOS . EOS
i m thinking of their his job . EOS .
he is running much much much . EOS . EOS
he is always to be think me . EOS .
they re not going fun . EOS . EOS .
i m on his homework . EOS . EOS .
i m looking for someone . EOS . EOS .
you re worried aren t you ? EOS . EOS
i m going thirsty . EOS . EOS . EOS
i m kind of this morning . EOS . EOS
i m listening to your story . EOS . EOS
i m not wearing you . EOS . EOS .
you re only afraid of anything . EOS . EOS
you re through . EOS . EOS . EOS .
they re reading . EOS . EOS . EOS .
i m not really in sleepy . EOS . EOS
we re faced with many difficulties . EOS . EOS
i m not to the it . EOS . EOS
i m looking for friend . EOS . EOS .
i re annoying . EOS . EOS . EOS .
he is already in france . EOS . EOS .
you re what what what aren t you ? EOS
we re surprised to hear here . EOS . EOS
i m waiting for a little jealous . . EOS
we re heading complaining . EOS . EOS . EOS
i m talking with your father ? EOS . EOS
you re an irresponsible idiot . EOS . EOS .
we re so tired how . EOS . EOS .
we re in spanish . EOS . EOS . EOS
we re closing my teeth . EOS . EOS .
i m right behind her . EOS . EOS .
i m already looking . EOS . EOS . EOS
i m coughing . EOS . EOS . EOS .
i m very worried about you . EOS . EOS
i m acting like a little cold . EOS .
we re leaving we can t you ? EOS .
i m lonely . EOS . EOS . EOS .
he is my son . EOS . EOS . EOS
we re going to protect you . EOS . EOS
i re listening to start you ? EOS . EOS
we re worried about ? EOS . EOS . EOS
you re on the right one . EOS . EOS
he s already in work . EOS . EOS .
you re tough . EOS . EOS . EOS .
she s the prime s . EOS . EOS .
he s not from fool . EOS . EOS .
we re just everything . EOS . EOS . EOS
i m from to him . EOS . EOS .
i m certain of that . EOS . EOS .
he re always full ? EOS . EOS . EOS
we re all dead . EOS . EOS . EOS
i m going to EOS . EOS . EOS .
we re supposed to do do that . EOS .
he s standing alone . EOS . EOS . EOS
i m dying to do that . EOS . EOS
we re about actually . EOS . EOS . EOS
i m not all talking . EOS . EOS .
you re as old as me . EOS . EOS
he s a your lawyer . . EOS . EOS
i m happy that you re safe . EOS .
i m coming . EOS . EOS . EOS .
he is ready to learn . EOS . EOS .
i m about to go . EOS . EOS .
i m actually your safety . EOS . EOS .
i m fair you . EOS . EOS . EOS
they are out of their mistakes . EOS . EOS
he s on his of his brother . EOS .
i m not amused . EOS . EOS . EOS
she s quite not out . EOS . EOS .
you re tallest ? EOS . EOS . EOS .
you re washing him . EOS . EOS . EOS
i m full more anymore . EOS . EOS .
she is afraid to talk with . EOS . EOS
you re not going to go . EOS . EOS
she is incredibly perfect . EOS . EOS . EOS
you re on a favor . . EOS . EOS
you re sure your own you ? EOS ? EOS
he is attracted to smiling . EOS . EOS .
we re going to die . EOS . EOS .
you re supposed to help them . EOS . EOS
he s a expert of . EOS . EOS .
i am fond fond . EOS . EOS . EOS
he s full ? EOS . EOS . EOS .
he is fond here . . EOS . EOS .
i am moving french . EOS . EOS . EOS
i m drinking french . EOS . EOS . EOS
i m studying french . EOS . EOS . EOS
i m not turning them . EOS . EOS .
they re talking to know . EOS . EOS .
i m sure we can this this . EOS .
i m paying with this situation . EOS . EOS
they re talking . EOS . EOS . EOS .
i am learning maori . EOS . EOS . EOS
you re lying ? EOS . EOS . EOS .
they re going to get happy . EOS . EOS
we re completely in tokyo . EOS . EOS .
i m not looking at you ? EOS ? EOS
he s drinking . EOS . EOS . EOS .
we re not one aren you ? EOS . EOS
he s not welcome in swimming . EOS . EOS
they re done bread . EOS . EOS . EOS
i am fine . EOS . EOS . EOS .
i am staying . EOS . EOS . EOS .
i am after you . EOS . EOS . EOS
he is not one . EOS . EOS . EOS
you re part to see to go . EOS .
we re interested in trouble . EOS . EOS .
you re a teacher . EOS . EOS . EOS
he s lying . EOS . EOS . EOS .
i m is drunk . EOS . EOS . EOS
he s brave . EOS . EOS . EOS .
i m getting tired . EOS . EOS . EOS
i am in bed . EOS . EOS . EOS
i m beginning tom . EOS . EOS . EOS
we re leaving they tomorrow . EOS . EOS .
you re washing the kitchen . EOS . EOS .
you re optimistic . EOS . EOS . EOS .
i m studying in french . EOS . EOS .
i m looking off . EOS . EOS . EOS
he is been in in bed . EOS . EOS
he s mentally . . EOS . EOS . EOS
i m looking for tom . EOS . EOS .
he s still dressed . EOS . EOS . EOS
he s accustomed to win . EOS . EOS .
they re willing to win . EOS . EOS .
he s addicted to addict . EOS . EOS .
i am worried about her health . EOS . EOS
she is probably too drunk . EOS . EOS .
he s mistaken . EOS . EOS . EOS .
he is my neighbour . EOS . EOS . EOS
he s lying down . EOS . EOS . EOS
they re worn . EOS . EOS . EOS .
i am looking for him . EOS . EOS .
he is used to her father . EOS . EOS
they re coming to guests . EOS . EOS .
i am fond . EOS . EOS . EOS .
we re reading . EOS . EOS . EOS .
i m looking forward to stay . EOS . EOS
he is far from happy . EOS . EOS .
i m tom s hard . EOS . EOS .
he is at him . EOS . EOS . EOS
you re short of shit . EOS . EOS .
you re lying . EOS . EOS . EOS .
i m actually . EOS . EOS . EOS .
he is greedy . EOS . EOS . EOS .
he is kind . EOS . EOS . EOS .
we re amused . EOS . EOS . EOS .
you re dangerous . EOS . EOS . EOS .
she is wealthy . EOS . EOS . EOS .
i m convinced . EOS . EOS . EOS .
i m trying to stay smoking . EOS . EOS
i m okay this . EOS . EOS . EOS
i aren t used at this . EOS . EOS
he is poor at late . EOS . EOS .
he s in in shape . EOS . EOS .
i m learning how ? EOS . EOS . EOS
they re on the washing . EOS . EOS .
i am off today . EOS . EOS . EOS
she s new ? EOS . EOS . EOS .
i m fed up ! EOS . EOS . EOS
i m fine . EOS . EOS . EOS .
i m shivering . EOS . EOS . EOS .
he s actually in german . EOS . EOS .
i m fond . shopping . EOS . EOS .
you re shivering how aren t you ? EOS .
he s such a new child . EOS . EOS
you re leaving tv . EOS . EOS . EOS
i m coming . EOS . EOS . EOS .
we re going to take them . EOS . EOS
they re working at the bus . EOS . EOS
they re going to working . EOS . EOS .
we re lying in your rescue . EOS . EOS
he s coming on a cold . EOS . EOS
he is studying fond . EOS . EOS . EOS
you re not studying english . EOS . EOS .
they re not the same situation . EOS . EOS
he s full of his legs . EOS . EOS
he s in in for a secret . EOS .
i re wrong that you re safe . EOS .
he s welcome in his german . EOS . EOS
they re supposed to start . EOS . EOS .
i m fed up to him . EOS . EOS
you re mistaken . EOS . EOS . EOS .
he s one . EOS . EOS . EOS .
she s addicted to drink . EOS . EOS .
i s dying . EOS . EOS . EOS .
i is as like like this . EOS . EOS
he s on the EOS . EOS . EOS .
i m going to see tom . EOS . EOS
we re not good at math . EOS . EOS
i am looking forward to you again . EOS .
i am living with me . EOS . EOS .
she s afraid of me . EOS . EOS .
i m not thinking of keeping . EOS . EOS
we re on the garden . EOS . EOS .
he s not free . EOS . EOS . EOS
she s a translator . EOS . EOS . EOS
we re married to australia . EOS . EOS .
i m from to buy a new car . EOS
he s in charge of crazy . EOS . EOS
she is able to take . EOS . EOS .
she s lying . EOS . EOS . EOS .
we re all prepared . EOS . EOS . EOS
i m afraid to see your was . EOS .
you re supposed to your rescue . EOS . EOS
they re at this free . EOS . EOS .
i m still shopping to tell . EOS . EOS
he is likely to die . EOS . EOS .
you re busy . EOS . EOS . EOS .
i s studying in trouble . EOS . EOS .
i m thinking . EOS . EOS . EOS .
you re not singing ! EOS . EOS . EOS
he you re sure it s mary tonight . EOS
i m listening to wash him ! EOS ! EOS
i m working as like this . EOS . EOS
i m fond of hearing . EOS . EOS .
i m worried about much . EOS . EOS .
we s from her . EOS . EOS . EOS
he is eating dinner . EOS . EOS . EOS
i m quite a little . EOS . EOS .
he is trying in bed . EOS . EOS .
he s annoying how how . EOS . EOS .
i m not thinking like my like . EOS .
he is starting to pollen . EOS . EOS .
he is supposed to be not here . EOS .
i m said to feel more . EOS . EOS
i m not a psychic . EOS . EOS .
she is not very rich . EOS . EOS .
he is studying in shape . EOS . EOS .
you re supposed to know this . EOS . EOS
