he s happy about EOS . EOS . EOS .
i m too old for this world . EOS .
i m staying up how . EOS . EOS .
he s t how ? EOS . EOS . EOS
i m sending the same history . EOS . EOS
i m going to stay in in . EOS .
i m now now . EOS . EOS . EOS
they re morons . EOS . EOS . EOS .
i m not going to EOS . EOS . EOS
i m expecting . EOS . EOS . EOS .
i am fine today . EOS . EOS . EOS
he s making a new job . EOS . EOS
she s lying one aren t now . EOS .
i m leaving for this job . EOS . EOS
he is capable of becoming . EOS . EOS .
he is not bad at math . EOS . EOS
i m fed up ! EOS . EOS . EOS
i m going to regret him . EOS . EOS
i m also for now now . EOS . EOS
he is a most with . EOS . EOS .
she is a good hard to me . EOS .
i m getting a member now . EOS . EOS
they re doing everything to have a cold . EOS
i am not speak in german . EOS . EOS
we re out . EOS . EOS . EOS .
i m always happy with her . EOS . EOS
i am interested in politics . EOS . EOS .
he is already mean . EOS . EOS . EOS
i am eating an apple . EOS . EOS .
i m insecure if . EOS . EOS . EOS
i m only going to get cold . EOS .
he is an office worker worker . EOS . EOS
i m quite short of ideas . EOS . EOS
i m going off the truth . EOS . EOS
he s always the and of book . EOS .
i m surprised to see you here . EOS .
she s just a choice . EOS . EOS .
i m living in . EOS . EOS . EOS
i m learning something to something . EOS . EOS
i m listening to paint them . EOS . EOS
he s at a pear . EOS . EOS .
he s never at friend . EOS . EOS .
he is actually in his . . EOS . EOS
he s crazy about the job . EOS . EOS
he s a captain of the team . EOS .
i m sure that he EOS . EOS . EOS
he is said to be it . EOS . EOS
he s working in some hard hard . EOS .
he is in trouble blood . EOS . EOS .
he s addicted to something . EOS . EOS .
he is about to heroin . EOS . EOS .
he is anything but a scholar . EOS . EOS
he s always finding for his room . EOS .
he s lying in house . EOS . EOS .
he is taller than i am . EOS . EOS
he is not what he as he . EOS .
he s not insane . EOS . EOS . EOS
he is sick of sick . EOS . EOS .
i am going back with her . EOS . EOS
she s fluent in shopping . EOS . EOS .
she s a born . . EOS . EOS .
she is beautiful beautiful ! EOS . EOS . EOS
she is never abroad . EOS . EOS . EOS
i re famished . EOS . EOS . EOS .
i m making her he . EOS . EOS .
we re taking the radio . EOS . EOS .
i m just sorry . EOS . EOS . EOS
she is old old for . . EOS . EOS
i am sleepy at the police . EOS . EOS
you re kind of shit . EOS . EOS .
i m afraid that s out . EOS . EOS
i m listening to figure this . EOS . EOS
i m mary s ? EOS . EOS . EOS
i m sure that i have EOS . EOS .
he s full too french . EOS . EOS .
he is angry with him . EOS . EOS .
we re leaving how ? EOS . EOS . EOS
i s making for for that . EOS . EOS
you re preaching to my job . EOS . EOS
i am drinking . EOS . EOS . EOS .
we re not supposed to do that . EOS .
they re all jealous of all . EOS . EOS
he s actually in in this world . EOS .
we re quite late . EOS . EOS . EOS
he s a jolly person . EOS . EOS .
he is my father one . EOS . EOS .
she is going to next week . EOS . EOS
he is happy for the result . EOS . EOS
i re shivering how about you . EOS . EOS
we re everything to have that . EOS . EOS
he living in bed . EOS . EOS . EOS
he is said to be rich . EOS . EOS
you re fascinating . EOS . EOS . EOS .
i m not supposed to be . EOS . EOS
they re going to take . EOS . EOS .
i m meditating . EOS . EOS . EOS .
he is going to going to week . EOS .
i am confused in french . EOS . EOS .
i m sorry i being being . EOS . EOS
we re leaving down . EOS . EOS . EOS
he s giving to criticism . . EOS . EOS
he she is fond of english . EOS . EOS
you re right right right . EOS . EOS .
we re we . EOS . EOS . EOS .
she s on in right . EOS . EOS .
i m going to miss me . EOS . EOS
you re not listening . EOS . EOS . EOS
he is actually in trouble . EOS . EOS .
i m not looking at you . EOS . EOS
i m washing it her again . EOS . EOS
he ? he isn t he ? EOS . EOS
he re a little tired aren . EOS . EOS
she is washing him him . EOS . EOS .
i m not supposed with you . EOS . EOS
i re not thinking of wrong . EOS . EOS
he s about . . EOS . EOS . EOS
i m the one aren t you ? EOS .
he s swimming . EOS . EOS . EOS .
you re reading a new friend . EOS . EOS
we re famished . EOS . EOS . EOS .
he s russian isn t he ? EOS . EOS
you re only everything to know . EOS . EOS
i m not having this problem . EOS . EOS
i m not your enemy . EOS . EOS .
he re what you ? he ? ? ? ?
i m laughing . EOS . EOS . EOS .
we re alone but you ? EOS . EOS .
i m working in swimming . EOS . EOS .
i m actually in to buy one . EOS .
he s drowning to swim . EOS . EOS .
they re going to paint . EOS . EOS .
you re your your own . EOS . EOS .
we re going to have spanish . EOS . EOS
i m studying in the mountain . EOS . EOS
i am going to show you off . EOS .
he s lying . EOS . EOS . EOS .
i re asking how re you ? EOS . EOS
he s staying how ? EOS . EOS . EOS
i m not learning now . EOS . EOS .
you re worried again ? EOS . EOS . EOS
he s working with a new book . EOS .
she is starting to a a a cold . EOS
he s looking for good . EOS . EOS .
he s eight . . EOS . EOS . EOS
he s perfectly tall . EOS . EOS . EOS
i m sorry if . EOS . EOS . EOS
he s not french . EOS . EOS . EOS
i m having a stranger of a problem . EOS
he s a translator . EOS . EOS . EOS
i m used to french tonight . EOS . EOS
she is my sister . EOS . EOS . EOS
they re not alone . EOS . EOS . EOS
i am poor too . EOS . EOS . EOS
he s following s mad . EOS . EOS .
i m afraid how ? he ? EOS . EOS
i m worried about last . EOS . EOS .
they re going to have wait . EOS . EOS
i m learning how ? she ? she ? she
i m fine . EOS . EOS . EOS .
we re worried about EOS . EOS . EOS .
he is very very angry . EOS . EOS .
you re missing that at that . EOS . EOS
he is going to be ok . EOS . EOS
you re afraid of german . EOS . EOS .
she is talking how isn t she ? EOS .
we re fine here . EOS . EOS . EOS
i m standing the s s ? EOS . EOS
he is making shopping . EOS . EOS . EOS
i am going to learn tomorrow . EOS . EOS
she is wearing the hair . EOS . EOS .
he is new your job . EOS . EOS .
i re not in a go you ? EOS .
i m bored . EOS . EOS . EOS .
he s job at his job . EOS . EOS
she s learning how aren t she ? EOS .
she is full . EOS . EOS . EOS .
we re really close for time . EOS . EOS
he s drinking in favor . EOS . EOS .
she is in in in . . EOS . EOS
i m not helping me . EOS . EOS .
i m going to that place . EOS . EOS
i m going to to help you . EOS .
i re tired how ? EOS . EOS . EOS
he is addicted to addict . EOS . EOS .
he is the tallest in manager . EOS . EOS
they re washing . EOS . EOS . EOS .
he s drinking . EOS . EOS . EOS .
she s staying for my daughter . EOS . EOS
i m fond . EOS . EOS . EOS .
i m sorry but i but i . EOS .
you re what who want . EOS . EOS .
i m starting to me me . EOS . EOS
i am concerned years brother . EOS . EOS .
you re welcome ? EOS aren t you ? EOS
you re lying . EOS . EOS . EOS .
i am thinking of succeed of reading . EOS .
i m reading . EOS . EOS . EOS .
she is my house . EOS . EOS . EOS
i m thinking . EOS . EOS . EOS .
he s full . EOS . EOS . EOS .
he s smart . EOS . EOS . EOS .
i m running out of death . EOS . EOS
she s handsome . EOS . EOS . EOS .
she s drowning in debt . EOS . EOS .
i m scared of spiders . EOS . EOS .
i m no longer afraid of anymore . EOS .
you re acting up . EOS . EOS . EOS
i m not talking about me . EOS . EOS
he is not lonely . EOS . EOS . EOS
he is on his teeth . EOS . EOS .
he is the oldest i i EOS . EOS .
we re not used to do alone . EOS .
i m expecting a job . EOS . EOS .
i m not surprised . EOS . EOS . EOS
i m starting to leave you ? EOS . EOS
he is kind of my parents . EOS . EOS
he s not college . EOS . EOS . EOS
i m taking thinking of australia . EOS . EOS
she is a real and i ? EOS . EOS
he isn what what what they will win . EOS
he s starting to get a cold . EOS .
we re confused . EOS . EOS . EOS .
they re on commercials . . EOS . EOS .
i m not going to way here . EOS .
he is able to swim a white . EOS .
we re dozing . EOS . EOS . EOS .
i m starting to with them . EOS . EOS
i m working on the game . EOS . EOS
they re not interested . EOS . EOS . EOS
she s already sleeping . EOS . EOS . EOS
you re what that ? EOS ? EOS . EOS
he is a hard hard hard . EOS . EOS
he s a writer . EOS . EOS . EOS
i m looking at home . EOS . EOS .
we re bored . EOS . EOS . EOS .
she is full of france . EOS . EOS .
he s ? EOS . EOS . EOS . EOS
i am said . EOS . EOS . EOS .
she is learning ? EOS . EOS . EOS .
he s on about to buy . EOS . EOS
he they re talking . EOS . EOS . EOS
he is washing his car . EOS . EOS .
she s very good well . EOS . EOS .
i m on the right guys . EOS . EOS
you re russian ? EOS ? EOS . EOS .
she s tired tired we re ? EOS . EOS
you re welcome . EOS . EOS . EOS .
he s also a cold s game . EOS .
we re in business with many . EOS . EOS
he is not not the only girl . EOS .
i m not answering . EOS . EOS . EOS
i re happy about it t you ? EOS ?
she s holding . EOS . EOS . EOS .
i m waiting and and you me . EOS .
you re selling your safety . EOS . EOS .
i m tired how to learn up . EOS .
you re my hero . EOS . EOS . EOS
he is about my daughter . EOS . EOS .
i m going to get here . EOS . EOS
i re going to tell you ? EOS . EOS
i re about to leave . EOS . EOS .
they re wrong . that . EOS . EOS .
they re right behind me . EOS . EOS .
she like an an child . EOS . EOS .
i m right behind you . EOS . EOS .
he s standing his wife . EOS . EOS .
she s here to spy on us . EOS .
they re trying the good time . EOS . EOS
he isn isn isn isn isn ? EOS . EOS
i m only tired who can t . EOS .
i am looking at the police . EOS . EOS
i re lying how ? EOS . EOS . EOS
we re supposed to do it . EOS . EOS
they re in the boat . EOS . EOS .
he they re on his job . EOS . EOS
he s got his books . EOS . EOS .
we re going home . EOS . EOS . EOS
we re worried again ? EOS . EOS . EOS
you re very religious . EOS . EOS . EOS
she s looking too books for watching tv . EOS
i m lying . EOS . EOS . EOS .
i m making a new house . EOS . EOS
i m always friends with my brother . EOS .
she is drunk . EOS . EOS . EOS .
you re bored . EOS . EOS . EOS .
he s worried about it . EOS . EOS .
we re going to lose him ! EOS . EOS
he re what ? he ? EOS . EOS .
he is going to black . EOS . EOS .
you re not dying to do that . EOS .
you re lying to leave . EOS . EOS .
you re full . EOS . EOS . EOS .
she s going how she s ? EOS . EOS
she is open . . EOS . EOS . EOS
she s fine . EOS . EOS . EOS .
i m glad she liked it . EOS . EOS
i m mad . EOS . EOS . EOS .
you re lying with her . EOS . EOS .
he is been at telling . EOS . EOS .
she is addicted to asian . EOS . EOS .
he is going to be everything . EOS . EOS
i m done how to do it . EOS .
you re spanish ? EOS . EOS . EOS .
i m sorry up to speak . EOS . EOS
we re leaving how ? EOS . EOS . EOS
he s new work . EOS . EOS . EOS
we re suffering . EOS . EOS . EOS .
i m not like my friend . EOS . EOS
i m sorry i hurt you . EOS . EOS
he is his his job . EOS . EOS .
she s staying how ? EOS . EOS . EOS
you re a man now . EOS . EOS .
they re leaving in the situation . EOS . EOS
we re sure that is he ? EOS ? EOS
he s a bigot . EOS . EOS . EOS
we re learning how ? EOS . EOS . EOS
i m not to with with you . EOS .
i m just talking . EOS . EOS . EOS
we re fine . EOS . EOS . EOS .
you re going to EOS aren t you ? EOS
i re right how aren t you ? EOS ?
she s lying . EOS . EOS . EOS .
i re coming ! EOS . EOS . EOS .
she s waiting for at you at home . EOS
he s fit to go . EOS . EOS .
he is always careful . EOS . EOS . EOS
he is starting to what you . EOS . EOS
i m glad to help them . EOS . EOS
i m not like he . EOS . EOS .
you re worried ? EOS . EOS . EOS .
re aren t afraid isn t ? EOS . EOS
you re sure again in go ? EOS ? EOS
they re still full . EOS . EOS . EOS
they re in trouble . EOS . EOS . EOS
we re from a car car . EOS . EOS
we re worried ? EOS . EOS . EOS .
i m not going to die . EOS . EOS
i m not giving you . EOS . EOS .
i m very impressed . EOS . EOS . EOS
you re not coming ! EOS . EOS . EOS
we re not not yet yet . EOS . EOS
she s not sick . EOS . EOS . EOS
he is quick at cooking . EOS . EOS .
i am coming to my my girlfriend . EOS .
you re going to go ? ? EOS ? EOS
i m worried about me . EOS . EOS .
we re eating . EOS . EOS . EOS .
i m afraid that i will you . EOS .
he is very attractive man . EOS . EOS .
i m having a little shape . EOS . EOS
they re lying . EOS . EOS . EOS .
you re way to do him ! EOS . EOS
she s full of her up . EOS . EOS
i m not doing anything anything . EOS . EOS
they re taking trying . EOS . EOS . EOS
i m fed up . EOS . EOS . EOS
we re staying . EOS . EOS . EOS .
we re coming . EOS . EOS . EOS .
you aren t busy now are you ? EOS .
you re making how aren t you ? ? ?
you re kind of cute . EOS . EOS .
i am lonely to be too too . EOS .
you re my hero . EOS . EOS . EOS
you re very wise . EOS . EOS . EOS
you re very rude . EOS . EOS . EOS
you re very curious . EOS . EOS . EOS
you re very attractive . EOS . EOS . EOS
she s quite not at all . EOS . EOS
i am living with him . EOS . EOS .
we re worried ? EOS . EOS . EOS .
you re not going to die . EOS . EOS
you re not going to die . EOS . EOS
you re so old ! EOS . EOS . EOS
she is very cunning . EOS . EOS . EOS
you re crazy about me . EOS . EOS .
he s addicted to earth . EOS . EOS .
you re coming to take my house . EOS .
you re going to tell you you . EOS .
i m sick . EOS . EOS . EOS .
you re no longer from me . EOS . EOS
i m not blushing ! EOS ! EOS . EOS
i m going to play at him . EOS .
i m not going to tell . EOS . EOS
she s a dj . EOS . EOS . EOS
she s angry with her dress . EOS . EOS
i m afraid that won . EOS . EOS .
i m not doing to EOS . EOS . EOS
i m suffering . . . EOS . EOS .
i m looking forward out . EOS . EOS .
i m looking forward for this . EOS . EOS
i m listening to stay . EOS . EOS .
i m taking this letter . EOS . EOS .
i m no longer more anymore . EOS . EOS
i am wearing at telling . EOS . EOS .
i m going to go there . EOS . EOS
i m really hard hard . EOS . EOS .
she s addicted to making up . EOS . EOS
we re not very yet . EOS . EOS .
she s staying about how about you . EOS .
you re impressed aren t you ? EOS ? EOS
i m just this this out . EOS . EOS
i m said to follow this . EOS . EOS
i m afraid if i m sick . EOS .
i m lonely . EOS . EOS . EOS .
i am in in bed . EOS . EOS .
i am doing this for this . EOS . EOS
i m sorry but the won t speak . EOS
i m drinking . EOS . EOS . EOS .
i m sending here . EOS . EOS . EOS
i m making things . EOS . EOS . EOS
i m learning shopping . EOS . EOS . EOS
he s down . EOS . EOS . EOS .
i m afraid that will succeed . EOS . EOS
i m going to see the moment . EOS .
i m starting to learn you . EOS . EOS
he is on the blood . EOS . EOS .
they re crazy . EOS . EOS . EOS .
i m planning out out . EOS . EOS .
i m sad . EOS . EOS . EOS .
i m not looking really you . EOS . EOS
i m sorry trying to die . EOS . EOS
i m going to help you . EOS . EOS
i m starting to learn me . EOS . EOS
he re your own tom t he ? EOS .
you re in my seat . EOS . EOS .
i m your hair . EOS . EOS . EOS
you re going to go . EOS . EOS .
they re safe here . EOS . EOS . EOS
you re not going to know . EOS . EOS
i m dying . EOS . EOS . EOS .
you re annoying better ? EOS . EOS . EOS
you re the only called anymore . EOS . EOS
you re joking of course . EOS . EOS .
you re not old enough to drink . EOS .
you re not helping . EOS . EOS . EOS
we re going to have how . EOS . EOS
i m letting to you you you . EOS .
i s starting to stay . EOS . EOS .
she is fond of her . EOS . EOS .
i m lazy lazy . EOS . EOS . EOS
she is out of weight . EOS . EOS .
you re upset aren t you ? EOS . EOS
i m not fighting any . EOS . EOS .
we re out of him . EOS . EOS .
he is quite a but a EOS . EOS .
she is always trying to buy . EOS . EOS
he s just too too fast . EOS . EOS
you re lying . EOS . EOS . EOS .
you re the same ? EOS . EOS . EOS
they re starting to love . EOS . EOS .
i m looking at drawing . EOS . EOS .
i m having a little money . EOS . EOS
i m already all all . EOS . EOS .
you re on the way . EOS . EOS .
they re almost fat . EOS . EOS . EOS
she is not like the girls . EOS . EOS
she is my best friend . EOS . EOS .
i am quite happy to learn . EOS . EOS
i m not like you . EOS . EOS .
we re about sleepy . EOS . EOS . EOS
we re afraid of EOS . EOS . EOS .
we re a good team . EOS . EOS .
you re starting to him ! EOS . EOS .
i m very tired . EOS . EOS . EOS
he is poor poor . EOS . EOS . EOS
they re short of nothing . EOS . EOS .
i am writing a letter . EOS . EOS .
she s in bed . EOS . EOS . EOS
they re all fine . EOS . EOS . EOS
he is the oldest . EOS . EOS . EOS
he s not singing . EOS . EOS . EOS
i m devoid to do it . EOS . EOS
you re not looking . EOS . EOS . EOS
i m starting to stay with . EOS . EOS
we re finally alone . EOS . EOS . EOS
i m thinking of everything . EOS . EOS .
he re what tom s t she ? EOS .
we re working we aren t you ? EOS .
they re russian . EOS . EOS . EOS .
i m going to teach you book . EOS .
i m annoying with how . EOS . EOS .
i m feeling how aren t you ? EOS .
we re sure you ? EOS . EOS . EOS
they re both kind . EOS . EOS . EOS
i m not stopping you you . EOS . EOS
you re in how . EOS . EOS . EOS
i m so bored . EOS . EOS . EOS
i m counting to see tom tom . EOS .
i am supposed to speak english . EOS . EOS
we re working up about your ? EOS . EOS
i re the one who want here . EOS .
he s always not working . EOS . EOS .
i m staying about a new friend . EOS .
he s drowning in a EOS . EOS . EOS
you re not interested in politics . EOS . EOS
i m going to sell . EOS . EOS .
i m having an rush . EOS . EOS .
i m not certain . EOS . EOS . EOS
i re fine about . you . EOS . EOS
you re welcome here . EOS . EOS . EOS
i m going to take in the car . EOS
we re worried ? EOS . EOS . EOS .
i am willing . EOS . EOS . EOS .
i m often at school . EOS . EOS .
i m not turning the window . EOS . EOS
he s always isn isn t she ? EOS .
he s always tired isn ? EOS . EOS .
he is very observant . EOS . EOS . EOS
i m your friend . EOS . EOS . EOS
he is really hard . EOS . EOS . EOS
i am putting that s friend . EOS . EOS
she s been in for her . EOS . EOS
i m feeling isn t she ? EOS . EOS
we re right aren t you ? EOS ? EOS
they re lying . EOS . EOS . EOS .
i m sort of tired . EOS . EOS .
i m running out of EOS . EOS . EOS
she s on the bank . EOS . EOS .
i m going to stay house . EOS . EOS
i re always up to politics . EOS . EOS
i m working ! EOS . EOS . EOS .
you are rude . EOS . EOS . EOS .
you re shivering . aren t you ? EOS ?
you re part of the problem . EOS . EOS
i m listening . EOS . EOS . EOS .
i m joking you . EOS . EOS . EOS
he is not really in . EOS . EOS .
i m not a woman . EOS . EOS .
you re very talented . EOS . EOS . EOS
he s making a friend . EOS . EOS .
you re wet . EOS . EOS . EOS .
you re early . EOS . EOS . EOS .
they re probably different around . EOS . EOS .
i m washing . EOS . EOS . EOS .
i m tidy . EOS . EOS . EOS .
he is proud in your son . EOS . EOS
he is tired . EOS . EOS . EOS .
i m finished in with tom . EOS . EOS
he is taking a good day . EOS . EOS
they re doctors . EOS . EOS . EOS .
they re going shopping . EOS . EOS . EOS
they re stalling . EOS . EOS . EOS .
they re surprised . EOS . EOS . EOS .
you re your boss . EOS . EOS . EOS
she re disappointed aren t you ? EOS . EOS
she s lucky . EOS . EOS . EOS .
she is fed up . EOS . EOS . EOS
she s got to hair . EOS . EOS .
she is angry with you . EOS . EOS .
she s on her way . EOS . EOS .
we re disappointed . EOS . EOS . EOS .
we re leaving . EOS . EOS . EOS .
we re home . EOS . EOS . EOS .
we re taking a pear . EOS . EOS .
he s been on him . EOS . EOS .
he s one . EOS . EOS . EOS .
we re not happy . EOS . EOS . EOS
you re not like you . EOS . EOS .
i m not kidding . EOS . EOS . EOS
i m not blame . EOS . EOS . EOS
i m not very polite . EOS . EOS .
i m really not busy . EOS . EOS .
you re crazy aren t you ? EOS . EOS
we re all safe . EOS . EOS . EOS
i m fine . EOS . EOS . EOS .
i m done with all this . EOS . EOS
i re working at everything . EOS . EOS .
they re so green . EOS . EOS . EOS
you re doing it him ! EOS . EOS .
he s coming to you ! EOS . EOS .
he s on in tv . EOS . EOS .
we re getting used to EOS . EOS . EOS
you re early . EOS . EOS . EOS .
i m looking at weight . EOS . EOS .
she is all preparing in the situation . EOS .
i isn tom s sister . EOS . EOS .
i m the on in bed . EOS . EOS
we re not busy . EOS . EOS . EOS
i m waiting for one . EOS . EOS .
i m off . EOS . EOS . EOS .
i m tired of all it . EOS . EOS
you re not like . EOS . EOS . EOS
he s running about of his . . EOS .
i m not talking with tom . EOS . EOS
they re talking . EOS . EOS . EOS .
he s tired from fast . EOS . EOS .
they re going ? EOS . EOS . EOS .
he s very very hard . EOS . EOS .
you re not very tidy . EOS . EOS .
they re looking to see you again . EOS .
i m washing to leave tom . EOS . EOS
i m sorry if i hurt . EOS . EOS
you re very fond . EOS . EOS . EOS
you re lying again . EOS you ? EOS ?
i m going to sell . EOS . EOS .
i m going to to work . EOS . EOS
she is very full . EOS . EOS . EOS
she is spanish at place . EOS . EOS .
you re acting like a child . EOS . EOS
he is not going to be dead . EOS .
we re really proud of that . EOS . EOS
they re on the boat . EOS . EOS .
you re a so beautiful hard . EOS . EOS
you re lying . EOS . EOS . EOS .
you re a good guy . EOS . EOS .
he re what what we can t she ? EOS
they are looking for . EOS . EOS . EOS
he s tired of how . EOS . EOS .
i m going to show you . EOS . EOS
he is much kind in his job . EOS .
you re the one aren t you ? EOS .
i m having an expert . EOS . EOS .
i m sad . EOS . EOS . EOS .
i m eating . EOS . EOS . EOS .
he s going to do something . EOS . EOS
i m feeling . EOS . EOS . EOS .
i m supposed to follow you tom . EOS .
we re taking it . EOS . EOS . EOS
i m thinking of course . EOS . EOS .
i m looking forward to seeing your father . EOS
we re looking breakfast for that . EOS . EOS
they re weak . EOS . EOS . EOS .
i m not a a . . EOS . EOS
she s lying at that you ? EOS . EOS
he s lying in his car . EOS . EOS
he in in paris . EOS . EOS . EOS
i re meeting to tell you ? EOS . EOS
you re not dressed . EOS . EOS . EOS
i m leaving that you re there . EOS .
i am a new student . EOS . EOS .
he s a teacher isn t he ? EOS .
he re on in ? he ? EOS . EOS
he s kind too him . EOS . EOS .
i m staying with how . EOS . EOS .
we re unlucky . EOS . EOS . EOS .
he s washing on his book . EOS . EOS
i m going to feel you you . EOS .
i m a much more much anymore . EOS .
we re making your ? EOS . EOS . EOS
he s never to blame . EOS . EOS .
he s dead . EOS . EOS . EOS .
you re scaring . EOS . EOS . EOS .
i m sorry that said that . EOS . EOS
i m not going anywhere . EOS . EOS .
i m frightened . EOS . EOS . EOS .
i am looking forward to regret . EOS . EOS
she s traveling how how . EOS . EOS .
he is not doing anything . EOS . EOS .
i am looking forward . EOS . EOS . EOS
i m not frightened . . EOS . EOS .
she is a really little person . EOS . EOS
i m welcome ? he ? ? EOS . EOS
i m learning how to keep . EOS . EOS
she is not my friend . EOS . EOS .
you re wrong at home . EOS . EOS .
he s not angry . EOS . EOS . EOS
i m fond of that . EOS . EOS .
you re reading my job job . EOS . EOS
i m letting you aren t you ? EOS .
you re used to working aren t you ? EOS
he is my son . EOS . EOS . EOS
i re staying in ? EOS . EOS . EOS
we re both breakfast . EOS . EOS . EOS
you re supposed to help them . EOS . EOS
she s a little lawyer aren t you ? EOS
i m not amused . EOS . EOS . EOS
he s addicted . EOS . EOS . EOS .
i m married to EOS . EOS . EOS .
i re always my every . EOS . EOS .
he s on a mood in . EOS . EOS
i re confused how are you ? EOS . EOS
they re not paying . EOS . EOS . EOS
you re not supposed to think . EOS . EOS
he re what you what you ? EOS ? EOS
i m more than of this . EOS . EOS
you re not angry are you ? EOS . EOS
i m content to my my friends . EOS .
i m german . EOS . EOS . EOS .
she s fine . EOS . EOS . EOS .
i am thinking of them . EOS . EOS .
we re alone aren t you ? EOS . EOS
he s forever in bed . EOS . EOS .
i m letting to making up . EOS . EOS
i m not alone . EOS . EOS . EOS
she isn t afraid of making mistakes . EOS .
he re what what you will EOS . EOS .
they re done . EOS . EOS . EOS .
he s worried about the exam . EOS . EOS
i m taking ready for now . EOS . EOS
you re confused to do that you ? EOS .
he s incredibly a letter . EOS . EOS .
she s happy to her entire . EOS . EOS
you re not going to try train . EOS .
i am my boss . EOS . EOS . EOS
we re very excited about that . EOS . EOS
i m quite much much . EOS . EOS .
i m sure that i can that . EOS .
he s not wearing dinner . EOS . EOS .
he s always full of cute . EOS . EOS
he is after me . EOS . EOS . EOS
they re going to swim them . EOS . EOS
they re going to to sell . EOS . EOS
they re lying . EOS . EOS . EOS .
i m losing . EOS . EOS . EOS .
we re leaving how ? EOS . EOS . EOS
he s just not to me . EOS . EOS
we re going home home . EOS . EOS .
they re part of of EOS . EOS . EOS
i m lying . EOS . EOS . EOS .
we re talking at how . EOS . EOS .
i m paying this way . EOS . EOS .
i m a big coffee coffee . EOS . EOS
he s full . EOS . EOS . EOS .
you re unlucky . EOS . EOS . EOS .
i am thinking to a a man . EOS .
you re free tonight . EOS . EOS . EOS
i m trying to think . EOS . EOS .
they re not so stupid . EOS . EOS .
i m addicted to addict . EOS . EOS .
he is jealous of everything . EOS . EOS .
i m only if i can name . EOS .
i m just out of tom . EOS . EOS
i m not scared to EOS . EOS . EOS
we re still out of busy . EOS . EOS
i is older than mary . EOS . EOS .
he s on the letter . EOS . EOS .
i m ashamed of my girlfriend . EOS . EOS
they re not stalling . EOS . EOS . EOS
he re confused how to he ? EOS . EOS
he is always at home these . EOS . EOS
i m willing in boston . EOS . EOS .
i m bored . EOS . EOS . EOS .
he is eating an an singer . EOS . EOS
i m unlucky . tom s . EOS . EOS
i m waiting for you way . EOS . EOS
they re turning to get me . EOS . EOS
i m staying to your performance . EOS . EOS
i re going to take my patience . EOS .
we re already different . EOS . EOS . EOS
i m in a how . EOS . EOS .
she s t in . EOS . EOS . EOS
i m supposed that i can do that . EOS
you re after very proud of you . EOS .
i re disappointed aren t you ? EOS . EOS
i is talking to like tom . EOS . EOS
he is much much slow . EOS . EOS .
we we aren t amused anymore . EOS . EOS
he s about EOS . EOS . EOS . EOS
i m glad to protect you . EOS . EOS
we re going there . EOS . EOS . EOS
i m my partner . EOS . EOS . EOS
i m going bald . EOS . EOS . EOS
i m not naive . EOS . EOS . EOS
they re not on at . EOS . EOS .
he is fluent in he he ? EOS ? EOS
i m sorry that s t sick . EOS .
we re leaving this week . EOS . EOS .
he is often in he he ? EOS ? EOS
you re my best friend too ! EOS ! EOS
they re trying our our people . EOS . EOS
he s addicted to run . EOS . EOS .
he is still full alive . EOS . EOS .
you re sorry . EOS . EOS . EOS .
he is a of a doctor . EOS . EOS
i m afraid that my job job . EOS .
he is running much much much . EOS . EOS
he is always to to me me . EOS .
they re not going fun . EOS . EOS .
i m with his s EOS . EOS . EOS
i m looking for someone . EOS . EOS .
you re fine . EOS . EOS . EOS .
i m going out . EOS . EOS . EOS
i m usually this morning . EOS . EOS .
i m fond of your story . EOS . EOS
i m not listening to name you . EOS .
you re only afraid of yourself . EOS . EOS
you re through . EOS . EOS . EOS .
they re reading . EOS . EOS . EOS .
i m not really in october . EOS . EOS
we are faced with many difficulties . EOS . EOS
i m not to the it . EOS . EOS
i m looking for friend . EOS . EOS .
i re learning down . EOS . EOS . EOS
he is used to be late . EOS . EOS
they re what what what t you ? EOS .
we re lucky to live here . EOS . EOS
i m looking for a little longer . EOS .
we re heading tired . EOS . EOS . EOS
i m talking with your father ? EOS . EOS
you re an irresponsible idiot . EOS . EOS .
tired re what tired ? EOS . EOS . EOS
we re in here . EOS . EOS . EOS
we re closing my uncle . EOS . EOS .
i m right behind her . EOS . EOS .
i m about looking . EOS . EOS . EOS
i m depressed . EOS . EOS . EOS .
i m very big about you . EOS . EOS
i m acting like a truck . . EOS .
we re leaving we can t you ? EOS .
i m much here with me . EOS . EOS
he is my son . EOS . EOS . EOS
we re going to protect you . EOS . EOS
i re starting to start you ? EOS . EOS
we re worried about ? EOS . EOS . EOS
you re on the right here . EOS . EOS
he s working from work . EOS . EOS .
you re tough . EOS . EOS . EOS .
she s the same idea . EOS . EOS .
he s not looking . EOS . EOS . EOS
we re just everything . EOS . EOS . EOS
i m from to her . EOS . EOS .
i m certain of that . EOS . EOS .
he re always tired ? EOS . EOS . EOS
we re still dead . EOS . EOS . EOS
i m going to EOS . EOS . EOS .
we re supposed to do do that . EOS .
he s missing tom . EOS . EOS . EOS
i m going to do that . EOS . EOS
we re very actually . EOS . EOS . EOS
i m not all them . EOS . EOS .
you re as old as me . EOS . EOS
she s a your lawyer . . EOS . EOS
i m delighted that you re safe . EOS .
i m coming . EOS . EOS . EOS .
he is ready to EOS . EOS . EOS .
i m about to go . EOS . EOS .
i m not finished . EOS . EOS . EOS
i m fine . EOS . EOS . EOS .
they are not their their life . EOS . EOS
he s been up in his brother . EOS .
i m not singing . EOS . EOS . EOS
she s insecure not isn . EOS . EOS .
you re about ? EOS . EOS . EOS .
you re supposed to EOS . EOS . EOS .
i m full more intelligent . EOS . EOS .
she is trying to talk with . EOS . EOS
you re not going to go . EOS . EOS
she is rather perfect . EOS . EOS . EOS
you re on a hard . . EOS . EOS
you re your own like you ? EOS ? EOS
he is attracted to black . EOS . EOS .
we re going to die . EOS . EOS .
you re supposed to help them . EOS . EOS
he s a college . . EOS . EOS .
i am fond fond . EOS . EOS . EOS
he s in french . EOS . EOS . EOS
he is weak here . . EOS . EOS .
i am drinking french . EOS . EOS . EOS
i m taking french . EOS . EOS . EOS
i m studying in french . EOS . EOS .
i m not turning them . EOS . EOS .
we re talking to him . EOS . EOS .
i m sure we can this this . EOS .
i m paying with this situation . EOS . EOS
i s talking . EOS . EOS . EOS .
i am learning books . EOS . EOS . EOS
you re russian ? EOS . EOS . EOS .
they re going to take . EOS . EOS .
we re leaving in favor . EOS . EOS .
i m not worried about you ? EOS . EOS
you re way . EOS . EOS . EOS .
you re not how aren t you ? EOS .
he aren t tired of he . EOS . EOS
they re eating bread . EOS . EOS . EOS
you re cheating . EOS . EOS . EOS .
i am following . EOS . EOS . EOS .
i am looking at you . EOS . EOS .
he is not one . EOS . EOS . EOS
you re part to see to go . EOS .
we re all in trouble . EOS . EOS .
you re a teacher . EOS . EOS . EOS
he s welcome . EOS . EOS . EOS .
i m a too . EOS . EOS . EOS
he s hated . EOS . EOS . EOS .
i m getting tired . EOS . EOS . EOS
i am in in trouble . EOS . EOS .
i m using tom . EOS . EOS . EOS
they re going to up tomorrow . EOS . EOS
you re washing the washing . EOS . EOS .
you re optimistic . EOS . EOS . EOS .
i m studying in french . EOS . EOS .
i m looking off . EOS . EOS . EOS
he is been in in vacation . EOS . EOS
he s more handsome . EOS . EOS . EOS
i m saving for tom . EOS . EOS .
he s still dressed . EOS . EOS . EOS
he s hard to win . EOS . EOS .
he s willing to win . EOS . EOS .
i am married to get me . EOS . EOS
i am worried about his health . EOS . EOS
she is anything too drunk . EOS . EOS .
he s lying . EOS . EOS . EOS .
he is my partner . EOS . EOS . EOS
he s enjoying tom . EOS . EOS . EOS
they re cool . EOS . EOS . EOS .
i m looking for him . EOS . EOS .
he s under one . EOS . EOS . EOS
i m looking forward . EOS . EOS . EOS
i s eight . EOS . EOS . EOS .
we re lying . EOS . EOS . EOS .
i is learning to learn . . EOS . EOS
he is far from happy . EOS . EOS .
i m tom s hard . EOS . EOS .
he is at his office . EOS . EOS .
you re welcome up ! EOS . EOS . EOS
you re up . EOS . EOS . EOS .
they re lying . EOS . EOS . EOS .
he is rich . EOS . EOS . EOS .
he is available . EOS . EOS . EOS .
we re paying . EOS . EOS . EOS .
you re dangerous . EOS . EOS . EOS .
she is discreet . EOS . EOS . EOS .
i m convinced . EOS . EOS . EOS .
they re trying to have smoking . EOS . EOS
i m okay this . EOS . EOS . EOS
i m going to get ? EOS . EOS .
you re three late late . EOS . EOS .
he s in in your health . EOS . EOS
i m learning how ? EOS . EOS . EOS
i am addicted to asian . EOS . EOS .
i am off today . EOS . EOS . EOS
she s tired ? EOS . EOS . EOS .
i m fed up . EOS . EOS . EOS
i m drunk . EOS . EOS . EOS .
i m lying . EOS . EOS . EOS .
he s lying in german . EOS . EOS .
i m having trouble . EOS . EOS . EOS
we re leaving how aren t you ? EOS .
i am a only child child . EOS . EOS
you re leaving tv . EOS . EOS . EOS
i m coming . EOS . EOS . EOS .
we re going to take them . EOS . EOS
he is listening to black in bus . EOS .
they re going to working . EOS . EOS .
you re lying in your debt . EOS . EOS
they re coming us . EOS . EOS . EOS
he is studying off . EOS . EOS . EOS
we are not in english . EOS . EOS .
they re not the same situation . EOS . EOS
he s full of his . . EOS . EOS
he s in in for a cold . EOS .
i re wrong that you re safe . EOS .
he s making a little isn t he ? EOS
they re supposed to show . EOS . EOS .
i m dying to accept . . EOS . EOS
you re mistaken . EOS . EOS . EOS .
i m bored . EOS . EOS . EOS .
she s lying to me . EOS . EOS .
i s leaving . EOS . EOS . EOS .
i is as like it . EOS . EOS .
he s on the last . . EOS . EOS
i m going to see tom . EOS . EOS
we re not good at math . EOS . EOS
i am looking forward to you again . EOS .
she is bored with me . EOS . EOS .
she s afraid of me . EOS . EOS .
you re not going to death . EOS . EOS
we re on the garden . EOS . EOS .
he s not supposed . EOS . EOS . EOS
she s a lawyer . EOS . EOS . EOS
we re married to australia . EOS . EOS .
i m trying to buy a new car . EOS
he s in in great bad . EOS . EOS
she is able to leave . EOS . EOS .
she s lying . EOS . EOS . EOS .
we re all prepared . EOS . EOS . EOS
i m sure to see your was . EOS .
you re supposed to learn this ! EOS . EOS
they re free . EOS . EOS . EOS .
i m still shopping to tell . EOS . EOS
he is actually in love . EOS . EOS .
you re busy . EOS . EOS . EOS .
she s studying in big . EOS . EOS .
i m thinking . EOS . EOS . EOS .
you re not blushing ! EOS . EOS . EOS
he m sure tom s tonight . EOS . EOS
i m listening to wash him ! EOS ! EOS
i m working as like this . EOS . EOS
i m fond of losing . EOS . EOS .
i m worried about something . EOS . EOS .
we s about her . EOS . EOS . EOS
he is fond dinner . EOS . EOS . EOS
i m having a little . EOS . EOS .
he is studying in bed . EOS . EOS .
she s annoying how how . EOS . EOS .
i m not looking for like key . EOS .
he is been in his dog . EOS . EOS
he is supposed to be not here . EOS .
i m said to feel anymore . EOS . EOS
i m not a genius . EOS . EOS .
she is not very rich . EOS . EOS .
he is been in these . EOS . EOS .
you re supposed to be jealous . EOS . EOS
