she s here about here . . EOS . EOS
i m too old for this world . EOS .
i m working at it s t she ? EOS
he s learning ? EOS . EOS . EOS .
i m almost the same phone . . EOS .
i m going to in in . EOS . EOS
i m now . EOS . EOS . EOS .
we re defenseless of the plan . EOS . EOS
i m not going to buy . EOS . EOS
i m going to . . EOS . EOS .
i am a good today . EOS . EOS .
he s a a good cook . EOS . EOS
she s also a how aren t . EOS .
i m working for the job . EOS . EOS
he is capable of . . EOS . EOS .
he is not at the . . . EOS .
i m sorry to hear it ! EOS . EOS
i m not to him . EOS . EOS .
i m going to for a now . EOS .
he is a problem a problem . EOS . EOS
i am a good to for me . EOS .
i m a a the . . . EOS .
he s making to do a mistake mistake . EOS
i am not learning to german . EOS . EOS
he s gone . EOS . EOS . EOS .
she s the not to her . EOS . EOS
i am interested in politics . EOS . EOS .
he is already hard . EOS . EOS . EOS
i am eating an apple . EOS . EOS .
i m having tired . . . EOS . EOS
i m going to to on . . EOS .
he is an office office worker . EOS . EOS
i m still short of these . EOS . EOS
i m going to the it . EOS . EOS
he s always the of of . . EOS .
i m surprised to see you here . EOS .
she s just a trip . EOS . EOS .
i m in a phone . . EOS . EOS
i m learning something to something . EOS . EOS
i am fond with her at . EOS . EOS
he s a to a . . EOS . EOS
he s not friend . EOS . EOS . EOS
he is in in his . . EOS . EOS
he s on a phone . . EOS . EOS
he s a team team . EOS . EOS .
i m sure that he was . EOS . EOS
he is only to be it . EOS . EOS
he s working in this hard hard . EOS .
he is in in trouble . EOS . EOS .
he s fit to something . EOS . EOS .
he s in for the right . EOS . EOS
he is all a a . . EOS . EOS
he s always finding fault with his . . EOS
he s in in in a house . EOS .
he is taller than i . . EOS . EOS
he is not what he he . EOS . EOS
he s not dressed . EOS . EOS . EOS
he is afraid of being sick . EOS . EOS
i am going to with her . EOS . EOS
she s in in the the . . EOS .
she s a not . . EOS . EOS .
she is beautiful beautiful ! EOS . EOS . EOS
she is never . younger . EOS . EOS .
i re kidding . EOS . EOS . EOS .
i m able this he in . EOS . EOS
we re in the library . . EOS . EOS
i m just like . . EOS . EOS .
she is old enough . . EOS . EOS .
i am a member at cooking . EOS . EOS
you re much talented of . EOS . EOS .
i m afraid that is out . EOS . EOS
i m going to fight . . EOS . EOS
i m the one s t she ? EOS .
i m sure that i have . . EOS .
he s quite a french . EOS . EOS .
he is angry with him . EOS . EOS .
he re leaving how ? EOS . EOS . EOS
i s closing for for that . EOS . EOS
you re quite of my job . EOS . EOS
i am in paris my homework . EOS . EOS
we re not to do that . EOS . EOS
they re all in to go of . EOS .
he s lying in in this . . EOS .
he is a beginner at this . EOS . EOS
he s a night person . EOS . EOS .
he is my my son . EOS . EOS .
she s going to week next week . EOS .
he is happy for the next job . EOS .
i re staying how about me . EOS . EOS
we re happy for what he was . EOS .
he is in in trouble . EOS . EOS .
he is said to be rich . EOS . EOS
you re disgusting . EOS . EOS . EOS .
i m not interested in . EOS . EOS .
he is going to be the . . EOS .
i m learning . EOS . EOS . EOS .
he s going to to on . . EOS .
i am at at at . . EOS . EOS
i m sorry . being being . EOS . EOS
we re leaving to him . EOS . EOS .
he s telling to the . . . EOS .
he is on our his . . EOS . EOS
i is right . right right . EOS . EOS
we re coming . EOS . EOS . EOS .
she s on in the . . EOS . EOS
i m going to get a . . EOS .
you are not in . . . EOS . EOS
he is on in . . EOS . EOS .
i m not very fine . EOS . EOS .
i m looking at your way . EOS . EOS
he is leaving in a cold . EOS . EOS
he re a little tired . . . EOS .
she is doing to him him . EOS . EOS
i m not fighting you . EOS . EOS .
i re not thinking of . EOS . EOS .
he s sick up . . EOS . EOS .
i m the one who ? EOS . EOS .
he s in . . EOS . EOS . EOS
you re reading a new friend . EOS . EOS
we re kidding . EOS . EOS . EOS .
he s a a isn t he ? EOS .
you re only trying to learn . EOS . EOS
i m not working of this . . EOS .
i m not your enemy . EOS . EOS .
he s what you ? ? ? ? ? ?
i m laughing . EOS . EOS . EOS .
we re alone alone ? EOS . EOS . EOS
i m working in this . . EOS . EOS
i m in to stay in . EOS . EOS
he s annoying to to . . EOS . EOS
i re going to take the . . EOS .
you re your your your . EOS . EOS .
we re going to have your ? EOS . EOS
i m fond in the university . . EOS .
i am going to have a secret . EOS .
he s one . EOS . EOS . EOS .
i re confused how how ? EOS . EOS .
he s standing how ? EOS . EOS . EOS
i m not learning now . EOS . EOS .
you re going to do that ? EOS . EOS
he s working a new a new . . EOS
she is anxious to a a a . . .
he s good at cooking . EOS . EOS .
he s fond . . EOS . EOS . EOS
he s mad ! EOS . EOS ! EOS .
i m sorry if . EOS . EOS . EOS
he s not french . EOS . EOS . EOS
i m having a with of a problem . EOS
he s a a . EOS . EOS . EOS
i m used to the heat . EOS . EOS
i am my pretty . . EOS . EOS .
i am not alone . EOS . EOS . EOS
i am quite a teacher . EOS . EOS .
he s in a out of . . EOS .
i m afraid how he will ? EOS . EOS
i m also . EOS . EOS . EOS .
he is going to have have for a . .
i m listening to do . . she . EOS
i m working . EOS . EOS . EOS .
he s always here in . EOS . EOS .
he is very very angry . EOS . EOS .
you re just hungry . EOS . EOS . EOS
he is going to be a . . EOS .
he isn afraid of the isn ? EOS . EOS
he is what how ? he ? EOS . EOS
we re here here . EOS . EOS . EOS
i m the one who ? ? ? EOS ?
he is making shopping . EOS . EOS . EOS
i am going to to tomorrow . . EOS .
i am wearing the . . . EOS . EOS
he is your your job . EOS . EOS .
we re not in a afternoon . EOS . EOS
i m losing this . EOS . EOS . EOS
he s on to his job . EOS . EOS
she s in a cold of . . EOS .
she is full . EOS . EOS . EOS .
we re really trying for time . EOS . EOS
he s on a way . . EOS . EOS
i m in in in . . EOS . EOS
i m not going to me . EOS . EOS
i m going to that at this . EOS .
i m only to help help you . EOS .
i re tired how ? EOS . EOS . EOS
he is not to blame . EOS . EOS .
he is the tallest in the . . EOS .
i re in . . EOS . EOS . EOS
he s watching . EOS . EOS . EOS .
she s staying to my daughter . EOS . EOS
i am fond . EOS . EOS . EOS .
i m also but i but i . . EOS
you re what what . . . EOS . EOS
i am going to me me . EOS . EOS
i am learning years and and a brother . EOS
you re lying ? EOS . EOS . EOS .
you re annoying . EOS . EOS . EOS .
he is making of ten . . . . EOS
i m reading . EOS . EOS . EOS .
she is my house . EOS . EOS . EOS
i m bored . . EOS . EOS . EOS
she s mad . EOS . EOS . EOS .
he s drunk . EOS . EOS . EOS .
i m not to to . . EOS . EOS
she s full . . EOS . EOS . EOS
i s in in the . . EOS . EOS
i m scared of spiders . EOS . EOS .
i m sick longer sick of sick . EOS .
you re only to be so ! EOS . EOS
i m not taking of me . EOS . EOS
he is not as tall . . EOS . EOS
he is learning his . . EOS . EOS .
he is the one who is him . EOS .
i m not supposed to do only alone . EOS
i m a a job . EOS . EOS .
i m not of . EOS . EOS . EOS
i m starting to get you ? EOS . EOS
he is always my my . . EOS . EOS
he s not college . EOS . EOS . EOS
i m taking a of of . EOS . EOS
she is a hard and girl . EOS . EOS
he s always to what what they will . EOS
he s leaving to a cold cold . EOS .
i am also how . EOS . EOS . EOS
we re on the same . . EOS . EOS
i m not going to die . EOS . EOS
he is going to swim more a secret . EOS
we re heading . . EOS . EOS . EOS
i m going to with them . EOS . EOS
i m on a little . EOS . EOS .
they re not going . . EOS . EOS .
she s already sleeping . EOS . EOS . EOS
i m what it what you ? EOS . EOS
he is hard at money . EOS . EOS .
he s a writer . EOS . EOS . EOS
i m looking at a a . . EOS .
i re in to . . EOS . EOS .
she is in in to . . EOS . EOS
he s not aren aren t you ? EOS .
i am waiting . EOS . EOS . EOS .
she is also ? EOS . EOS . EOS .
he s on to asian on the . EOS .
he s not going to . . EOS . EOS
he is his his own . EOS . EOS .
she s very good good . EOS . EOS .
i m on the right at . EOS . EOS
we re not fighting ? EOS . EOS . EOS
he s tired tired . EOS . EOS . EOS
we re going to . . EOS . EOS .
i m a a how about a ? EOS .
we re in a lot with . . EOS .
he is not not bad that today . EOS .
i m not thinking about . EOS . EOS .
i re worried about it . EOS ? EOS ?
she s her her . . EOS . EOS .
i re waiting and me and me . EOS .
you re acting at your own . EOS . EOS
i m starting confused confused how . EOS . EOS
you re my hero . EOS . EOS . EOS
he s doing my daughter . EOS . EOS .
i m going to my here . EOS . EOS
we re going it ? do ? ? ? EOS
he re right to do it ? ? EOS .
he is not to be . . EOS . EOS
they re right behind me . EOS . EOS .
she is an an an . EOS . EOS .
i m right behind you . EOS . EOS .
he s closing his closet . EOS . EOS .
she s here to spy on us . EOS .
they re not to the . . EOS . EOS
he isn isn isn isn isn ? EOS . EOS
i m sure she is about . . EOS .
he s on the the the . . EOS .
i re leaving how ? EOS . EOS . EOS
i re doing to do it . EOS . EOS
they re in the same . EOS . EOS .
he s eating his new still . EOS . EOS
he s got his his . EOS . EOS .
i m going home . EOS . EOS . EOS
i re only how ? EOS . EOS . EOS
you re very very happy . EOS . EOS .
she s anxious too much class for the time .
i m not in good . . EOS . EOS
i m just a little a . . EOS .
i m always on my brother . EOS . EOS
she is about to . EOS . EOS . EOS
you re early . EOS . EOS . EOS .
he s done how about the ? . EOS .
we re going to lose him ! EOS . EOS
he s what he he ? ? EOS . EOS
he is on to go . EOS . EOS .
you re not part of do that . EOS .
you re lying to be . . EOS . EOS
you re annoying to and . . EOS . EOS
she s going ? EOS ? EOS . EOS .
she is five . . . EOS . EOS .
she s fine . EOS . EOS . EOS .
i m glad she liked it . EOS . EOS
i m fairly drunk . EOS . EOS . EOS
you re lying here . EOS . EOS . EOS
he is much at the . . EOS . EOS
we are learning to the . . . EOS .
he is going to be your . EOS . EOS
i m confused to get your ? EOS . EOS
you re ? EOS s t she ? EOS .
i m sorry that s game . EOS . EOS
i re leaving that ? ? EOS . EOS .
he s lying . EOS . EOS . EOS .
i m from the . . . EOS . EOS
i m not friend . EOS . EOS . EOS
i m sorry i hurt you . EOS . EOS
he is his his work . EOS . EOS .
he s asking how . EOS . EOS . EOS
you re a man now . EOS . EOS .
they re in in . . . EOS . EOS
he re sure she ? he ? EOS ? EOS
he s a bigot . EOS . EOS . EOS
we re going it ? EOS . EOS . EOS
i m not to with with you . EOS .
i m just trying . . . EOS . EOS
he s much at anything . EOS . EOS .
you re going to be a ? . EOS .
i re going you ? EOS . EOS ? EOS
she s in . . . EOS . EOS .
i re coming for me . EOS . EOS .
she s waiting for at home at you . EOS
he s in to go . EOS . EOS .
he is rather kind . EOS . EOS . EOS
he is what that is strong . EOS . EOS
i m coming to help you . EOS . EOS
i m not like any . . EOS . EOS
you re quite it . EOS . EOS . EOS
re isn t one . ? EOS . EOS .
you re sure of go ? ? you ? ?
i re always isn t she ? EOS . EOS
they re in trouble . EOS . EOS . EOS
we re out out car a car . EOS .
i m staying . EOS you ? EOS . EOS
i m not going to . . EOS . EOS
i m not saying them . EOS . EOS .
i m very impressed . EOS . EOS . EOS
you re not working . EOS . EOS . EOS
we re not not yet . EOS . EOS .
she s not sick . EOS . EOS . EOS
he is taking at the for . EOS . EOS
i am willing to my my . . EOS .
we re going to have ? EOS ? EOS .
i m sorry i . . EOS . EOS .
we re eating . EOS . EOS . EOS .
i m what you will be . . EOS .
he is very hard man . EOS . EOS .
i m having a little . . . EOS .
they re talking . EOS . EOS . EOS .
you re doing this to do that ! EOS .
he s in to leave up ! EOS . EOS
i m not going anything anything . EOS . EOS
they re trying in the . . EOS . EOS
i m not to to . EOS . EOS .
we re working . EOS . EOS . EOS .
we re coming . EOS . EOS . EOS .
you aren t busy now are you ? EOS .
you re not how aren t a cold . EOS
you re kind of the . . EOS . EOS
i am so to to she is too . EOS
he s crazy about EOS . EOS . EOS .
you re very wise . EOS . EOS . EOS
you re very rude . EOS . EOS . EOS
you re very curious . EOS . EOS . EOS
you re very attractive . EOS . EOS . EOS
she s not at all all . EOS . EOS
i am in with him him . EOS . EOS
she s done ? . EOS . EOS . EOS
you re not going to . . EOS . EOS
you re not going to lose . EOS . EOS
you re making ! EOS ! EOS . EOS .
she is very cunning . EOS . EOS . EOS
you re crazy about me . EOS . EOS .
he s addicted to addict . EOS . EOS .
you re coming to more my house . EOS .
you re going to take you you . . EOS
i m a . EOS . EOS . EOS .
you re no longer me . . . EOS .
i m not paying ! EOS ! EOS ! EOS
i m going to take in . . EOS .
i m not going to . . . EOS .
she s a pacifist . EOS . EOS . EOS
she s writing his with his . . EOS .
i m only the i have . . EOS .
i m not doing to do . EOS . EOS
i m a trouble . . EOS . EOS .
i m learning beginner in . . EOS . EOS
i m looking for your this . EOS . EOS
i m playing to pollen . EOS . EOS .
i m going to my this . EOS . EOS
i m no longer longer afraid . EOS . EOS
i am at the the . . . . EOS
i m not going to go . EOS . EOS
i m really hard . EOS . EOS . EOS
she s just to her . . EOS . EOS
we re not very all their . EOS . EOS
i re going to how about you you . EOS
you re impressed aren t you ? EOS ? EOS
i m going this i can . EOS . EOS
i m afraid to have a game . EOS .
i m afraid we ll of . EOS . EOS
i m feeling much . EOS . EOS . EOS
i am in in in . . EOS . EOS
i m doing this for this . EOS . EOS
i m not thinking t her her t . EOS
i m thinking . EOS . EOS . EOS .
i m delighted to stay . EOS . EOS .
i m aware of making . EOS . EOS .
i m learning learning . . EOS . EOS .
he s a . . EOS . EOS . EOS
i m only that their that . EOS . EOS
i m going to see the . . EOS .
i m going to learn you . EOS . EOS
he is in the the . . . EOS .
they re all gone . EOS . EOS . EOS
i m ashamed to out . EOS . EOS .
i m just . . EOS . EOS . EOS
i m not really you . EOS . EOS .
i m sorry to buy can . EOS . EOS
i m going to help you . EOS . EOS
i m learning to learn . . EOS . EOS
he re your own tom t he ? EOS .
you re in my seat . EOS . EOS .
i am your partner . EOS . EOS . EOS
you re going to go . EOS . EOS .
they re all here . . EOS . EOS .
i m not wearing the . . EOS . EOS
i m in danger . . EOS . EOS .
you re making a little ? EOS . EOS .
i m at at what is together . EOS .
you re on our course . EOS . EOS .
you re not old enough to drink . EOS .
you re not helping . EOS . EOS . EOS
she s going to have do ? EOS . EOS
i m letting to you you you . EOS .
i m anxious about the . . EOS . EOS
she is fond of her . EOS . EOS .
i m lazy lazy . EOS . EOS . EOS
she is much from . . EOS . EOS .
you re lying aren t you ? EOS . EOS
i m not even . . EOS . EOS .
we re trying of him . EOS . EOS .
he is not a for a woman . EOS .
she is always trying to get up . EOS .
he s just too too fast . EOS . EOS
you re coming ! EOS . EOS . EOS .
he re the same ? he ? EOS . EOS
they re keeping a of . . EOS . EOS
i m having a to . . EOS . EOS
i m in a little money . EOS . EOS
i m already all all . EOS . EOS .
you re on the . . . EOS . EOS
they re almost fat . EOS . EOS . EOS
she is not like the other . EOS . EOS
she s my only to . . EOS . EOS
i am quite happy to learn . EOS . EOS
i m not like you . EOS . EOS .
i m a at cook . EOS . EOS .
he re afraid of you ? EOS . EOS .
we re a good team . EOS . EOS .
you re driving to him ! EOS . EOS .
i m very careful . EOS . EOS . EOS
he is very cross . EOS . EOS . EOS
they re not afraid of . EOS . EOS .
i am writing a . . EOS . EOS .
he s in bed . EOS . EOS . EOS
they re all great busy . EOS . EOS .
he is the master . EOS . EOS . EOS
he s not talking to . . EOS . EOS
i m making a get much . EOS . EOS
you re not helping the . . EOS . EOS
i m getting to stay in . EOS . EOS
we re finally alone . EOS . EOS . EOS
i m afraid of a . . EOS . EOS
he re what it s t do . EOS .
we re working at much t she ? EOS .
he s out . . EOS . EOS . EOS
i m going to you you the book . EOS
i m going to have a new . . EOS
i re waiting how how . EOS . EOS .
he re sure ? you re ? EOS . EOS
they re kind . . EOS . EOS . EOS
i m not really you in you . EOS .
you re in a new . . . . EOS
i m so sick . EOS . EOS . EOS
i m sure that tom will . . EOS .
i am able to speak speak . EOS . EOS
we re confused it . EOS . EOS . EOS
i re the one who can here . EOS .
he s not dressed to be . EOS . EOS
i m going a how about a new . EOS
he s in how in ? EOS . EOS .
you re not in in now . EOS . EOS
i m going to figure . . EOS . EOS
i m having an adrenaline . EOS . EOS .
i m not at at EOS . EOS . EOS
i re fine about you . EOS . EOS .
you re welcome . . EOS . EOS . EOS
i m going to wait in the car . EOS
we re tired ? EOS . EOS . EOS .
i am interested at the . . EOS . EOS
i m ready at school . EOS . EOS .
i m not defending the same . EOS . EOS
i m always with she ? EOS . EOS .
he s not isn isn t he ? EOS .
he is very timid . EOS . EOS . EOS
i m your friend . EOS . EOS . EOS
he s really hard . EOS . EOS . EOS
i am supposed that s my . . EOS .
she s in in to her . EOS . EOS
i m feeling isn t she ? EOS . EOS
we re in how aren t you ? EOS .
they re in . . EOS . EOS . EOS
i m sort of tired . EOS . EOS .
i m running out of . EOS . EOS .
she s in the same . . EOS . EOS
i m going to take house . EOS . EOS
i re always trying to learn . EOS . EOS
i s standing ! EOS . EOS . EOS .
you are much . . EOS . EOS . EOS
i re tired how ? EOS . EOS . EOS
you re part of the problem . EOS . EOS
i m reading . EOS . EOS . EOS .
i m coming to you ! EOS . EOS .
he s not really in . EOS . EOS .
i m not a criminal . EOS . EOS .
you re very talented . EOS . EOS . EOS
he s a a . . . EOS . EOS
you re famous . EOS . EOS . EOS .
you re early . EOS . EOS . EOS .
they re probably different things . EOS . EOS .
i m about . EOS . EOS . EOS .
i m tidy . EOS . EOS . EOS .
he is in of my wife . EOS . EOS
he s tired . EOS . EOS . EOS .
i m done with your . . EOS . EOS
he is a a good good day . EOS .
they re doctors . EOS . EOS . EOS .
they re trying shopping . EOS . EOS . EOS
they re stalling . EOS . EOS . EOS .
they re surprised . EOS . EOS . EOS .
he s your ? EOS . EOS . EOS .
she re always how ? EOS . EOS . EOS
she s lucky . EOS . EOS . EOS .
she is on in . . EOS . EOS .
she s got to hair . EOS . EOS .
she is angry with you . EOS . EOS .
she s on in . . EOS . EOS .
we re drunk . EOS . EOS . EOS .
we re leaving . EOS . EOS . EOS .
we re home home . EOS . EOS . EOS
we re a a . . EOS . EOS .
i s on to on . EOS . EOS .
he s in sick . . EOS . EOS .
we re not impressed . EOS . EOS . EOS
you re not like you . EOS . EOS .
i m not to get attention . EOS . EOS
i m not to be . EOS . EOS .
i m not very polite . EOS . EOS .
i m really not busy . EOS . EOS .
you re all the same . EOS . EOS .
we re all all your . EOS . EOS .
i s very for for . EOS . EOS .
i m done with all this . EOS . EOS
i re at how . EOS . EOS . EOS
i m so happy . EOS . EOS . EOS
you re doing it wrong . EOS . EOS .
he s standing to you ! EOS . EOS .
i s on in to EOS ! EOS . EOS
we re bored to see your . EOS . EOS
you re early . EOS . EOS . EOS .
i m taking at my . . EOS . EOS
she is all in the the . . EOS .
i m tom s s . EOS . EOS .
i m the in in the . . EOS .
i re not busy all . EOS . EOS .
i m looking for the right . EOS . EOS
i m coming . EOS . EOS . EOS .
i m tired of all this . . EOS .
i re not having . . EOS . EOS .
he s on his his his . . EOS .
i m not talking to tom . EOS . EOS
they re talking . EOS . EOS . EOS .
he s in love isn t . EOS . EOS
he is going to do t he ? EOS .
he s very very . . EOS . EOS .
you re not very tidy . EOS . EOS .
you re looking to see again . EOS . EOS
i m learning to love tom . EOS . EOS
i m not only to think . EOS . EOS
we re very angry . EOS . EOS . EOS
you re lying . EOS you ? EOS . EOS
i m going to take . EOS . EOS .
i m going to to for . EOS . EOS
he s very full . EOS . EOS . EOS
she is german again . EOS . EOS . EOS
you re acting like a child . EOS . EOS
he is always careful . EOS . EOS . EOS
he s much proud of . EOS . EOS .
they re on the same . . EOS . EOS
you re a so beautiful . . EOS . EOS
you re in the same boat . EOS . EOS
you re a good guy . EOS . EOS .
we re what what we re ? EOS . EOS
he s looking for job . EOS . EOS .
he s tired of he ? EOS . EOS .
i m going to buy you . EOS . EOS
he is much hard in his job . EOS .
you re the one one aren t you ? EOS
i m having an a . . EOS . EOS
i m hungry . . EOS . EOS . EOS
i m eating . EOS . EOS . EOS .
he s going to do something . EOS . EOS
i m lost . EOS . EOS . EOS .
i m supposed to see you tom . EOS .
we re eating the australia . EOS . EOS .
i m going to be . . EOS . EOS
i m looking forward to seeing your father . EOS
we re looking for for that . EOS . EOS
they re weak . EOS . EOS . EOS .
i m a a a . . EOS . EOS
she s lying at that s ? EOS . EOS
he re in in in car . EOS . EOS
he is in paris . EOS . EOS . EOS
i re going to tell you ? EOS . EOS
you re not dressed . EOS . EOS . EOS
i m sure that you re there . EOS .
i am a a of . . EOS . EOS
he s a bodybuilder isn t he ? EOS .
he re on in in ? EOS . EOS .
he s too kind to . . . EOS .
i m staying with how s t ? EOS .
we re sorry . EOS . EOS . EOS .
he s washing the washing s . . EOS .
i m going to how you . EOS . EOS
i m much more much more much . . EOS
he s coming ? EOS . EOS . EOS .
he s never to him . EOS . EOS .
he s dead . . EOS . EOS . EOS
you re lying . EOS . EOS . EOS .
i m sorry that i have . EOS . EOS
i m not going to be . EOS . EOS
i m thinking if . EOS . EOS . EOS
i am looking forward to . . EOS . EOS
she s confused tom . . EOS . EOS .
he is not looking about anything . EOS . EOS
i am looking forward to . . EOS . EOS
i m not to him . EOS . EOS .
he is a really little . . EOS . EOS
i m on the and ? ? ? ? EOS
i m learning how to buy . EOS . EOS
she is not my friend . EOS . EOS .
she s lying on the . . EOS . EOS
he s not in to . EOS . EOS .
i m fond of that . EOS . EOS .
you re reading my job job . EOS . EOS
i m disappointed how how about you ? EOS ?
you re happy about that you ? EOS . EOS
he is my son . EOS . EOS . EOS
i re going ? EOS ? EOS . EOS .
we re both in . EOS . EOS . EOS
you re wearing them . EOS . EOS . EOS
she s a a lawyer aren t you ? EOS
i m not scared to speak . EOS . EOS
he s in . EOS . EOS . EOS .
i m getting to the it . EOS . EOS
i re always my every . EOS . EOS .
he s a a for . . EOS . EOS
i re confused how you re ? EOS . EOS
i m not very good . EOS . EOS .
you re not supposed to think . EOS . EOS
he re what you what you ? EOS ? EOS
i m getting more and . . EOS . EOS
you re not angry are you ? EOS . EOS
i m looking forward to my my friends . EOS
i m ? . EOS . EOS . EOS .
she s in to . . EOS . EOS .
i m drinking of australia . EOS . EOS .
we re what you ? EOS . EOS . EOS
he s playing in a a . . EOS .
i m asking to making you . . EOS .
i m not alone . . EOS . EOS .
she is not to making mistakes . EOS . EOS
he re what what you a new . EOS .
they re done . EOS . EOS . EOS .
he s sorry i was the . . EOS .
i m taking a for a . . EOS .
you re confused to do that . EOS . EOS
he s a to to . . . EOS .
she s happy to the entire . EOS . EOS
you re going to to train . EOS . EOS
i am my boss . EOS . EOS . EOS
we re very about about that . EOS . EOS
i m feeling much much . EOS . EOS .
i m only that that that that . EOS .
he s not wearing any . . EOS . EOS
he s always in a little . . EOS .
he is on me . EOS . EOS . EOS
i s very to learn . EOS . EOS .
i re going to take them . EOS . EOS
they re on their their . EOS . EOS EOS
i m kind of . EOS . EOS . EOS
he s staying it ? EOS . EOS . EOS
he s just to me . EOS . EOS .
he s not going home . EOS . EOS .
i am in of of my . . EOS .
i m lying . EOS . EOS . EOS .
i m staying at the ? EOS . EOS .
i m paying this up in . EOS . EOS
i m a big coffee . . EOS . EOS
he s a bad . . EOS . EOS .
you re probably . . EOS . EOS . EOS
i am saving to a a a . . EOS
you re awfully tonight . EOS . EOS . EOS
i m thinking of him . EOS . EOS .
they re not so stupid . EOS . EOS .
i m addicted to addict . EOS . EOS .
he is said to have . EOS . EOS .
i m only to i think . EOS . EOS
i m just not to tom . . EOS .
i m not scared to . . . EOS .
we re still trying of much . EOS . EOS
i is much years to i . EOS . EOS
he is on the letter . EOS . EOS .
i m trying of my . . EOS . EOS
they re not fighting anything . EOS . EOS .
he s confused how to have . ? EOS .
he is always at home in . . EOS .
i m quite in boston . EOS . EOS .
i m able out . EOS . EOS . EOS
he is wearing an an . . EOS . EOS
i m tired . tom s . . EOS .
i m sorry you the wrong . EOS . EOS
they re only longer to me me . EOS .
i m going to your . . EOS . EOS
i re going to take my patience . EOS .
we re already . EOS . EOS . EOS .
i m going a you you . EOS . EOS
she s in in right . EOS . EOS .
i m just that i can do that . EOS
you re very very much of you . EOS .
i m disappointed about you ? EOS . EOS .
i is talking to like tom . EOS . EOS
he s much too much . . EOS . EOS
we re not longer married . EOS . EOS .
he s about to . . EOS . EOS .
i m sorry for you . EOS . EOS .
i re not going . EOS . EOS . EOS
i m my partner . EOS . EOS . EOS
i m going . . EOS . EOS . EOS
i m not naive . EOS . EOS . EOS
they re not on the on . EOS . EOS
he is fluent in he he ? EOS ? EOS
i m sick that s t sick . EOS .
we re going this to . . EOS . EOS
he is lying in he he ? EOS . EOS
you re my too too too ! EOS ! EOS
they re trying our our . . EOS . EOS
he s having to me . EOS . EOS .
he is still full alive . EOS . EOS .
you re sure that . EOS . EOS . EOS
he is a a doctor . . EOS . EOS
i m only their their job . EOS . EOS
he is much much much today . EOS . EOS
he is always to be me . . EOS .
they aren t not going going . EOS . EOS
he s with his isn . EOS . EOS .
i m looking for someone . EOS . EOS .
you re lying about ? EOS . EOS . EOS
i m going out . EOS . EOS . EOS
i m really that morning . EOS . EOS .
i m really your loss . . EOS . EOS
i m not to to you . EOS . EOS
you re no only afraid of you . EOS .
i re too . EOS . EOS . EOS .
they re reading . EOS . EOS . EOS .
i m not really in good mood . EOS .
we are faced with many . EOS . EOS .
i m not this that is . EOS . EOS
i m looking for friend . EOS . EOS .
i re learning how . . EOS . EOS .
he is much much in . . EOS . EOS
he re what you what what t ? EOS ?
we re proud to see here . EOS . EOS
i m going a little more longer longer . .
we re heading down . EOS . EOS . EOS
i m coming with your father ? EOS . EOS
you re an irresponsible idiot . EOS . EOS .
i re tired how ? ? EOS . EOS .
you re in right EOS . EOS . EOS .
i re closing my loss . EOS . EOS .
i m right behind her . EOS . EOS .
i m not looking at . EOS . EOS .
i m fond . EOS . EOS EOS . EOS
i am very much about about you . EOS .
i m expecting a how s a new . EOS
we re leaving about do that ? ? ? ?
i m feeling here aren about me . EOS .
he is my son . EOS . EOS . EOS
we re going to protect you . EOS . EOS
i re confused how how ? you ? EOS .
i re worried about ? EOS . EOS . EOS
you re on the right one . EOS . EOS
he s coming the work job . EOS . EOS
you re tough . EOS . EOS . EOS .
she s the same idea . EOS . EOS .
he s not from . . EOS . EOS .
we re just . EOS . EOS . EOS .
i m from to him . EOS . EOS .
i m sure of that . EOS . EOS .
he re always ? ? EOS ? EOS . EOS
we re all dead . EOS . EOS . EOS
i m on to ! it ! EOS . EOS
i is always to do do that . EOS .
he s standing tom . . EOS . EOS .
i m going to do that . EOS . EOS
we re about of . . EOS . EOS .
i m not all their . EOS . EOS .
you re the only age as me . EOS .
i m a member of your s . EOS .
i m convinced that you re safe . EOS .
i m coming . EOS . EOS . EOS .
he is ready to EOS . EOS . EOS .
i m about to go . EOS . EOS .
i m not your your . EOS . EOS .
i m fine . EOS . EOS . EOS .
they are not their their their . EOS . EOS
he s in his of his his . EOS .
i m not going . EOS . EOS . EOS
she s not not not . . EOS . EOS
you re ? ? EOS . EOS . EOS .
you re washing to . . EOS . EOS .
i m not like you . . EOS . EOS
she is afraid to talk with . EOS . EOS
i m going out of go . EOS . EOS
she is perfect . . EOS . EOS . EOS
you re on a lot . . EOS . EOS
you re your own how ? ? ? EOS .
he s a hard man . EOS . EOS .
we re going to die . EOS . EOS .
you re supposed to help them . EOS . EOS
he s a baby . . . EOS . EOS
i am fond of music . EOS . EOS .
he s fluent in french . EOS . EOS .
he is a here here . EOS . EOS .
i am leaving french . EOS . EOS . EOS
i m thinking of french . EOS . EOS .
i m studying french french . EOS . EOS .
i m not taking any . EOS . EOS .
we re talking to ask . . EOS . EOS
i m sure we can this this . EOS .
i m paying with this debit . EOS . EOS
i s looking . EOS . EOS . EOS .
i am learning interested . EOS . EOS . EOS
i m not ? ? EOS . EOS . EOS
they re going to to EOS . EOS . EOS
we re all in for . . EOS . EOS
you re not my own . ? EOS ? EOS
he s on the . . EOS . EOS .
we re not how aren t you ? EOS .
he s not making in ? EOS ? EOS EOS
they re going to buy . . EOS . EOS
i am a a much . . EOS . EOS
i am looking at tom . EOS . EOS .
i s waiting in you . EOS . EOS .
he is not an . . EOS . EOS .
you re jealous to see to go . EOS .
we re still in trouble . EOS . EOS .
you re a man . EOS . EOS . EOS
he s in a ! ! EOS . EOS .
i m a beginner . EOS . EOS . EOS
he s fond . EOS . EOS . EOS .
i m tired of making . EOS . EOS .
i am in in . . EOS . EOS .
i m saving tom . EOS . EOS . EOS
i am leaving tomorrow the can tomorrow . EOS .
you re washing the window . EOS . EOS .
you re optimistic . EOS . EOS . EOS .
i m studying in french . EOS . EOS .
i m looking at tom . EOS . EOS .
he is learning the in in . EOS . EOS
he s an handsome . . EOS . EOS .
i m saving for tom . EOS . EOS .
he s still dressed . EOS . EOS . EOS
he s standing to the . . EOS . EOS
he s on to for . EOS . EOS .
i am quite to get . EOS . EOS .
i am worried about her health . EOS . EOS
she is anything too . . EOS . EOS .
he s a to . . . EOS . EOS
he is my partner . EOS . EOS . EOS
he s lying to . . . EOS . EOS
i m exhausted . EOS . EOS . EOS .
i m going to the . . EOS . EOS
he is on his father . EOS . EOS .
i m looking for the . . EOS . EOS
i am coming to . . EOS . EOS .
we re joking . EOS . EOS . EOS .
i is having to get up . EOS . EOS
he is far from happy . EOS . EOS .
i m on the one . . EOS . EOS
he is at his . . EOS . EOS .
i m sorry . EOS . EOS . EOS .
you re kidding ! EOS . EOS . EOS .
i m quite . . EOS . EOS . EOS
he is a . . EOS . EOS . EOS
he is a . EOS . EOS . EOS .
we re taking this . EOS . EOS . EOS
you re famous . EOS . EOS . EOS .
she is a . . EOS . EOS . EOS
i m convinced . EOS . EOS . EOS .
he s trying to quit smoking . EOS . EOS
i m going this . EOS . EOS . EOS
i m going to a cold ? EOS . EOS
he is late at late . EOS . EOS .
he s in in a health . EOS . EOS
i m learning how . EOS . EOS . EOS
i am on the for . EOS . EOS .
i am in today . EOS . EOS . EOS
she s ? EOS isn t she ? EOS .
i m sick up . . EOS . EOS .
i m running of time . EOS . EOS .
i m not in a little . EOS . EOS
he s in in his s . EOS . EOS
i m having a heroin . . . EOS .
i re standing how to you ? EOS . EOS
i m a filthy child . . EOS . EOS
you re supposed to leave . . EOS . EOS
i m in . EOS . EOS . EOS .
i m going to take the . . EOS .
he s learning how for the room . EOS .
they re going to to by . EOS . EOS
he s never in your your ? you . EOS
he s coming on a cold . EOS . EOS
he is studying in . . EOS . EOS .
we are not english . EOS . EOS . EOS
they re not the the manager . EOS . EOS
he s out to his his . EOS . EOS
he s in in a a a . . EOS
i re right that you re safe . EOS .
he s making a little little ? EOS . EOS
they re on to leave . EOS . EOS .
i m in to to . . EOS . EOS
i s looking . EOS . EOS . EOS .
i m going to . . EOS . EOS .
i s coming to your . . EOS . EOS
i s a . . EOS . EOS . EOS
i is as like it . EOS . EOS .
he s on the phone . . EOS . EOS
i m looking this to . . EOS . EOS
we re not good at math . EOS . EOS
i am looking forward to seeing you again . EOS
i am going to me . . EOS . EOS
she s afraid of me . EOS . EOS .
i m not afraid of any . EOS . EOS
we re on the window . EOS . EOS .
he is not on the . . EOS . EOS
she s a fast . . EOS . EOS .
we re used to learn next next . EOS .
i m from to a a a . . EOS
he s in in a bad of . EOS .
she is in to . . EOS . EOS .
she s lying . EOS . EOS . EOS .
we re all never . . EOS . EOS .
i m saving to see your was . EOS .
you re working to your rescue . EOS . EOS
i m not this this . EOS . EOS .
i m still things to tell . EOS . EOS
he is on to leave in . EOS . EOS
you re bored . EOS . EOS . EOS .
i s very . . . . EOS . EOS
i m thinking . EOS . EOS . EOS .
you re not paying ! EOS . EOS . EOS
he re sure it s tonight . EOS . EOS
i m in to him ! ! ! ! EOS
i m looking to like this . EOS . EOS
i m fond of making . . EOS . EOS
i m looking forward have . . EOS . EOS
we s talking about her . EOS . EOS .
he is fond of her . EOS . EOS .
i m feeling a little . EOS . EOS .
he is in in to the . . . EOS
i s making how ? EOS ? EOS . EOS
i m not like more like more . EOS .
he is having his . . . EOS . EOS
we re said to be not here . EOS .
i m just not the anymore . . EOS .
i m not a a . . EOS . EOS
she is not very rich . EOS . EOS .
he is probably to a gentleman . EOS . EOS
you re in to do our . . EOS .
