he s happy about t he ? EOS . EOS
i m too old for this world . EOS .
i m working at it . EOS . EOS .
he s learning how ? EOS . EOS . EOS
i m making the same s . . EOS .
i m going shopping in in . EOS . EOS
i m now now . EOS . EOS . EOS
we re all in . EOS . EOS . EOS
i m not going to learn . EOS . EOS
i m going . EOS . EOS . EOS .
i am bad today . EOS . EOS . EOS
he s expecting a new job . EOS . EOS
she s right one aren aren t you ? EOS
i m going to go for this . EOS .
he is capable of win . EOS . EOS .
he is not bad at the . . EOS .
i m fed up ! EOS ! EOS ! EOS
i m going to learn him . EOS . EOS
i m also for now now . EOS . EOS
he is a hard man . EOS . EOS .
she is a stranger to for me . EOS .
i m on a member . . EOS . EOS
he s doing to have a a cold . EOS
i am not in to german . EOS . EOS
they re out . EOS . EOS . EOS .
she s not in with her . EOS . EOS
i am interested in politics . EOS . EOS .
he is already hard . EOS . EOS . EOS
i am eating an apple . EOS . EOS .
i m having tired . EOS . EOS . EOS
i m just going to speak cold . EOS .
he is an office office worker . EOS . EOS
i m quite short of every . EOS . EOS
i m going to the . . EOS . EOS
he s reading the new of . EOS . EOS
i m surprised to see you here . EOS .
she s expecting a trip . EOS . EOS .
i m drinking in . . EOS . EOS .
i m learning something to something . EOS . EOS
i am fond with her . EOS . EOS .
he s in a a . . EOS . EOS
he s not friend . EOS . EOS . EOS
he is kind in his . . EOS . EOS
he s on a phone worker . EOS . EOS
he s a teacher the team . EOS . EOS
i m sure that he was . EOS . EOS
he is said to be you . EOS . EOS
he s working in this hard hard . EOS .
he is in in blood . EOS . EOS .
he s addicted to something . EOS . EOS .
he is on in for . . EOS . EOS
he is all drunk . . EOS . EOS .
he s always dressed to fault . EOS . EOS
he s on in in home . EOS . EOS
he is taller than i . EOS . EOS .
he is not what he that he . EOS .
he s not thinking . EOS . EOS . EOS
he is afraid of being sick . EOS . EOS
i am going with her . . EOS . EOS
she s lying in shopping . EOS . EOS .
she s a born . . EOS . EOS .
she is beautiful beautiful ! EOS . EOS . EOS
she is never abroad . EOS . EOS . EOS
i re coming ! EOS . EOS . EOS .
i m putting him . EOS . EOS . EOS
we re at the radio . EOS . EOS .
i m just sorry . EOS . EOS . EOS
she is old enough . EOS . EOS . EOS
i am a member at cooking . EOS . EOS
you re much talented of shit . EOS . EOS
i m afraid that is out . EOS . EOS
i m listening to buy a . . EOS .
i m the one s ? EOS . EOS .
i m what if i did . . EOS .
he s a french french . EOS . EOS .
he is angry with him . EOS . EOS .
we re leaving how . EOS . EOS . EOS
i s trying to for that . EOS . EOS
you re full of living . EOS . EOS .
i am drinking my wife . EOS . EOS .
we re not supposed to do that . EOS .
they re all going to get by . EOS .
he s lying in in this world . EOS .
you re double late this situation . EOS . EOS
i m a beginner hot . EOS . EOS .
he is my son one . EOS . EOS .
she s going to next week . EOS . EOS
he is happy for the result . EOS . EOS
i re standing how how about you ? EOS .
we re anxious for what he was . EOS .
he is on in trouble . EOS . EOS .
he is said to be rich . EOS . EOS
you re disgusting . EOS . EOS . EOS .
i m not actually yet . EOS . EOS .
he is going to take the . . EOS .
i m paying . EOS . EOS . EOS .
he is going to run to me . EOS .
i am used to go . . EOS . EOS
i m sorry for being being . EOS . EOS
we re leaving with him . EOS . EOS .
he s giving to telling . . EOS . EOS
he is fond of much . EOS . EOS .
you re right right right . EOS . EOS .
we re coming . EOS . EOS . EOS .
she s on in his . . EOS . EOS
i m going to miss me . EOS . EOS
you re not afraid . EOS . EOS . EOS
he is utterly in trouble . EOS . EOS .
i m not looking at you . EOS . EOS
i m looking at your answer . EOS . EOS
he is tired of he ? EOS . EOS .
he re a little drunk . EOS . EOS .
she is making him . EOS . EOS . EOS
i m not fighting you of you . EOS .
i re not thinking of EOS . EOS . EOS
we re tired . EOS . EOS . EOS .
i s the one s t he ? EOS .
he s coming . EOS . EOS . EOS .
you re reading a new friend . EOS . EOS
we re staying . EOS . EOS . EOS .
he s in a little aren t you ? EOS
you re only hard and much . EOS . EOS
i m not working of this problem . EOS .
i m not your enemy . EOS . EOS .
he s what you ? ? ? ? ? ?
i m laughing . EOS . EOS . EOS .
we re alone aren t you ? EOS ? EOS
i m living in this . EOS . EOS .
i m in to stay one . EOS . EOS
he s annoying to swim . EOS . EOS .
i re going to to . EOS . EOS .
you re your your own . EOS . EOS .
we re going to have ? EOS . EOS .
i m in the the of . . . .
i am going to show you . EOS . EOS
he s one . EOS . EOS . EOS .
i re confused how . EOS . EOS . EOS
he s coming how ? EOS . EOS . EOS
i m not learning now . EOS . EOS .
you re going to do ? EOS . EOS .
he s working with a new life . EOS .
i am coming to a a fool . . EOS
he s looking for good . EOS . EOS .
he s fond . . EOS . EOS . EOS
he s mad ! EOS . EOS . EOS .
i m sorry if . EOS . EOS . EOS
they re out . EOS . EOS . EOS .
i m having a to of a problem . EOS
he s a off . EOS . EOS . EOS
i m working with that s ? EOS . EOS
she is my pretty . EOS . EOS . EOS
they re not alone . EOS . EOS . EOS
i am quite too . EOS . EOS . EOS
he s a out of no . EOS . EOS
i m afraid how he will ? EOS . EOS
i m thinking of making . EOS . EOS .
he is going to have to have a . .
i m feeling how ? EOS . EOS . EOS
i m staying . EOS . EOS . EOS .
he s lying here . EOS . EOS . EOS
he is very very angry . EOS . EOS .
you re hungry that at that . EOS . EOS
he is going to be a EOS . EOS .
i m afraid of the cold . EOS . EOS
he is asking how how . EOS . EOS .
we re staying here . EOS . EOS . EOS
i m on the first s ? EOS . EOS
he is just shopping . EOS . EOS . EOS
i am going to see tomorrow tomorrow . EOS .
she is wearing the door . EOS . EOS .
he is hard with your job . EOS . EOS
we re not in a afternoon . EOS . EOS
i m losing this . EOS . EOS . EOS
he s working at his job . EOS . EOS
she s making the same ? EOS . EOS .
she is full . EOS . EOS . EOS .
we re all wasting good time . EOS . EOS
he s on his way . EOS . EOS .
he is in in in . . EOS . EOS
i m not following me . EOS . EOS .
i m going to that place . EOS . EOS
i m sorry to help help you . EOS .
i re tired how ? ? EOS . EOS .
he is not to blame . EOS . EOS .
he is the oldest person . . EOS . EOS
they re talking . EOS . EOS . EOS .
he s sleeping . EOS . EOS . EOS .
she s staying for my daughter . EOS . EOS
i am fond . EOS . EOS . EOS .
i m finnish but i but i . EOS .
you re what what . EOS . EOS . EOS
i am starting to me me . EOS . EOS
i am learning how and brother brother . EOS .
you re lying ? EOS . EOS . EOS .
you re welcome . EOS . EOS . EOS .
i am thinking of making their . . EOS .
i m reading . EOS . EOS . EOS .
she is my house . EOS . EOS . EOS
i m bored . EOS . EOS . EOS .
she s hot . EOS . EOS . EOS .
he s drunk . EOS . EOS . EOS .
i m running out of cash . EOS . EOS
she s full lazy . EOS . EOS . EOS
she s in in the . . EOS . EOS
i m scared scared . EOS . EOS . EOS
i m no longer sick of more . EOS .
you re so up to know ! EOS . EOS
i m not having about me . EOS . EOS
he is not as tall . EOS . EOS .
he is on his time . EOS . EOS .
he is the one who have him . EOS .
we re not doing that alone . EOS . EOS
i m lucky . EOS . EOS . EOS .
i m not perfect . EOS . EOS . EOS
i m starting to go you . EOS . EOS
he is always my my . . EOS . EOS
he s not college . EOS . EOS . EOS
i m thinking of of . EOS . EOS .
she is a hard and girl . EOS . EOS
they re what what what they will win . EOS
he s starting to making a cold . . EOS
she s about how . EOS . EOS . EOS
they re on commercials . . EOS . EOS .
i m not going to die . EOS . EOS
he is able to swim a secret . EOS .
we re dozing . EOS . EOS . EOS .
i m going to with them . EOS . EOS
i m expecting a little . EOS . EOS .
they re not interested . EOS . EOS . EOS
she s already sleeping . EOS . EOS . EOS
i m what it s you ? EOS . EOS
he is hard at money . EOS . EOS .
he s a writer . EOS . EOS . EOS
i m looking at a uncle . EOS . EOS
we re bored . EOS . EOS . EOS .
she is in a fool . EOS . EOS .
he s always ? EOS . EOS . EOS .
i am leaving . EOS . EOS . EOS .
i m also ? EOS . EOS . EOS .
he s on to asian at . EOS . EOS
he s not leaving . EOS . EOS . EOS
he is washing his car . EOS . EOS .
she s very good well . EOS . EOS .
i m on the right . EOS . EOS .
you re afraid it isn t he ? EOS .
he s tired in . EOS . EOS . EOS
you re washing . EOS . EOS . EOS .
he s making a s a cold . EOS .
we re in in a lot . . EOS .
he is not supposed that is wrong . EOS .
i m not defending . EOS . EOS . EOS
we re happy about it . ? EOS ? EOS
she s writing her job . EOS . EOS .
i m waiting and me and me . EOS .
you re acting at your dress . EOS . EOS
i m starting how to speak you . EOS .
you re my hero . EOS . EOS . EOS
he is in my daughter . EOS . EOS .
i m going to me here . EOS . EOS
we re going how he ? ? EOS ? EOS
i re right to get you ? EOS . EOS
he is not to be that . EOS . EOS
they re right behind me . EOS . EOS .
she is an an an . EOS . EOS .
i m right behind you . EOS . EOS .
he s doing his closet . EOS . EOS .
she s here to spy on us . EOS .
they re not to . . EOS . EOS .
he isn isn isn isn isn t you ? EOS
i m afraid that i can t . EOS .
he s not in the the . . EOS .
i re standing how ? EOS . EOS . EOS
we re going to do it . EOS . EOS
they re in the same . EOS . EOS .
he s eating over . EOS . EOS . EOS
he s got his hair . EOS . EOS .
we re not going home . EOS . EOS .
we re having how ? EOS . EOS . EOS
you re very very happy . EOS . EOS .
she s much too much class for tv . EOS
i m tired how . EOS . EOS . EOS
i m just a new a cold . EOS .
i m always friends with my brother . EOS .
she is about to her . EOS . EOS .
you re bored . EOS . EOS . EOS .
i m done how how . EOS . EOS .
we re going to lose him ! EOS . EOS
he s what he he ? EOS . EOS .
he is going to show that . EOS . EOS
you re not allowed to do that . EOS .
you re lying to leave . . EOS . EOS
you re annoying hard ! EOS . EOS . EOS
she s going it she s ? EOS . EOS
she is five . . . EOS . EOS .
she s fine . EOS . EOS . EOS .
i m glad she liked it . EOS . EOS
i m fairly drunk . EOS . EOS . EOS
you re lying with her . EOS . EOS .
he is much at home . EOS . EOS .
we are in to trouble . EOS . EOS .
he is going to be jealous . EOS . EOS
i m fine with do . EOS . EOS .
you re russian ? EOS . EOS . EOS .
i m sorry that ! EOS ! EOS . EOS
we re leaving how ? you ? EOS . EOS
he s lying . EOS . EOS . EOS .
i am from the game . EOS . EOS .
he s not friend . EOS . EOS . EOS
i m sorry i hurt you . EOS . EOS
he is his his job . EOS . EOS .
she s lying how . EOS . EOS . EOS
you re a man now . EOS . EOS .
they re heading in big . . EOS . EOS
you re sure she ? he ? EOS ? EOS
he s a gentleman . EOS . EOS . EOS
we re staying it ? EOS . EOS . EOS
i m not to with with you . EOS .
i m just scared . EOS . EOS . EOS
they re tired ? EOS . EOS . EOS .
you re going to be jealous . EOS . EOS
i re standing how aren aren t you ? EOS
she s coming ! EOS . EOS . EOS .
i re coming home . EOS . EOS . EOS
she s waiting for her at home . EOS .
he s in to go . EOS . EOS .
he is always careful . EOS . EOS . EOS
he is said to be strong . EOS . EOS
i m coming to help them . EOS . EOS
i m not like any . EOS . EOS .
you re working at EOS . EOS . EOS .
we re ? up . EOS . EOS . EOS
you re sure again in go ? EOS ? EOS
i re always neatly . EOS . EOS . EOS
they re in trouble . EOS . EOS . EOS
we re from a car car . EOS . EOS
we re talking ? EOS . EOS . EOS .
i m not going to swim . EOS . EOS
i m not saying them . EOS . EOS .
i m very impressed . EOS . EOS . EOS
you re not coming ! EOS . EOS . EOS
we re not not yet yet . EOS . EOS
she s not sick . EOS . EOS . EOS
they re going to the for . EOS . EOS
i am fed to my my girlfriend . EOS .
we re going to have how ? EOS . EOS
i m worried me . EOS . EOS . EOS
we re eating . EOS . EOS . EOS .
i am glad that i was you . EOS .
they re very kind . EOS . EOS . EOS
i m having a little . . . EOS .
they re talking . EOS . EOS . EOS .
you re on to do this ! EOS . EOS
she s in to him her ! EOS . EOS
i m not going anything anything . EOS . EOS
they re trying . EOS . EOS . EOS .
i m full of shit . EOS . EOS .
we re reading . EOS . EOS . EOS .
we re bored . EOS . EOS . EOS .
you aren t in busy . EOS . EOS .
you re standing how aren t you ? ? ?
you re kind of cute . EOS . EOS .
i am also to to help she is . EOS
he s crazy about . EOS . EOS . EOS
you re very wise . EOS . EOS . EOS
you re very rude . EOS . EOS . EOS
you re very curious . EOS . EOS . EOS
you re very attractive . EOS . EOS . EOS
she s not at all all . EOS . EOS
i am going with him him . EOS . EOS
she s done ? . EOS . EOS . EOS
you re not going to die . EOS . EOS
you re not going to lose . EOS . EOS
you re so old ! EOS . EOS . EOS
she is very cunning . EOS . EOS . EOS
you re crazy about me . EOS . EOS .
he s addicted to addict . EOS . EOS .
we re coming you home . EOS . EOS .
you re going to know you you . EOS .
i m sick . EOS . EOS . EOS .
you re no longer one me . EOS . EOS
i m not paying ! EOS ! EOS ! EOS
i m going to take in for . EOS .
i m not going to lose . . EOS .
she s a pacifist . EOS . EOS . EOS
she s with his his his . EOS . EOS
i m afraid that won . EOS . EOS .
i m not doing to do EOS . EOS .
i m studying in trouble . EOS . EOS .
i m learning tired in out . EOS . EOS
i m looking for your uncle . EOS . EOS
i m coming to take . EOS . EOS .
i m taking this letter . EOS . EOS .
i m no longer anymore . . EOS . EOS
i am addicted to the . . EOS . EOS
i m going to go there . EOS . EOS
i m really hard hard . EOS . EOS .
he s got to addict . . EOS . EOS
we re not very free . EOS . EOS .
he s lying how about about about you . EOS
you re impressed aren t you ? EOS ? EOS
i m doing this this out . EOS . EOS
i m said to win . . EOS . EOS
i m afraid that i sick . EOS . EOS
i m lonely . EOS . EOS . EOS .
i am in in in . . EOS . EOS
i m doing this for this . EOS . EOS
i m sorry but don t speak . EOS .
i m bleeding . EOS . EOS . EOS .
i m putting here here . EOS . EOS .
i m aware of homework . EOS . EOS .
i m learning very . . EOS . EOS .
he s gone . EOS . EOS . EOS .
i m afraid that that is . EOS . EOS
i m going to see the night . EOS .
i m going to learn you . EOS . EOS
he is on the last . EOS . EOS .
they re crazy . EOS . EOS . EOS .
i m ashamed out out . EOS . EOS .
i m just sick . EOS . EOS . EOS
i m not really you of you . EOS .
i m sorry that can t buy . EOS .
i m going to to help you . EOS .
i m starting to learn me . EOS . EOS
he s your own tom t he ? EOS .
you re in my seat . EOS . EOS .
i m your neighbor . EOS . EOS . EOS
you re going to go . EOS . EOS .
they re probably here here . EOS . EOS .
i m not going to swim . EOS . EOS
i m at him . EOS . EOS . EOS
you re making a lot aren t you ? EOS
i m the only lucky anymore . EOS . EOS
you re parked . EOS . EOS . EOS .
you re not old enough to drink . EOS .
you re not smiling . EOS . EOS . EOS
we re going to have ? EOS . EOS .
you re supposed to have to you you . EOS
i m growing . EOS . EOS . EOS .
she is fond of her . EOS . EOS .
i m lazy lazy . EOS . EOS . EOS
she is fond of making . . EOS . EOS
you re lying aren t you ? EOS . EOS
i m not looking . EOS . EOS . EOS
we re trying of him . EOS . EOS .
he is not but a a . . EOS .
she is always trying to get up . EOS .
they re right too too fast . EOS . EOS
you re coming ! EOS . EOS . EOS .
you re the boss . EOS . EOS . EOS
they re keeping something . EOS . EOS . EOS
i m having trouble . EOS . EOS . EOS
i m in a little money . EOS . EOS
i m already all all . EOS . EOS .
you re on the to go . EOS . EOS
they re almost fat . EOS . EOS . EOS
she is not like the manager . EOS . EOS
she is my only to know . EOS . EOS
i am quite happy to learn german . EOS .
i m not like you . EOS . EOS .
we re worried about EOS . EOS . EOS .
we re afraid of you ? EOS . EOS .
we re a good team . EOS . EOS .
you re annoying to him ! EOS . EOS .
i m very tired . EOS . EOS . EOS
he is very cross . EOS . EOS . EOS
they re quite of . . EOS . EOS .
i am writing a letter . EOS . EOS .
he s in bed . EOS . EOS . EOS
they re all fine . EOS . EOS . EOS
he is the oldest . EOS . EOS . EOS
he s not talking to . . EOS . EOS
i m making in to buy EOS . EOS .
you re not telling . EOS . EOS . EOS
i m beginning to lose in bed . EOS .
we re finally alone . EOS . EOS . EOS
i m all in of . EOS . EOS .
he re what it s t she ? EOS .
we re working how aren t he ? EOS .
they re out . EOS . EOS . EOS .
i m going to tell you a book . EOS
i m fine with tom ? EOS . EOS .
i m feeling how aren t you ? EOS .
you re sure that ? EOS . EOS . EOS
they re both tired . EOS . EOS . EOS
i m not really in you . EOS . EOS
you re in big . EOS . EOS . EOS
i m so bored . EOS . EOS . EOS
i m sure that tom will do . EOS .
i am able to speak speak . EOS . EOS
we re leaving about your name . EOS . EOS
he re the one who here ? EOS . EOS
he s not actually dressed . EOS . EOS .
i m staying about a new friend . EOS .
he s in how how ? EOS . EOS .
you re not in in now . EOS . EOS
i m going to figure this . EOS . EOS
i m having an lot rush . EOS . EOS
i m not at at EOS . EOS . EOS
i re fine about about you . EOS . EOS
you re welcome up . EOS . EOS . EOS
i m going to wait in car . EOS .
we re worried ? ? EOS . EOS . EOS
i am interested . EOS . EOS . EOS .
i m school at school . EOS . EOS .
i m not defending the point . EOS . EOS
he s always ? EOS . EOS . EOS .
he s always tired isn ? EOS . EOS .
he is very timid . EOS . EOS . EOS
i m your friend . EOS . EOS . EOS
he is really hard . EOS . EOS . EOS
i am thinking of her s . EOS . EOS
she s in good her . EOS . EOS .
i m feeling isn t she ? EOS . EOS
you re in in love . ? you ? EOS
they re downstairs . EOS . EOS . EOS .
i m sort of tired . EOS . EOS .
i m running out of . EOS . EOS .
he s on the same . EOS . EOS .
i m going to stay house . EOS . EOS
i re always up to buy . EOS . EOS
he s standing ! EOS . EOS . EOS .
you are almost . . EOS . EOS . EOS
i re shivering you ? EOS . EOS ? EOS
you re part of the problem . EOS . EOS
i m reading . EOS . EOS . EOS .
i m coming you ! EOS . EOS . EOS
he s not really interested . EOS . EOS .
i m not a liar . EOS . EOS .
you re very astute . EOS . EOS . EOS
he s making a friend . EOS . EOS .
you re famous . EOS . EOS . EOS .
you re early . EOS . EOS . EOS .
they re probably pretty things . . EOS . EOS
i m drinking . EOS . EOS . EOS .
i m exhausted . EOS . EOS . EOS .
he is in of your health . EOS . EOS
he s tired now . EOS . EOS . EOS
i m not to with with tom . EOS .
he is taking a good good day . EOS .
they re doctors . EOS . EOS . EOS .
they re going shopping . EOS . EOS . EOS
they re stalling . EOS . EOS . EOS .
they re cute . EOS . EOS . EOS .
you re your ? EOS . EOS . EOS .
he re leaving aren t you ? EOS . EOS
she s lucky . EOS . EOS . EOS .
she s on in EOS . EOS . EOS .
she s starting to hair . EOS . EOS .
she is angry with you . EOS . EOS .
she s on her way . EOS . EOS .
we re special . EOS . EOS . EOS .
we re early . EOS . EOS . EOS .
we re home home . EOS . EOS . EOS
we re having a pear . EOS . EOS .
he s on to . . EOS . EOS .
he s one . EOS . EOS . EOS .
we re not serious . EOS . EOS . EOS
you re not like you . EOS . EOS .
i m trying not up . EOS . EOS .
i m not blame . EOS . EOS . EOS
i m not very polite . EOS . EOS .
i m really not busy . EOS . EOS .
you re all ? EOS . EOS . EOS .
we re all sure of this . EOS . EOS
i m fine . EOS . EOS . EOS .
i m done with all this . EOS . EOS
i re at how . EOS . EOS . EOS
they re so so drunk . EOS . EOS .
you re doing it wrong . EOS . EOS .
he s coming to you ! EOS . EOS .
he s on in to EOS ! EOS . EOS
we re bored to see your performance . EOS .
you re early . EOS . EOS . EOS .
i m thinking at taking . EOS . EOS .
she is all working in the situation . EOS .
i m tom s . . EOS . EOS .
i m the on in . EOS . EOS .
we re not busy . EOS . EOS . EOS
i m waiting for one . EOS . EOS .
i m coming . EOS . EOS . EOS .
i m tired of all this . . EOS .
she s not like . EOS . EOS . EOS
he is on and of his . . EOS .
i m not talking to tom . EOS . EOS
they re talking . EOS . EOS . EOS .
he s tired from not late . EOS . EOS
he s going to do t he ? EOS .
you re very very . . EOS . EOS .
you re not very tidy . EOS . EOS .
you re looking to see you again . EOS .
i m using to learn . EOS . EOS .
i m not scared to think you . EOS .
i re very angry . EOS . EOS . EOS
we re disappointed about you . EOS you ? EOS
i m going to take . EOS . EOS .
i m going to to to work . EOS .
he is very careful . EOS . EOS . EOS
i m a at cook . EOS . EOS .
you re acting like a child . EOS . EOS
he is always careful . EOS . EOS . EOS
they re really proud of that . EOS . EOS
they re on the same . . EOS . EOS
you re making a little beautiful . EOS . EOS
you re in here . EOS . EOS . EOS
you re a good person . EOS . EOS .
he re what what we can t you ? EOS
he is job . EOS . EOS . EOS .
he s full of he ? EOS . EOS .
i m going to teach you . EOS . EOS
he is much hard in his job . EOS .
you re the one to tell you ? EOS .
i m having an . EOS . EOS . EOS
i m thirty . EOS . EOS . EOS .
i m eating . EOS . EOS . EOS .
he s going to do something . EOS . EOS
i m depressed . EOS . EOS . EOS .
i m supposed to see you tom . EOS .
we re going the to australia . EOS . EOS
i m thinking of that . EOS . EOS .
i m looking forward to seeing your father . EOS
we re looking for for all . EOS . EOS
they re weak . EOS . EOS . EOS .
i m a a fast . EOS . EOS .
she s lying at that s ? EOS . EOS
he s lying in his car . EOS . EOS
he s in paris paris . EOS . EOS .
i re going to tell you ? EOS . EOS
you re not dressed . EOS . EOS . EOS
i m just that you . EOS . EOS .
i am a junior of town . EOS . EOS
he s a bodybuilder isn t he ? EOS .
you re on in in ? EOS . EOS .
he is too cross to learn . EOS . EOS
i m staying with how ? ? EOS . EOS
we re unlucky . EOS . EOS . EOS .
he s on the like his own . EOS .
i m going to feel you you . EOS .
i m much more more much anymore . EOS .
we re making your ? EOS . EOS . EOS
he s never in love . EOS . EOS .
he s dead . EOS . EOS . EOS .
you re annoying . EOS . EOS . EOS .
i m sorry that said that . EOS . EOS
i m not going to him . EOS . EOS
i m thinking if . EOS . EOS . EOS
i am looking forward to like . EOS . EOS
she s standing tom tom is . EOS . EOS
i m not following anything . EOS . EOS .
i am looking forward paris . EOS . EOS .
i m not frightened . EOS . EOS . EOS
he is a really little . . EOS . EOS
i m making how and ? ? EOS . EOS
i m learning how to buy . EOS . EOS
she is not my friend . EOS . EOS .
you re fluent at home . EOS . EOS .
he s not allowed to EOS . EOS . EOS
i m fond of that . EOS . EOS .
he s living his new job . EOS . EOS
i m disappointed how how about you ? EOS .
you re lying in working . EOS . EOS .
he is my son . EOS . EOS . EOS
i re going ? EOS ? EOS . EOS .
we re both wasting . EOS . EOS . EOS
you re scaring them . EOS . EOS . EOS
she s a lawyer lawyer aren t you ? EOS
i m not scared to understand . EOS . EOS
he s in . . EOS . EOS . EOS
i m beginning to learn . EOS . EOS .
i re always my every . EOS . EOS .
he s a a for in . EOS . EOS
i re confused how you re ? EOS . EOS
they re not going to EOS . EOS . EOS
you re not supposed to think . EOS . EOS
he re what you what you ? EOS ? EOS
i m getting more that now . EOS . EOS
you re not angry are you ? EOS . EOS
i m looking forward to my my friends . EOS
i m learning how . EOS . EOS . EOS
she s late ? EOS . EOS . EOS .
i m thinking of hearing . EOS . EOS .
we re disappointed aren t you ? EOS . EOS
he s playing in bed . EOS . EOS .
i m asking to see you . EOS . EOS
i m not alone . EOS . EOS . EOS
she isn t afraid of making mistakes . EOS .
he re what what tom s ? EOS . EOS
they re done . EOS . EOS . EOS .
he s eager to buy the EOS . EOS .
i m taking ready for the game . EOS .
you re lying to do that ? EOS . EOS
he s also a man . . EOS . EOS
she s happy to the entire . EOS . EOS
you re going to miss the train . EOS .
i am my boss . EOS . EOS . EOS
we re very worried about that . EOS . EOS
i m feeling much much . EOS . EOS .
i m glad that i can that . EOS .
he s not wearing buy . EOS . EOS .
he s always very tired of yourself . EOS .
he s annoying . EOS . EOS . EOS .
they re washing to swim . EOS . EOS .
they re going to to to live . EOS .
they re on their son . EOS . EOS .
i m kind of anything . EOS . EOS .
she s lying how ? EOS . EOS . EOS
he s just trying to me . EOS . EOS
we re going home home . EOS . EOS .
they re part of of of . EOS . EOS
i m lying . EOS . EOS . EOS .
i m staying at how . EOS . EOS .
i m making this way . . EOS . EOS
i m a big coffee coffee . EOS . EOS
he s a member . EOS . EOS . EOS
you re through . EOS . EOS . EOS .
i am thinking to a a cold . EOS .
you re free tonight . EOS . EOS . EOS
i m trying to learn . EOS . EOS .
he s not so confident . EOS . EOS .
i m addicted to addict . EOS . EOS .
he is said to be jealous . EOS . EOS
i m only thinking i won . EOS . EOS
i m not like tom tom . . EOS .
i m not scared to fight . EOS . EOS
we re still trying of much . EOS . EOS
i is much years i to him . EOS .
he is writing a letter . EOS . EOS .
i m ashamed of my team . EOS . EOS
they re not out . EOS . EOS . EOS
he re confused how to have . ? EOS .
he is always at home . EOS . EOS .
i m working in boston . EOS . EOS .
i m getting out . EOS . EOS . EOS
he s having an an an . EOS . EOS
i m tired . tom s . . EOS .
i m waiting for you . EOS . EOS .
they re only longer me me . EOS . EOS
i m waiting to your . . EOS . EOS
i re going to take my patience . EOS .
we re already . EOS . EOS . EOS .
i m going a how . EOS . EOS .
she s lying in . EOS . EOS . EOS
i m supposed that i can t do that .
you re very very proud of yourself . EOS .
we re disappointed about you ? EOS . EOS .
i is talking to succeed tom . EOS . EOS
he s much much much . . EOS . EOS
we aren t allowed anymore . EOS . EOS .
he s about . EOS . EOS . EOS .
i m glad to protect you . EOS . EOS
we re going there . EOS . EOS . EOS
i m my neighbour . EOS . EOS . EOS
i m going . EOS . EOS . EOS .
i m not naive . EOS . EOS . EOS
they re not at at . EOS . EOS .
he is he how he ? EOS ? EOS ?
i m paying that is sick . EOS . EOS
we re going this week . EOS . EOS .
he is he how he ? ? EOS ? EOS
you re my friend too too ! EOS . EOS
they re trying our our our . EOS . EOS
he s addicted to addict . EOS . EOS .
he is still full alive . EOS . EOS .
you re totally . EOS . EOS . EOS .
he is in a a doctor . EOS . EOS
i m only their her job . EOS . EOS
he is been in a lot . EOS . EOS
he is always to be me me . EOS .
they aren t going going . EOS . EOS .
he s with in he ? EOS . EOS .
i m looking for someone . EOS . EOS .
you re worried about ? EOS . EOS . EOS
i m going out . EOS . EOS . EOS
i m fairly this morning . EOS . EOS .
i m keeping your story . EOS . EOS .
i m not talking about you . EOS . EOS
you re no longer afraid of you . EOS .
you re lucky . EOS . EOS . EOS .
they re reading . EOS . EOS . EOS .
i m not really in mood . EOS . EOS
we are faced with many difficulties . EOS . EOS
i m not this that is . EOS . EOS
i m looking for friend . EOS . EOS .
i re thinking of that . EOS . EOS .
he is very hard to buy . EOS . EOS
we re what what what what t he ? EOS
we re proud to have here . EOS . EOS
i m expecting a little more longer . EOS .
we re heading tired . EOS . EOS . EOS
i m listening with your father ? EOS . EOS
you re an irresponsible idiot . EOS . EOS .
we re tired how ? EOS . EOS . EOS
you re in spanish . EOS . EOS . EOS
she s giving a diary . . EOS . EOS
i m right behind her . EOS . EOS .
i m not looking . EOS . EOS . EOS
i m laughing . EOS . EOS . EOS .
i m very tired about you . EOS . EOS
i m feeling like a child . . EOS .
we re leaving we can t you ? EOS .
i m quite here . EOS . EOS . EOS
he is my son . EOS . EOS . EOS
we re going to protect you . EOS . EOS
i re standing how how aren t you ? EOS
we re worried about ? EOS . EOS . EOS
you re on the right one . EOS . EOS
he s staying from work . EOS . EOS .
you re tough . EOS . EOS . EOS .
she s the same idea . EOS . EOS .
he s not from anything . EOS . EOS .
we re just better . EOS . EOS . EOS
i m from to him . EOS . EOS .
i m certain of that . EOS . EOS .
he re always ? ? EOS . EOS . EOS
we re all dead . EOS . EOS . EOS
i m on to . ! EOS . EOS .
we re supposed to do do that . EOS .
he s standing tom . EOS . EOS . EOS
i m going to do that ! EOS . EOS
we re about busy . EOS . EOS . EOS
i m not all concerned . EOS . EOS .
you re as old as me . EOS . EOS
he s a member s your ? EOS . EOS
i m happy that you re safe . EOS .
i m coming . EOS . EOS . EOS .
he is ready . EOS . EOS . EOS .
i m about to go . EOS . EOS .
i m not your your . EOS . EOS .
i m fine . EOS . EOS . EOS .
they are not their their uncle . EOS . EOS
he s an his of his . . EOS .
i m not eating . EOS . EOS . EOS
she s not poor isn . EOS . EOS .
you re russian ? EOS . EOS . EOS .
you re washing to him . EOS . EOS .
i m full more shit . EOS . EOS .
she s afraid to talk with . EOS . EOS
i m going to go . EOS . EOS .
she is your daughter . EOS . EOS . EOS
you re on a hard . . EOS . EOS
you re your own how . ? you ? EOS
he s attracted to different . EOS . EOS .
we re going to die . EOS . EOS .
you re supposed to help them . EOS . EOS
he s a salesman s . EOS . EOS .
i am fond of fond . EOS . EOS .
he s russian ? EOS . EOS . EOS .
he is poor here here . EOS . EOS .
i am in french . EOS . EOS . EOS
i m taking french . EOS . EOS . EOS
i m studying in french . EOS . EOS .
i m not wearing them . EOS . EOS .
we re talking to buy . EOS . EOS .
i m sure we ll this this . EOS .
i m paying with this card . EOS . EOS
they re talking . EOS . EOS . EOS .
i am learning korean . EOS . EOS . EOS
i m making ? EOS . EOS . EOS .
i m going to take . EOS . EOS .
we re all in for . EOS . EOS .
you re not aren t you ? EOS ? EOS
you re on the EOS . EOS . EOS .
you re not one aren t you ? EOS .
he re not making he ? EOS EOS ? EOS
they re going to buy . . EOS . EOS
you re laughing . EOS . EOS . EOS .
i am saving . EOS . EOS . EOS .
i s waiting in you . EOS . EOS .
he is not one . EOS . EOS . EOS
they re surprised to see to go . EOS .
we re all in trouble . EOS . EOS .
you re a man . EOS . EOS . EOS
he s welcome . EOS . EOS . EOS .
i m a too . EOS . EOS . EOS
he s popular . EOS . EOS . EOS .
i m tired tired . EOS . EOS . EOS
she is in in . . EOS . EOS .
i m using tom . EOS . EOS . EOS
we re leaving tomorrow tomorrow . EOS . EOS .
you re washing the guests . EOS . EOS .
you re optimistic . EOS . EOS . EOS .
i m studying in french . EOS . EOS .
i m looking at tom . EOS . EOS .
we re learning last in that . EOS . EOS
he s more handsome . EOS . EOS . EOS
i m saving tom . EOS . EOS . EOS
he s still dressed . EOS . EOS . EOS
he s lying to . . EOS . EOS .
they re on for the life . EOS . EOS
i am ready to buy . EOS . EOS .
i am worried about her health . EOS . EOS
she is anything too drunk . EOS . EOS .
he s annoying . EOS . EOS . EOS .
he is my partner . EOS . EOS . EOS
he s lying . . EOS . EOS . EOS
they re exhausted . EOS . EOS . EOS .
i m going to . . EOS . EOS .
he s one . EOS . EOS . EOS .
i m looking forward . EOS . EOS . EOS
i s coming . EOS . EOS . EOS .
you re joking . EOS . EOS . EOS .
i m having to get up . EOS . EOS
he is far from happy . EOS . EOS .
i m tom s hard . EOS . EOS .
he is at his office . EOS . EOS .
you re full of shit . EOS . EOS .
you re coming ! EOS . EOS . EOS .
i m quite attractive . EOS . EOS . EOS
he is quiet . EOS . EOS . EOS .
he is drunk . EOS . EOS . EOS .
we re doing this . EOS . EOS . EOS
you re dangerous . EOS . EOS . EOS .
she is a dj . EOS . EOS . EOS
i m convinced . EOS . EOS . EOS .
he is trying to get smoking . EOS . EOS
i m staying this . EOS . EOS . EOS
i m going to how . EOS . EOS .
he is poor at late . EOS . EOS .
he s in in a health . EOS . EOS
i m learning how ? EOS . EOS . EOS
they re on the law . EOS . EOS .
i am in tokyo today . EOS . EOS .
she s ? isn t she ? EOS . EOS
i m fed up . EOS . EOS . EOS
i m running short . EOS . EOS . EOS
i m leaving . EOS . EOS . EOS .
he s in love isn isn ? EOS . EOS
i m having trouble . EOS . EOS . EOS
you re lying again in his ? EOS . EOS
i am not a new child . EOS . EOS
you re watching tv . EOS . EOS . EOS
i m coming . EOS . EOS . EOS .
he is going to take our house . EOS .
he s learning how for the room . EOS .
they re going to take . EOS . EOS .
we re also how and your performance . EOS .
he s coming on a cold . EOS . EOS
he is studying off . EOS . EOS . EOS
we are not in english . EOS . EOS .
they re not the the manager . EOS . EOS
he s out of his legs . EOS . EOS
he s in in for a secret . EOS .
i re right that you re safe . EOS .
he s making a little and ? EOS . EOS
they re on to leave . EOS . EOS .
i m having trouble to . . EOS . EOS
you re lying . EOS . EOS . EOS .
i m going to . . EOS . EOS .
she s lying to him . EOS . EOS .
he s a . . EOS . EOS . EOS
i is as like it . EOS . EOS .
he s on the phone . . EOS . EOS
i m looking this that . EOS . EOS .
we re not good at math . EOS . EOS
i am looking forward to seeing you again . EOS
i am bored with me . EOS . EOS .
she s afraid of me . EOS . EOS .
i m not afraid to get . EOS . EOS
we re on the garden . EOS . EOS .
he is not at the . . EOS . EOS
she s a fast . EOS . EOS . EOS
we re used to learn . EOS . EOS .
i m from to buy a new car . EOS
he s in a bad of bad . EOS .
she is going to go . EOS . EOS .
she s lying . EOS . EOS . EOS .
we re all never scared . EOS . EOS .
i m sure to see your was . EOS .
you re coming to your rescue . EOS . EOS
i m not free this . EOS . EOS .
i m still things to tell . EOS . EOS
he is lying in love . EOS . EOS .
you re bored . EOS . EOS . EOS .
she s very in . . . EOS . EOS
i m thinking . EOS . EOS . EOS .
you re not coming ! EOS . EOS . EOS
he re sure it s tonight . EOS . EOS
i m listening to him ! ! ! EOS !
i m trying to see this . EOS . EOS
i m fond of making up . EOS . EOS
i m looking at home . EOS . EOS .
we s from her . EOS . EOS . EOS
he is fond of her . EOS . EOS .
i m having a little . EOS . EOS .
he is studying in the . . . EOS .
i m making how ? EOS . EOS . EOS
i m not to like my key . EOS .
he is living in his office . EOS . EOS
he is said to be not here . EOS .
i m not what anymore anymore . EOS . EOS
i m not a gentleman . EOS . EOS .
she is not very rich . EOS . EOS .
he is fond in his health . EOS . EOS
you re doing to know . EOS . EOS .
