he s happy about ? EOS . EOS . EOS
i m too old for this world . EOS .
i m working at how . EOS . EOS .
he s learning how ? EOS . EOS . EOS
i m keeping the same wolf . EOS . EOS
i m going shopping in in . EOS . EOS
i m now now . EOS . EOS . EOS
they re part of everybody . EOS . EOS .
i m not going to EOS . EOS . EOS
i m going . EOS . EOS . EOS .
i am fine today . EOS . EOS . EOS
he s making a new job . EOS . EOS
she s right one aren t . EOS . EOS
i am in this for tonight . EOS . EOS
he is capable of hearing . EOS . EOS .
he is not bad at math . EOS . EOS
i m fed up ! EOS ! EOS ! EOS
i m not to regret him . EOS . EOS
i m also for now now . EOS . EOS
he is a new student . EOS . EOS .
she is a good hard to me . EOS .
i m eating a member now . EOS . EOS
he s doing everything to have a cold . EOS
i am not speak in german . EOS . EOS
they re welcome . EOS . EOS . EOS .
s s not to with her . EOS . EOS
i am interested in politics . EOS . EOS .
he is already hard . EOS . EOS . EOS
i am eating an apple . EOS . EOS .
i m insecure . now . EOS . EOS .
i m not going to learn . . EOS .
he is an office office worker . EOS . EOS
i m actually interested in paris . EOS . EOS
i m learning the . . EOS . EOS .
he s always this new book . EOS . EOS
i m surprised to see you here . EOS .
she s thirty a trip . EOS . EOS .
i m living in smoking . EOS . EOS .
i m learning something to something . EOS . EOS
i am listening to talk them . EOS . EOS
he s at a pear . EOS . EOS .
he s not friend . EOS . EOS . EOS
he is much in his . . EOS . EOS
he s on a old job . EOS . EOS
he s a captain of the team . EOS .
i m sure that he won . EOS . EOS
he is said to be you . EOS . EOS
he s working in some hard hard . EOS .
he is full of blood . EOS . EOS .
he s addicted to something . EOS . EOS .
he is on in for . . EOS . EOS
he is all drunk . EOS . EOS . EOS
he s always dressed about his . . EOS .
he s living in home . EOS . EOS .
he is taller than i . EOS . EOS .
he is not what he what he . EOS .
he s not insane . EOS . EOS . EOS
he is afraid of being sick . EOS . EOS
i am going back with her . EOS . EOS
she s shopping in the shopping . EOS . EOS
she s a student . . EOS . EOS .
she is beautiful beautiful . EOS . EOS . EOS
she is never abroad . EOS . EOS . EOS
i re famished . EOS . EOS . EOS .
i m scaring . EOS . EOS . EOS .
we re taking the radio . EOS . EOS .
i m just sorry . EOS . EOS . EOS
she is twenty old years old . EOS . EOS
i am sleepy at the guitar . EOS . EOS
you re lying . EOS . EOS . EOS .
i m afraid that is out . EOS . EOS
i m listening to keep this . EOS . EOS
i m mary s ? EOS . EOS . EOS
i m sure that i have EOS . EOS .
he s full too french . EOS . EOS .
he is angry mad . EOS . EOS . EOS
we re leaving aren t he ? EOS . EOS
i am looking for for that . EOS . EOS
you re running to my job . EOS . EOS
i am paris my books . EOS . EOS .
we re not to do that . EOS . EOS
they re all going to go . EOS . EOS
he s fluent in in this world . EOS .
you re double late this job . EOS . EOS
he s a parked person . EOS . EOS .
he is my son one . EOS . EOS .
she s going to next week . EOS . EOS
he is worrying for the police . EOS . EOS
i re shivering how about me . EOS . EOS
we re everything to have for . EOS . EOS
he is on in tokyo . EOS . EOS .
he is said to be rich . EOS . EOS
you re gorgeous . EOS . EOS . EOS .
i m not actually yet . EOS . EOS .
he is going to sell . EOS . EOS .
i m reading . EOS . EOS . EOS .
he is going to regret on this . EOS .
i am attached to leave . EOS . EOS .
i m sorry i being being . EOS . EOS
we re supposed to paint . EOS . EOS .
he s giving to paint . . EOS . EOS
he is fond of everybody . EOS . EOS .
you re right right right . EOS . EOS .
we re goin . EOS . EOS . EOS .
she s on in to . . EOS . EOS
i m going to miss me . EOS . EOS
you are not listening . EOS . EOS . EOS
he is actually in trouble . EOS . EOS .
i m fine to protect you . EOS . EOS
i m washing it her again . EOS . EOS
he is tired of he ? EOS . EOS .
he re a little tired . . EOS . EOS
she is supposed to him . EOS . EOS .
i m not answering you . EOS . EOS .
i m not thinking of anyone . EOS . EOS
we re tired . EOS . EOS . EOS .
i m the one aren t you ? EOS .
he s sleeping . EOS . EOS . EOS .
you re comparing a new friend . EOS . EOS
we re famished . EOS . EOS . EOS .
he s making a little aren t you ? EOS
you re only trying to travel . EOS . EOS
i m not really of this tonight . EOS .
i m not your enemy . EOS . EOS .
they re what you ? ? ? ? ? ?
i m laughing . EOS . EOS . EOS .
you re alone aren t you ? EOS ? EOS
i m living in this . EOS . EOS .
i m in to lose in . EOS . EOS
he s hard to swim . EOS . EOS .
i re learning how to EOS . EOS . EOS
you re your your hope . EOS . EOS .
they re going to have ? EOS . EOS .
i m studying in the history children . EOS .
i am going to keep a secret . EOS .
he s lying . EOS . EOS . EOS .
i re confused how about you ? EOS . EOS
he s talking how ? EOS . EOS . EOS
i m not learning now . EOS . EOS .
you re going again ? EOS . EOS . EOS
he s working on a new book . EOS .
she is starting to such a truck . . EOS
he is good at cooking . EOS . EOS .
he s eight . . EOS . EOS . EOS
he s hard tall . EOS . EOS . EOS
i m sorry if . EOS . EOS . EOS
they re out . EOS . EOS . EOS .
i m having a friend of a problem . EOS
he s a off . EOS . EOS . EOS
i m on the one who should ? EOS .
she is my pretty . EOS . EOS . EOS
they re not alone . EOS . EOS . EOS
i am poor too . EOS . EOS . EOS
he s following in he s . EOS . EOS
i m also how that ? he ? EOS .
i m trying . EOS . EOS . EOS .
he is going to have tom in bed . EOS
i m learning how ? she ? she ? she
i m staying . EOS . EOS . EOS .
he s worried about shit . EOS . EOS .
you re very very angry . EOS . EOS .
you re missing that at that . EOS . EOS
he is going to be jealous . EOS . EOS
they re afraid of shit . EOS . EOS .
she is asking how how ? EOS . EOS .
we re staying here . EOS . EOS . EOS
i m on the chosen s ? EOS . EOS
he is just shopping . EOS . EOS . EOS
i am going to paint tomorrow . EOS . EOS
she is wearing the kitchen . EOS . EOS .
he s coming your job . EOS . EOS .
we re lying in new afternoon . EOS . EOS
i m letting . EOS . EOS . EOS .
he s job at his job . EOS . EOS
she s putting the same isn t she ? EOS
she is full . EOS . EOS . EOS .
we re really concerned for time . EOS . EOS
he s drinking in favor . EOS . EOS .
she is in in hospital . EOS . EOS .
i m not amused . EOS . EOS . EOS
i m going to that place . EOS . EOS
i m just to to help you . EOS .
i re tired how ? EOS . EOS . EOS
he is addicted to college . EOS . EOS .
he is the oldest person . . EOS . EOS
they re talking . EOS . EOS . EOS .
he s crying . EOS . EOS . EOS .
she s staying for my daughter . EOS . EOS
i m fond . EOS . EOS . EOS .
i m feeling but i but i . EOS .
you re what to succeed . EOS . EOS .
i m staying to me me . EOS . EOS
i am reading years brother . EOS . EOS .
you re tired ? EOS . EOS . EOS .
you re lying . EOS . EOS . EOS .
i am thinking of succeed of him . EOS .
i m reading . EOS . EOS . EOS .
she is my house . EOS . EOS . EOS
i m dying . EOS . EOS . EOS .
she s full . EOS . EOS . EOS .
he s drunk . EOS . EOS . EOS .
i m running out of spiders . EOS . EOS
she s full lazy . EOS . EOS . EOS
i am studying in swimming . EOS . EOS .
i m scared of spiders . EOS . EOS .
i m no longer sick of sick . EOS .
you re so up to die . EOS . EOS
i m not match about me . EOS . EOS
he is almost not alone . EOS . EOS .
he is on his teeth . EOS . EOS .
he is older than i have . EOS . EOS
we re not supposed to do alone . EOS .
i m writing a job . EOS . EOS .
i m not angry . EOS . EOS . EOS
i m standing how how about EOS . EOS .
he is always my friends . EOS . EOS .
he s not college . EOS . EOS . EOS
i m taking thinking of english . EOS . EOS
she s a nice and girl ? EOS ? EOS
aren they re what what what will win . EOS
he s starting to making a cold . . EOS
we re worried about ? EOS . EOS . EOS
they re on commercials . . EOS . EOS .
i m not going anywhere here . EOS . EOS
he is able to swim more a leaf . EOS
we re dozing . EOS . EOS . EOS .
i m fed with them . EOS . EOS .
i m working on the game . EOS . EOS
they re not interested . EOS . EOS . EOS
she s already sleeping . EOS . EOS . EOS
you re what that ? EOS . EOS . EOS
he is hard at money . EOS . EOS .
he s writer . EOS . EOS . EOS .
i m looking at home . EOS . EOS .
we re bored . EOS . EOS . EOS .
she is full of fool . EOS . EOS .
he s ? EOS . EOS . EOS . EOS
i am talking . EOS . EOS . EOS .
i m thinking ? EOS . EOS . EOS .
he s attracted to asian in . EOS . EOS
he s not talking . EOS . EOS . EOS
he is washing his own . EOS . EOS .
she s very good well . EOS . EOS .
she is on the right job . EOS . EOS
you re sorry aren t you ? EOS . EOS
he s tired in france . EOS . EOS .
you re welcome . EOS . EOS . EOS .
i m planning a s a cold . EOS .
we re in business with many . EOS . EOS
he is not not as wrong . EOS . EOS
i m not answering . EOS . EOS . EOS
i re happy about it aren t you ? EOS
she s seeking her night . EOS . EOS .
i m waiting and and you me . EOS .
you re acting at your story . EOS . EOS
you re confused how to learn . EOS . EOS
you re my hero . EOS . EOS . EOS
he is always my daughter . EOS . EOS .
i m going to get here . EOS . EOS
i re going to tell you ? EOS . EOS
i re about to leave . EOS . EOS .
they re wrong . that . EOS . EOS .
they re right behind me . EOS . EOS .
she s an an an . EOS . EOS .
i m right behind you . EOS . EOS .
he s taking his closet . EOS . EOS .
she s here to spy on us . EOS .
they re welcome here . EOS . EOS . EOS
he isn isn isn isn t you ? EOS .
i m only tired tired t she ? EOS .
i am allergic to the police . EOS . EOS
i re tired how ? EOS . EOS . EOS
we re supposed to do it . EOS . EOS
they re in home . EOS . EOS . EOS
he they re on his way . EOS . EOS
he s got his books . EOS . EOS .
we re going home . EOS . EOS . EOS
we re worried again . EOS . EOS . EOS
we re very excited . EOS . EOS . EOS
she s looking too tv for tv tv tv .
i m lying . EOS . EOS . EOS .
i m making a new house . EOS . EOS
i m always short with my brother . EOS .
she is drunk . EOS . EOS . EOS .
you re bored . EOS . EOS . EOS .
i m done how . EOS . EOS . EOS
we re going to get him ! EOS . EOS
he re what what he ? EOS . EOS .
he is going to leave . EOS . EOS .
you re not supposed to do that . EOS .
you re lying to leave . . EOS . EOS
you re nuts hard . EOS . EOS . EOS
she s going how s ? EOS . EOS .
she is by years old . EOS . EOS .
she s fine . EOS . EOS . EOS .
i m sure she liked it . EOS . EOS
i m mad . EOS . EOS . EOS .
you re lying with her . EOS . EOS .
he is hard to learn . EOS . EOS .
i m willing to asian . EOS . EOS .
he is going to be ok . EOS . EOS
i m starting to get . EOS . EOS .
you re russian ? EOS . EOS . EOS .
i m sorry up to speak . EOS . EOS
we re leaving how ? EOS . EOS . EOS
he s always job . EOS . EOS . EOS
we re such a flirt . EOS . EOS .
he s not at my friend . EOS . EOS
i m sorry i hurt you . EOS . EOS
he is his his job . EOS . EOS .
she s talking how ? EOS . EOS . EOS
you re a man now . EOS . EOS .
they re leaving in the situation . EOS . EOS
he re sure she ? he ? EOS ? EOS
he s a bigot . EOS . EOS . EOS
we re staying it ? EOS . EOS . EOS
i m not concerned with you . EOS . EOS
i m just talking . EOS . EOS . EOS
we re fine . EOS . EOS . EOS .
you re going to be jealous . EOS . EOS
i m also how aren aren t you ? EOS
she s lying . EOS . EOS . EOS .
i re coming for me . EOS . EOS .
she s waiting for you at home . EOS .
he s fit to go . EOS . EOS .
he is always careful . EOS . EOS . EOS
he is starting to be strong . EOS . EOS
i m coming to help them . EOS . EOS
i m not like that . EOS . EOS .
you re always ? EOS . EOS . EOS .
we re baking ? EOS EOS . EOS . EOS
you re sure to go german ? you ? EOS
i re always neatly . EOS . EOS . EOS
they re in in trouble . EOS . EOS .
we re lucky to car a car . EOS .
we re ? EOS ? EOS . EOS . EOS
i m not going to sell . EOS . EOS
i m not what them . EOS . EOS .
i m very impressed . EOS . EOS . EOS
you re not blushing ! EOS . EOS . EOS
we re quite not yet . EOS . EOS .
she s not sick . EOS . EOS . EOS
they re going to pay . EOS . EOS .
i am coming to my my girlfriend . EOS .
we re going to leave you ? EOS . EOS
i m giving me . EOS . EOS . EOS
we re bored . EOS . EOS . EOS .
i am glad that i was you . EOS .
he is very eager man . EOS . EOS .
i m having a little . . . EOS .
they re lying . EOS . EOS . EOS .
you re way to do him ! EOS . EOS
she s in to how her ! EOS . EOS
i m not going anything anything . EOS . EOS
they re trying around . EOS . EOS . EOS
i m full of shit . EOS . EOS .
we re staying . EOS . EOS . EOS .
we re bored . EOS . EOS . EOS .
you re not welcome aren are you ? EOS .
you re standing how aren t a cold . EOS
you re kind of cute . EOS . EOS .
i am supposed to she is also . EOS .
he s crazy about EOS . EOS . EOS .
you re very wise . EOS . EOS . EOS
you re very rude . EOS . EOS . EOS
you re very curious . EOS . EOS . EOS
you re very attractive . EOS . EOS . EOS
she s not at all everything . EOS . EOS
i am leaving with her . EOS . EOS .
we re done ? EOS . EOS . EOS .
you re not going to die . EOS . EOS
you re not going to try . EOS . EOS
you re been up ! EOS . EOS . EOS
she is very cunning . EOS . EOS . EOS
you re crazy about me . EOS . EOS .
he s addicted to drive . EOS . EOS .
we re standing you home . EOS . EOS .
you re going to EOS you you . EOS .
i m sick . EOS . EOS . EOS .
you re no longer me to me . EOS .
i m not paying ! EOS ! EOS ! EOS
i m going to do at drawing . EOS .
i m not going to stay . EOS . EOS
she s a pacifist . EOS . EOS . EOS
she s angry with her years . EOS . EOS
i m afraid that i won . EOS . EOS
i m not used to do it . EOS .
i m studying in trouble . EOS . EOS .
i m learning tired in EOS . EOS . EOS
i m looking for your this . EOS . EOS
i m listening to hearing . EOS . EOS .
i m taking this letter . EOS . EOS .
i m no longer more anymore . EOS . EOS
i am addicted to talk . EOS . EOS .
i m going to go there . EOS . EOS
i m very fond . EOS . EOS . EOS
he s on to shopping . EOS . EOS .
we re not very yet . EOS . EOS .
she s staying about how about you . EOS .
you re impressed aren t you ? EOS ? EOS
i m just this this out . EOS . EOS
i m said to do this . EOS . EOS
i m afraid if i m sick . EOS .
i m lonely . EOS . EOS . EOS .
i am in in bed . EOS . EOS .
i m doing this for this . EOS . EOS
i m sorry but the won t happen . EOS
i m drinking . EOS . EOS . EOS .
i m having here . EOS . EOS . EOS
i m making things . EOS . EOS . EOS
i m learning shopping . EOS . EOS . EOS
he s self . EOS . EOS . EOS .
i m afraid that their wise . EOS . EOS
i m going to see the end . EOS .
i m trying to learn you . EOS . EOS
he is on the blood . EOS . EOS .
they re mine . EOS . EOS . EOS .
i m planning out out . EOS . EOS .
i m sad . EOS . EOS . EOS .
i m not looking really you . EOS . EOS
i m sorry up to name . EOS . EOS
i m going to to help you . EOS .
i m starting to learn me . EOS . EOS
you re your own tom ? EOS . EOS .
you re in my seat . EOS . EOS .
i m your partner . EOS . EOS . EOS
you re going to go . EOS . EOS .
they re safe here . EOS . EOS . EOS
i m not supposed to swim . EOS . EOS
i m at him . EOS . EOS . EOS
you re already better ? EOS . EOS . EOS
i m at what is together . EOS . EOS
you re part of course . EOS . EOS .
you re not old enough to drink . EOS .
they re not helping . EOS . EOS . EOS
i re going to have ? EOS . EOS .
i m letting to you you you . EOS .
i m worried about EOS . EOS . EOS .
she is fond of her . EOS . EOS .
i m lazy lazy . EOS . EOS . EOS
she is out of loss . EOS . EOS .
you re alone aren t you ? EOS . EOS
i m not looking . EOS . EOS . EOS
we re trying of him . EOS . EOS .
she is nothing but a EOS . EOS . EOS
she is always trying to get up . EOS .
they re right too too fast . EOS . EOS
you re joking . EOS . EOS . EOS .
you re the same ? EOS . EOS . EOS
they re already in love . EOS . EOS .
i m having trouble . EOS . EOS . EOS
i m having a little money . EOS . EOS
i m already all all . EOS . EOS .
you re on the to go . EOS . EOS
they re almost fat . EOS . EOS . EOS
she is not like other . EOS . EOS .
she is my sister to speak . EOS . EOS
i am quite happy to learn german . EOS .
i m not like you . EOS . EOS .
i m fine . EOS . EOS . EOS .
they re afraid ? EOS . EOS . EOS .
we re a good team . EOS . EOS .
you re missing to him ! EOS . EOS .
i m very lonely . EOS . EOS . EOS
he is very careful . EOS . EOS . EOS
they re not different . EOS . EOS . EOS
i am writing a letter . EOS . EOS .
he s in bed . EOS . EOS . EOS
they re all fine . EOS . EOS . EOS
he is the manager . EOS . EOS . EOS
he s not talking . EOS . EOS . EOS
i m making in to buy EOS . EOS .
you re not wearing . EOS . EOS . EOS
i m beginning to stay in bed . EOS .
we re finally alone . EOS . EOS . EOS
i m thinking of everything . EOS . EOS .
he re what tom s t she ? EOS .
they re coming aren t he ? EOS . EOS
we re out . EOS . EOS . EOS .
i m going about you the book . EOS .
i m fine with how . EOS . EOS .
i m feeling how aren t you ? EOS .
we re sure that ? EOS . EOS . EOS
they re always tired . EOS . EOS . EOS
i m not really in you . EOS . EOS
you re russian how ? EOS . EOS . EOS
i m so bored . EOS . EOS . EOS
i m counting to see tom tom . EOS .
i am able to speak off . EOS . EOS
you re lying one aren t you ? EOS .
i re the one who want here . EOS .
he s not dressed dressed . EOS . EOS .
i m going to have a new friend . EOS
he s in how . EOS ? EOS . EOS
you re not interested in now . EOS . EOS
i m going to sell . EOS . EOS .
i m having an lot rush . EOS . EOS
i m not certain . EOS . EOS . EOS
i re fine how about you . EOS . EOS
you re free . EOS . EOS . EOS .
i m going to learn in the car . EOS
we re worried ? EOS . EOS . EOS .
i am interested in politics . EOS . EOS .
i m school at school . EOS . EOS .
i m not defending the future . EOS . EOS
she s always isn isn t she ? EOS .
he s running tired how . EOS . EOS .
he is very impressed . EOS . EOS . EOS
i m your friend . EOS . EOS . EOS
he is really hard . EOS . EOS . EOS
i am thinking of her friend . EOS . EOS
she s in her for her . EOS . EOS
i m feeling isn t she ? EOS . EOS
we re in how aren t you ? EOS .
they re lying . EOS . EOS . EOS .
i m sort of tired . EOS . EOS .
i m running out of EOS . EOS . EOS
they re on the same . EOS . EOS .
i m going to stay house . EOS . EOS
they re on to show . EOS . EOS .
we re working ! EOS . EOS . EOS .
you are rude . EOS . EOS . EOS .
i re listening to have you ? EOS ? EOS
you re part of the problem . EOS . EOS
i m listening . EOS . EOS . EOS .
you re blushing up . EOS . EOS . EOS
he s not really in . EOS . EOS .
i m not a criminal . EOS . EOS .
you re very talented . EOS . EOS . EOS
he s making a friend . EOS . EOS .
you re famous . EOS . EOS . EOS .
you re early . EOS . EOS . EOS .
they re probably pretty things . EOS . EOS .
i m through . EOS . EOS . EOS .
i m tidy . EOS . EOS . EOS .
he is your by one . EOS . EOS .
he s tired now . EOS . EOS . EOS
i m stuck to see your . EOS . EOS
he is taking a good day . EOS . EOS
they re doctors . EOS . EOS . EOS .
they re going shopping . EOS . EOS . EOS
they re stalling . EOS . EOS . EOS .
they re surprised . EOS . EOS . EOS .
he s drunk aren t you ? EOS . EOS
we re new how ? EOS . EOS . EOS
she s lucky . EOS . EOS . EOS .
she is fed up . EOS . EOS . EOS
she s starting to hair . EOS . EOS .
she is angry with you . EOS . EOS .
she s on her way . EOS . EOS .
we re surprised . EOS . EOS . EOS .
we re leaving . EOS . EOS . EOS .
we re home home . EOS . EOS . EOS
we re a movie . EOS . EOS . EOS
he s been on his EOS . EOS . EOS
he s lying . EOS . EOS . EOS .
we re not happy . EOS . EOS . EOS
you re not supposed to know . EOS . EOS
i m not paying up . EOS . EOS .
i m not blame . EOS . EOS . EOS
i m not very polite . EOS . EOS .
i m really not busy . EOS . EOS .
you re crazy aren t you ? EOS . EOS
we re all set . EOS . EOS . EOS
i s all for terms . EOS . EOS .
i m finished with all . EOS . EOS .
i re worried about you EOS . EOS . EOS
they re so childish . EOS . EOS . EOS
you re doing it him ! EOS . EOS .
he s standing behind . EOS . EOS . EOS
he s on in tv . EOS . EOS .
we re used to getting ready . EOS . EOS
you re early . EOS . EOS . EOS .
i m taking at that . EOS . EOS .
she is all working in the situation . EOS .
i m talking with tom s . EOS . EOS
i m the on in EOS . EOS . EOS
you re not all busy . EOS . EOS .
i m looking for one . EOS . EOS .
i m famished . EOS . EOS . EOS .
i m tired of all yours . EOS . EOS
you re not wearing . EOS . EOS . EOS
he s on and of his EOS . EOS .
i m not talking with tom . EOS . EOS
they re waiting . EOS . EOS . EOS .
he s tired from nothing . EOS . EOS .
he is about to how . EOS . EOS .
he s very fine . EOS . EOS . EOS
you re not very tidy . EOS . EOS .
they re looking to see you again . EOS .
i m sending with tom . EOS . EOS .
i m not scared to see you . EOS .
i re very cross . EOS . EOS . EOS
you re learning how aren t you ? EOS ?
i m going to run . EOS . EOS .
i m going to for to work . EOS .
he is very understanding . EOS . EOS . EOS
she s in bed . EOS . EOS . EOS
you re acting like a child . EOS . EOS
he is always careful . EOS . EOS . EOS
we re really proud of that . EOS . EOS
they re on the hands . EOS . EOS .
you re making a so beautiful . EOS . EOS
you re lying . EOS . EOS . EOS .
you re a good person . EOS . EOS .
he re what what we can again . EOS .
they are looking for job . EOS . EOS .
he s depressed in how . EOS . EOS .
i m going to show you . EOS . EOS
he is much hard in his job . EOS .
you re the one one aren t she ? EOS
i m suffering . . EOS . EOS . EOS
i m sad . EOS . EOS . EOS .
i m eating . EOS . EOS . EOS .
he s used to him him . EOS . EOS
i m lost . EOS . EOS . EOS .
i m supposed to follow you tom . EOS .
we re gaining the same australia . EOS . EOS
i m thinking of french . EOS . EOS .
i m looking forward to seeing your father . EOS
we re looking forward to for . EOS . EOS
they re weak . EOS . EOS . EOS .
i m a a poor . EOS . EOS .
she s lying at that s ? EOS . EOS
he s lying in his car . EOS . EOS
he is in paris paris . EOS . EOS .
she s asking how that ? EOS ? EOS .
you re not dressed . EOS . EOS . EOS
i m afraid that you re there . EOS .
i am a apple of english . EOS . EOS
he s a isn isn t he ? EOS .
he re lying in ? EOS . EOS . EOS
he is kind too heroin . EOS . EOS .
i m staying with them s cold . EOS .
we re unlucky . EOS . EOS . EOS .
he s on the how s over . EOS .
i m asking how to help you . EOS .
i m much lot more much anymore . EOS .
we re making your ? EOS . EOS . EOS
he s never like him . EOS . EOS .
he s dead . . EOS . EOS . EOS
you re wanted . EOS . EOS . EOS .
i m sorry that said that . EOS . EOS
i m not going them . EOS . EOS .
i m yawning if . EOS . EOS . EOS
i am looking forward to words . EOS . EOS
she s annoying tom tom ? EOS . EOS .
you re not following . EOS . EOS . EOS
i am looking forward . . EOS . EOS .
i m not frightened . EOS . EOS . EOS
he is a really little little . EOS . EOS
i m welcome ? he ? ? EOS . EOS
i m learning how to dinner . EOS . EOS
she is not my friend . EOS . EOS .
you re lying too . EOS . EOS . EOS
he s not prepared . EOS . EOS . EOS
i m studying this tired . EOS . EOS .
you re acting my job job . EOS . EOS
i m disappointed how how aren t you ? EOS
you re lying in working . EOS . EOS .
he is my son . EOS . EOS . EOS
i re reading ? EOS ? EOS . EOS .
we re both wrong . EOS . EOS . EOS
you re scaring them . EOS . EOS . EOS
she s making a lawyer aren t you ? EOS
i m not scared . EOS . EOS . EOS
he s yours . EOS . EOS . EOS .
i m married to take . EOS . EOS .
i re always my every . EOS . EOS .
he s a an american in . EOS . EOS
i re confused how you re ? EOS . EOS
i m not taking there . EOS . EOS .
you re not to be it . EOS . EOS
he re what you what you ? EOS ? EOS
i m more than of this . EOS . EOS
you re not angry are you ? EOS . EOS
i m looking forward to my friends . EOS .
i m german . EOS . EOS . EOS .
she s alone ? EOS . EOS . EOS .
i m thinking of making weight . EOS . EOS
we re confused aren t you ? EOS . EOS
he s playing in bed . EOS . EOS .
i m asking to see you . EOS . EOS
i m not alone alone . EOS . EOS .
they re afraid of making mistakes . EOS . EOS
he re what it s confused . EOS . EOS
they re done . EOS . EOS . EOS .
he s worried about the exam . EOS . EOS
i m taking ready for money . EOS . EOS
you re confused to do that ? EOS . EOS
he s having a letter . EOS . EOS .
she s happy to the job . EOS . EOS
you re going to go train . EOS . EOS
i m my boss . EOS . EOS . EOS
we re very excited about that . EOS . EOS
i m feeling much much . EOS . EOS .
i m sure that i can that . EOS .
he s not wearing red . EOS . EOS .
he s always kind of cute . EOS . EOS
he is on me . EOS . EOS . EOS
they re able to swim them . EOS . EOS
they re going to give to try . EOS .
they re at their way . EOS . EOS .
i m actually . EOS . EOS . EOS .
we re staying how ? EOS . EOS . EOS
he s just not to me . EOS . EOS
we re going home home . EOS . EOS .
they re part of of EOS . EOS . EOS
i m lying . EOS . EOS . EOS .
you re annoying at how . EOS . EOS .
i m making this patience . EOS . EOS .
i m a big coffee coffee . EOS . EOS
he s dying . EOS . EOS . EOS .
you re through . EOS . EOS . EOS .
i am starting to a a man . EOS .
you re free tonight . EOS . EOS . EOS
i m trying to think . EOS . EOS .
they re not so confident . EOS . EOS .
i m addicted to addict . EOS . EOS .
he is jealous of waiting . EOS . EOS .
i m only if i can you . EOS .
i m just out of tom . EOS . EOS
i m not one . EOS . EOS . EOS
we re still out of EOS . EOS . EOS
i is something . i buy . EOS . EOS
he is taking a letter . EOS . EOS .
i m ashamed of my dog . EOS . EOS
they re not talking . EOS . EOS . EOS
we re starting how to he ? EOS . EOS
he is always at all these . EOS . EOS
i m working in boston . EOS . EOS .
i m careful . EOS . EOS . EOS .
he s having an an nature . EOS . EOS
i m just one . tom s . EOS .
i m waiting for you EOS . EOS . EOS
they re not to me me . EOS . EOS
i m waiting to your decision . EOS . EOS
i re going to see my patience . EOS .
we re already drunk . EOS . EOS . EOS
i m in a how . EOS . EOS .
she s annoying in boat . EOS . EOS .
i m supposed that i can do that . EOS
you re incredibly very proud of you . EOS .
you re disappointed aren t you ? EOS . EOS
i is talking to like tom . EOS . EOS
he s much too polite . EOS . EOS .
we re no longer tired anymore . EOS . EOS
he s missing . EOS . EOS . EOS .
i m glad to protect you . EOS . EOS
we re going there . EOS . EOS . EOS
i m my partner . EOS . EOS . EOS
i m talking . EOS . EOS . EOS .
i m not naive . EOS . EOS . EOS
they re not interested on the cold . EOS .
he is fluent in he he . EOS . EOS
i m sorry that s t sick . EOS .
we re leaving this week . EOS . EOS .
he is russian in he he ? EOS ? EOS
you re my friend too friend . EOS . EOS
they re trying our our garden . EOS . EOS
he s addicted to addict . EOS . EOS .
he is still full alive . EOS . EOS .
you re sure that married . EOS . EOS .
he is full of a doctor . EOS . EOS
i m afraid that my job job . EOS .
he is running much much much . EOS . EOS
he is always to be will me . EOS .
they re not going fun . EOS . EOS .
he s on his last . EOS . EOS .
i m looking someone someone . EOS . EOS .
you re fine . EOS . EOS . EOS .
i m going lunch . EOS . EOS . EOS
i m kind of this morning . EOS . EOS
i m keeping your letter . EOS . EOS .
i m not leaving to your you . EOS .
you re only afraid of yourself . EOS . EOS
you re mad . EOS . EOS . EOS .
they re reading . EOS . EOS . EOS .
i m not really in october . EOS . EOS
we re faced with many difficulties . EOS . EOS
i m not to the it . EOS . EOS
i m looking for a friend . EOS . EOS
i re thinking of how . EOS . EOS .
he is very hard hard . EOS . EOS .
you re what what what you ? EOS . EOS
we re lucky to stay here . EOS . EOS
i m waiting for a little jealous . . EOS
we re heading tired . EOS . EOS . EOS
i m talking with your father ? EOS . EOS
you re an irresponsible idiot . EOS . EOS .
we re tired how ? EOS . EOS . EOS
we re in ? EOS . EOS . EOS .
we re closing this letter . EOS . EOS .
i m right behind her . EOS . EOS .
i m already looking . EOS . EOS . EOS
i m depressed . EOS . EOS . EOS .
i m very tired about you . EOS . EOS
i m feeling like a little cold . EOS .
we re leaving we can t you ? EOS .
i m quite here . EOS . EOS . EOS
he is my son . EOS . EOS . EOS
we re going to protect you . EOS . EOS
i re listening to go you ? EOS . EOS
we re worried about ? EOS . EOS . EOS
you re on the right one . EOS . EOS
he s lying in work . EOS . EOS .
you re tough . EOS . EOS . EOS .
she s the itself s . EOS . EOS .
he s not from china . EOS . EOS .
we re just everything . EOS . EOS . EOS
i m from to see her . EOS . EOS
i m certain of that . EOS . EOS .
he re always tired ? EOS . EOS . EOS
we re all dead . EOS . EOS . EOS
i m going to EOS . EOS . EOS .
we re supposed to do do that . EOS .
we re tom tom . EOS . EOS . EOS
we re dying to do that . EOS . EOS
we re about little . EOS . EOS . EOS
i m not all concerned . EOS . EOS .
you re as old as me . EOS . EOS
he s a lawyer your . . EOS . EOS
i m convinced that you re safe . EOS .
i m joking . EOS . EOS . EOS .
he is ready to EOS . EOS . EOS .
i m about to go . EOS . EOS .
i m not finished . EOS . EOS . EOS
i m fine . EOS . EOS . EOS .
they are not their their shoes . EOS . EOS
he s been up in his money . EOS .
i m not singing . EOS . EOS . EOS
she s not not alone . EOS . EOS .
you re the isn t she ? EOS . EOS
you re supposed to die . EOS . EOS .
i m short of shit . EOS . EOS .
she s afraid to talk mistakes . EOS . EOS
i m going to go . EOS . EOS .
i m only perfect . EOS . EOS . EOS
you re supposed to be dead . EOS . EOS
you re your own like you ? EOS . EOS
he is attracted to different . EOS . EOS .
we re all going to die . EOS . EOS
you re supposed to help them . EOS . EOS
he s a salesman s . EOS . EOS .
i am fond fond . EOS . EOS . EOS
he s depressed ? EOS . EOS . EOS .
he is fond here . EOS . EOS . EOS
i am speaking french . EOS . EOS . EOS
i m taking french . EOS . EOS . EOS
i m studying french . EOS . EOS . EOS
i m not taking them . EOS . EOS .
they re talking to start . EOS . EOS .
i m sure we can this this . EOS .
i m paying with this friends . EOS . EOS
he s talking . EOS . EOS . EOS .
i m learning shopping . EOS . EOS . EOS
i m tired ? EOS . EOS . EOS .
they re going to be happy . EOS . EOS
we re leaving in boston . EOS . EOS .
you re not aren t you ? EOS ? EOS
you re back . EOS . EOS . EOS .
we re not one aren t you ? EOS .
he re not staying in shit . EOS . EOS
they re eating bread . . EOS . EOS .
i am fine . EOS . EOS . EOS .
i am using . EOS . EOS . EOS .
i am waiting for you . EOS . EOS .
he is not one . EOS . EOS . EOS
they re free to see to go . EOS .
we re all in trouble . EOS . EOS .
you re a genius . EOS . EOS . EOS
he s sleeping . EOS . EOS . EOS .
i m a too . EOS . EOS . EOS
he s popular . EOS . EOS . EOS .
i m getting tired . EOS . EOS . EOS
i am in bed . EOS . EOS . EOS
i m beginning tom . EOS . EOS . EOS
they re going to paint tomorrow . EOS . EOS
you re washing the library . EOS . EOS .
you re optimistic . EOS . EOS . EOS .
i m studying in french . EOS . EOS .
i m looking off . EOS . EOS . EOS
you re learning last in that . EOS . EOS
he s an handsome . . EOS . EOS .
i m using tom . EOS . EOS . EOS
he s still green . EOS . EOS . EOS
he s about to leave . EOS . EOS .
he s lying to win . EOS . EOS .
he s addicted to addict . EOS . EOS .
i am worried about her health . EOS . EOS
she is just too . EOS . EOS . EOS
he s lying . EOS . EOS . EOS .
he is related . EOS . EOS . EOS .
he s lying . EOS . EOS . EOS .
i m confused . EOS . EOS . EOS .
i am looking for her . EOS . EOS .
he s one . EOS . EOS . EOS .
they re waiting for soon . EOS . EOS .
i am grateful . EOS . EOS . EOS .
we re working . EOS . EOS . EOS .
i m having to get up . EOS . EOS
he is far from happy . EOS . EOS .
i m tom s hard . EOS . EOS .
he is at his office . EOS . EOS .
you re so full of shit . EOS . EOS
you re up . EOS . EOS . EOS .
they re quite attractive . EOS . EOS . EOS
he is drunk . EOS . EOS . EOS .
he is available . EOS . EOS . EOS .
we re doing this . EOS . EOS . EOS
you re famous . EOS . EOS . EOS .
she is drunk . EOS . EOS . EOS .
i m convinced . EOS . EOS . EOS EOS
he m trying to stay smoking . EOS . EOS
i m okay this . EOS . EOS . EOS
i m going to how . EOS . EOS .
he is poor at late . EOS . EOS .
he s in in shape . EOS . EOS .
i m learning how ? EOS . EOS . EOS
they re on the law . EOS . EOS .
i am off today . EOS . EOS . EOS
she s tired ? EOS . EOS . EOS .
i m sick up . EOS . EOS . EOS
i m drunk . EOS . EOS . EOS .
i m done how . EOS . EOS . EOS
he s in in how . EOS . EOS .
i m having trouble . EOS . EOS . EOS
we re leaving how used aren t you ? EOS
i aren t a new child . EOS . EOS
you re leaving tv . EOS . EOS . EOS
i m laughing . EOS . EOS . EOS .
we re going to take . EOS . EOS .
you re fluent at the next room . EOS .
they re going to stay . EOS . EOS .
we re confused how . EOS . EOS . EOS
he s coming on a cold . EOS . EOS
he is studying studying . EOS . EOS . EOS
we are not studying english . EOS . EOS .
they re not the answer . EOS . EOS .
he s full of his legs . EOS . EOS
he s in in for a cold . EOS .
i re totally that you re safe . EOS .
he s making a little aren t he ? EOS
they re on to leave . EOS . EOS .
i m able to to . . EOS . EOS
they re mistaken . EOS . EOS . EOS .
i m bored . EOS . EOS . EOS .
she s coming to lie . EOS . EOS .
he s gone . EOS . EOS . EOS .
i is as like it . EOS . EOS .
he s on the EOS . EOS . EOS .
i m glad to see tom . EOS . EOS
we re not good at math . EOS . EOS
i am looking forward to you again . EOS .
she is bored with me . EOS . EOS .
she s afraid of me . EOS . EOS .
me isn t afraid of secrets . EOS . EOS
we re on the road . EOS . EOS .
he s not supposed . EOS . EOS . EOS
she s a member . EOS . EOS . EOS
we re used to learn . EOS . EOS .
i m trying to buy a new car . EOS
he s in a son of bad . EOS .
she is going to lose . EOS . EOS .
she s lying . EOS . EOS . EOS .
we re all scared . EOS . EOS . EOS
i m looking to see your was . EOS .
you re supposed to be my job . EOS .
i m not different this . EOS . EOS .
i m still shopping to tell . EOS . EOS
he is actually in love . EOS . EOS .
you re busy . EOS . EOS . EOS .
i s studying in tokyo . EOS . EOS .
i m thinking . EOS . EOS . EOS .
you re not coming ! EOS . EOS . EOS
we re sure it ? he ? EOS . EOS
i m listening to learn him ! EOS ! EOS
i m working as like this . EOS . EOS
i m fond of fond . EOS . EOS .
i m using a new house . EOS . EOS
we s about her . EOS . EOS . EOS
he is fond me . EOS . EOS . EOS
i m quite a little . EOS . EOS .
he is studying in bed . EOS . EOS .
he s russian how ? EOS . EOS . EOS
i m not looking like my like . EOS .
he is been in his dog . EOS . EOS
he is said to be not here . EOS .
i m only longer afraid anymore . EOS . EOS
i m not a gentleman . EOS . EOS .
she is not very rich . EOS . EOS .
he is been in every . EOS . EOS .
you re supposed to know . . EOS . EOS
