he s happy about EOS . EOS . EOS .
i m too old for this world . EOS .
i m working at how . EOS . EOS .
he s russian how ? EOS . EOS . EOS
i m sending the same story . EOS . EOS
i m going it in in day . EOS .
i m now now . EOS . EOS . EOS
we re closed of everybody . EOS . EOS .
i m not going to asian . EOS . EOS
i m working . EOS . EOS . EOS .
i am fine today . EOS . EOS . EOS
he s making a new job . EOS . EOS
she s lying one aren t ? EOS . EOS
i m waiting for this job . EOS . EOS
he is capable of reading . EOS . EOS .
he is not actually at math . EOS . EOS
i m fed up up ! EOS . EOS .
i m not to regret him . EOS . EOS
i m also for now now . EOS . EOS
he is a law man . EOS . EOS .
she is a good spy to me . EOS .
i m getting a bad now . EOS . EOS
they re doing trying to have a cold . EOS
i am not talking in german . EOS . EOS
they re out . EOS . EOS . EOS .
re s not happy with her . EOS . EOS
i am interested in politics . EOS . EOS .
he is already hard . EOS . EOS . EOS
i am eating an apple . EOS . EOS .
i m totally . stranger . EOS . EOS .
i m only going to speak cold . EOS .
he is an office office worker . EOS . EOS
i m quite short of ideas . EOS . EOS
i m going to regret this . EOS . EOS
you re reading the state of reading . EOS .
i m surprised to see you here . EOS .
she s expecting a trip . EOS . EOS .
i m dying . EOS . EOS . EOS .
i m learning something to something . EOS . EOS
i am listening to paint them . EOS . EOS
he s writing a member . EOS . EOS .
he s a friend friend . EOS . EOS .
he is absorbed in his . . EOS . EOS
he s crazy about the job . EOS . EOS
he s a on the team . EOS . EOS
i m sure that he come . EOS . EOS
he is said to be he . EOS . EOS
he s working in working hard . EOS . EOS
he is in trouble blood . EOS . EOS .
he s addicted to something . EOS . EOS .
he is able to heroin . EOS . EOS .
he is actually all drunk . EOS . EOS .
he s always complaining about me . EOS . EOS
he s lying in house . EOS . EOS .
he is taller than i am . EOS . EOS
he is not what he than he . EOS .
he s not insane . EOS . EOS . EOS
he is afraid of being sick . EOS . EOS
i am going hard with her . EOS . EOS
she s teaching in shopping . EOS . EOS .
she s a tough . . EOS . EOS .
she is beautiful beautiful ! EOS . EOS . EOS
she is never away . EOS . EOS . EOS
i re lying . EOS . EOS . EOS .
i m scaring . EOS . EOS . EOS .
we re able to leave . EOS . EOS .
i m tired trying quit . EOS . EOS .
she is known at him . EOS . EOS .
i am sleepy at the dishes . EOS . EOS
you re kind of shit . EOS . EOS .
i m afraid that is out . EOS . EOS
i m listening to figure this . EOS . EOS
i m mary s ? EOS . EOS . EOS
i m sure if i have did . EOS .
he s full too french . EOS . EOS .
he is angry mad . EOS . EOS . EOS
we re leaving aren t he ? EOS . EOS
i am looking for for that . EOS . EOS
you re wanted to my job . EOS . EOS
i am making my books . EOS . EOS .
we re not supposed to do that . EOS .
they re all jealous of french . EOS . EOS
he s fluent in in this world . EOS .
you re always late . EOS . EOS . EOS
i m a jolly person . EOS . EOS .
he is my classmate one . EOS . EOS .
she is going to york next week . EOS .
he is happy for the police . EOS . EOS
i re shivering how about you ? EOS . EOS
we re worried about succeed . EOS . EOS .
he is forever in bed . EOS . EOS .
he is said to be rich . EOS . EOS
you re disgusting . EOS . EOS . EOS .
i m not actually yet . EOS . EOS .
he is going to say the anyone . EOS .
i m swimming . EOS . EOS . EOS .
he is going to going to come . EOS .
i am concerned in favor . EOS . EOS .
i m sorry of being being . EOS . EOS
we re leaving again . EOS . EOS . EOS
he s giving to paint . . EOS . EOS
he she is on our before . EOS . EOS
am is right right right . EOS . EOS .
we re we . EOS . EOS . EOS .
she s on in public . EOS . EOS .
i m going to miss me . EOS . EOS
you are not answering . EOS . EOS . EOS
he is actually in trouble . EOS . EOS .
i m fine to take you . EOS . EOS
i m washing it her again . EOS . EOS
he is tired of shit . EOS . EOS .
you re a little tired anymore . EOS . EOS
she is washing him him . EOS . EOS .
i m not answering you . EOS . EOS .
i re not paying . EOS . EOS . EOS
afraid re tired . EOS aren t you ? EOS
i m the one aren t he ? EOS .
he s laughing . EOS . EOS . EOS .
you re reading a new friend . EOS . EOS
we re game . EOS . EOS . EOS .
he s russian isn t he ? EOS . EOS
you re almost alone all wrong . EOS . EOS
i m not leaving this tonight . EOS . EOS
i m not your enemy . EOS . EOS .
he re what you ? he ? ? ? ?
i m laughing . EOS . EOS . EOS .
t re alone aren t you ? EOS ? EOS
i m working in swimming . EOS . EOS .
i m drinking in to for one . EOS .
he s drowning to swim . EOS . EOS .
i they re going to show . EOS . EOS
you re your your side . EOS . EOS .
we re going to have tonight . EOS . EOS
i m walking in the music . . EOS .
i am going to join a letter . EOS .
he s one . EOS . EOS . EOS .
i re asking how about you ? EOS . EOS
he s talking how ? EOS . EOS . EOS
i m not learning now . EOS . EOS .
you re leaving again that ? EOS . EOS .
he s working for a new book . EOS .
she is starting to be a man . . EOS
he s keeping good . EOS . EOS . EOS
he s suffering . . EOS . EOS . EOS
he s perfectly tall . EOS . EOS . EOS
i m sorry again . EOS . EOS . EOS
he s not french . EOS . EOS . EOS
i m having a friend of problem . EOS .
he s a dj . EOS . EOS . EOS
i m staying them to french . EOS . EOS
she is my sister . EOS . EOS . EOS
they re not alone . EOS . EOS . EOS
i am teacher too . EOS . EOS . EOS
he s sitting s mad . EOS . EOS .
i m afraid how ? he he ? EOS .
i m worried about weight . EOS . EOS .
he is going to have bed . EOS . EOS
i m learning how ? she ? she ? she
i m staying . EOS . EOS . EOS .
he s full of german . EOS . EOS .
he is very very angry . EOS . EOS .
you re hungry that at that . EOS . EOS
he is going to come . EOS . EOS .
they re afraid of EOS . EOS . EOS .
she is asking how isn t she ? EOS .
we re fine here . EOS . EOS . EOS
i m about the s s ? EOS . EOS
he is making shopping . EOS . EOS . EOS
i am going to show tomorrow . EOS . EOS
isn is wearing the door . EOS . EOS .
he is hard with your job . EOS . EOS
i m not in a go you ? EOS .
i m lying . EOS . EOS . EOS .
he s been at his job . EOS . EOS
she s learning how how . EOS . EOS .
she is full . EOS . EOS . EOS .
we re all wasting good time . EOS . EOS
he s drinking in favor . EOS . EOS .
she is in in in . . EOS . EOS
i m not amused . EOS . EOS . EOS
i m going to that place . EOS . EOS
i m not to to help you . EOS .
who re tired how ? EOS . EOS . EOS
he is about to go . EOS . EOS .
he is the chosen boy person . EOS . EOS
they re joking . EOS . EOS . EOS .
he s russian . EOS . EOS . EOS .
she s staying for my daughter . EOS . EOS
i am fond . EOS . EOS . EOS .
i m also but i but he . EOS .
you re what how think . EOS . EOS .
i am starting to me me . EOS . EOS
i am ashamed like he called . EOS . EOS
you re tired ? EOS . EOS . EOS .
you re lying . EOS . EOS . EOS .
he is trying to see me . . EOS .
i m reading . EOS . EOS . EOS .
she is my house . EOS . EOS . EOS
i m thinking . EOS . EOS . EOS .
she s full . EOS . EOS . EOS .
he s short . EOS . EOS . EOS .
i m running out of heights . EOS . EOS
she s short . EOS . EOS . EOS .
she s drowning in books . EOS . EOS .
i m scared of spiders . EOS . EOS .
i m no longer sick anymore . EOS . EOS
you re supposed to be shit . EOS . EOS
i m not talking about me . EOS . EOS
he is not lonely . EOS . EOS . EOS
he is fixing . EOS . EOS . EOS .
he is the oldest i i know . EOS .
we re not used to do house . EOS .
i m from a job . EOS . EOS .
i m not surprised . EOS . EOS . EOS
i m expecting how how . EOS . EOS .
he is always my patience . EOS . EOS .
he s insecure . EOS . EOS . EOS .
i m taking a friend of . EOS . EOS
she s a little and i ? EOS . EOS
he what what what they will win . EOS .
he s starting to making a cold cold . EOS
we re worried about ? EOS . EOS . EOS
they re on commercials . . EOS . EOS .
i m not going anywhere here . EOS . EOS
he is welcome to swim a white . EOS .
we re dozing . EOS . EOS . EOS .
i m concerned with them . EOS . EOS .
i they re on there . EOS . EOS .
they re not shopping . EOS . EOS . EOS
she s already sleeping . EOS . EOS . EOS
i m what it s you ? EOS . EOS
he is a hard hard hard . EOS . EOS
he s pansexual . EOS . EOS . EOS .
i m looking at vacation . EOS . EOS .
we re reading . EOS . EOS . EOS .
she is full of college . EOS . EOS .
he s ? EOS . EOS . EOS . EOS
i am said . EOS . EOS . EOS .
she is drowning . EOS . EOS . EOS .
he s about to asian . EOS . EOS .
he s not talking . EOS . EOS . EOS
he is washing his own . EOS . EOS .
she s very good well . EOS . EOS .
i m on the right night . EOS . EOS
you re shivering how aren t you ? EOS .
he s tired isn we re ? EOS . EOS
we re sorry . EOS . EOS . EOS .
i m expecting a s cold . EOS . EOS
we re in business with many . EOS . EOS
he is not interested as wrong . EOS . EOS
i m not listening . EOS . EOS . EOS
i re upset about it aren t you ? EOS
she s traveling her job . EOS . EOS .
i re sending and me and me . EOS .
you re acting at your lawyer . EOS . EOS
i m starting how to learn guys . EOS .
you are my hero . EOS . EOS . EOS
he is always my daughter . EOS . EOS .
i m going to get here . EOS . EOS
we re going it aren t you ? EOS .
he re about to leave . ? EOS . EOS
they re wrong . EOS . EOS . EOS .
they re right behind me . EOS . EOS .
she s an an teacher . EOS . EOS .
i m right behind you . EOS . EOS .
he s on his letter . EOS . EOS .
she s here to spy on us . EOS .
they re welcome here . EOS . EOS . EOS
he isn isn isn being a cold . EOS .
i m sure but she is confident . EOS .
i am looking at the police . EOS . EOS
i re tired how ? EOS . EOS . EOS
we re supposed to do . EOS . EOS .
they re in commercials . EOS . EOS . EOS
he they re eating over . EOS . EOS .
he s got his books . EOS . EOS .
we re at home . EOS . EOS . EOS
we re having how ? EOS . EOS . EOS
you re very religious . EOS . EOS . EOS
she s looking too much many watching tv . EOS
i m lying . EOS . EOS . EOS .
i m making a new house . EOS . EOS
i m always friends with my brother . EOS .
she is mad . EOS . EOS . EOS .
you re bored . EOS . EOS . EOS .
we re done how . EOS . EOS . EOS
we re going to lose him ! EOS . EOS
he re what it he he ? EOS . EOS
he is able to start . . EOS . EOS
you re not consistent to do that . EOS .
you re lying to know . EOS . EOS .
you re full . EOS . EOS . EOS .
she s drowning with she s ? EOS . EOS
she is full . . EOS . EOS . EOS
she s fine . EOS . EOS . EOS .
i m glad she liked it . EOS . EOS
i m lonely . EOS . EOS . EOS .
you re lying with her . EOS . EOS .
he is been at telling . EOS . EOS .
she is accustomed to music . EOS . EOS .
he is going to be everything . EOS . EOS
i m starting to get it . EOS . EOS
you re tired ? EOS . EOS . EOS .
i m sorry up to die . EOS . EOS
we re leaving how ? EOS . EOS . EOS
he s new work . EOS . EOS . EOS
we re suffering . EOS . EOS . EOS .
he s full of my friend . EOS . EOS
i m sorry i hurt you . EOS . EOS
he is his his job . EOS . EOS .
we re what it ? EOS . EOS . EOS
you re a man now . EOS . EOS .
they re living in the situation . EOS . EOS
tom re sure she ? he ? EOS ? EOS
he s a gentleman . EOS . EOS . EOS
we re staying it ? EOS . EOS . EOS
i m not to with with you . EOS .
i m just perfect . EOS . EOS . EOS
he s fine . EOS . EOS . EOS .
you re going to shit aren t you ? EOS
i m staying how aren t you ? EOS .
she s lying . EOS . EOS . EOS .
i re coming him ! EOS . EOS . EOS
she s waiting for you at home . EOS .
he s addicted to go . EOS . EOS .
he is always careful . EOS . EOS . EOS
he is said to see you . EOS . EOS
i m coming to help them . EOS . EOS
i m not sad without you . EOS . EOS
you re worried ? EOS . EOS . EOS .
we re volunteering aren aren t ? EOS . EOS
you re sure to go cold ? EOS ? EOS
they re still dead . EOS . EOS . EOS
they re in trouble . EOS . EOS . EOS
we re just a car car . EOS . EOS
i m listening ? EOS . EOS . EOS .
i m not going to asian . EOS . EOS
i m not defending them . EOS . EOS .
i m very impressed . EOS . EOS . EOS
you re not working . EOS . EOS . EOS
we re not not yet yet . EOS . EOS
she s not sick . EOS . EOS . EOS
they re going to swim . EOS . EOS .
i am interested to my my girlfriend . EOS .
we re going to go ? EOS ? you ?
i m giving me . EOS . EOS . EOS
we re learning . EOS . EOS . EOS .
i m afraid that you think . EOS . EOS
they re very mature . EOS . EOS . EOS
i m having a little manager . EOS . EOS
they re talking . EOS . EOS . EOS .
you re used to do him ! EOS . EOS
he s going to see her . EOS . EOS
i m not going anything anything . EOS . EOS
they re talking . EOS . EOS . EOS .
i m interested in shit . EOS . EOS .
we re laughing . EOS . EOS . EOS .
we re dozing . EOS . EOS . EOS .
you aren t disappointed here . EOS . EOS .
we re not how about you . EOS . EOS
you re kind of cute . EOS . EOS .
i am willing to her too she . EOS .
you re my hero . EOS . EOS . EOS
you re very wise . EOS . EOS . EOS
you re very rude . EOS . EOS . EOS
you re very curious . EOS . EOS . EOS
you re very attractive . EOS . EOS . EOS
she s not thinking at all . EOS . EOS
i am living with him . EOS . EOS .
we re worried ? EOS . EOS . EOS .
you re not going to die . EOS . EOS
you re not going to lose . EOS . EOS
you re welcome ! EOS . EOS . EOS .
she is very cunning . EOS . EOS . EOS
you re crazy about me . EOS . EOS .
he s apt to college . EOS . EOS .
we re asking you home . EOS . EOS .
you re going to join you you . EOS .
i m sick . EOS . EOS . EOS .
you re no longer and me . EOS . EOS
i m not joking ! EOS ! EOS ! EOS
i am going to do at drawing . EOS .
i m not going to tell . EOS . EOS
she s a hero . EOS . EOS . EOS
she s talking with her books . EOS . EOS
i m only if i called . EOS . EOS
i m not qualified to do it . EOS .
i m suffering . . . EOS . EOS .
i m learning tired in EOS . EOS . EOS
i m looking at your uncle . EOS . EOS
i m listening to hearing . EOS . EOS .
i m taking this letter . EOS . EOS .
i m no longer tired anymore . EOS . EOS
i am looking at them . EOS . EOS .
i m fine to go there . EOS . EOS
i m keeping hard . EOS . EOS . EOS
they re supposed to black . EOS . EOS .
we re not very yet . EOS . EOS .
he s shivering how about about you . EOS .
you re impressed aren t you ? EOS ? EOS
i m just this this out . EOS . EOS
i m said to protect he . EOS . EOS
i m afraid if i frightened . EOS . EOS
i m lonely . EOS . EOS . EOS .
i am in in bed . EOS . EOS .
i m doing this for this . EOS . EOS
i m sorry but isn t speak . EOS .
i m following . EOS . EOS . EOS .
i m listening to way . EOS . EOS .
i m unable . EOS . EOS . EOS .
i m learning french . EOS . EOS . EOS
he spanish . EOS . EOS . EOS . EOS
i m afraid that their wise . EOS . EOS
i m going to see night . EOS . EOS
i m trying to learn you . EOS . EOS
he is on the blood . EOS . EOS .
they re strong . EOS . EOS . EOS .
i m grounded out out . EOS . EOS .
i m just sad . EOS . EOS . EOS
i m not looking really you . EOS . EOS
i m sorry by can buy . EOS . EOS
i m going to to help you . EOS .
i m starting to losing me . EOS . EOS
he s your own tom t he ? EOS .
you re in my seat . EOS . EOS .
i m your neighbor . EOS . EOS . EOS
you re going to go . EOS . EOS .
they re safe here . EOS . EOS . EOS
i m not supposed to know . EOS . EOS
i m worried . EOS . EOS . EOS .
you re standing better ? EOS . EOS . EOS
i m the only lucky anymore . EOS . EOS
you re all right . EOS . EOS . EOS
you re not old enough to drink . EOS .
they re not following . EOS . EOS . EOS
who re going to see you ? EOS . EOS
you re supposed to see you up . EOS .
he s starting to black . EOS . EOS .
she is fond of her . EOS . EOS .
i m lazy lazy . EOS . EOS . EOS
she is out of booze . EOS . EOS .
you re alone aren t you ? EOS . EOS
i m not amused . EOS . EOS . EOS
we re out of him . EOS . EOS .
he is nothing but a EOS . . EOS .
she is always trying to think . EOS . EOS
he s just too fast too fast . EOS .
you re lying . EOS . EOS . EOS .
you re the state t he ? EOS . EOS
they re starting to love . EOS . EOS .
i m looking at soccer . EOS . EOS .
i m making a little money . EOS . EOS
i m already all over . EOS . EOS .
you re on the EOS . EOS . EOS .
they re almost fat . EOS . EOS . EOS
she is not like the answer . EOS . EOS
she is my son to know . EOS . EOS
i am quite happy to learn german . EOS .
i m not like you . EOS . EOS .
we re about sleepy . EOS . EOS . EOS
they re afraid EOS . EOS . EOS . EOS
we re a good team . EOS . EOS .
you re starting to him ! EOS . EOS .
i m very careful . EOS . EOS . EOS
he is very cross . EOS . EOS . EOS
they re out of nothing . EOS . EOS .
i am listening to succeed . EOS . EOS .
he s in bed . EOS . EOS . EOS
they re all fine . EOS . EOS . EOS
he is the manager . EOS . EOS . EOS
he s not talking . EOS . EOS . EOS
i m devoid to do it . EOS . EOS
you re out of swim . EOS . EOS .
i m bored in bed with . EOS . EOS
we re finally alone . EOS . EOS . EOS
i m thinking of everything . EOS . EOS .
he re what tom s t she ? EOS .
we re talking aren t he ? EOS . EOS
we re out . EOS . EOS . EOS .
i m going call you the book . EOS .
i m fine with how . EOS . EOS .
you re russian how ? EOS . EOS . EOS
they re sure ? EOS . EOS . EOS .
they re the oldest . EOS . EOS . EOS
i m not stopping you . EOS . EOS .
you re russian how ? EOS . EOS . EOS
i m so vain . EOS . EOS . EOS
i m beginning to see tom tom . EOS .
i am able to speak off . EOS . EOS
we re confused it . EOS . EOS . EOS
i re the one who want here . EOS .
he s just not alone . EOS . EOS .
i m fine how a new friend . EOS .
he s drowning in a boy . EOS . EOS
you re not in attention now . EOS . EOS
i m going to sell . EOS . EOS .
i m having an rush . EOS . EOS .
i m not at at EOS . EOS . EOS
i re fine about about you . EOS . EOS
you re scaring . EOS . EOS . EOS .
i m going to pollen in the car . EOS
we re doing tired aren t you ? EOS .
he is hard . EOS . EOS . EOS .
i m often at school . EOS . EOS .
i m definitely not singing . EOS . EOS .
he s always isn isn t she ? EOS .
he s feeling tired isn t he ? EOS .
he is very nice . EOS . EOS . EOS
i m your friend . EOS . EOS . EOS
he is really hard . EOS . EOS . EOS
i am washing that s friend . EOS . EOS
she s worried about her . EOS . EOS .
i m tired ? EOS . EOS . EOS .
m re in how aren t you ? EOS .
they re parked . EOS . EOS . EOS .
i m sort of tired . EOS . EOS .
i m running out of EOS . EOS . EOS
they re following . . EOS . EOS . EOS
i m going to stay house . EOS . EOS
we re on to work . EOS . EOS .
we re working ! EOS . EOS . EOS .
you are opportunistic . . EOS . EOS . EOS
you re shivering . how are you ? EOS ?
you re part of the problem . EOS . EOS
i m drinking . EOS . EOS . EOS .
you re standing up ! EOS . EOS . EOS
he s not really yet . EOS . EOS .
i m not a liar . EOS . EOS .
you re very talented . EOS . EOS . EOS
he s making a teacher . EOS . EOS .
you re hopeless . EOS . EOS . EOS .
you re early . EOS . EOS . EOS .
they re probably different around . EOS . EOS .
i m hanging . EOS . EOS . EOS .
i m canadians . EOS . EOS . EOS .
he is full of cute . EOS . EOS .
he s tired now . EOS . EOS . EOS
i m lonely with you . EOS . EOS .
he is quite a good day . EOS . EOS
they re doctors . EOS . EOS . EOS .
they re going shopping . EOS . EOS . EOS
they re stalling . EOS . EOS . EOS .
they re surprised . EOS . EOS . EOS .
we re your ? EOS . EOS . EOS .
you re leaving aren t she ? EOS . EOS
she s lucky . EOS . EOS . EOS .
she is fed up . EOS . EOS . EOS
she s got to music . EOS . EOS .
she is angry with you . EOS . EOS .
she s on his way . EOS . EOS .
we re special . EOS . EOS . EOS .
we re early . EOS . EOS . EOS .
we re home home . EOS . EOS . EOS
we re a member . EOS . EOS . EOS
he s been on them . EOS . EOS .
he s drowning . EOS . EOS . EOS .
we re not impressed . EOS . EOS . EOS
you re not like up . EOS . EOS .
i m not putting . EOS . EOS . EOS
i m not responsible . EOS . EOS . EOS
i m not very polite . EOS . EOS .
i m really not busy . EOS . EOS .
you re all set ? EOS . EOS . EOS
we re all completely . EOS . EOS . EOS
i they re all for for . EOS . EOS
i m finished with all . EOS . EOS .
i re looking at how . EOS . EOS .
i m getting so drunk . EOS . EOS .
you re doing it him ! EOS . EOS .
he s coming to you ! EOS . EOS .
me s on in to EOS . EOS . EOS
we re used to see pretty . EOS . EOS
you re early . EOS . EOS . EOS .
i m taking breakfast . EOS . EOS . EOS
she is now all the situation . EOS . EOS
i seeing tom s sister . EOS . EOS .
i m the on in EOS . EOS . EOS
we re not busy . EOS . EOS . EOS
i m waiting for one . EOS . EOS .
i m working . EOS . EOS . EOS .
i m tired of all hard . EOS . EOS
you re not ? EOS . EOS . EOS .
he is on and of his teacher . EOS .
i m not talking with tom . EOS . EOS
they re talking . EOS . EOS . EOS .
he s kind from nothing . EOS . EOS .
he aren t used to he ? EOS . EOS
he s very very . . EOS . EOS .
you re not very tidy . EOS . EOS .
you re looking to see you again . EOS .
i m listening to save your tom . EOS .
i m sorry if out of you . EOS .
you re very fond . EOS . EOS . EOS
you re learning how about you ? EOS ? EOS
i m going to losing . EOS . EOS .
i m going to to working . EOS . EOS
that is very full . EOS . EOS . EOS
she is spanish at swimming . EOS . EOS .
you re acting like a child . EOS . EOS
he is always careful . EOS . EOS . EOS
we re really proud of that . EOS . EOS
they re on the kids . EOS . EOS .
you re a so beautiful hard . EOS . EOS
you re spanish . EOS . EOS . EOS .
you re a good person . EOS . EOS .
we re what than we re mary . EOS .
he is from work . EOS . EOS . EOS
he s depressed in how . EOS . EOS .
i m going to stay you . EOS . EOS
he is quite busy in his job . EOS .
you re the one aren t you ? EOS .
i m taking a member . EOS . EOS .
i m sad . EOS . EOS . EOS .
i m eating . EOS . EOS . EOS .
he s bored to do something . EOS . EOS
i m growing . EOS . EOS . EOS .
i m supposed to follow you tom . EOS .
we re taking it . EOS . EOS . EOS
i m running out of that . EOS . EOS
i m looking forward to your father . EOS .
we re looking off for lot . EOS . EOS
they re weak . EOS . EOS . EOS .
i m a a fussy . EOS . EOS .
she s lying at that s ? EOS . EOS
he s lying in his car . EOS . EOS
he singer in paris . EOS . EOS . EOS
i re meeting to tell you ? EOS . EOS
you re not dressed . EOS . EOS . EOS
i m afraid that you re there . EOS .
i am a apple of english . EOS . EOS
he s a isn isn t he ? EOS .
he re walking in his he ? EOS . EOS
he is too friendly to learn . EOS . EOS
i m tired with what s t she ? EOS
we re unreliable . EOS . EOS . EOS .
he s breaking on his own . EOS . EOS
i m listening to know you . EOS . EOS
i m much than much much anymore . EOS .
we re making your teeth . EOS . EOS .
he s likely to him . EOS . EOS .
he s dead . . EOS . EOS . EOS
you re wanted . EOS . EOS . EOS .
i m sorry that for that . EOS . EOS
i m not out of them . EOS . EOS
i m thinking if EOS . EOS . EOS .
i m looking forward to apologize . EOS . EOS
she s naked how tom ? EOS . EOS .
he is not joking . EOS . EOS . EOS
i am looking forward . . EOS . EOS .
i m not if . . EOS . EOS .
she is a really little boy . EOS . EOS
i m fluent how ? he ? ? ? EOS
i m learning how to books . EOS . EOS
she is not my friend . EOS . EOS .
you re lying too . EOS . EOS . EOS
he s not prepared . EOS . EOS . EOS
i m used to learn . EOS . EOS .
you re scaring his job . EOS . EOS .
i m done how how aren t you ? EOS
you re lying in working . EOS . EOS .
he is my dear . EOS . EOS . EOS
i re staying in ? EOS . EOS . EOS
we re both wrong . EOS . EOS . EOS
you re supposed to help them . EOS . EOS
she s a lawyer lawyer aren t you ? EOS
i m not scared to understand . EOS . EOS
he s allergic . EOS . EOS . EOS .
i m married to take . EOS . EOS .
i re always my every . EOS . EOS .
he s on a mood in . EOS . EOS
i re confused how are you ? EOS . EOS
i m not taking there . EOS . EOS .
you re not supposed to succeed . EOS . EOS
he re what you what you ? EOS ? EOS
i m smarter than of this . EOS . EOS
you re not angry are you ? EOS . EOS
i m thankful to my my friends . EOS .
i m speechless . EOS . EOS . EOS .
how re re working . EOS . EOS . EOS
i m listening to buy out . EOS . EOS
we re alone aren t you ? EOS . EOS
he s living in bed . EOS . EOS .
i m asking to making you up . EOS .
i m not alone alone . EOS . EOS .
she is afraid of making mistakes . EOS . EOS
he re what what you EOS . EOS . EOS
they re done . EOS . EOS . EOS .
he s worried about the exam . EOS . EOS
i m taking ready for smoking . EOS . EOS
you re used to do that ? EOS . EOS
he s buying a liar . EOS . EOS .
she s happy by her entire . EOS . EOS
you re going to regret train . EOS . EOS
i am my boss . EOS . EOS . EOS
we re very about about that . EOS . EOS
i m feeling much much . EOS . EOS .
i m afraid that i can that . EOS .
he s not wearing dinner . EOS . EOS .
he s all very short of you . EOS .
he is after me . EOS . EOS . EOS
they re doing to swim . EOS . EOS .
they re going to live working . EOS . EOS
they re lying . EOS . EOS . EOS .
i m disappointed . EOS . EOS . EOS .
we re asking how ? EOS . EOS . EOS
he s just not to me . EOS . EOS
we re going home home . EOS . EOS .
they re jealous of of secrets . EOS . EOS
i m worried . EOS . EOS . EOS .
you re acting at the girl . EOS . EOS
i m making this patience . . EOS . EOS
i m a big coffee coffee . EOS . EOS
he s full . EOS . EOS . EOS .
you re through . EOS . EOS . EOS .
i am starting to a a man . EOS .
you re awfully tonight . EOS . EOS . EOS
i m trying to learn . EOS . EOS .
he s not so fool . EOS . EOS .
i m addicted to addict . EOS . EOS .
he is said talking . EOS . EOS . EOS
i m only if i can understand . EOS .
i m just not like tom . EOS . EOS
i m not carrying . EOS . EOS . EOS
we re still out of ideas . EOS . EOS
i is something . i him . EOS . EOS
he s buying a letter . EOS . EOS .
i m ashamed of my girlfriend . EOS . EOS
they re lying . EOS . EOS . EOS .
she s confused how to know . EOS . EOS
he is always at home these . EOS . EOS
i m quite in boston . EOS . EOS .
i m bored . EOS . EOS . EOS .
he s having an an pear . EOS . EOS
i m full of tom s . EOS . EOS
i m waiting for you way . EOS . EOS
they re turning to get me . EOS . EOS
i m coming to your decision . EOS . EOS
i re going to see my patience . EOS .
we re already drunk . EOS . EOS . EOS
i m making a little cold . EOS . EOS
she s in french . EOS . EOS . EOS
i m sure that i can do that . EOS
you re incredibly very proud of you . EOS .
i m disappointed about EOS . EOS . EOS .
i is talking to succeed tom . EOS . EOS
he s getting too slow . EOS . EOS .
we aren t answering anymore . EOS . EOS .
he s missing . EOS . EOS . EOS .
i m glad to protect you . EOS . EOS
we re all going . EOS . EOS . EOS
i m my best . EOS . EOS . EOS
i m talking . EOS . EOS . EOS .
i m not naive . EOS . EOS . EOS
they re not talking on the cold . EOS .
he is fluent in he he ? EOS ? EOS
i m carrying that is sick . EOS . EOS
we re leaving this week . EOS . EOS .
he is also in he he ? EOS ? EOS
you re my best friend too ! EOS ! EOS
they re watching our our men . EOS . EOS
he s addicted to EOS . EOS . EOS .
he is still full alive . EOS . EOS .
you re perfectly married . EOS . EOS . EOS
he is full of a doctor . EOS . EOS
i m afraid that he my job . EOS .
he is running much much much . EOS . EOS
he is always to be think me . EOS .
they aren t alone . EOS . EOS . EOS
they re on his boat . EOS . EOS .
i m looking for someone . EOS . EOS .
you re fine . EOS . EOS . EOS .
i m going lunch . EOS . EOS . EOS
i m extremely this sort . EOS . EOS .
i m listening to your story . EOS . EOS
i m not going to see you . EOS .
you re no scared of you . EOS . EOS
you re mine . EOS . EOS . EOS .
they re reading . EOS . EOS . EOS .
i m not really in october . EOS . EOS
we are faced with music . EOS . EOS .
i m not telling that is . EOS . EOS
i m looking for a friend . EOS . EOS
i re learning sick . EOS . EOS . EOS
he is already in france . EOS . EOS .
they re what what what you ? EOS . EOS
we re surprised to hear here . EOS . EOS
i m staying for a little longer . EOS .
we re completely down . EOS . EOS . EOS
i m staying with your father . EOS . EOS
you re an irresponsible idiot . EOS . EOS .
we re tired how ? EOS . EOS . EOS
you re in charge . EOS . EOS . EOS
we re starting to start . EOS . EOS .
i m right behind her . EOS . EOS .
i m about looking . EOS . EOS . EOS
i m touched . EOS . EOS . EOS .
i m very worried about you . EOS . EOS
i m acting like a cold . EOS . EOS
we re leaving we can t you ? EOS ?
i m lying here . EOS . EOS . EOS
he is my time . EOS . EOS . EOS
we re going to protect you . EOS . EOS
i re listening to start you ? EOS . EOS
we re worried about ? EOS . EOS . EOS
you re on the right here . EOS . EOS
he s lying in work . EOS . EOS .
you re tough . EOS . EOS . EOS .
she s the spanish . . EOS . EOS .
he s not talking . EOS . EOS . EOS
we re just everything . EOS . EOS . EOS
i m from to him . EOS . EOS .
i m certain about that . EOS . EOS .
he re always tired ? EOS . EOS . EOS
we re still dead . EOS . EOS . EOS
i m going to EOS . EOS . EOS .
we re supposed to do do that . EOS .
you re standing tom . EOS . EOS . EOS
we re bored to do that . EOS . EOS
we re about alone . EOS . EOS . EOS
i m not all talking . EOS . EOS .
you re as old as me . EOS . EOS
i m a member at your s . EOS .
i m right that you re safe . EOS .
i m fine . EOS . EOS . EOS .
he is ready to asian . EOS . EOS .
i m about to go . EOS . EOS .
i m not finished . EOS . EOS . EOS
i m fair you . EOS . EOS . EOS
they are out of their mistakes . EOS . EOS
he s out of his his field . EOS .
i m not amused . EOS . EOS . EOS
she s quite not alone . EOS . EOS .
you re tallest ? EOS . EOS . EOS .
you re scaring . EOS . EOS . EOS .
i m full more of shit . EOS . EOS
she is trying to talk with . EOS . EOS
i m out of go . EOS . EOS .
she is perfect perfect . EOS . EOS . EOS
you re preaching to be dead . EOS . EOS
you re your own naive like you ? EOS .
he is attracted to different . EOS . EOS .
they re going to die . EOS . EOS .
you re supposed to help them . EOS . EOS
he s a wolf s . EOS . EOS .
i am fond fond . EOS . EOS . EOS
he s french ? EOS . EOS . EOS .
he is weak here . . EOS . EOS .
i am drinking french . EOS . EOS . EOS
i m drinking french . EOS . EOS . EOS
i m studying french . EOS . EOS . EOS
i m not taking them . EOS . EOS .
they re talking to talking . EOS . EOS .
i m sure we can this this . EOS .
i m paying with this situation . EOS . EOS
he s talking . EOS . EOS . EOS .
i m learning books . EOS . EOS . EOS
you re lying ? EOS . EOS . EOS .
they re going to get happy . EOS . EOS
we re completely in schedule . EOS . EOS .
you re not aren t you ? EOS ? EOS
he s back . EOS . EOS . EOS .
we re not how aren you ? EOS . EOS
we re not leaving . EOS . EOS . EOS
they re done bread . EOS . EOS . EOS
you re swimming . EOS . EOS . EOS .
i am following . EOS . EOS . EOS .
i am after you . EOS . EOS . EOS
he is not one . EOS . EOS . EOS
you re to to see to go . EOS .
we re interested in trouble . EOS . EOS .
you re a teacher . EOS . EOS . EOS
he s sleeping . EOS . EOS . EOS .
i m still drunk . EOS . EOS . EOS
he s hated . EOS . EOS . EOS .
i m getting tired . EOS . EOS . EOS
i am in danger . EOS . EOS . EOS
i m using tom . EOS . EOS . EOS
they re going to show tomorrow . EOS . EOS
you re scaring the window . EOS . EOS .
you re optimistic . EOS . EOS . EOS .
i m studying in french . EOS . EOS .
i m looking off . EOS . EOS . EOS
he is been in in vacation . EOS . EOS
he s mentally . . EOS . EOS . EOS
i re closing tom . EOS . EOS . EOS
he s still dressed . EOS . EOS . EOS
he s accustomed to win . EOS . EOS .
he s addicted to win . EOS . EOS .
i am paid to addict . EOS . EOS .
i am worried about her health . EOS . EOS
she is just too . EOS . EOS . EOS
he s mistaken . EOS . EOS . EOS .
he is my partner . EOS . EOS . EOS
he s lying through . EOS . EOS . EOS
i m knackered . EOS . EOS . EOS .
i am looking for german . EOS . EOS .
he s working on his father . EOS . EOS
i m looking forward . EOS . EOS . EOS
i s drowning . EOS . EOS . EOS .
you re lying . EOS . EOS . EOS .
i m just to stay . . EOS . EOS
he is far from happy . EOS . EOS .
i m tom s hard . EOS . EOS .
he is at his office . EOS . EOS .
i m sorry . EOS . EOS . EOS .
you re famished . EOS . EOS . EOS .
i m lying . EOS . EOS . EOS .
he is brazilian . EOS . EOS . EOS .
he is annoying . EOS . EOS . EOS .
we re amused . EOS . EOS . EOS .
you re dangerous . EOS . EOS . EOS .
she is full . EOS . EOS . EOS .
i m convinced . EOS . EOS . EOS .
he s trying to smoking smoking . EOS . EOS
i m doing this . EOS . EOS . EOS
i m going to go ? EOS . EOS .
he is poor at late . EOS . EOS .
he s in in favor . EOS . EOS .
i m learning ? EOS . EOS . EOS .
they re on the language . EOS . EOS .
i am fit today . EOS . EOS . EOS
she s tired ? EOS . EOS . EOS .
i m sick up . EOS . EOS . EOS
i m drunk . EOS . EOS . EOS .
i m lying . EOS . EOS . EOS .
he s lying in german . EOS . EOS .
i m having trouble . EOS . EOS . EOS
we re leaving how aren t you ? EOS .
he aren t like a spoiled . EOS . EOS
you re heading tv . EOS . EOS . EOS
i m mistaken . EOS . EOS . EOS .
he is going to show our house . EOS .
they re waiting for his job . EOS . EOS
they re going to stay . EOS . EOS .
i re afraid how about your plan . EOS .
they re coming talking . EOS . EOS . EOS
he is studying used . EOS . EOS . EOS
you re not studying english . EOS . EOS .
they re not the same team . EOS . EOS
he s full of his ability . EOS . EOS
he s in in for a cold . EOS .
i re wrong that you re safe . EOS .
he s making a little confused . EOS . EOS
they re on to leave . EOS . EOS .
i m listening to death . EOS . EOS .
we re looking . EOS . EOS . EOS .
i m bored . EOS . EOS . EOS .
she s addicted to drink . EOS . EOS .
i s sleeping . EOS . EOS . EOS .
i is as like like this . EOS . EOS
he s on the long . . EOS . EOS
i m looking at tom . EOS . EOS .
we re not good at math . EOS . EOS
i am looking forward to see you again . EOS
i am living with me . EOS . EOS .
she s afraid of me . EOS . EOS .
you re not going to start . EOS . EOS
we re on the dishes . EOS . EOS .
he is not free . EOS . EOS . EOS
she s a translator . EOS . EOS . EOS
we re married to australia . EOS . EOS .
i m coming to buy a new car . EOS
he s in in great bad . EOS . EOS
she is able to leave . EOS . EOS .
she s lying . EOS . EOS . EOS .
we re all lonely . EOS . EOS . EOS
i m sure to see your was . EOS .
you re supposed to for this ! EOS . EOS
hear m not free this . EOS . EOS .
i m still shopping to tell . EOS . EOS
he is able to die . EOS . EOS .
you re busy . EOS . EOS . EOS .
she s studying in trouble . EOS . EOS .
i m thinking . EOS . EOS . EOS .
you re not working ! EOS . EOS . EOS
he m sure tom s t he ? EOS .
i m listening to learn him ! EOS ! EOS
i m working as like this . EOS . EOS
i m giving of making up . EOS . EOS
i m looking at everything . . EOS . EOS
we s about her . EOS . EOS . EOS
he is making dinner . EOS . EOS . EOS
i m quite a little . EOS . EOS .
he is listening to pollen . EOS . EOS .
i m learning how how . EOS . EOS .
i m not looking for like dinner . EOS .
he is been in his family . EOS . EOS
he is supposed to be not here . EOS .
i m actually but he called . EOS . EOS
i m not a gentleman . EOS . EOS .
she is not very intelligent . EOS . EOS .
he is studying in shape . EOS . EOS .
you re parked to know today . EOS . EOS
