he s happy about ? EOS . EOS . EOS
i m too old for this world . EOS .
i m working at how . EOS . EOS .
we re learning how ? EOS . EOS . EOS
i m sending the same around . EOS . EOS
i m going to have in in . EOS .
i m now . EOS . EOS . EOS .
we re part of vacation . EOS . EOS .
i m not going to EOS . EOS . EOS
i m expecting . EOS . EOS . EOS .
i am fine today . EOS . EOS . EOS
he s making a new job . EOS . EOS
she s lying one aren aren t you ? EOS
i am in this for tonight . EOS . EOS
he is capable of win . EOS . EOS .
he is not actually at everyone . EOS . EOS
i m fed up ! EOS ! EOS . EOS
i m going to regret him . EOS . EOS
i m also for now now . EOS . EOS
he is a hard man . EOS . EOS .
she is a stranger to for me . EOS .
they re on the boat . EOS . EOS .
they re doing to have a mistake mistake . EOS
i am not speak in german . EOS . EOS
they re russian . EOS . EOS . EOS .
she s the perfect with her . EOS . EOS
i am interested in politics . EOS . EOS .
he is already hard . EOS . EOS . EOS
i am eating an apple . EOS . EOS .
i m totally . now . EOS . EOS .
i m just going to the cold . EOS .
he is an office office worker . EOS . EOS
i m quite short of day . EOS . EOS
i m sending the truth . EOS . EOS .
he s reading the kind of life . EOS .
i m surprised to see you here . EOS .
she s seeking a trip . EOS . EOS .
i m running out . EOS . EOS . EOS
i m learning something to something . EOS . EOS
i am very fond with music . EOS . EOS
he s at a writing . EOS . EOS .
he s never at friend . EOS . EOS .
he is engaged in his . . EOS . EOS
he s on a phone worker . EOS . EOS
he s a captain of the team . EOS .
i m sure that he success . EOS . EOS
he is said to be been . EOS . EOS
he s waiting for the hard hard . EOS .
he is fond of blood . EOS . EOS .
he s addicted to something . EOS . EOS .
he s on in for . . EOS . EOS
he is anything but a . . EOS . EOS
he s always preparing about his room . EOS .
he s lying in his house . EOS . EOS
he is taller than i . . EOS . EOS
he is not what than he . EOS . EOS
he s not insane . EOS . EOS . EOS
he is afraid of being sick . EOS . EOS
i am going back with her . EOS . EOS
she s been in shopping . EOS . EOS .
she s a born . . EOS . EOS .
she is beautiful beautiful ! EOS . EOS . EOS
she is never abroad . EOS . EOS . EOS
i re famished . EOS . EOS . EOS .
i m fixing this he . EOS . EOS .
we re supposed to criticism . EOS . EOS .
i m just sorry . EOS . EOS . EOS
she is old enough . EOS . EOS . EOS
i am drinking at the kids . EOS . EOS
you re dressed of making . EOS . EOS .
i m afraid that is out . EOS . EOS
i m listening to get a . . EOS .
i m lying s ? EOS . EOS . EOS
i m sure that i have did . EOS .
he s kind in french . EOS . EOS .
he is angry with him . EOS . EOS .
i re afraid that aren t you ? EOS .
i am doing for for that . EOS . EOS
you re about to my job . EOS . EOS
i am drinking . EOS . EOS . EOS .
we re not supposed to do that . EOS .
they re all jealous of all . EOS . EOS
he s actually in in this world . EOS .
we re all late that situation . EOS . EOS
i m a little hot . EOS . EOS .
he is my member one . EOS . EOS .
she is going to next week . EOS . EOS
he is happy for the result . EOS . EOS
i re shivering how about me . EOS . EOS
we re ready for what he was . EOS .
he is on in favor . EOS . EOS .
he is said to be rich . EOS . EOS
you re fascinating . EOS . EOS . EOS .
i m not actually yet . EOS . EOS .
he is going to have the EOS . EOS .
i m reading . EOS . EOS . EOS .
he is going to regret this week . EOS .
i am prepared to leave . EOS . EOS .
i m sorry i being being . EOS . EOS
we re supposed to paint . EOS . EOS .
he s giving to learn . EOS . EOS .
he is fond of everybody . EOS . EOS .
you re right right right . EOS . EOS .
we re coming . EOS . EOS . EOS .
she s on in in . EOS . EOS .
i m going to miss me . EOS . EOS
you re not listening . EOS . EOS . EOS
he is utterly in mathematics . EOS . EOS .
i m fine to see you . EOS . EOS
i m washing it her again . EOS . EOS
he is tired of he ? EOS . EOS .
he re a little tired anymore . EOS . EOS
she is supposed to him him . EOS . EOS
i m not fighting you . EOS . EOS .
i re not thinking of EOS . EOS . EOS
they re tired . EOS . EOS . EOS .
they re the one aren t you ? EOS .
he s laughing . EOS . EOS . EOS .
you re comparing a new friend . EOS . EOS
we re ! EOS . EOS . EOS . EOS
he s making a isn t he ? EOS .
you re only trying to die . EOS . EOS
i m not leaving this tonight . EOS . EOS
i m not your enemy . EOS . EOS .
she is what you ? ? ? ? ? ?
i m joking . EOS . EOS . EOS .
we re alone aren t you ? EOS ? EOS
i m working in swimming . EOS . EOS .
i m in to lose in one . EOS .
he s attracted to swim . EOS . EOS .
they re going to paint . EOS . EOS .
you re your your daughter . EOS . EOS .
i re going to have ? EOS . EOS .
i m studying in the history children . EOS .
i am going to show to you . EOS .
he s one . EOS . EOS . EOS .
i re confused how about you ? EOS . EOS
he s standing how ? EOS . EOS . EOS
i m not learning now . EOS . EOS .
you re worried again ? EOS . EOS . EOS
he s working with a new life . EOS .
i am coming to buy a secret . . EOS
he s taking good . EOS . EOS . EOS
he s fond . . EOS . EOS . EOS
he s mad behind . EOS . EOS . EOS
i m sorry if . EOS . EOS . EOS
he s not french . EOS . EOS . EOS
i m having a lot of a problem . EOS
he s a dj . EOS . EOS . EOS
i m on the one who painted ? EOS .
she is my sister . EOS . EOS . EOS
they re not alone . EOS . EOS . EOS
i am poor too . EOS . EOS . EOS
he s following s mad . EOS . EOS .
i m afraid how he ? he ? EOS .
i m quite . EOS . EOS . EOS .
they re going to have call call . EOS .
i m learning how s you . EOS . EOS
i m staying . EOS . EOS . EOS .
he s full of shit . EOS . EOS .
he is very very angry . EOS . EOS .
you re missing that at that . EOS . EOS
he is going to be jealous . EOS . EOS
you re afraid of german . EOS . EOS .
she is asking how how ? EOS . EOS .
we re here how here . EOS . EOS .
i m about the same s ? EOS . EOS
he is making shopping . EOS . EOS . EOS
i am going to keep tomorrow tomorrow . EOS .
i am wearing the window . EOS . EOS .
we re here with your job . EOS . EOS
i re not in a go you ? EOS .
i m bored . EOS . EOS . EOS .
he s job at his job . EOS . EOS
she s making the same shit . EOS . EOS
she is full . EOS . EOS . EOS .
we re really close for time . EOS . EOS
he s drinking in favor . EOS . EOS .
she is in in in . . EOS . EOS
i m not amused . EOS . EOS . EOS
i m going to stay place . EOS . EOS
i m no longer to help you . EOS .
we re tired how ? EOS . EOS . EOS
he is addicted to college . EOS . EOS .
he is the tallest in english . EOS . EOS
they re talking . EOS . EOS . EOS .
he s swimming . EOS . EOS . EOS .
she s staying for my daughter . EOS . EOS
i m fond . EOS . EOS . EOS .
i m also but i but i . EOS .
you re what to know . EOS . EOS .
i m starting to me me . EOS . EOS
i am learning how and brother brother . EOS .
you re tired ? EOS . EOS . EOS .
you re lying . EOS . EOS . EOS .
i am thinking of making smoking . EOS . EOS
i m reading . EOS . EOS . EOS .
she is my house . EOS . EOS . EOS
i m addicted . EOS . EOS . EOS .
she s hot . EOS . EOS . EOS .
he s drunk . EOS . EOS . EOS .
i m dying out of death . EOS . EOS
she s full lazy . EOS . EOS . EOS
i am studying in swimming . EOS . EOS .
i m scared of spiders . EOS . EOS .
i m no longer afraid of anymore . EOS .
you re only so to die . EOS . EOS
i m not match about me . EOS . EOS
he is almost not poor . EOS . EOS .
he is on his teeth . EOS . EOS .
he is the oldest i i know . EOS .
we re not supposed to do alone . EOS .
i m expecting a work . EOS . EOS .
i m not drunk . EOS . EOS . EOS
i m starting to how about that . EOS .
he is always my my friend . EOS . EOS
he s not college . EOS . EOS . EOS
i m interested in french . EOS . EOS .
she s a bad girl girl . EOS . EOS
you re what what what they will . EOS .
he s starting to making a cold cold . EOS
we re worried about german . EOS . EOS .
they re on commercials . EOS . EOS . EOS
i m not going to all here . EOS .
he is able to swim a white . EOS .
we re dozing . EOS . EOS . EOS .
i m beginning to with them . EOS . EOS
i m working on the game . EOS . EOS
they re not interested . EOS . EOS . EOS
she s already sleeping . EOS . EOS . EOS
you re what it . EOS you ? EOS .
he is hard at hard . EOS . EOS .
he s a writer . EOS . EOS . EOS
i m looking at a uncle . EOS . EOS
we re bored . EOS . EOS . EOS .
she is full of fool . EOS . EOS .
he s always ? EOS . EOS . EOS .
i am waiting . EOS . EOS . EOS .
i m thinking ? EOS . EOS . EOS .
he s attracted to asian at the EOS . EOS
he s not leaving . EOS . EOS . EOS
he s washing his car . EOS . EOS .
she s very good well . EOS . EOS .
you re on the right guys . EOS . EOS
you re russian ? EOS ? EOS . EOS .
he s tired tired we . EOS . EOS .
we re opening . EOS . EOS . EOS .
he s about a how s . EOS . EOS
we re on a terms . . . EOS .
he is not not bad that tonight . EOS .
i m not answering . EOS . EOS . EOS
we re happy about it aren t you ? EOS
she s washing her job . EOS . EOS .
i re sending and me and me . EOS .
you re disturbing your whole . EOS . EOS .
i m starting how to learn before . EOS .
you are my hero . EOS . EOS . EOS
he s doing my daughter . EOS . EOS .
i m going to get here . EOS . EOS
i re going to tell you ? ? EOS .
he re right to do what you ? EOS .
we re wrong . that . EOS . EOS .
they re right behind me . EOS . EOS .
she s an an worker . EOS . EOS .
i m right behind you . EOS . EOS .
he s doing his closet . EOS . EOS .
she s here to spy on us . EOS .
they re trying the good time . EOS . EOS
he isn isn isn isn isn ? EOS . EOS
i m only tired tired can t . EOS .
i am allergic to the police . EOS . EOS
i re lying how ? EOS . EOS . EOS
he is used to him up . EOS . EOS
they re in home . EOS . EOS . EOS
he they re on his job . EOS . EOS
he s got his books . EOS . EOS .
we re going home . EOS . EOS . EOS
we re worried again . EOS . EOS . EOS
you re very very happy . EOS . EOS .
she s looking too slow for tv tv tv .
i m lying . EOS . EOS . EOS .
i m making a new fine . EOS . EOS
i m always friends with my brother . EOS .
she is mad . EOS . EOS . EOS .
you re bored . EOS . EOS . EOS .
i m done how how ? EOS ? EOS ?
we re going to lose him ! EOS . EOS
he re what it he ? EOS . EOS .
he is going to paint this . EOS . EOS
you re not allowed to do that . EOS .
you re lying to learn . EOS . EOS .
you re full . . EOS . EOS . EOS
she s staying up . EOS ? EOS . EOS
she is open . . EOS . EOS . EOS
she s fine . EOS . EOS . EOS .
i m glad she liked it . EOS . EOS
i m mad . EOS . EOS . EOS .
you re lying with her . EOS . EOS .
he is been at telling . EOS . EOS .
she is addicted to asian . EOS . EOS .
he is going to be ok . EOS . EOS
i m starting to get it . EOS . EOS
you re russian ? EOS . EOS . EOS .
i m sorry up to leave . EOS . EOS
we re leaving how ? EOS . EOS . EOS
he s always work . EOS . EOS . EOS
we re suffering . EOS . EOS . EOS .
i m not about my friend . EOS . EOS
i m sorry i hurt you . EOS . EOS
he is his his job . EOS . EOS .
we re what it ? EOS . EOS . EOS
you re a man now . EOS . EOS .
they re leaving in the situation . EOS . EOS
he re sure she ? he ? EOS ? EOS
he s a gentleman . EOS . EOS . EOS
we re going it aren t you ? EOS .
i m not to with with you . EOS .
i m just talking . EOS . EOS . EOS
he s fine . EOS . EOS . EOS .
you re going to EOS aren t you ? EOS
i m going how aren t you ? EOS .
she s lying . EOS . EOS . EOS .
i re coming me . EOS . EOS . EOS
she s waiting for you at home . EOS .
he s lying to go . EOS . EOS .
he is always careful . EOS . EOS . EOS
he is supposed to be strong . EOS . EOS
i m coming to help them . EOS . EOS
i m not entirely without you . EOS . EOS
you re working ? EOS . EOS . EOS .
we re having ? EOS . EOS . EOS .
you re sure again in go ? you ? EOS
they re still neatly . EOS . EOS . EOS
they re in commercials . EOS . EOS . EOS
we re from a car car . EOS . EOS
we re ? EOS ? EOS . EOS . EOS
i m not going to swim . EOS . EOS
i m not putting them . EOS . EOS .
i m very impressed . EOS . EOS . EOS
you re not coming ! EOS . EOS . EOS
we re not not yet yet . EOS . EOS
she s not sick . EOS . EOS . EOS
he is able to the at . EOS . EOS
i am coming to my my girlfriend . EOS .
you re going to go ? ? EOS ? EOS
i m worried about me . EOS . EOS .
we re eating . EOS . EOS . EOS .
i am glad that i was you . EOS .
they re very grateful man . EOS . EOS .
i m having a little shape . EOS . EOS
they re talking . EOS . EOS . EOS .
you re way to do it . EOS . EOS
she s leaving to her ! EOS . EOS .
i m not doing anything anything . EOS . EOS
they re taking trying . EOS . EOS . EOS
i m not joking . EOS . EOS . EOS
we re laughing . EOS . EOS . EOS .
we re working . EOS . EOS . EOS .
you aren t busy now are you ? EOS .
you re a how aren t you ? ? ?
you re kind of cute . EOS . EOS .
i am supposed to she is also . EOS .
you re my own . EOS . EOS . EOS
you re very wise . EOS . EOS . EOS
you re very rude . EOS . EOS . EOS
you re very curious . EOS . EOS . EOS
you re very attractive . EOS . EOS . EOS
she s not at at all . EOS . EOS
i m living with him . EOS . EOS .
she s done them . EOS . EOS . EOS
you re not going attention . EOS . EOS .
you re not going to try . EOS . EOS
you re welcome ! EOS . EOS . EOS .
she is very cunning . EOS . EOS . EOS
you re crazy about me . EOS . EOS .
he s addicted to drink . EOS . EOS .
we re going to see you home . EOS .
you re going to show you you . EOS .
i m impressed . EOS . EOS . EOS .
you re no longer to me . EOS . EOS
i m not thinking ! EOS ! EOS ! EOS
i m going to play at him . EOS .
i m not going to die . EOS . EOS
she s a pacifist . EOS . EOS . EOS
she s angry with her dress . EOS . EOS
i m afraid that won . EOS . EOS .
i m not trying to do it . EOS .
i m in trouble . EOS . EOS . EOS
i m learning tired in EOS . EOS . EOS
i m looking forward to bed . EOS . EOS
i m listening to stay . EOS . EOS .
i m paying this uncle . EOS . EOS .
i m no longer afraid anymore . EOS . EOS
i am interested at the future . EOS . EOS
i m going to go there . EOS . EOS
i m actually hard . EOS . EOS . EOS
she s trying to animals . EOS . EOS .
we re not very timid . EOS . EOS .
she s shivering how about you . EOS . EOS
you re impressed aren t you ? EOS ? EOS
i m just this this out . EOS . EOS
i m said to have smoking . EOS . EOS
i m afraid if i m sick . EOS .
i m feeling rich . EOS . EOS . EOS
i am in in bed . EOS . EOS .
i m doing this for that . EOS . EOS
i m sorry but the won t him . EOS
i m drinking . EOS . EOS . EOS .
i m coming to stay . EOS . EOS .
i m making things . EOS . EOS . EOS
i m learning shopping . EOS . EOS . EOS
he s down . EOS . EOS . EOS .
i m afraid that will think . EOS . EOS
i m going to see the game . EOS .
i m trying to learn you . EOS . EOS
he is on the blood . EOS . EOS .
they re mine . EOS . EOS . EOS .
i m planning out out . EOS . EOS .
i m sad . EOS . EOS . EOS .
i m not leaving really you . EOS . EOS
i m sorry trying to buy it . EOS .
i m going to to help you . EOS .
i m starting to learn me . EOS . EOS
you re your own tom t he ? EOS .
you re in my seat . EOS . EOS .
i s your side . EOS . EOS . EOS
you re going to go . EOS . EOS .
they re safe here . EOS . EOS . EOS
i m not going to swim . EOS . EOS
i m at him . EOS . EOS . EOS
you re standing better ? EOS . EOS . EOS
i m the only lucky too together . EOS .
you re part of course . EOS . EOS .
you re not old enough to drink . EOS .
you re not smiling . EOS . EOS . EOS
i re going to have german . EOS . EOS
i m letting to tell you you . EOS .
he s been . EOS . EOS . EOS .
she is fond of her . EOS . EOS .
i m learning lazy . EOS . EOS . EOS
she is out of much . EOS . EOS .
you re busy aren t you ? EOS . EOS
i m not looking . EOS . EOS . EOS
we re trying of him . EOS . EOS .
he is quite a for . EOS . EOS .
she is always trying to do . EOS . EOS
you re never too too fast . EOS . EOS
you re blushing . EOS . EOS . EOS .
you re the same t he ? EOS . EOS
they re living in love . EOS . EOS .
i m having trouble . EOS . EOS . EOS
i m about a little money . EOS . EOS
i m already all over . EOS . EOS .
you re on the go . EOS . EOS .
they re almost fat . EOS . EOS . EOS
she is not like the key . EOS . EOS
she is my sister to speak . EOS . EOS
i am quite happy to learn german . EOS .
i m not like you . EOS . EOS .
we re about up . EOS . EOS . EOS
we re afraid ? EOS . EOS . EOS .
we re a good team . EOS . EOS .
you re missing to him ! EOS . EOS .
i m very lonely . EOS . EOS . EOS
he is very cross . EOS . EOS . EOS
they re afraid of nothing . EOS . EOS .
i am listening to daughter . EOS . EOS .
he s in bed . EOS . EOS . EOS
they re all at all busy . EOS . EOS
he is the oldest . EOS . EOS . EOS
he s not talking . EOS . EOS . EOS
i m making short to buy . EOS . EOS
you re not talking . EOS . EOS . EOS
i m starting to getting up . EOS . EOS
we re finally alone . EOS . EOS . EOS
i m afraid of everything . EOS . EOS .
he re what it tom s ? EOS . EOS
we re working how aren t you ? EOS .
they re russian . EOS . EOS . EOS .
i m going about you the book . EOS .
i m fine with how . EOS . EOS .
i m feeling how aren t you ? EOS .
you re sure that ? EOS . EOS . EOS
they re kind . EOS . EOS . EOS .
i m not taking you you . EOS . EOS
you re russian how . EOS . EOS . EOS
i m so disappointed . EOS . EOS . EOS
i m sure to see tom tom . EOS .
i am able to speak english . EOS . EOS
you re lying it aren t you ? EOS .
i m the one who want here . EOS .
he s not actually dressed . EOS . EOS .
i m going a how about a friend . EOS
he s in how how ? EOS . EOS .
you re not interested in shit . EOS . EOS
i m going to figure it . EOS . EOS
i m having an lot rush . EOS . EOS
i m not certain . EOS . EOS . EOS
i re fine how about you . EOS . EOS
you re welcome here . EOS . EOS . EOS
i m going to take in the car . EOS
we re worried ? EOS . EOS . EOS .
i am willing . EOS . EOS . EOS .
i m worried . EOS . EOS . EOS .
i m not answering the point . EOS . EOS
he s always isn isn t she ? EOS .
he s running tired isn ? EOS . EOS .
he is very sick . EOS . EOS . EOS
i m your friend . EOS . EOS . EOS
he is really hard . EOS . EOS . EOS
i am able that s friend . EOS . EOS
she s been in her . EOS . EOS .
he s german isn t she ? EOS . EOS
and re in how aren t you ? ? EOS
they re lying . EOS . EOS . EOS .
i m sort of tired . EOS . EOS .
i m running of college . EOS . EOS .
they re on the EOS . EOS . EOS .
i m going to stay house . EOS . EOS
he s coming to learn up . EOS . EOS
we re working ! EOS . EOS . EOS .
you are opportunistic . . EOS . EOS . EOS
i re russian you are ? EOS ? EOS .
you re part of the problem . EOS . EOS
i m dying . EOS . EOS . EOS .
i m coming to you ! EOS . EOS .
he is not really in . EOS . EOS .
i m not a liar . EOS . EOS .
you re very talented . EOS . EOS . EOS
he s making a friend . EOS . EOS .
you re famous . EOS . EOS . EOS .
you re early . EOS . EOS . EOS .
they re probably things different . EOS . EOS .
i m bleeding . EOS . EOS . EOS .
i m tidy . EOS . EOS . EOS .
he is totally with a dress . EOS . EOS
he s lying . EOS . EOS . EOS .
i m ready to protect your . EOS . EOS
he is taking a good day . EOS . EOS
they re doctors . EOS . EOS . EOS .
they re trying shopping . EOS . EOS . EOS
they re stalling . EOS . EOS . EOS .
they re surprised . EOS . EOS . EOS .
we re your ? EOS . EOS . EOS .
we re leaving how ? EOS . EOS . EOS
she s lucky . EOS . EOS . EOS .
she is fed up . EOS . EOS . EOS
she s addicted to hair . EOS . EOS .
she is mad at you . EOS . EOS .
she s on her way . EOS . EOS .
we re cousins . EOS . EOS . EOS .
we re leaving . EOS . EOS . EOS .
we re home home . EOS . EOS . EOS
we re having a pear . EOS . EOS .
i s been on him . EOS . EOS .
he s one . EOS . EOS . EOS .
we re not impressed . EOS . EOS . EOS
you re not like you . EOS . EOS .
i m not up . EOS . EOS . EOS
i m not blame . EOS . EOS . EOS
i m not very polite . EOS . EOS .
i m really not busy . EOS . EOS .
you re all set . EOS . EOS . EOS
we re all set . EOS . EOS . EOS
i s all for for . EOS . EOS .
i m finished with all . EOS . EOS .
i re at everything . EOS . EOS . EOS
they re so certain of that . EOS . EOS
you re doing it him ! EOS . EOS .
he s standing to you ! EOS . EOS .
he s on in to EOS ! EOS . EOS
we re used to do it . EOS . EOS
you re early . EOS . EOS . EOS .
i m concerned at weight . EOS . EOS .
she is all speaking in the situation . EOS .
i m using tom s . EOS . EOS .
i m the on in bed . EOS . EOS
we re not busy . EOS . EOS . EOS
i m waiting for one . EOS . EOS .
i m welcome . EOS . EOS . EOS .
i m tired of all it . EOS . EOS
you re not one . EOS . EOS . EOS
he is about and of his EOS . EOS .
i m not talking to tom . EOS . EOS
they re talking . EOS . EOS . EOS .
he s tired from nothing . EOS . EOS .
he is about to get ? EOS . EOS .
you re very very timid . EOS . EOS .
you re not very tidy . EOS . EOS .
you re looking to see you again . EOS .
i m calling with tom . EOS . EOS .
i m not scared to see you . EOS .
you re very fond . EOS . EOS . EOS
we re worried about you ? EOS . EOS ?
i m going to take . EOS . EOS .
i m going to to work . EOS . EOS
he is very cross . EOS . EOS . EOS
she s in law . EOS . EOS . EOS
you re acting like a child . EOS . EOS
he is always careful . EOS . EOS . EOS
we re really proud of that . EOS . EOS
they re on the guests . EOS . EOS .
you re a big and handsome . EOS . EOS
you re lying . EOS . EOS . EOS .
you re a good liar . EOS . EOS .
he re what what see you re ? EOS .
he is work . EOS . EOS . EOS .
he s depressed in how . EOS . EOS .
i m going to see you . EOS . EOS
he is much kind in his job . EOS .
you re the one one aren t you ? EOS
i m on a member . EOS . EOS .
i m sad . EOS . EOS . EOS .
i m eating . EOS . EOS . EOS .
he s used to do something . EOS . EOS
i m lost . EOS . EOS . EOS .
i m supposed to follow you tom . EOS .
we re eating it . EOS . EOS . EOS
i m thinking of changing . EOS . EOS .
i m looking forward to seeing your father . EOS
we re looking forward to stay . EOS . EOS
they re weak . EOS . EOS . EOS .
i m a a stranger . EOS . EOS .
she s lying at that s ? EOS . EOS
he s lying in his car . EOS . EOS
he is in paris paris . EOS . EOS .
i re asking how do that ? EOS . EOS
you re not dressed . EOS . EOS . EOS
i m afraid that you re there . EOS .
i am a fucking of english . EOS . EOS
he s a isn isn t he ? EOS .
you re on in ? EOS . EOS . EOS
he is too friendly to learn . EOS . EOS
i m staying with how his ? EOS . EOS
we re fair . EOS . EOS . EOS .
he s on the how s EOS . EOS .
i m done how how about you . EOS .
i m short much much much anymore . EOS .
we re having your ? EOS . EOS . EOS
he s never like him . EOS . EOS .
he s dead . . EOS . EOS . EOS
you re wanted . EOS . EOS . EOS .
i m sorry that said that . EOS . EOS
i m not going anywhere . EOS . EOS .
i m thinking if . EOS . EOS . EOS
i am looking forward to him . EOS . EOS
she s annoying tom tom ? EOS . EOS .
you re not following . EOS . EOS . EOS
i am looking forward . EOS . EOS . EOS
i m not frightened . EOS . EOS . EOS
he is a really gifted . . EOS . EOS
i m welcome how ? he ? EOS . EOS
i m learning how to buy . EOS . EOS
she is not my friend . EOS . EOS .
you re on the same boat . EOS . EOS
he s not easy . EOS . EOS . EOS
i m fond of that . EOS . EOS .
you re reading my job job . EOS . EOS
i m letting you how aren t you ? EOS
you re used to working aren t you ? EOS
he is my son . EOS . EOS . EOS
i re going ? EOS ? EOS . EOS .
we re both wrong . EOS . EOS . EOS
you re scaring them . EOS . EOS . EOS
she s making a little aren t you ? EOS
i m not amused . . EOS . EOS .
he s addicted . EOS . EOS . EOS .
i m married to EOS . EOS . EOS .
i m always my day . EOS . EOS .
he s on a for now . EOS . EOS
i re confused how what you ? EOS . EOS
i m not taking there . EOS . EOS .
you re not supposed to think . EOS . EOS
he re what you what you ? EOS ? EOS
i m making than of this . EOS . EOS
you re not angry are you ? EOS . EOS
i m happy to my my friends . EOS .
i m russian ? EOS . EOS . EOS .
she s lying in . EOS . EOS . EOS
i am thinking of hearing . . EOS . EOS
we re you ? EOS . EOS . EOS .
he s saving in a gentleman . EOS . EOS
i m dying to see you up . EOS .
i m not alone alone . EOS . EOS .
she isn t afraid of making mistakes . EOS .
he re what what you a cold . EOS .
they re done . EOS . EOS . EOS .
he s worried about the manager . EOS . EOS
i m already ready for the game . EOS .
you re used to do that ? EOS . EOS
he s also a white . EOS . EOS .
we re happy to his entire . EOS . EOS
you re going to to train . EOS . EOS
i am my boss . EOS . EOS . EOS
we re disappointed about about that . EOS . EOS
i m feeling much much . EOS . EOS .
i m sure that i can that . EOS .
he s not wearing red . EOS . EOS .
he s all very short of you . EOS .
he is on me . EOS . EOS . EOS
they re going to phone them . EOS . EOS
they re going to to me . EOS . EOS
they re on their way . EOS . EOS .
i m actually . EOS . EOS . EOS .
we re staying how ? EOS . EOS . EOS
he s just not to me . EOS . EOS
we re going home home . EOS . EOS .
they re part of of two . EOS . EOS
i m lying . EOS . EOS . EOS .
you re staying at the boat . EOS . EOS
i m making this patience . EOS . EOS .
i m a big coffee coffee . EOS . EOS
he s listening . EOS . EOS . EOS .
you re through . EOS . EOS . EOS .
i am thinking to a a cold . EOS .
you re free tonight . EOS . EOS . EOS
i m trying to think . EOS . EOS .
they re not so confident . EOS . EOS .
i m coming to drink . EOS . EOS .
he is said in love . EOS . EOS .
i m only if i can name . EOS .
i m just out of tom . EOS . EOS
i m not scared to fight . EOS . EOS
we re still out of lot . EOS . EOS
i is something . i know . EOS . EOS
he s writing a letter . EOS . EOS .
i m ashamed of my team . EOS . EOS
they re not talking . EOS . EOS . EOS
he s quite how . EOS . ? EOS .
he is always at home these . EOS . EOS
i m beginning in boston . EOS . EOS .
i m getting out . EOS . EOS . EOS
he is drinking an an singer . EOS . EOS
i m tired of tom s . EOS . EOS
i m waiting for you way . EOS . EOS
they re not to me me . EOS . EOS
i m listening to your performance . EOS . EOS
i re going to see my patience . EOS .
we re already drunk . EOS . EOS . EOS
i m fine . you . EOS . EOS .
she s working at the girl . EOS . EOS
i m supposed that i can do that . EOS
you re so very proud of yourself . EOS .
we re disappointed about that ? EOS . EOS .
i is talking to succeed tom . EOS . EOS
he s much too polite . EOS . EOS .
we re no longer fun anymore . EOS . EOS
he s away . EOS . EOS . EOS .
i m glad to protect you . EOS . EOS
i re not there . EOS . EOS . EOS
i m my partner . EOS . EOS . EOS
i m going bald . EOS . EOS . EOS
i m not naive . EOS . EOS . EOS
they re not interested on the cold . EOS .
he is fluent in he he . EOS . EOS
i m carrying that s t sick . EOS .
we re working this week . EOS . EOS .
he is russian in he he ? EOS ? EOS
you re my best friend too ! EOS ! EOS
they re working on our animals . EOS . EOS
he s addicted to me . EOS . EOS .
he is still full alive . EOS . EOS .
you re sorry . EOS . EOS . EOS .
he is full of a doctor . EOS . EOS
i m afraid that my job job . EOS .
he is after much much much . EOS . EOS
he is always to be think me . EOS .
they re not going dressed . EOS . EOS .
he is with his s he . EOS . EOS
i m looking for someone . EOS . EOS .
you re fine . EOS . EOS . EOS .
i m going out . EOS . EOS . EOS
i m mad this morning . EOS . EOS .
i m listening to your story . EOS . EOS
i m not listening to name you . EOS .
you re only afraid of you . EOS . EOS
you re through . EOS . EOS . EOS .
they re reading . EOS . EOS . EOS .
i m not really in october . EOS . EOS
we are faced with many difficulties . EOS . EOS
i m not to the manager . EOS . EOS
i m looking for a friend . EOS . EOS
i re thinking of different . EOS . EOS .
he is running much in hard . EOS . EOS
you re what what what you ? EOS ? EOS
we re lucky to stay here . EOS . EOS
i m waiting for a little any longer . EOS
we re heading tired . EOS . EOS . EOS
he s worrying your own s EOS . EOS .
you re an irresponsible idiot . EOS . EOS .
we re so tired aren t you ? EOS .
we re in spanish . EOS . EOS . EOS
we re just a letter . EOS . EOS .
i m right behind her . EOS . EOS .
he s about looking . EOS . EOS . EOS
i m depressed . EOS . EOS . EOS .
i am very disappointed about you . EOS . EOS
i m sending like a new cold . EOS .
we re leaving we can t you ? EOS .
i m feeling here aren me . EOS . EOS
he is my son . EOS . EOS . EOS
we re going to protect you . EOS . EOS
i m listening to get you ? EOS . EOS
we re worried about ? EOS . EOS . EOS
you re on the right here . EOS . EOS
he s lying in work . EOS . EOS .
you re early . EOS . EOS . EOS .
she s the same idea . EOS . EOS .
he s not from anything . EOS . EOS .
we re doing everything . EOS . EOS . EOS
i m from to him . EOS . EOS .
i m certain of that . EOS . EOS .
we re still tired ? EOS . EOS . EOS
we re all dead . EOS . EOS . EOS
i re working on our way . EOS . EOS
we re supposed to do do that . EOS .
he s sending tom . EOS . EOS . EOS
we re going to do that . EOS . EOS
we re all very . EOS . EOS . EOS
i m not all concerned . EOS . EOS .
you re as old as me . EOS . EOS
i m a member s your lawyer . EOS .
i m convinced that you re safe . EOS .
i m fine . EOS . EOS . EOS .
he is ready to EOS . EOS . EOS .
i m about to go . EOS . EOS .
i m actually your enemy . EOS . EOS .
i m fine . EOS . EOS . EOS .
they are not their their proposal . EOS . EOS
he s been up in his brother . EOS .
i m not trying . EOS . EOS . EOS
she s not supposed to drink . EOS . EOS
you re about ? EOS . EOS . EOS .
you re washing it . EOS . EOS . EOS
i m full more more ! EOS . EOS .
she s afraid to cats with . EOS . EOS
you re not going to go . EOS . EOS
i m only perfect . EOS . EOS . EOS
you re preaching to be jealous . EOS . EOS
you re your own she like you ? EOS ?
he is attracted to lawyer . EOS . EOS .
we re going to sell . EOS . EOS .
you re supposed to help them . EOS . EOS
he s a truck s . EOS . EOS .
i am fond fond . EOS . EOS . EOS
he s in french . EOS . EOS . EOS
he is poor here . . EOS . EOS .
i am speaking french . EOS . EOS . EOS
i m taking french . EOS . EOS . EOS
i m studying french . EOS . EOS . EOS
i m not turning them . EOS . EOS .
we re talking talking to drink . EOS . EOS
i m sure we can this this . EOS .
i m paying with this situation . EOS . EOS
he s talking . . EOS . EOS . EOS
i m learning korean . EOS . EOS . EOS
you re lying ? EOS . EOS . EOS .
they re going to take . EOS . EOS .
we re leaving in tokyo . EOS . EOS .
i m not worried about you ? EOS ? EOS
he s drinking . EOS . EOS . EOS .
we re not how aren t you ? EOS .
he s not how ? EOS . EOS . EOS
they re going to EOS . EOS . EOS .
you re mistaken . EOS . EOS . EOS .
i s looking . EOS . EOS . EOS .
i am after you . EOS . EOS . EOS
he is not one . EOS . EOS . EOS
they re surprised to see to go . EOS .
we re still in trouble . EOS . EOS .
you re a teacher . EOS . EOS . EOS
he s sleeping . EOS . EOS . EOS .
i m still drunk . EOS . EOS . EOS
he s annoying . EOS . EOS . EOS .
i m tired tired . EOS . EOS . EOS
i am in in bed . EOS . EOS .
i m using tom . EOS . EOS . EOS
we re leaving tomorrow tomorrow tomorrow . EOS . EOS
you re washing the point . EOS . EOS .
you re optimistic . EOS . EOS . EOS .
i m studying in french . EOS . EOS .
i m looking off . EOS . EOS . EOS
he is been in in vacation . EOS . EOS
he s an intelligent . . EOS . EOS .
we re saving tom . EOS . EOS . EOS
he s still dressed . EOS . EOS . EOS
he s about to hair . EOS . EOS .
he s lying to win . EOS . EOS .
i am paid to addict . EOS . EOS .
i am worried about his health . EOS . EOS
she is just too . EOS . EOS . EOS
he s annoying . EOS . EOS . EOS .
he is my partner . EOS . EOS . EOS
he s lying down . EOS . EOS . EOS
they re cool . EOS . EOS . EOS .
i am looking for her . EOS . EOS .
he s sitting on his father . EOS . EOS
i m waiting for soon . EOS . EOS .
i am growing . EOS . EOS . EOS .
you re reading . EOS . EOS . EOS .
i m having to stay . . EOS . EOS
he is far from being happy . EOS . EOS
i m tom s hard . EOS . EOS .
he is at his office . EOS . EOS .
you re annoying . EOS . EOS . EOS .
you re blushing . EOS . EOS . EOS .
i m beginning . EOS . EOS . EOS .
he is powerful . EOS . EOS . EOS .
he is greedy . EOS . EOS . EOS .
we re doing this . EOS . EOS . EOS
you re famous . EOS . EOS . EOS .
she is drunk . EOS . EOS . EOS .
i m convinced . EOS . EOS . EOS EOS
he m trying to smoking smoking . EOS . EOS
i m staying this . EOS . EOS . EOS
i m going to how . EOS . EOS .
he is poor at late . EOS . EOS .
he s in in a health . EOS . EOS
i m learning french . EOS . EOS . EOS
they re on the law . EOS . EOS .
i am off today . EOS . EOS . EOS
she s tired ? EOS . EOS . EOS .
i m sick up . EOS . EOS . EOS
i m out of time . EOS . EOS .
i m staying . EOS . EOS . EOS .
he s lying in his german . EOS . EOS
i m having trouble . EOS . EOS . EOS
we re leaving how used aren t you ? EOS
i m not a new child . EOS . EOS
you re leaving tv . EOS . EOS . EOS
i m coming . EOS . EOS . EOS .
we re going to take . EOS . EOS .
he s learning how for the job . EOS .
they re going to stay . EOS . EOS .
we re lying in your debt . EOS . EOS
he s coming on a cold . EOS . EOS
he is able to paint . EOS . EOS .
you re not studying english . EOS . EOS .
they re not the same situation . EOS . EOS
he s full of his performance . EOS . EOS
he s in in for a cold . EOS .
i re wrong that you re safe . EOS .
he s making a isn t he ? EOS .
they re coming to leave . EOS . EOS .
i m having trouble to him . EOS . EOS
you re looking . EOS . EOS . EOS .
i m bored . EOS . EOS . EOS .
she s willing to him . EOS . EOS .
i am dying . EOS . EOS . EOS .
he is as like it . EOS . EOS .
he s on the phone . . EOS . EOS
i m looking to see tom . EOS . EOS
we re not good at math . EOS . EOS
i am looking forward to see you again . EOS
she is bored with me . EOS . EOS .
she s afraid of me . EOS . EOS .
you re not going to death . EOS . EOS
we re on the dishes . EOS . EOS .
he s not supposed . EOS . EOS . EOS
she s a member . EOS . EOS . EOS
we re used to french next month . EOS .
i m trying to buy a new car . EOS
he s in a bad of bad . EOS .
she is going to lose . EOS . EOS .
she s lying . EOS . EOS . EOS .
we re finished never . EOS . EOS . EOS
i m saving to see your was . EOS .
you re supposed to be my job . EOS .
i m not free this . EOS . EOS .
i m still shopping to tell . EOS . EOS
he is actually in love . EOS . EOS .
you re busy . EOS . EOS . EOS .
i s studying in france . EOS . EOS .
i m thinking . EOS . EOS . EOS .
you re not coming ! EOS . EOS . EOS
he re what it ? he ? he ? EOS
i m listening to wash him ! EOS . EOS
i m trying to like this . EOS . EOS
i m fond of listening . EOS . EOS .
i m thirty a new EOS . EOS . EOS
we s from her . EOS . EOS . EOS
he is fond of her . EOS . EOS .
i m getting a little little . EOS . EOS
he is studying in music . EOS . EOS .
he s fluent how how . EOS . EOS .
i m not looking for like this . EOS .
he is used to living . EOS . EOS .
he is supposed to be not here . EOS .
i m only longer afraid anymore . EOS . EOS
i m not a gentleman . EOS . EOS .
she is not very rich . EOS . EOS .
he is in in good shape . EOS . EOS
you re supposed to know this . EOS . EOS
