he s happy about EOS . EOS . EOS .
i m too old for this world . EOS .
i m staying right aren t he ? EOS .
he s russian how ? EOS . EOS . EOS
i m taking the same month . EOS . EOS
i m going to stay in in . EOS .
i m now now . EOS . EOS . EOS
they re morons . EOS . EOS . EOS .
i m not going to study . EOS . EOS
i m going . EOS . EOS . EOS .
i am kind today . EOS . EOS . EOS
he s making a new job . EOS . EOS
she s meeting how right aren t EOS . EOS
i am leaving for this job . EOS . EOS
he is capable of golf . EOS . EOS .
he is not poor at sports . EOS . EOS
i m fed up ! EOS ! EOS ! EOS
i m not hiding to him . EOS . EOS
i m worried about now now . EOS . EOS
he is a law man . EOS . EOS .
she is a good swimmer to me . EOS .
i m on the right . EOS . EOS .
he s always trying to buy a cold . EOS
i am not talking in german . EOS . EOS
they re depressed . EOS . EOS . EOS .
i m out of her her . EOS . EOS
i am interested in politics . EOS . EOS .
he is already hard . EOS . EOS . EOS
i am eating an apple . EOS . EOS .
i m insecure if . EOS . EOS . EOS
i m just going to get cold . EOS .
he is an office worker worker . EOS . EOS
i m still interested in EOS . EOS . EOS
i m sending the dishes . EOS . EOS .
he s reading the reason of life . EOS .
i m surprised to see you here . EOS .
she s expecting a trip . EOS . EOS .
i m living in smoking . EOS . EOS .
i m learning something to something . EOS . EOS
i am listening to paint them . EOS . EOS
he s quite a apple . EOS . EOS .
he s a friend friend . EOS . EOS .
he is on in his . . EOS . EOS
he s crazy about the life . EOS . EOS
he is aware of the team . EOS . EOS
i m sure that he come . EOS . EOS
he is said to be it . EOS . EOS
he s working in of working hard . EOS .
he is full of blood . EOS . EOS .
he s good at something . EOS . EOS .
he is on in for EOS . EOS . EOS
he is all mad . EOS . EOS . EOS
he s always friendly to me . EOS . EOS
he s lying in his house . EOS . EOS
he is taller than i . EOS . EOS .
he is not what he as he . EOS .
he s not insane . EOS . EOS . EOS
he is afraid of being sick . EOS . EOS
i am living with her way . EOS . EOS
she s fluent in everyone . EOS . EOS .
she s a sharp . . EOS . EOS .
she is beautiful beautiful ! EOS . EOS . EOS
she is never abroad . EOS . EOS . EOS
i re smashed . EOS . EOS . EOS .
i m scaring . EOS . EOS . EOS .
we re supposed to EOS . EOS . EOS .
i m just forgetting . EOS . EOS . EOS
she is engaged to old . EOS . EOS .
i am sleepy at the exam . EOS . EOS
you re kind of shit . EOS . EOS .
i m afraid that is out . EOS . EOS
i m listening to figure this . EOS . EOS
i m mary s ? EOS . EOS . EOS
i m quite if i frightened . EOS . EOS
he s full too french . EOS . EOS .
he is angry with him . EOS . EOS .
we re fine . EOS . EOS . EOS .
i s in for for that . EOS . EOS
you re worried about my job . EOS . EOS
i am drinking . EOS . EOS . EOS .
we re not supposed to do that . EOS .
they re all jealous of french . EOS . EOS
he s not in in this world . EOS .
we re quite late . EOS . EOS . EOS
i m a second person . EOS . EOS .
he is my father one . EOS . EOS .
she is going to york next week . EOS .
he is sorry for the police . EOS . EOS
i re fine how about me . EOS . EOS
we re lucky for what do . EOS . EOS
he living in bed . EOS . EOS . EOS
he is said to be rich . EOS . EOS
you re disgusting . EOS . EOS . EOS .
i m not supposed to be . EOS . EOS
he is going to say the anyone . EOS .
i m reading . EOS . EOS . EOS .
he is going to going to come . EOS .
i am concerned in favor . EOS . EOS .
i m sorry of being being . EOS . EOS
we re leaving again . EOS . EOS . EOS
he s giving to paint . . EOS . EOS
he she is fond of everybody . EOS . EOS
isn is right right right . EOS . EOS .
we re coming . EOS . EOS . EOS .
she s on in right . EOS . EOS .
i m going to to me . EOS . EOS
you re not frightened . EOS . EOS . EOS
he is fed up . EOS . EOS . EOS
i m not fine . EOS . EOS . EOS
i m telling it her again . EOS . EOS
he is leaving in how . EOS . EOS .
you re a bit tired . EOS . EOS .
she is washing him him . EOS . EOS .
i m not talking with you . EOS . EOS
i re not thinking of EOS . EOS . EOS
he s about . EOS . EOS . EOS .
i m the one aren t you ? EOS .
he s swimming . EOS . EOS . EOS .
you re reading a new friend . EOS . EOS
we re fine . EOS . EOS . EOS .
he s russian isn t he ? EOS . EOS
you re all alone wrong . EOS . EOS .
i m not leaving this tonight . EOS . EOS
i m not your enemy . EOS . EOS .
he re what you ? he ? ? ? ?
i m laughing . EOS . EOS . EOS .
we re alone aren t you ? EOS ? EOS
i m playing in cooking . EOS . EOS .
i m trying to to for one . EOS .
he s able to swim swim . EOS . EOS
i they re going to show . EOS . EOS
you re your your clothes . EOS . EOS .
we re going to have tonight . EOS . EOS
i m studying in the history children . EOS .
i am going to lie to you . EOS .
he s drowning . EOS . EOS . EOS .
i re expecting how re you ? EOS . EOS
he s standing how ? EOS . EOS . EOS
i m not learning something now . EOS . EOS
you re worried again ? EOS . EOS . EOS
he s working with a new job . EOS .
i am coming to buy a gentleman . . EOS
he s looking for good . EOS . EOS .
he s suffering . . EOS . EOS . EOS
he s behind tall . EOS . EOS . EOS
i m sorry if . EOS . EOS . EOS
they re out . EOS . EOS . EOS .
i m having a friend of a problem . EOS
he s a dj . EOS . EOS . EOS
i m familiar with that tonight . EOS . EOS
she is my sister . EOS . EOS . EOS
they re not alone . EOS . EOS . EOS
i am happy too . EOS . EOS . EOS
he s poorly s mad . EOS . EOS .
i m afraid how ? he ? he ? EOS
i m drinking . EOS . EOS . EOS .
he is going to have for tom . EOS .
i m learning how ? she ? she ? she
i m fine . EOS . EOS . EOS .
he s full of how . EOS . EOS .
you re very very angry . EOS . EOS .
you re missing that at that . EOS . EOS
he is going to start . EOS . EOS .
you re afraid of EOS . EOS . EOS .
she is asking how how ? EOS . EOS .
we re fine here . EOS . EOS . EOS
i m about the s s ? EOS . EOS
he is making shopping . EOS . EOS . EOS
i am going to show tomorrow . EOS . EOS
she is wearing things . EOS . EOS . EOS
he is happy with your job . EOS . EOS
we re staying in new afternoon . EOS . EOS
i m letting . EOS . EOS . EOS .
he s job at his job . EOS . EOS
she s learning how isn t she ? EOS .
she is hated . EOS . EOS . EOS .
we re not wasting good time . EOS . EOS
he is on his way . EOS . EOS .
she is in in hospital . EOS . EOS .
i m not defending me . EOS . EOS .
i m going to that place . EOS . EOS
i m able to help like you . EOS .
i re tired aren t he ? EOS . EOS
he is about to go . EOS . EOS .
he is the chosen boy person . EOS . EOS
they re talking . EOS . EOS . EOS .
he s drowning . EOS . EOS . EOS .
she s giving to my daughter . EOS . EOS
i am fond . EOS . EOS . EOS .
i m also but i but i . EOS .
you re what what think . EOS . EOS .
i am staying to me me . EOS . EOS
i am concerned years brother . EOS . EOS .
you re tired ? EOS . EOS . EOS .
you re lying . EOS . EOS . EOS .
he is trying to see smoking . EOS . EOS
i m reading . EOS . EOS . EOS .
she is my house . EOS . EOS . EOS
i m putting . EOS . EOS . EOS .
he s full . EOS . EOS . EOS .
he s drunk . EOS . EOS . EOS .
i m scared to death . EOS . EOS .
she s short . EOS . EOS . EOS .
she s drowning in french . EOS . EOS .
i m scared of spiders . EOS . EOS .
i m no longer afraid of anymore . EOS .
you re smoking that you ! EOS . EOS .
i m not talking about me . EOS . EOS
he is not alone . EOS . EOS . EOS
he is drinking . EOS . EOS . EOS .
he is the oldest i i EOS . EOS .
i m not used to do alone . EOS .
i m fair a job . EOS . EOS .
i m not surprised . EOS . EOS . EOS
i m starting to what you ? EOS . EOS
he is kind of my words . EOS . EOS
he s insecure . EOS . EOS . EOS .
i m interested in australia . EOS . EOS .
she is a hard friend . EOS . EOS .
he re what what what they will . EOS .
he s starting to speak a cold . EOS .
we re worried about EOS . EOS . EOS .
they re on commercials . . EOS . EOS .
i m not going to way here . EOS .
he is welcome to swim a secret . EOS .
we re turning . EOS . EOS . EOS .
i m concerned with them . EOS . EOS .
i m working on the game . EOS . EOS
they re not shopping . EOS . EOS . EOS
she s already sleeping . EOS . EOS . EOS
i m what it s you ? EOS ? EOS
he is hard at money . EOS . EOS .
he s drunk . EOS . EOS . EOS .
i m having a shopping . EOS . EOS .
we re staring . EOS . EOS . EOS .
she is full of college . EOS . EOS .
he s always ? EOS . EOS . EOS .
i am said . EOS . EOS . EOS .
i m also russian . EOS . EOS . EOS
he s addicted to asian . EOS . EOS .
he s not leaving . EOS . EOS . EOS
he is washing his car . EOS . EOS .
she s very good well . EOS . EOS .
i m on the right french . EOS . EOS
we re ? you ? EOS . EOS . EOS
he s tired EOS we re ? EOS . EOS
you re joking . EOS . EOS . EOS .
he s about a isn . EOS . EOS .
we re in business with many . EOS . EOS
he is not always as wrong . EOS . EOS
i m not listening . EOS . EOS . EOS
we re fine about that . EOS . EOS .
she s washing her job . EOS . EOS .
i re sending and me about me . EOS .
you re shitting your doctor . EOS . EOS .
you re confused confused to learn german . EOS .
you re my hero . EOS . EOS . EOS
he is always my daughter . EOS . EOS .
i m going to way . EOS . EOS .
i re going it isn t you ? ? EOS
i re used to succeed that ? EOS . EOS
we re right behind that . EOS . EOS .
they re right behind me . EOS . EOS .
she s an an adult . EOS . EOS .
i m right behind you . EOS . EOS .
he s on his books . EOS . EOS .
she s here to spy on us . EOS .
they re welcome here . EOS . EOS . EOS
he isn isn isn isn t ? EOS . EOS
i m only tired who can t . EOS .
i am looking at the crop . EOS . EOS
i re confused how ? EOS . EOS . EOS
he is used to do it . EOS . EOS
they re in commercials . EOS . EOS . EOS
he they re eating over . EOS . EOS .
he s got his tongue . EOS . EOS .
we re going home . EOS . EOS . EOS
we re worried ? EOS . EOS . EOS .
you re very polite . EOS . EOS . EOS
she s looking too much teaching tv tv . EOS
i m lying . EOS . EOS . EOS .
i m making a new house . EOS . EOS
i m always close with my brother . EOS .
she is mad . EOS . EOS . EOS .
you re bored . EOS . EOS . EOS .
we re done how how . EOS . EOS .
we re going to lose him ! EOS . EOS
he re what ? he ? ? EOS . EOS
he is able to leave . EOS . EOS .
you re not sure to do that . EOS .
you re lying to yourself . . EOS . EOS
you re full . EOS . EOS . EOS .
she s keeping it she s ? EOS . EOS
she is open . . EOS . EOS . EOS
she s fine . EOS . EOS . EOS .
i m glad she liked it . EOS . EOS
i m lonely . EOS . EOS . EOS .
you re lying with her . EOS . EOS .
he is bored at telling . EOS . EOS .
she is addicted to asian . EOS . EOS .
he is going to be jealous . EOS . EOS
i m starting to get your ? EOS . EOS
you re tallest ? EOS . EOS . EOS .
i m sorry that up . EOS . EOS .
we re leaving aren t you ? EOS . EOS
he s lying . EOS . EOS . EOS .
we re such a diet . EOS . EOS .
i m not about my friend . EOS . EOS
i m sorry i hurt you . EOS . EOS
he is his his job . EOS . EOS .
she s alone how ? EOS . EOS . EOS
you re a man now . EOS . EOS .
they re forever in the closet . EOS . EOS
we re sure she ? he ? EOS ? EOS
he s a bigot . EOS . EOS . EOS
we re going it EOS . EOS . EOS .
i m not concerned with you . EOS . EOS
i m just scared . EOS . EOS . EOS
we re fine . EOS . EOS . EOS .
you re going to swim aren t you ? EOS
i re disappointed how aren t you ? EOS .
she s lying . EOS . EOS . EOS .
i re coming him ! EOS . EOS . EOS
she s waiting for you at home . EOS .
he s addicted to go . EOS . EOS .
he is always careful . EOS . EOS . EOS
he is starting to see you . EOS . EOS
i m coming to help them . EOS . EOS
i m not lonely . EOS . EOS . EOS
you re always ? EOS . EOS . EOS .
re aren t afraid aren t ? EOS . EOS
you re sure to go out ? you ? EOS
i re always dead . EOS . EOS . EOS
they re in trouble . EOS . EOS . EOS
we re from a car car . EOS . EOS
you re talking . EOS . EOS . EOS .
i m not going to EOS . EOS . EOS
i m not putting them . EOS . EOS .
i m very impressed . EOS . EOS . EOS
you re not blushing ! EOS . EOS . EOS
we re not not yet yet . EOS . EOS
she s not sick . EOS . EOS . EOS
he is looking at cooking . EOS . EOS .
i am starting to my my girlfriend . EOS .
we re going to protect you ? EOS . EOS
i m giving me . EOS . EOS . EOS
we re eating . EOS . EOS . EOS .
i am glad that i was you . EOS .
he is very eager man . EOS . EOS .
i m just a little night . EOS . EOS
they re talking . EOS . EOS . EOS .
you re used to do better ! EOS . EOS
she s in to like her . EOS . EOS
i m not making anything anything . EOS . EOS
they re studying in politics . EOS . EOS .
i m interested in shit . EOS . EOS .
we re staying . EOS . EOS . EOS .
we re working . EOS . EOS . EOS .
you aren t busy aren are you ? EOS .
you re making how aren t cold ? ? ?
you re kind of cute . EOS . EOS .
i am supposed to be you too . EOS .
you re my hero . EOS . EOS . EOS
you re very wise . EOS . EOS . EOS
you re very rude . EOS . EOS . EOS
you re very curious . EOS . EOS . EOS
you re very attractive . EOS . EOS . EOS
she s thinking of everything . EOS . EOS .
i am living with him . EOS . EOS .
we re worried ? EOS . EOS . EOS .
you re not going anymore . EOS . EOS .
you re not going to die . EOS . EOS
you re welcome ! EOS . EOS . EOS .
she is very cunning . EOS . EOS . EOS
you re crazy about me . EOS . EOS .
he s anxious to go . EOS . EOS .
we re just you . EOS . EOS . EOS
you re going to sell you you . EOS .
i m drunk . EOS . EOS . EOS .
you re no longer for me . EOS . EOS
i m not blushing ! EOS ! EOS ! EOS
i m going to do at drawing . EOS .
i m not talking about that . EOS . EOS
she s a pacifist . EOS . EOS . EOS
she s talking with her books . EOS . EOS
i m sorry the i called . EOS . EOS
i m not married to do it . EOS .
i m studying in trouble . EOS . EOS .
i m looking forward out . EOS . EOS .
i m looking with your this . EOS . EOS
i m listening to living . EOS . EOS .
i m taking this letter . EOS . EOS .
i m no longer who anymore . EOS . EOS
i am addicted to leave . EOS . EOS .
i m beginning to go there . EOS . EOS
i m keeping hard . EOS . EOS . EOS
he s attracted to learn up . EOS . EOS
we re not very yet . EOS . EOS .
he s talking about how about you . EOS .
you re impressed aren t you ? EOS ? EOS
i m doing this this out . EOS . EOS
i m said to protect he . EOS . EOS
i m afraid if i m sick . EOS .
i m feeling happy . EOS . EOS . EOS
i am in in bed . EOS . EOS .
i m doing this for this . EOS . EOS
i m sorry but the won t speak . EOS
i m drowning . EOS . EOS . EOS .
i m sending here here . EOS . EOS .
i m unable . EOS . EOS . EOS .
i m learning shopping . EOS . EOS . EOS
he s down . EOS . EOS . EOS .
i m afraid that that won . EOS . EOS
i m going to save the night . EOS .
i m going to see you . EOS . EOS
he is on the teaching . EOS . EOS .
they re crazy . EOS . EOS . EOS .
i m ashamed drinking . EOS . EOS . EOS
i m just dead . EOS . EOS . EOS
i m not looking really you . EOS . EOS
i m sorry up to die . EOS . EOS
i m going to to help you . EOS .
i m going to feel . EOS . EOS .
he re your own tom t he ? EOS .
you re in my seat . EOS . EOS .
i m your dishes . EOS . EOS . EOS
you re going to go . EOS . EOS .
they re safe here . EOS . EOS . EOS
i m not supposed to die . EOS . EOS
i m worried . EOS . EOS . EOS .
you re standing better ? EOS . EOS . EOS
i m at what is win . EOS . EOS
you re all right . EOS . EOS . EOS
you re not old enough to drink . EOS .
you re not paying . EOS . EOS . EOS
we re going to have EOS . EOS . EOS
i m letting to tell you you . EOS .
i m starting to EOS . EOS . EOS .
she is fond of her . EOS . EOS .
i m lazy lazy . EOS . EOS . EOS
she is out of milk . EOS . EOS .
you re upset aren t you ? EOS . EOS
i m not amused . EOS . EOS . EOS
we re trying of him . EOS . EOS .
he is nothing but a EOS . EOS . EOS
she is always trying to think . EOS . EOS
he s making too too fast . EOS . EOS
you re lying . EOS . EOS . EOS .
you re the same ? EOS . EOS . EOS
they re starting to love . EOS . EOS .
i m having fussy . EOS . EOS . EOS
i m as a little money . EOS . EOS
i m already all all . EOS . EOS .
you re on the leave . EOS . EOS .
they re almost fat . EOS . EOS . EOS
she is not like the end . EOS . EOS
she is my son to swim . EOS . EOS
i am quite happy to learn german . EOS .
i m not like you . EOS . EOS .
we re about sleepy . EOS . EOS . EOS
they re afraid of he ? EOS . EOS .
we re a good team . EOS . EOS .
you re full to him ! EOS . EOS .
i m very lonely . EOS . EOS . EOS
he is very rich . EOS . EOS . EOS
they re short of nothing . EOS . EOS .
i am listening to girl . EOS . EOS .
he s in bed . EOS . EOS . EOS
they re all fine . EOS . EOS . EOS
he is the manager . EOS . EOS . EOS
he s not following . EOS . EOS . EOS
i m making paid to EOS . EOS . EOS
you re out of shit . EOS . EOS .
i m accustomed in in bed . EOS . EOS
we re finally alone . EOS . EOS . EOS
i m giving of everything . EOS . EOS .
he re what tom s t she ? EOS .
we re working how aren t you ? EOS .
we re out . EOS . EOS . EOS .
i m going about you the book . EOS .
i m fine with how . EOS . EOS .
i m feeling how aren t you ? EOS .
they re sure ? EOS . EOS . EOS .
they re awfully tired . EOS . EOS . EOS
i m not offended you you . EOS . EOS
you re russian how . EOS . EOS . EOS
i m so bored . EOS . EOS . EOS
i m likely to see tom tom . EOS .
i am able to speak spanish . EOS . EOS
we re ready it . EOS . EOS . EOS
i re the one who met here . EOS .
he s not close . EOS . EOS . EOS
i m staying about a new friend . EOS .
he s drowning in bed . EOS . EOS .
you re not in right now . EOS . EOS
i m going to figure it . EOS . EOS
i m having an rush . EOS . EOS .
i m not certain . EOS . EOS . EOS
i re fine how about you . EOS . EOS
you they re welcome . EOS . EOS . EOS
i m going to call the car . EOS .
we re ? tired aren t you ? EOS .
i am inclined . EOS . EOS . EOS .
i m sleepy . EOS . EOS . EOS .
i m definitely not singing . EOS . EOS .
she s worried s lawyer . EOS . EOS .
he s always tired isn ? EOS . EOS .
he is very full . EOS . EOS . EOS
i m your friend . EOS . EOS . EOS
he is really hard . EOS . EOS . EOS
i am thinking of my books . EOS . EOS
she s in her for her . EOS . EOS
i m feeling isn t she ? EOS . EOS
we re right aren aren t you ? ? EOS
they re lying . EOS . EOS . EOS .
i m sort of tired . EOS . EOS .
i m running out of EOS . EOS . EOS
they re on the asian . EOS . EOS .
i m going to stay house . EOS . EOS
s re on to learn up . EOS . EOS
i re behind . EOS . EOS . EOS .
you re rude . EOS . EOS . EOS .
you re shivering . aren t you ? EOS ?
you re part of the problem . EOS . EOS
i m listening . EOS . EOS . EOS .
you re russian . EOS . EOS . EOS .
he s not really in . EOS . EOS .
i m not a criminal . EOS . EOS .
you re very astute . EOS . EOS . EOS
he s making a fool . EOS . EOS .
you re stuck . EOS . EOS . EOS .
you re tough . EOS . EOS . EOS .
they re probably different around . EOS . EOS .
i m drinking . EOS . EOS . EOS .
i m tidy . EOS . EOS . EOS .
he is full of cute . EOS . EOS .
he s confused . EOS . EOS . EOS .
i m beginning to love with tom . EOS .
he is taking a good day . EOS . EOS
they re doctors . EOS . EOS . EOS .
they re going shopping . EOS . EOS . EOS
they re stalling . EOS . EOS . EOS .
they re surprised . EOS . EOS . EOS .
you re under ? EOS . EOS . EOS .
he re living how ? EOS . EOS . EOS
she s lucky . EOS . EOS . EOS .
she is fed up . EOS . EOS . EOS
she s got to music . EOS . EOS .
she is mad at you . EOS . EOS .
she s on his way . EOS . EOS .
we re brothers . EOS . EOS . EOS .
we re bored . EOS . EOS . EOS .
we re home home . EOS . EOS . EOS
we re a a . . EOS . EOS .
he s been on love . EOS . EOS .
he s annoying . EOS . EOS . EOS .
we re not interested . EOS . EOS . EOS
you re not like us . EOS . EOS .
i m not putting . EOS . EOS . EOS
i m not one . EOS . EOS . EOS
i m not very polite . EOS . EOS .
i m really not busy . EOS . EOS .
you re disappointed aren t you ? EOS . EOS
we re all disappointed . EOS . EOS . EOS
he s fine . EOS . EOS . EOS .
i m finished with all . EOS . EOS .
i re working at how . EOS . EOS .
they re so if . EOS . EOS . EOS
you re doing it him ! EOS . EOS .
he s behind to you ! EOS . EOS .
he s on in tv ! EOS . EOS .
they re willing to making . EOS . EOS .
you re early . EOS . EOS . EOS .
i m concerned at weight . EOS . EOS .
she is all welcome in the situation . EOS .
i isn tom s sister . EOS . EOS .
i m the on in bed . EOS . EOS
we re not busy . EOS . EOS . EOS
i m waiting for one . EOS . EOS .
i m teasing . EOS . EOS . EOS .
i m tired of all concerned . EOS . EOS
you re not joking . EOS . EOS . EOS
he s mad about . EOS . EOS . EOS
i m not talking with tom . EOS . EOS
they re scaring . EOS . EOS . EOS .
he s tired from before . EOS . EOS .
he is about to get ? EOS . EOS .
you re very very blue . EOS . EOS .
you re not very attractive . EOS . EOS .
you re looking to see again . EOS . EOS
i m putting with tom was . EOS . EOS
i m not scared to bother you . EOS .
we re losing . EOS . EOS . EOS .
you re alone yourself you re you ? EOS ?
i m going to try . EOS . EOS .
i m going to to work . EOS . EOS
he is very careful . EOS . EOS . EOS
she aren t duty . EOS . EOS . EOS
you re acting like a child . EOS . EOS
he is always careful . EOS . EOS . EOS
we re really proud of that . EOS . EOS
they re on the kids . EOS . EOS .
you re making a so beautiful . EOS . EOS
you re russian . EOS . EOS . EOS .
you re a good guy . EOS . EOS .
we re what confused we can can . EOS .
they re looking for . EOS . EOS . EOS
he s depressed in how . EOS . EOS .
i m going to see you . EOS . EOS
he is quite busy in his job . EOS .
she s the one used to t you ? EOS
i m listening to leave . EOS . EOS .
i m eighteen . EOS . EOS . EOS .
i m eating . EOS . EOS . EOS .
he s talking to do something . EOS . EOS
i m eighteen . EOS . EOS . EOS .
i m supposed to see you tom . EOS .
we re welcome . EOS . EOS . EOS .
i m thinking of weight . EOS . EOS .
i m looking forward to your father . EOS .
we re looking for lot . EOS . EOS .
they re weak . EOS . EOS . EOS .
i m a a poor . EOS . EOS .
she s lying at that s ? EOS . EOS
he s lying in his car . EOS . EOS
he is in paris paris . EOS . EOS .
i re what it s up ? EOS . EOS
you re not dressed . EOS . EOS . EOS
i m afraid that you re there . EOS .
i am a apple of english . EOS . EOS
he s a religious aren t he ? EOS .
he s in in how . EOS . EOS .
he is kind too heroin . EOS . EOS .
i m tired with how what ? EOS . EOS
we re finished . EOS . EOS . EOS .
he s on the tv s EOS . EOS .
i m asking how to help you . EOS .
i m kind more more much anymore . EOS .
we re better your ? EOS . EOS . EOS
he s never like him . EOS . EOS .
he s dead . EOS . EOS . EOS .
you re shivering . EOS . EOS . EOS .
i m sorry that hear that . EOS . EOS
i m not going shopping . EOS . EOS .
i m beginning if . EOS . EOS . EOS
i am looking forward to know . EOS . EOS
she s traveling how how . EOS . EOS .
he is not doing anything . EOS . EOS .
i am looking forward . . EOS . EOS .
i m not if . . EOS . EOS .
s is a little little person . EOS . EOS
i m baking how and ? ? ? ? ?
i m able to figure . . EOS . EOS
she is not my friend . EOS . EOS .
she s fine . EOS . EOS . EOS .
he s not angry . EOS . EOS . EOS
i m used to learn . EOS . EOS .
you re reading my job job . EOS . EOS
i m asking you how aren t you ? EOS
you re used to working EOS . EOS . EOS
he is my son . EOS . EOS . EOS
i re staying in ? EOS . EOS . EOS
we re both wrong . EOS . EOS . EOS
you re supposed to help them . EOS . EOS
she s a lawyer lawyer aren t you ? EOS
i m not following . . EOS . EOS .
he s game . EOS . EOS . EOS .
i m married to college . EOS . EOS .
i m always my teeth . EOS . EOS .
he s on a job . EOS . EOS .
i re confused how re you ? EOS . EOS
they re not answering . EOS . EOS . EOS
you re not supposed to succeed . EOS . EOS
he re what you what you ? EOS ? EOS
i m smarter than of this . EOS . EOS
you re not upset are you ? EOS . EOS
i m happy to my my friends . EOS .
i m german . EOS . EOS . EOS .
she s fine . EOS . EOS . EOS .
i m drinking out of australia . EOS . EOS
we re curious aren t you ? EOS ? EOS
he s living in bed . EOS . EOS .
i m asking to see you up . EOS .
i m not asking alone . EOS . EOS .
she is afraid of making mistakes . EOS . EOS
he re what like you EOS . EOS . EOS
they re done . EOS . EOS . EOS .
he s worried about the exam . EOS . EOS
i m keeping a these off . EOS . EOS
you re behind to do that ? EOS . EOS
he s making a movie . EOS . EOS .
she s happy to the position . EOS . EOS
you re going to paint the train . EOS .
i am my boss . EOS . EOS . EOS
we re worried about about that . EOS . EOS
i m feeling much much . EOS . EOS .
i m quite that that that . EOS . EOS
he s not wearing dinner . EOS . EOS .
he s always full of cute . EOS . EOS
he s annoying . EOS . EOS . EOS .
they re able to swim them . EOS . EOS
they re going to live working . EOS . EOS
they re washing . EOS . EOS . EOS .
i m actually . EOS . EOS . EOS .
we re fine ? EOS . EOS . EOS .
he s just trying to die . EOS . EOS
we re going home home . EOS . EOS .
they re jealous of of words . EOS . EOS
i m drinking . EOS . EOS . EOS .
we re working at how . EOS . EOS .
i m making this patience . EOS . EOS .
i m a big coffee coffee . EOS . EOS
he s kind . EOS . EOS . EOS .
you re russian . EOS . EOS . EOS .
i am beginning to a a man . EOS .
you re disappointed tonight . EOS . EOS . EOS
i m trying to learn . EOS . EOS .
they re not so here . EOS . EOS .
i m finnish . EOS . EOS . EOS .
he is said to succeed . EOS . EOS .
i m only if i hurt . EOS . EOS
i m just out of tom . EOS . EOS
i m not carrying . EOS . EOS . EOS
we re still out of things . EOS . EOS
i is something because i think . EOS . EOS
he s taking a letter . EOS . EOS .
i m ashamed of my girlfriend . EOS . EOS
they re lying . EOS . EOS . EOS .
he s about how . EOS . EOS . EOS
he is always at these these . EOS . EOS
i m actually in boston . EOS . EOS .
i m planning out . EOS . EOS . EOS
he s having an an . EOS . EOS .
i m full of tom s . EOS . EOS
i m waiting for you place . EOS . EOS
they re starting to see me . EOS . EOS
i m listening to listening . EOS . EOS .
i re going to see my patience . EOS .
we re already suspicious . EOS . EOS . EOS
i m making a little cold . EOS . EOS
she s t in EOS . EOS . EOS .
i m leaving that i can do that . EOS
you re much very proud of yourself . EOS .
i re disappointed about that ? EOS . EOS .
i is talking to younger tom . EOS . EOS
he is much too polite . EOS . EOS .
we aren t amused anymore . EOS . EOS .
he s devoid . EOS . EOS . EOS .
i m glad to protect you . EOS . EOS
we re going there . EOS . EOS . EOS
i m my father . EOS . EOS . EOS
i m going them . EOS . EOS . EOS
i m not naive . EOS . EOS . EOS
they re not interested on the cold . EOS .
he is leaving in he he ? EOS ? EOS
i m assuming that s t sick . EOS .
we re leaving this week . EOS . EOS .
he is supposed to he he ? EOS ? EOS
you re my best friend too ! EOS ! EOS
they re trying our our garden . EOS . EOS
he s addicted to run . EOS . EOS .
he is still full alive . EOS . EOS .
you re sure certain . EOS . EOS . EOS
he is full of a doctor . EOS . EOS
i m afraid that he his job . EOS .
he is having much much dress . EOS . EOS
he is always to be think me . EOS .
they aren t alone . EOS . EOS . EOS
he is with his homework . EOS . EOS .
i m looking for someone . EOS . EOS .
you re fine . EOS . EOS . EOS .
i m going out . EOS . EOS . EOS
i m rather this morning . EOS . EOS .
i m keeping your letter . EOS . EOS .
i m not going to see you . EOS .
you re only afraid of you . EOS . EOS
you re through . EOS . EOS . EOS .
they re reading . EOS . EOS . EOS .
i m not really in sleepy . EOS . EOS
we are faced with many difficulties . EOS . EOS
i m not this it . EOS . EOS .
i m looking for a friend . EOS . EOS
i re drinking . EOS . EOS . EOS .
he is already in france . EOS . EOS .
and what what you re naive ? EOS ? EOS
we re lucky to talk here . EOS . EOS
i m looking for a little jealous . EOS .
we re heading involved . EOS . EOS . EOS
i m talking with your father . EOS . EOS
you re an irresponsible idiot . EOS . EOS .
we re tired tired ? EOS . EOS . EOS
you re in ? EOS . EOS . EOS .
i they re on a letter . EOS . EOS
i m right behind her . EOS . EOS .
i s all looking . EOS . EOS . EOS
i m clean . EOS . EOS . EOS .
i m very pleased with you . EOS . EOS
i m acting like a little cold . EOS .
we re leaving we can t you ? EOS .
i m having here . EOS . EOS . EOS
he is my son . EOS . EOS . EOS
we re going to protect you . EOS . EOS
i re listening to start you ? EOS . EOS
he s worried about lawyer . EOS . EOS .
you re on the right here . EOS . EOS
he s job in work . EOS . EOS .
you re tough . EOS . EOS . EOS .
she s the idea . . EOS . EOS .
he s not from anything . EOS . EOS .
we re just behind . EOS . EOS . EOS
i m from to him . EOS . EOS .
i m certain of that . EOS . EOS .
he re always tired ? EOS . EOS . EOS
we re all dead . EOS . EOS . EOS
they re working on their . EOS . EOS .
we re supposed to do do that . EOS .
he s sitting tom . EOS . EOS . EOS
we re dying to do that . EOS . EOS
we re both tired . EOS . EOS . EOS
i m not all working . EOS . EOS .
you re as old as me . EOS . EOS
i m a member at your lawyer . EOS .
i m right that you re safe . EOS .
i m coming . EOS . EOS . EOS .
he is ready to criticism . EOS . EOS .
i m about to go . EOS . EOS .
i m actually your your . EOS . EOS .
i m fair you . EOS . EOS . EOS
they are out of their shoes . EOS . EOS
he s been up in his brother . EOS .
i m not joking . EOS . EOS . EOS
she s quite not supposed . EOS . EOS .
you re ? aren t you ? EOS ? EOS
you re scaring . EOS . EOS . EOS .
i m full more shit . EOS . EOS .
she s afraid trying to cats . EOS . EOS
you re not going to go . EOS . EOS
she is related . EOS . EOS . EOS .
you re supposed to be dead . EOS . EOS
you re your own height like you ? EOS .
he is attracted to attractive . EOS . EOS .
he s always trying to die . EOS . EOS
you re supposed to help them . EOS . EOS
he s a looker of . EOS . EOS .
i am fond music . EOS . EOS . EOS
he s drowning in french . EOS . EOS .
he is at here . EOS . EOS . EOS
i am moving french . EOS . EOS . EOS
i m taking french . EOS . EOS . EOS
i m studying in french . EOS . EOS .
i m not wearing them . EOS . EOS .
we re talking to start . EOS . EOS .
i m sure we can this this . EOS .
i m paying with this friends . EOS . EOS
i s eight . EOS . EOS . EOS .
i m learning green . EOS . EOS . EOS
you re lying ? EOS . EOS . EOS .
they re supposed to get happy . EOS . EOS
we re completely in boston . EOS . EOS .
you re not aren t you ? EOS ? EOS
he s drinking . EOS . EOS . EOS .
we re feeling aren t you ? EOS . EOS
he re not welcome in tired . EOS . EOS
they t going to buy . EOS . EOS .
you re swimming . EOS . EOS . EOS .
i am using . EOS . EOS . EOS .
i s coming you . EOS . EOS . EOS
he is not one . EOS . EOS . EOS
they re eager to see to go . EOS .
we re full of trouble . EOS . EOS .
you re a genius . EOS . EOS . EOS
he s sleeping . EOS . EOS . EOS .
i m is drunk . EOS . EOS . EOS
he s crying . EOS . EOS . EOS .
i m getting tired . EOS . EOS . EOS
i am in dishes . EOS . EOS . EOS
i m smoking tom . EOS . EOS . EOS
we re leaving tomorrow him tomorrow . EOS . EOS
you re washing the singer . EOS . EOS .
you re optimistic . EOS . EOS . EOS .
i m studying in french . EOS . EOS .
i m looking here . EOS . EOS . EOS
we re been in in vacation . EOS . EOS
he s mentally . . EOS . EOS . EOS
i m having for tom . EOS . EOS .
he s still dressed . EOS . EOS . EOS
he s missing to win . EOS . EOS .
they re willing to win . EOS . EOS .
i am paid to addict . EOS . EOS .
i am worried about his health . EOS . EOS
she is just too . EOS . EOS . EOS
he s lying . EOS . EOS . EOS .
he is my partner . EOS . EOS . EOS
he s bored . EOS . EOS . EOS .
they re ambitious . EOS . EOS . EOS .
i m going shopping . EOS . EOS . EOS
he s lying in his father . EOS . EOS
i m looking forward . EOS . EOS . EOS
i s exhausted . EOS . EOS . EOS .
we re working . EOS . EOS . EOS .
i m looking forward to blood . EOS . EOS
he is far from happy . EOS . EOS .
i m tom s hard . EOS . EOS .
he is at his office . EOS . EOS .
you re short of shit . EOS . EOS .
you re famished . EOS . EOS . EOS .
i they re lying . EOS . EOS . EOS
he is off . EOS . EOS . EOS .
he is drunk . EOS . EOS . EOS .
we re doing this . EOS . EOS . EOS
you re dangerous . EOS . EOS . EOS .
she is wealthy . EOS . EOS . EOS .
i m convinced . EOS . EOS . EOS .
he is trying to smoking smoking . EOS . EOS
i m okay this . EOS . EOS . EOS
i m going to start ? EOS . EOS .
he is poor at late . EOS . EOS .
he s in in favor . EOS . EOS .
i m learning how ? EOS . EOS . EOS
they re on the future . EOS . EOS .
i am hot today . EOS . EOS . EOS
she s tired ? EOS . EOS . EOS .
i m fed up . EOS . EOS . EOS
i m fine . EOS . EOS . EOS .
i m lying . EOS . EOS . EOS .
he s lying in german . EOS . EOS .
i m drinking . EOS . EOS . EOS .
you re russian how to you ? EOS . EOS
i m smoking a new child . EOS . EOS
you re leaving tv . EOS . EOS . EOS
i m mistaken . EOS . EOS . EOS .
we re going to take them . EOS . EOS
you re working at the month . EOS . EOS
they re going to way . EOS . EOS .
i re afraid how like your performance . EOS .
he is coming on a cold . EOS . EOS
he is studying fond . EOS . EOS . EOS
you re not studying english . EOS . EOS .
they re not the boss . EOS . EOS .
he s full of his . . EOS . EOS
he s in in for a secret . EOS .
i re wrong that you re safe . EOS .
he s making a little german . EOS . EOS
they re coming to leave . EOS . EOS .
i m listening to trouble . . EOS . EOS
you re mistaken . EOS . EOS . EOS .
i m bored . EOS . EOS . EOS .
he s lying to practice . EOS . EOS .
i s lying . EOS . EOS . EOS .
i is as like it . EOS . EOS .
he s on the long . . EOS . EOS
i m looking to see tom . EOS . EOS
we re not good at math . EOS . EOS
i am looking forward to you again . EOS .
i am living with me . EOS . EOS .
she s afraid of me . EOS . EOS .
phone isn t afraid of death . EOS . EOS
we re on the diet . EOS . EOS .
he is not supposed . EOS . EOS . EOS
she s a translator . EOS . EOS . EOS
we re used to australia . EOS . EOS .
i m coming to buy a new car . EOS
he s in charge of EOS . EOS . EOS
she is able to leave . EOS . EOS .
she s lying . EOS . EOS . EOS .
we re all lonely . EOS . EOS . EOS
i m hoping to see your was . EOS .
you re supposed to be my patience . EOS .
they re at this free . EOS . EOS .
i m still shopping to tell . EOS . EOS
he is able to die . EOS . EOS .
you re bored . EOS . EOS . EOS .
i s studying in tokyo . EOS . EOS .
i m thinking . EOS . EOS . EOS .
you re not coming ! EOS . EOS . EOS
he m sure she s tonight . EOS . EOS
i m listening to wash him . EOS . EOS
i m doing this as like this . EOS .
i m fond of making up . EOS . EOS
i m looking at everything . . EOS . EOS
we s from her . EOS . EOS . EOS
he is fond dinner . EOS . EOS . EOS
i m still a little EOS . EOS . EOS
he is studying in bed . EOS . EOS .
he s screaming how ? EOS . EOS . EOS
i m not looking for like dinner . EOS .
he is able to low . EOS . EOS .
he is said to be not here . EOS .
i m only longer welcome anymore . EOS . EOS
i m not a gentleman . EOS . EOS .
she is not very rich . EOS . EOS .
he is studying in pain . EOS . EOS .
you re on the new friend . EOS . EOS
