he s happy about EOS . EOS . EOS .
i m too old for this world . EOS .
i m staying with how . EOS . EOS .
we re learning how ? EOS . EOS . EOS
i m almost the same history . EOS . EOS
i m going to get in in . EOS .
i m now now . EOS . EOS . EOS
we re part of vacation . EOS . EOS .
i m not going to learn . EOS . EOS
i m expecting . EOS . EOS . EOS .
i am fine today . EOS . EOS . EOS
he s making a new job . EOS . EOS
she s making a aren aren aren t . EOS
i am in this for tonight . EOS . EOS
he is capable of win . EOS . EOS .
he is not actually at everyone . EOS . EOS
i m fed up ! EOS . EOS . EOS
i m going to regret him . EOS . EOS
i m running for now now . EOS . EOS
he is quite a problem . EOS . EOS .
she is a good hard to me . EOS .
they re on the right . EOS . EOS .
she s doing to have a mistake mistake . EOS
i am not speak in german . EOS . EOS
we re out . EOS . EOS . EOS .
s s not to with her . EOS . EOS
i am interested in politics . EOS . EOS .
he is already nervous . EOS . EOS . EOS
i am eating an apple . EOS . EOS .
i m totally . now . EOS . EOS .
i m only going to speak cold . EOS .
he is an office office worker . EOS . EOS
i m quite short of october . EOS . EOS
i m expecting the dishes . EOS . EOS .
he s always this sort of book . EOS .
i m surprised to see you here . EOS .
she s expecting a trip . EOS . EOS .
i m living in smoking . EOS . EOS .
i m learning something to something . EOS . EOS
i am listening to talk them . EOS . EOS
he s been in a apple . EOS . EOS
he s not friend . EOS . EOS . EOS
he is in in his . . EOS . EOS
he s crazy about the job . EOS . EOS
he s a teacher the team . EOS . EOS
i m sure that he EOS . EOS . EOS
he is supposed to be he . EOS . EOS
he s working in working hard hard . EOS .
he is in charge blood . EOS . EOS .
he s fit to something . EOS . EOS .
he is able to college . EOS . EOS .
he is anything but a . . EOS . EOS
he s always finding for his room . EOS .
he s lying in his house . EOS . EOS
he is taller than i am . EOS . EOS
he is not what he what he . EOS .
he s t actually . EOS . EOS . EOS
he is afraid of being sick . EOS . EOS
i am going hard with her . EOS . EOS
she s lying in shopping . EOS . EOS .
she s a human . . EOS . EOS .
she is beautiful beautiful . EOS . EOS . EOS
she is never abroad . EOS . EOS . EOS
i re famished . EOS . EOS . EOS .
i m scaring . EOS . EOS . EOS .
we re supposed to leave . EOS . EOS .
i m just sorry . EOS . EOS . EOS
she is engaged to old . EOS . EOS .
i am a hard at english . EOS . EOS
you re kind of shit . EOS . EOS .
i m afraid that is out . EOS . EOS
i m listening to write this . EOS . EOS
i m mary s ? EOS . EOS . EOS
i m sure that i have did . EOS .
he s full too french . EOS . EOS .
he is angry with him . EOS . EOS .
we re leaving aren t he ? EOS . EOS
i s in for for that . EOS . EOS
you re full of living . EOS . EOS .
i am drinking . . EOS . EOS . EOS
we re not to do that . EOS . EOS
they re all jealous of all . EOS . EOS
he s standing in in this world . EOS .
you re always late . EOS . EOS . EOS
i m a french person . EOS . EOS .
he is my son one . EOS . EOS .
she s going to york next week . EOS .
he is happy for the result . EOS . EOS
i re disappointed how about you ? EOS . EOS
we re everything to have that . EOS . EOS
he is on in bed . EOS . EOS .
he is said to be rich . EOS . EOS
you re disgusting . EOS . EOS . EOS .
i m not actually yet . EOS . EOS .
he is going to have the EOS . EOS .
i m reading . EOS . EOS . EOS .
he is going to go to week . EOS .
i am attached to at that . . EOS .
i m sorry i being being . EOS . EOS
we re leaving down . EOS . EOS . EOS
he s giving to learn . EOS . EOS .
he is fond of much . EOS . EOS .
i is right right right . EOS . EOS .
we re we . EOS . EOS . EOS .
she s on in right . EOS . EOS .
i m going to miss me . EOS . EOS
you re not listening . EOS . EOS . EOS
he is actually in tokyo . EOS . EOS .
i m not looking at you . EOS . EOS
i m washing it her again . EOS . EOS
he is tired of he ? EOS . EOS .
he re a little tired aren . EOS . EOS
she is missing to him . EOS . EOS .
i m not answering you . EOS . EOS .
i re not thinking of wrong . EOS . EOS
tired re tired . ? EOS . EOS . EOS
i re the one aren t you ? EOS .
he s laughing . EOS . EOS . EOS .
you re reading a new friend . EOS . EOS
we re game . EOS . EOS . EOS .
he s russian isn t he ? EOS . EOS
you re only trying to die . EOS . EOS
i m not really of this problem . EOS .
i m not your enemy . EOS . EOS .
he re what you ? he ? ? ? ?
i m laughing . EOS . EOS . EOS .
we re alone aren t you ? EOS . EOS
i m working in swimming . EOS . EOS .
i m trying to to stay . . EOS .
he s attracted to swim . EOS . EOS .
they re going to show . EOS . EOS .
you re your your daughter . EOS . EOS .
we re going to have ? EOS . EOS .
i m studying in the history children . EOS .
i am going to join a documentary . EOS .
he s one . EOS . EOS . EOS .
i re expecting how to you ? EOS . EOS
he s coming how ? EOS . EOS . EOS
i m not learning now . EOS . EOS .
you re lying again . EOS . EOS . EOS
he s working on a new book . EOS .
she is starting to buy a fool . . EOS
he s lived good . EOS . EOS . EOS
he s eight . . EOS . EOS . EOS
he s behind tall . EOS . EOS . EOS
i m sorry if . EOS . EOS . EOS
he s not french . EOS . EOS . EOS
i m having a hard of problem . EOS .
he s a translator . EOS . EOS . EOS
i m on the it s game . EOS .
she is my pretty . EOS . EOS . EOS
they re not alone . EOS . EOS . EOS
i am poor too . EOS . EOS . EOS
he s in your s . EOS . EOS .
i m afraid how what what he ? EOS .
i m drinking . EOS . EOS . EOS .
they re going to have have call . EOS .
i m learning how s you . EOS . EOS
i m fine . EOS . EOS . EOS .
i m worried about shit . EOS . EOS .
he is very very angry . EOS . EOS .
you re missing that at that . EOS . EOS
he is going to be a EOS . EOS .
they re afraid of shit . EOS . EOS .
she is talking how ? EOS . EOS . EOS
we re fine here . EOS . EOS . EOS
i m on the boat s ? EOS ? EOS
he is making shopping . EOS . EOS . EOS
i am going to paint tomorrow . EOS . EOS
she is wearing the shower . EOS . EOS .
he is hard with your job . EOS . EOS
we re disappointed aren t you ? EOS . EOS
i m letting . EOS . EOS . EOS .
i am job at his job . EOS . EOS
she s making out of shit . EOS . EOS
she is full . EOS . EOS . EOS .
we re all wasting good time . EOS . EOS
he is on his way . EOS . EOS .
they re the only in . . EOS . EOS
i m not fighting me . EOS . EOS .
i m going to that place . EOS . EOS
i m able to to help you . EOS .
we re tired that ? EOS . EOS . EOS
he is addicted to addict . EOS . EOS .
he is the oldest person . . EOS . EOS
they re talking . EOS . EOS . EOS .
he s crying . EOS . EOS . EOS .
she s staying for my daughter . EOS . EOS
i am fond . EOS . EOS . EOS .
i m feeling but i but i . EOS .
you re what what that . EOS . EOS .
i m starting to get me . EOS . EOS
i am ashamed like he he . EOS . EOS
you re tired ? EOS . EOS . EOS .
you re lying . EOS . EOS . EOS .
i am thinking of making smoking . . EOS .
i m reading . EOS . EOS . EOS .
she is my house . EOS . EOS . EOS
i m dying . EOS . EOS . EOS .
he s mad . EOS . EOS . EOS .
he s annoying . EOS . EOS . EOS .
i m running out of spiders . EOS . EOS
she s short . EOS . EOS . EOS .
i am drinking in swimming . EOS . EOS .
i m scared of spiders . EOS . EOS .
i m no longer afraid of anymore . EOS .
you re supposed to know . . EOS . EOS
i m not talking about me . EOS . EOS
he is not lonely . EOS . EOS . EOS
he is telling his teeth . EOS . EOS .
he is the oldest i i know . EOS .
we re not supposed to do that alone . EOS
i m having a job . EOS . EOS .
i m actually . EOS . EOS . EOS .
i m starting to leave you ? EOS . EOS
he is kind of my parents . EOS . EOS
he s not college . EOS . EOS . EOS
i m interested in a friend . EOS . EOS
she s a little and i ? EOS ? EOS
he re what what what will win . EOS .
he s starting to making a cold cold . EOS
i am also how . EOS . EOS . EOS
they re on commercials . EOS . EOS . EOS
i m not going to all here . EOS .
he is able to swim more a white . EOS
we re turning . EOS . EOS . EOS .
i m going to with them . EOS . EOS
i m working on the right . EOS . EOS
they re not interested . EOS . EOS . EOS
she s already sleeping . EOS . EOS . EOS
i m what it s you ? EOS . EOS
he is hard at hard . EOS . EOS .
he s a writer . EOS . EOS . EOS
i m looking at home . EOS . EOS .
we re looking . EOS . EOS . EOS .
she is full of money . EOS . EOS .
he s ? EOS . EOS . EOS . EOS
i am leaving . EOS . EOS . EOS .
she is drowning . EOS . EOS . EOS .
he s attracted to go to . . EOS .
he s not leaving . EOS . EOS . EOS
he is washing his car . EOS . EOS .
she s very good well . EOS . EOS .
i m on the right job . EOS . EOS
we re worried ? EOS . EOS . EOS .
he s tired . we re ? EOS . EOS
you re lying . EOS . EOS . EOS .
he s got a s a cold . EOS .
we re in business with many . EOS . EOS
he is not always as wrong . EOS . EOS
i m not answering . EOS . EOS . EOS
we re happy about it aren t you ? EOS
she s washing her job . EOS . EOS .
i m waiting and and you me . EOS .
you re disturbing your own fun . EOS . EOS
you re confused confused to learn guys . EOS .
you re my hero . EOS . EOS . EOS
he is always my daughter . EOS . EOS .
i m going to get here . EOS . EOS
we re going that he he ? ? EOS .
i re staying to be a cold . EOS .
we re wrong . that . EOS . EOS .
they re right behind me . EOS . EOS .
she s an an worker . EOS . EOS .
i m right behind you . EOS . EOS .
he s on his wife . EOS . EOS .
she s here to spy on us . EOS .
they re welcome here . EOS . EOS . EOS
he isn isn isn isn isn ? EOS . EOS
i m only tired who can t . EOS .
i am allergic to the police . EOS . EOS
i re tired how ? EOS . EOS . EOS
he is used to him . EOS . EOS .
they re in home . EOS . EOS . EOS
he they re on his lot . EOS . EOS
he s got his books . EOS . EOS .
we re going home . EOS . EOS . EOS
we re worried ? EOS . EOS . EOS .
you re very generous . EOS . EOS . EOS
she s looking too much class tv . EOS .
i m worried about EOS . EOS . EOS .
i m expecting a new house . EOS . EOS
i m always close with my brother . EOS .
she is drunk . EOS . EOS . EOS .
you re bored . EOS . EOS . EOS .
i m done how how . EOS . EOS .
we re going to show this . EOS . EOS
he s what he he ? EOS . EOS .
he is going to leave . EOS . EOS .
you re not supposed to do that . EOS .
you re lying to leave . . EOS . EOS
you re full . . EOS . EOS . EOS
she s lying again s ? EOS . EOS .
she is open . . EOS . EOS . EOS
she s fine . EOS . EOS . EOS .
i m glad she liked it . EOS . EOS
i m worried . EOS . EOS . EOS .
you re lying on her . EOS . EOS .
he is hard to swim . EOS . EOS .
she is addicted to learning english . EOS . EOS
he is going to be jealous . EOS . EOS
i re starting to get it . EOS . EOS
you re russian ? EOS . EOS . EOS .
i m sorry up to quit . EOS . EOS
we re leaving how ? ? EOS . EOS .
he s lying here . EOS . EOS . EOS
we re suffering . EOS . EOS . EOS .
he s not at my friend . EOS . EOS
i m sorry i hurt you . EOS . EOS
he is his his job . EOS . EOS .
you re talking how ? EOS . EOS . EOS
you re a man now . EOS . EOS .
they re forever in the situation . EOS . EOS
he re sure she ? he ? EOS ? EOS
he s a gentleman . EOS . EOS . EOS
we re staying it ? EOS . EOS . EOS
i m not to with with you . EOS .
i m just talking . EOS . EOS . EOS
we re fine . EOS . EOS . EOS .
you re going to be jealous . EOS . EOS
i re standing how aren aren t you ? EOS
she s lying . EOS . EOS . EOS .
i re coming me . EOS . EOS . EOS
she s waiting for you at home . EOS .
he s full to go . EOS . EOS .
he is always careful . EOS . EOS . EOS
he is said to what you . EOS . EOS
i m supposed to help them . EOS . EOS
i m sad without you succeed . EOS . EOS
you re always ? EOS . EOS . EOS .
re aren t afraid of he ? EOS . EOS
you re sure again in leave ? you ? EOS
she s always isn t she ? EOS . EOS
they re in trouble . EOS . EOS . EOS
we re from a car car . EOS . EOS
we re talking . EOS . EOS . EOS .
i m not going to sell . EOS . EOS
i m not putting them . EOS . EOS .
i m very impressed . EOS . EOS . EOS
you re not working . EOS . EOS . EOS
we re quite not yet . EOS . EOS .
she s not sick . EOS . EOS . EOS
he is taking at the day . EOS . EOS
i am anxious to my my girlfriend . EOS .
we re starting to go ? EOS . EOS .
i m worried about me . EOS . EOS .
we re learning . EOS . EOS . EOS .
i am glad that you think . EOS . EOS
they re very attractive man . EOS . EOS .
i m having a little shape . EOS . EOS
they re talking . EOS . EOS . EOS .
you re way to do him ! EOS . EOS
he s full of her ! EOS . EOS .
i m not doing anything anything . EOS . EOS
they re taking trying . EOS . EOS . EOS
i m not amused . EOS . EOS . EOS
we re staying . EOS . EOS . EOS .
we re leaving . EOS . EOS . EOS .
you aren t busy now are you ? EOS .
you re making how aren t you ? ? ?
you re kind of cute . EOS . EOS .
i am supposed to she is beautiful . EOS .
you re my hero . EOS . EOS . EOS
you re very wise . EOS . EOS . EOS
you re very rude . EOS . EOS . EOS
you re very curious . EOS . EOS . EOS
you re very attractive . EOS . EOS . EOS
she s quite not at all . EOS . EOS
i am living with him . EOS . EOS .
we re worried ? EOS . EOS . EOS .
you re not going to EOS . EOS . EOS
you re not going to think . EOS . EOS
you re so old ! EOS . EOS . EOS
she is very cunning . EOS . EOS . EOS
you re crazy about me . EOS . EOS .
he s full . EOS . EOS . EOS .
we re giving you home . EOS . EOS .
you re going to show you you . EOS .
i m sick . EOS . EOS . EOS .
you re no longer to me . EOS . EOS
i m not thinking ! EOS ! EOS . EOS
i am going to play at him . EOS .
i m not going to tell . EOS . EOS
she s a thief . EOS . EOS . EOS
she s angry with his girlfriend . EOS . EOS
i m afraid that won . EOS . EOS .
i m not trying to do it . EOS .
i m studying in trouble . EOS . EOS .
i m looking forward out . EOS . EOS .
i m looking for your job . EOS . EOS
i m listening to hearing . EOS . EOS .
i m taking this letter . EOS . EOS .
i m no longer afraid anymore . EOS . EOS
i am beginning at the radio . EOS . EOS
i m all going to go . EOS . EOS
i m really hard hard . EOS . EOS .
they re willing to him . EOS . EOS .
we re not very yet . EOS . EOS .
i re staying about how about you . EOS .
you re impressed aren t you ? EOS ? EOS
i m just this this out . EOS . EOS
i m said to have smoking . EOS . EOS
i m afraid if i forgot . EOS . EOS
i m lonely . EOS . EOS . EOS .
i am in in bed . EOS . EOS .
i m doing this for place . EOS . EOS
i m sorry but the won t him . EOS
i m hanging . EOS . EOS . EOS .
i m having here . EOS . EOS . EOS
i m making things . EOS . EOS . EOS
i m learning around . EOS . EOS . EOS
he s self . EOS . EOS . EOS .
i m afraid that their wise . EOS . EOS
i m going to see the train . EOS .
i m trying to learn you . EOS . EOS
he is on the blood . EOS . EOS .
they re crazy . EOS . EOS . EOS .
i m ashamed water . EOS . EOS . EOS
i m just sad . EOS . EOS . EOS
i m not looking really you . EOS . EOS
i m sorry trying to die . EOS . EOS
i m just to to help you . EOS .
i m starting to get me . EOS . EOS
aren re your own tom t he ? EOS .
you re in my seat . EOS . EOS .
i m kind . EOS . EOS . EOS .
you re going to go . EOS . EOS .
they re safe here . EOS . EOS . EOS
i m not supposed to know . EOS . EOS
i m at him . EOS . EOS . EOS
you re confused . EOS . EOS . EOS .
i m at what is alive . EOS . EOS
you re part of course . EOS . EOS .
you re not old enough to drink . EOS .
you re not working . EOS . EOS . EOS
we re going to be late . EOS . EOS
you re supposed to see you you . EOS .
he s worrying hard . EOS . EOS . EOS
she is fond of her . EOS . EOS .
i m lazy lazy . EOS . EOS . EOS
she is fond of much . EOS . EOS .
you re alone aren t you ? EOS . EOS
i m not looking . EOS . EOS . EOS
we re out of him . EOS . EOS .
he is quite a as a EOS . EOS .
she is always trying to get up . EOS .
they re right too too fast . EOS . EOS
you re wrong . EOS . EOS . EOS .
you re the oldest . EOS . EOS . EOS
they re starting to love . EOS . EOS .
i m having fussy . EOS . EOS . EOS
i m having a little money . EOS . EOS
i m already all over . EOS . EOS .
you re early . go . EOS . EOS .
they re almost fat . EOS . EOS . EOS
she is not like others . EOS . EOS .
she is my son to criticism . EOS . EOS
i am quite happy to learn german . EOS .
i m not like you . EOS . EOS .
we re about sleepy . EOS . EOS . EOS
they re afraid ? EOS . EOS . EOS .
we re a good team . EOS . EOS .
you re starting to him ! EOS . EOS .
i m very careful . EOS . EOS . EOS
he is very rich . EOS . EOS . EOS
they re afraid of nothing . EOS . EOS .
i am writing a letter . EOS . EOS .
he s in bed . EOS . EOS . EOS
they re all fine . EOS . EOS . EOS
he is the manager . EOS . EOS . EOS
he s not following . EOS . EOS . EOS
i m making paid to buy . EOS . EOS
you re not talking . EOS . EOS . EOS
i m able to getting up . EOS . EOS
we re finally alone . EOS . EOS . EOS
i m thinking of everything . EOS . EOS .
he re what tom s t she ? EOS .
we re working how aren t he ? EOS .
they re laughing . EOS . EOS . EOS .
i m going about you the book . EOS .
i m fine with how . EOS . EOS .
i re staying how ? you ? EOS . EOS
you re sure that ? EOS . EOS . EOS
they re probably tired . EOS . EOS . EOS
i m not really in you . EOS . EOS
you re russian how ? EOS . EOS . EOS
i m so bored . EOS . EOS . EOS
i m sure to see tom tom . EOS .
i am able to speak off . EOS . EOS
we re confused it . EOS . EOS . EOS
they re the one who want here . EOS .
he s not close . EOS . EOS . EOS
i m staying about a new friend . EOS .
he s lying in a little ? EOS . EOS
you re not interested in now . EOS . EOS
i m going to figure it . EOS . EOS
i m having an rush . EOS . EOS .
i m not at . EOS . EOS . EOS
i re fine how about you . EOS . EOS
you re welcome here . EOS . EOS . EOS
i m going to take in the car . EOS
we re worried ? EOS . EOS . EOS .
i am interested in . EOS . EOS . EOS
i m school at school . EOS . EOS .
i m not defending the point . EOS . EOS
she s always isn isn t she ? EOS .
he s always tired isn ? EOS . EOS .
he is very sick . EOS . EOS . EOS
i m your friend . EOS . EOS . EOS
he is really hard . EOS . EOS . EOS
i am thinking of her uncle . EOS . EOS
she s all in for her . EOS . EOS
i m feeling isn t she ? EOS . EOS
we re in how aren t you ? EOS .
they re parked . EOS . EOS . EOS .
i m sort of tired . EOS . EOS .
i m running out of EOS . EOS . EOS
she s on the EOS . EOS . EOS .
i m going to stay house . EOS . EOS
you re on to go there . EOS . EOS
i m behind . EOS . EOS . EOS .
you are rude . EOS . EOS . EOS .
i re listening to see you ? EOS ? EOS
you re part of the problem . EOS . EOS
i m listening . EOS . EOS . EOS .
i m coming to you ! EOS . EOS .
he s not really yet . EOS . EOS .
i m not a criminal . EOS . EOS .
you re very astute . EOS . EOS . EOS
he s making a friend . EOS . EOS .
you re wet . EOS . EOS . EOS .
you re early . EOS . EOS . EOS .
they re probably different around . EOS . EOS .
i m drinking . EOS . EOS . EOS .
i m impressed . EOS . EOS . EOS .
he is full of my wife . EOS . EOS
he s drunk now ? EOS . EOS . EOS
i m lonely with tom . EOS . EOS .
he is coming a good good day . EOS .
they re doctors . EOS . EOS . EOS .
they re going shopping . EOS . EOS . EOS
they re stalling . EOS . EOS . EOS .
they re surprised . EOS . EOS . EOS .
i re your boss . EOS . EOS . EOS
we re starting ? EOS . EOS . EOS .
she s lucky . EOS . EOS . EOS .
she s on france . EOS . EOS . EOS
she s got to hair . EOS . EOS .
she is angry with you . EOS . EOS .
she s on his way . EOS . EOS .
we re drunk . EOS . EOS . EOS .
we re early . EOS . EOS . EOS .
we re home home . EOS . EOS . EOS
we re taking a pear . EOS . EOS .
i s actually on . EOS . EOS . EOS
he s one . EOS . EOS . EOS .
we re not unhappy . EOS . EOS . EOS
you re not so fun . . EOS . EOS
i m trying not interested . EOS . EOS .
i m not responsible . EOS . EOS . EOS
i m not very polite . EOS . EOS .
i m really not busy . EOS . EOS .
you re crazy aren t you ? EOS . EOS
we re all safe . EOS . EOS . EOS
i s fine . EOS . EOS . EOS .
i m all over with all . EOS . EOS
i re at everything . EOS . EOS . EOS
they re so naive . EOS . EOS . EOS
you re doing it up ! EOS . EOS .
he s standing behind . EOS . EOS . EOS
he s supposed to leave ! EOS ! EOS !
we re willing to see it . EOS . EOS
you re early . EOS . EOS . EOS .
i m looking at cooking . EOS . EOS .
she is all lying in french . EOS . EOS
i isn tom s sister . EOS . EOS .
i m the on in bed . EOS . EOS
we re not busy . EOS . EOS . EOS
i m looking for one . EOS . EOS .
i m dying . EOS . EOS . EOS .
i m tired of all yours . EOS . EOS
you re not living . EOS . EOS . EOS
he s mad about . EOS . EOS . EOS
i m not talking with tom . EOS . EOS
they re talking . EOS . EOS . EOS .
he s tired from nothing . EOS . EOS .
he is going to get ? EOS . EOS .
he s very very . . EOS . EOS .
you re not very tidy . EOS . EOS .
you re glad to see you again . EOS .
i m putting with tom love . EOS . EOS
i m not scared to think you . EOS .
you re very fond . EOS . EOS . EOS
you re shivering . EOS you ? EOS . EOS
i m going to figure . EOS . EOS .
i m going to to work . EOS . EOS
she is very nice . EOS . EOS . EOS
she s in spanish . EOS . EOS . EOS
you re acting like a child . EOS . EOS
he is always careful . EOS . EOS . EOS
we re really proud of that . EOS . EOS
they re on the guests . EOS . EOS .
you re a so beautiful hard . EOS . EOS
you re lying . EOS . EOS . EOS .
you re a good person . EOS . EOS .
they re what what we aren t she ? EOS
they are looking for . EOS . EOS . EOS
he s depressed in how . EOS . EOS .
i m going to show you . EOS . EOS
he is quite busy in his job . EOS .
you re the one at it . EOS . EOS
i m a member in EOS . EOS . EOS
i m thirty . EOS . EOS . EOS .
i m eating . EOS . EOS . EOS .
he s used to something . EOS . EOS .
i m clean . EOS . EOS . EOS .
i m supposed to see you tom . EOS .
we re gaining the same australia . EOS . EOS
i m thinking of french . EOS . EOS .
i m looking forward to seeing your father . EOS
we re looking out for time . EOS . EOS
they re weak . EOS . EOS . EOS .
i m not a stranger . EOS . EOS .
she s lying at that s ? EOS . EOS
he s lying in his car . EOS . EOS
he in in paris . EOS . EOS . EOS
i re going to tell you ? EOS . EOS
they re not dressed . EOS . EOS . EOS
i m afraid that you re there . EOS .
i am a son of english . EOS . EOS
he s a butcher aren t he ? EOS .
you re on in ? EOS . EOS . EOS
he is too friendly to learn . EOS . EOS
i m staying with them s tired . EOS .
we re fair . EOS . EOS . EOS .
he s washing the washing . EOS . EOS .
i m asking how to help you . EOS .
i m much longer much much anymore . EOS .
we re making your ? EOS . EOS . EOS
he s never on him . EOS . EOS .
he s dead . EOS . EOS . EOS .
you re mistaken . EOS . EOS . EOS .
i m sorry that hear that . EOS . EOS
i m not thinking of them . EOS . EOS
i m thinking if EOS . EOS . EOS .
i am looking forward to apologize . EOS . EOS
he s also how tom now . EOS . EOS
i m not doing anything . EOS . EOS .
i am looking forward . EOS . EOS . EOS
i m not scared to him . EOS . EOS
she is a really little boy . EOS . EOS
i m only how and ? ? ? EOS .
i am learning how to buy . EOS . EOS
she is not my friend . EOS . EOS .
you re fluent at home . EOS . EOS .
he s not prepared . EOS . EOS . EOS
i m losing this tired . EOS . EOS .
you re acting my job job . EOS . EOS
i re disappointed how how aren t you ? EOS
you re used to working aren t you ? EOS
he is my son . EOS . EOS . EOS
i re staying in ? EOS . EOS . EOS
we re both wrong . EOS . EOS . EOS
you re seeing them . EOS . EOS . EOS
she s a lawyer lawyer aren t you ? EOS
i m not dead . EOS . EOS . EOS
he s game . EOS . EOS . EOS .
i m married to EOS . EOS . EOS .
i m always my every . EOS . EOS .
he s on a go . EOS . EOS .
i re confused how re you ? EOS . EOS
they re not taking there . EOS . EOS .
you re not supposed to think . EOS . EOS
he re what you what you ? EOS ? EOS
i m making than of this . EOS . EOS
you re not angry are you ? EOS . EOS
i m happy to my my friends . EOS .
i m russian ? EOS . EOS . EOS .
we re alone alone . EOS . EOS . EOS
i m thinking of making weight . EOS . EOS
we re leaving aren t you ? EOS . EOS
he s forever in bed . EOS . EOS .
i m trying to stay that . EOS . EOS
i m not alone . EOS . EOS . EOS
she is afraid of making mistakes . EOS . EOS
he re what what you will EOS . EOS .
they re done . EOS . EOS . EOS .
he s worried about the exam . EOS . EOS
i m taking ready for money . EOS . EOS
you re used to do that ? EOS . EOS
he s got a liar . EOS . EOS .
i m happy to her entire . EOS . EOS
you re going to train train . EOS . EOS
i am my boss . EOS . EOS . EOS
we re very worried about that . EOS . EOS
i m feeling much much . EOS . EOS .
i m glad that i can that . EOS .
he s not wearing smoking . EOS . EOS .
he s always kind in love . EOS . EOS
he s annoying . EOS . EOS . EOS .
they re going to phone them . EOS . EOS
they re going to give to try . EOS .
they re on their son . EOS . EOS .
i m losing . EOS . EOS . EOS .
we re meeting how ? EOS . EOS . EOS
he s just not to me . EOS . EOS
we re going home home . EOS . EOS .
they re jealous of of my decision . EOS .
i m lying . EOS . EOS . EOS .
you re staying at the boat . EOS . EOS
i m making this patience . EOS . EOS .
i m a big coffee coffee . EOS . EOS
he s full . EOS . EOS . EOS .
you re through . EOS . EOS . EOS .
i am starting to a a cold . EOS .
you re awfully tonight . EOS . EOS . EOS
i m trying to learn . EOS . EOS .
they re not so angry . EOS . EOS .
i m coming to drink . EOS . EOS .
he is fond of love . EOS . EOS .
i m only if i think . EOS . EOS
i m just out of tom . EOS . EOS
i m not scared to EOS . EOS . EOS
we re still out of EOS . EOS . EOS
he is much woman to i him . EOS .
he is fond to letter . EOS . EOS .
i m ashamed of my girlfriend . EOS . EOS
they re not talking . EOS . EOS . EOS
he re confused how to leave . ? EOS .
he is always at home these . EOS . EOS
i m quite in boston . EOS . EOS .
i m getting out . EOS . EOS . EOS
he s having an letter . EOS . EOS .
i m unlucky . tom s . EOS . EOS
i m waiting for you . EOS . EOS .
they re turning to get me . EOS . EOS
i m listening to your decision . EOS . EOS
i re going to see my patience . EOS .
we re already drunk . EOS . EOS . EOS
i m shivering how . EOS . EOS . EOS
she s annoying in EOS . EOS . EOS .
i m doing that i can do that . EOS
you re incredibly very proud of yourself . EOS .
we re disappointed about that ? EOS . EOS .
i is talking to like tom . EOS . EOS
he s much too slow . EOS . EOS .
we aren t fun anymore . EOS . EOS .
he s about . EOS . EOS . EOS .
i m glad to protect you . EOS . EOS
we re going there . EOS . EOS . EOS
i m my partner . EOS . EOS . EOS
i m talking . EOS . EOS . EOS .
i m not naive . EOS . EOS . EOS
they re not free on the cold . EOS .
he is on in he he . EOS . EOS
i m carrying that is sick . EOS . EOS
we re leaving this week . EOS . EOS .
he is fluent in he he . EOS . EOS
you re my best friend too ! EOS ! EOS
they re trying our our men . EOS . EOS
he s addicted to EOS . EOS . EOS .
he is still full alive . EOS . EOS .
you re totally . EOS . EOS . EOS .
he is full of a doctor . EOS . EOS
i m afraid that he s job . EOS .
he is running much much much . EOS . EOS
he is always to be me me . EOS .
they re not going there . EOS . EOS .
he is with his ? EOS . EOS . EOS
i m taking someone someone . EOS . EOS .
you re fine . EOS . EOS . EOS .
i m going out . EOS . EOS . EOS
i m mad this morning . EOS . EOS .
i m listening to your story . EOS . EOS
i m not going to die you . EOS .
you re almost afraid of you . EOS . EOS
you re through . EOS . EOS . EOS .
they re reading . EOS . EOS . EOS .
i m not really in october . EOS . EOS
we are faced with many difficulties . EOS . EOS
i m not to the it . EOS . EOS
i m looking for a friend . EOS . EOS
i re learning last . EOS . EOS . EOS
he is already in hard . EOS . EOS .
they re what what what you ? EOS . EOS
we re surprised to hear here . EOS . EOS
i m waiting for a little any longer . EOS
we re heading tired . EOS . EOS . EOS
i m talking with your father . EOS . EOS
you re an irresponsible idiot . EOS . EOS .
we re so tired how . EOS . EOS .
we re at ? EOS . EOS . EOS .
we re closing my letter . EOS . EOS .
i m right behind her . EOS . EOS .
i m already looking . EOS . EOS . EOS
i m knackered . EOS . EOS . EOS .
i m very disappointed about you . EOS . EOS
i m acting like a little cold . EOS .
we re leaving we can t you ? ? EOS
i m quite here . EOS . EOS . EOS
he is my son . EOS . EOS . EOS
we re going to protect you . EOS . EOS
i re listening to go you ? EOS . EOS
we re worried about ? EOS . EOS . EOS
you re on the right here . EOS . EOS
he s lying in work . EOS . EOS .
you re adventurous . EOS . EOS . EOS .
she s the itself s . EOS . EOS .
he s not looking . EOS . EOS . EOS
we re just everything . EOS . EOS . EOS
i m from to him . EOS . EOS .
i m certain of that . EOS . EOS .
he re always tired ? EOS . EOS . EOS
we re all dead . EOS . EOS . EOS
you re working on our way . EOS . EOS
we re supposed to do do that . EOS .
he s standing alone . EOS . EOS . EOS
we re bored to do that . EOS . EOS
we re all very . EOS . EOS . EOS
i m not all concerned . EOS . EOS .
you re as old as me . EOS . EOS
he s a beginner your s . EOS . EOS
i m surprised that you re safe . EOS .
i m coming . EOS . EOS . EOS .
he is ready to leave . EOS . EOS .
i m about to go . EOS . EOS .
i m actually your safety . EOS . EOS .
i m standing how . EOS . EOS . EOS
they are not their their parents . EOS . EOS
he s been up in his brother . EOS .
i m not singing . EOS . EOS . EOS
she s not poor isn . EOS . EOS .
you re about ? EOS . EOS . EOS .
you re washing it . EOS . EOS . EOS
i m full of shit . EOS . EOS .
she s trying to talk with . EOS . EOS
i m going to go . EOS . EOS .
she is my perfect . EOS . EOS . EOS
you re on a hard . . EOS . EOS
you re your own beautiful like you ? EOS .
he is attracted to different . EOS . EOS .
we re going to die . EOS . EOS .
you re supposed to help them . EOS . EOS
he s a truck . . EOS . EOS .
i am fond fond . EOS . EOS . EOS
he s in french . EOS . EOS . EOS
he is at here . EOS . EOS . EOS
i am speaking french . EOS . EOS . EOS
i m taking french . EOS . EOS . EOS
i m studying french . EOS . EOS . EOS
i m not turning them . EOS . EOS .
we re talking to start . EOS . EOS .
i m sure we can this this . EOS .
i m paying with this situation . EOS . EOS
i s talking . EOS . EOS . EOS .
i am learning shopping . EOS . EOS . EOS
you re lying ? EOS . EOS . EOS .
they re going to be happy . EOS . EOS
we re completely in boston . EOS . EOS .
you re not aren t you ? EOS ? EOS
he s drinking . EOS . EOS . EOS .
we re not how aren t you ? EOS .
he re not staying in he ? EOS . EOS
they re not bread . EOS . EOS . EOS
you re swimming . EOS . EOS . EOS .
i am using . EOS . EOS . EOS .
i s waiting about you . EOS . EOS .
he isn t one . EOS . EOS . EOS
they re unable to see to go . EOS .
we re all in trouble . EOS . EOS .
you re a man . EOS . EOS . EOS
he s sleeping . EOS . EOS . EOS .
i m too drunk . EOS . EOS . EOS
he s laughing . EOS . EOS . EOS .
i m tired of dying . EOS . EOS .
she s in in bed . EOS . EOS .
i m using tom . EOS . EOS . EOS
we re leaving they tomorrow . EOS . EOS .
you re washing the washing . EOS . EOS .
you re optimistic . EOS . EOS . EOS .
i m studying in french . EOS . EOS .
i m looking off . EOS . EOS . EOS
he is been in in bed . EOS . EOS
he s more handsome . EOS . EOS . EOS
i m using tom . EOS . EOS . EOS
he is still dressed . EOS . EOS . EOS
he s hard to drink . EOS . EOS .
he s ready to for . EOS . EOS .
i am willing to addict . EOS . EOS .
i am worried about his health . EOS . EOS
she is quite too . EOS . EOS . EOS
he s lying . EOS . EOS . EOS .
he is my partner . EOS . EOS . EOS
he s lying . EOS . EOS . EOS .
they re ambitious . EOS . EOS . EOS .
i am looking for her . EOS . EOS .
he s under one . EOS . EOS . EOS
they re waiting for soon . EOS . EOS .
i s grateful . EOS . EOS . EOS .
we re reading . EOS . EOS . EOS .
i m having to get up . EOS . EOS
he is far from happy . EOS . EOS .
i m tom s hard . EOS . EOS .
he is at his hotel . EOS . EOS .
you re so full of shit . EOS . EOS
you re up . EOS . EOS . EOS .
they re bored . EOS . EOS . EOS .
he is reserved . EOS . EOS . EOS .
he is upset . EOS . EOS . EOS .
we re doing this . EOS . EOS . EOS
you re dangerous . EOS . EOS . EOS .
she is full . EOS . EOS . EOS .
i m convinced . EOS . EOS . EOS .
he is trying to quit smoking . EOS . EOS
i m okay this . EOS . EOS . EOS
i m going to how . EOS . EOS .
you re at late late . EOS . EOS .
he s in in good health . EOS . EOS
i m learning how ? EOS . EOS . EOS
i am addicted to asian . EOS . EOS .
i am in tokyo today . EOS . EOS .
she s about isn t she ? EOS . EOS
i m fed up . EOS . EOS . EOS
i m drunk . EOS . EOS . EOS .
i m lying . EOS . EOS . EOS .
he s lying in german . EOS . EOS .
i am drinking . EOS . EOS . EOS .
we re leaving how aren t you ? EOS .
i aren t like a new child . EOS .
you re scaring tv . EOS . EOS . EOS
i m coming . EOS . EOS . EOS .
he is going to show our house . EOS .
he s leaving for his job . EOS . EOS
they re going to stay . EOS . EOS .
we re lying in your name . EOS . EOS
he s coming on a cold . EOS . EOS
he is able to swim . EOS . EOS .
he is not learning english . EOS . EOS .
they re not the same team . EOS . EOS
he s full of his field . EOS . EOS
he s in in for a secret . EOS .
i re wrong that you re safe . EOS .
he s making a little tired . EOS . EOS
they re supposed to leave . EOS . EOS .
i m able to to . . EOS . EOS
you re driving dressed . EOS . EOS . EOS
he s on me . EOS . EOS . EOS
he s lying to me . EOS . EOS .
you re lying . EOS . EOS . EOS .
i is as like it . EOS . EOS .
he s on the night . EOS . EOS .
i m looking this that . EOS . EOS .
we re not good at math . EOS . EOS
i am looking forward to you again . EOS .
i am staying with me . EOS . EOS .
she s afraid of me . EOS . EOS .
me isn t afraid to death . EOS . EOS
we re on the road . EOS . EOS .
he s not supposed . EOS . EOS . EOS
she s a member . EOS . EOS . EOS
we re used to french next month . EOS .
i m from to buy a new car . EOS
he s in charge of this . EOS . EOS
she is able to leave . EOS . EOS .
she s lying . EOS . EOS . EOS .
we re all lonely . EOS . EOS . EOS
i m looking to see your was . EOS .
you re supposed to be my patience . EOS .
they re at this free . EOS . EOS .
i m still shopping to tell . EOS . EOS
he is standing in love . EOS . EOS .
you re busy . EOS . EOS . EOS .
she s studying in france . EOS . EOS .
i m thinking . EOS . EOS . EOS .
you re not coming ! EOS . EOS . EOS
he re what it ? he ? he ? EOS
i m listening to wash him . EOS . EOS
i m doing this as like this . EOS .
i m fond of teaching . EOS . EOS .
i m thirty a new house . EOS . EOS
we s about her . EOS . EOS . EOS
he is fond me . EOS . EOS . EOS
i m quite a little . EOS . EOS .
he is able to pollen . EOS . EOS .
i m learning how how . EOS . EOS .
i m not looking for like dinner . EOS .
he is been in his dog . EOS . EOS
he is supposed to be not here . EOS .
i m only longer he anymore . EOS . EOS
i m not a gentleman . EOS . EOS .
she is not very intelligent . EOS . EOS .
he is been in shape . EOS . EOS .
you re supposed to know . . EOS . EOS
